Version identifier: 22.1.1.0 | 2022-11-28 | 9160aff4d
CPXPARAM_Read_DataCheck                          1
CPXPARAM_MIP_Strategy_NodeSelect                 0
CPXPARAM_MIP_Strategy_HeuristicFreq              1
CPXPARAM_TimeLimit                               265
Tried aggregator 2 times.
MIP Presolve eliminated 127 rows and 520 columns.
MIP Presolve added 20 rows and 0 columns.
MIP Presolve modified 19767 coefficients.
Aggregator did 4 substitutions.
Reduced MIP has 3779 rows, 5082 columns, and 26556 nonzeros.
Reduced MIP has 5023 binaries, 0 generals, 0 SOSs, and 0 indicators.
Presolve time = 0.02 sec. (33.60 ticks)
Found incumbent of value 50385.000000 after 0.05 sec. (67.64 ticks)
Probing time = 0.02 sec. (5.61 ticks)
Tried aggregator 1 time.
Detecting symmetries...
Reduced MIP has 3779 rows, 5082 columns, and 26556 nonzeros.
Reduced MIP has 5023 binaries, 0 generals, 0 SOSs, and 0 indicators.
Presolve time = 0.01 sec. (14.94 ticks)
Probing time = 0.02 sec. (5.62 ticks)
Clique table members: 4030.
MIP emphasis: balance optimality and feasibility.
MIP search method: dynamic search.
Parallel mode: deterministic, using up to 12 threads.
Root relaxation solution time = 0.05 sec. (29.21 ticks)

        Nodes                                         Cuts/
   Node  Left     Objective  IInf  Best Integer    Best Bound    ItCnt     Gap

*     0+    0                        50385.0000        0.0000           100.00%
*     0+    0                        34031.0000        0.0000           100.00%
      0     0     1525.4898    98    34031.0000     1525.4898      700   95.52%
      0     0     1899.3481   102    34031.0000     Cuts: 129      894   94.42%
      0     0     1905.2712    81    34031.0000     Cuts: 136      978   94.40%
      0     0     1908.6000    91    34031.0000      Cuts: 43     1043   94.39%
*     0+    0                        10488.0000     1908.6000            81.80%
      0     0     1913.4000    73    10488.0000     Cuts: 251     1114   81.76%
      0     0     1913.8400    94    10488.0000      Cuts: 58     1156   81.75%
Detecting symmetries...
      0     0     1913.8667    92    10488.0000      Cuts: 44     1177   81.75%
      0     0     1914.0667    72    10488.0000      Cuts: 12     1199   81.75%
      0     0     1914.0667    72    10488.0000      Cuts: 53     1221   81.75%
*     0+    0                         4149.0000     1914.0667            53.87%
*     0+    0                         2395.0000     1914.0667            20.08%
      0     0  -1.00000e+75     0     2395.0000     1914.0667     1221   20.08%
Detecting symmetries...

Repeating presolve.
Tried aggregator 1 time.
MIP Presolve eliminated 1778 rows and 1832 columns.
Reduced MIP has 2001 rows, 3250 columns, and 15022 nonzeros.
Reduced MIP has 3191 binaries, 0 generals, 0 SOSs, and 0 indicators.
Presolve time = 0.01 sec. (7.98 ticks)
Probing time = 0.01 sec. (3.88 ticks)
Cover probing fixed 0 vars, tightened 7 bounds.
Tried aggregator 1 time.
Detecting symmetries...
MIP Presolve modified 400 coefficients.
Reduced MIP has 2001 rows, 3250 columns, and 15022 nonzeros.
Reduced MIP has 3191 binaries, 0 generals, 0 SOSs, and 0 indicators.
Presolve time = 0.01 sec. (8.81 ticks)
Represolve time = 0.03 sec. (31.11 ticks)
Probing time = 0.01 sec. (3.71 ticks)
Clique table members: 9103.
MIP emphasis: balance optimality and feasibility.
MIP search method: dynamic search.
Parallel mode: deterministic, using up to 12 threads.
Root relaxation solution time = 0.03 sec. (35.14 ticks)

        Nodes                                         Cuts/
   Node  Left     Objective  IInf  Best Integer    Best Bound    ItCnt     Gap

*     0+    0                         2395.0000     1914.0667            20.08%
      0     0     1914.0667    72     2395.0000     1914.0667     1964   20.08%
      0     0     1914.4240    93     2395.0000      Cuts: 25     2030   20.07%
      0     0     1914.4240    93     2395.0000       Cuts: 4     2033   20.07%
      0     0     1914.4240    95     2395.0000       Cuts: 4     2037   20.07%
*     0+    0                         2206.0000     1914.4240            13.22%
Detecting symmetries...
      0     2     1914.4240    93     2206.0000     1914.5085     2037   13.21%
Elapsed time = 1.65 sec. (1510.04 ticks, tree = 0.02 MB, solutions = 6)
*     2+    2                         2171.0000     1914.5087            11.81%
*    20+    9                         2154.0000     1914.5103            11.12%
    108    90     2067.9008    44     2154.0000     1914.5103     7130   11.12%
    720   462        cutoff           2154.0000     1914.5103    16210   11.12%
*  1827   977      integral     0     2139.0000     1914.5103    32764   10.50%
   2176  1045     2084.0411    34     2139.0000     1914.5103    35759   10.50%
   3735  1353     2124.4000     2     2139.0000     1914.5103    58286   10.50%
*  4998  1327      integral     0     2129.0000     1914.5103    79696   10.07%
   5461  1167        cutoff           2129.0000     1914.5103    84060   10.07%
   7476  1061     2100.1915    17     2129.0000     1914.5103   109861   10.07%

Performing restart 1

Repeating presolve.
Tried aggregator 1 time.
MIP Presolve eliminated 846 rows and 880 columns.
MIP Presolve modified 152 coefficients.
Reduced MIP has 1155 rows, 2370 columns, and 9438 nonzeros.
Reduced MIP has 2311 binaries, 0 generals, 0 SOSs, and 0 indicators.
Presolve time = 0.01 sec. (6.27 ticks)
Tried aggregator 1 time.
MIP Presolve modified 486 coefficients.
Reduced MIP has 1155 rows, 2370 columns, and 9438 nonzeros.
Reduced MIP has 2311 binaries, 0 generals, 0 SOSs, and 0 indicators.
Presolve time = 0.00 sec. (5.89 ticks)
Represolve time = 0.04 sec. (47.94 ticks)
   7870     0     1915.2072    99     2129.0000      Cuts: 85   120223   10.04%
   7870     0     1915.6000    73     2129.0000     Cuts: 105   120293   10.02%
   7870     0     1915.6500    71     2129.0000      Cuts: 84   120349   10.02%
   7870     0     1915.6500    74     2129.0000      Cuts: 37   120369   10.02%
   7870     0     1915.6500    71     2129.0000       Cuts: 5   120380   10.02%
   7870     0     1915.6500    71     2129.0000     Cuts: 109   120482   10.02%
   7870     0     1915.6500    71     2129.0000      Cuts: 45   120511   10.02%
   7870     2     1915.6500    71     2129.0000     1915.6500   120511   10.02%
   7873     5     1918.9116    62     2129.0000     1917.9000   120749    9.92%
   7891    18     1945.4972    22     2129.0000     1919.2429   122541    9.85%
*  7893+   11                         2028.0000     1919.2429             5.36%
   9186  1005     1984.0313    11     2028.0000     1921.5607   134775    5.25%
Elapsed time = 6.28 sec. (5710.31 ticks, tree = 1.13 MB, solutions = 12)
  13738   869     1995.8025    49     2028.0000     1921.5607   210295    5.25%
  20691  1201        cutoff           2028.0000     1921.5607   316556    5.25%
  26777   679     1999.4966    30     2028.0000     1921.5607   412839    5.25%
  32038   655        cutoff           2028.0000     1921.5607   490668    5.25%
  37723   408        cutoff           2028.0000     1921.5607   596060    5.25%
  41311   519        cutoff           2028.0000     1921.5607   657335    5.25%
  45521   592     2015.4000     2     2028.0000     1921.5607   735478    5.25%
  49937   415        cutoff           2028.0000     1921.5607   806421    5.25%
  55346   421     1993.9118    19     2028.0000     1921.5607   892494    5.25%
  60762   428        cutoff           2028.0000     1921.5607   955183    5.25%
Elapsed time = 19.02 sec. (15250.53 ticks, tree = 0.49 MB, solutions = 12)
  66160   352     2017.7948    26     2028.0000     1921.5607  1053169    5.25%
  71127   293     1981.6433    68     2028.0000     1921.5607  1120622    5.25%
  75300   465    infeasible           2028.0000     1921.5607  1222037    5.25%
  80994   301     1985.3514    43     2028.0000     1921.5607  1300442    5.25%
* 82511   394      integral     0     2026.0000     1921.5607  1340058    5.15%
* 83902+  285                         2015.0000     1921.5607             4.64%
  86012   338        cutoff           2015.0000     1921.5607  1365776    4.64%
  90601   513     1982.8312    28     2015.0000     1921.5607  1485423    4.64%
* 97100   358      integral     0     2010.0000     1921.5607  1581452    4.40%
 100829   267        cutoff           2010.0000     1921.5607  1673214    4.40%
 105538   412     1970.8718    37     2010.0000     1921.5607  1768850    4.40%
 111733   545        cutoff           2010.0000     1921.5607  1844719    4.40%
Elapsed time = 31.26 sec. (24779.00 ticks, tree = 0.51 MB, solutions = 15)
 114820   632     1982.1264    25     2010.0000     1921.5607  1957962    4.40%
 119922   429     1958.9611    67     2010.0000     1921.5607  2058577    4.40%
*124653   449      integral     0     2003.0000     1921.5607  2119218    4.07%
 125786   432        cutoff           2003.0000     1921.5607  2148745    4.07%
 129767   188        cutoff           2003.0000     1921.5607  2232183    4.07%
 134651   371     1998.3813    60     2003.0000     1923.3750  2344838    3.98%
 139705   487        cutoff           2003.0000     1923.3750  2389477    3.98%
 142734   361     1976.6037    52     2003.0000     1923.3750  2499233    3.98%
 149141   266        cutoff           2003.0000     1923.3750  2578852    3.98%
*149233   153      integral     0     2001.0000     1923.3750  2604718    3.88%
 152843   196     1991.7667    32     2001.0000     1924.8483  2680857    3.81%
 158814   185     1946.6016    64     2001.0000     1924.8483  2791802    3.81%
Elapsed time = 43.65 sec. (34318.79 ticks, tree = 0.26 MB, solutions = 17)
 162826   236     1993.6632    44     2001.0000     1924.8483  2876046    3.81%
 168494   170     1981.9368    42     2001.0000     1928.7393  3009943    3.61%
 173575   259     1984.5480    13     2001.0000     1928.7393  3072007    3.61%
 177239   130     1960.6034    13     2001.0000     1928.7393  3186050    3.61%
 183676   133        cutoff           2001.0000     1944.4606  3302947    2.83%
 187701   114        cutoff           2001.0000     1945.5828  3369243    2.77%

Clique cuts applied:  20
Cover cuts applied:  55
Implied bound cuts applied:  11
Flow cuts applied:  2
Mixed integer rounding cuts applied:  76
Zero-half cuts applied:  10
Lift and project cuts applied:  4
Gomory fractional cuts applied:  18

Root node processing (before b&c):
  Real time             =    1.65 sec. (1509.45 ticks)
Parallel b&c, 12 threads:
  Real time             =   49.74 sec. (39021.85 ticks)
  Sync time (average)   =    5.80 sec.
  Wait time (average)   =    0.01 sec.
                          ------------
Total (root+branch&cut) =   51.39 sec. (40531.31 ticks)
