Version identifier: 22.1.1.0 | 2022-11-28 | 9160aff4d
CPXPARAM_Preprocessing_Presolve                  0
CPXPARAM_Read_DataCheck                          1
CPXPARAM_MIP_Strategy_NodeSelect                 0
CPXPARAM_MIP_Strategy_HeuristicFreq              1
CPXPARAM_TimeLimit                               388
Legacy callback                                  LD
Warning: Control callbacks may disable some MIP features.
Lazy constraint(s) or lazy constraint/branch callback is present.
    Disabling dual reductions (CPX_PARAM_REDUCE) in presolve.
    Disabling presolve reductions that prevent crushing forms (CPX_PARAM_PREREFORM).
Clique table members: 150.
MIP emphasis: balance optimality and feasibility.
MIP search method: traditional branch-and-cut.
Parallel mode: none, using 1 thread.
Root relaxation solution time = 0.00 sec. (2.06 ticks)

        Nodes                                         Cuts/
   Node  Left     Objective  IInf  Best Integer    Best Bound    ItCnt     Gap         Variable B NodeID Parent  Depth

      0     0      823.0000    20                    823.0000       85         
      0     2      825.2857    57                    825.3333       85                                 0             0
Elapsed time = 0.33 sec. (217.88 ticks, tree = 0.01 MB, solutions = 0)
      3     5      831.8000    45                    826.0000      103                  x_65_24 U      3      2      3
      8    10      847.4231    60                    826.0000      132                    x_9_2 D      8      7      8
     14    16      854.8000    52                    826.0000      169                   x_2_37 D     14     13     14
     20    22      867.6000    44                    826.0000      193                  x_13_56 U     20     19     20
     24    26      874.5000    24                    826.0000      208                  x_14_34 D     24     23     24
     26    28      884.3333    28                    826.0000      230                  x_55_33 D     26     25     26
     30    32      895.5000    36                    826.0000      248                   x_9_19 D     30     29     30
     31    33      898.0000     0                    826.0000      252                  x_59_64 D     31     30     31
     35    37      908.2500    41                    826.0000      275                   x_2_23 U     35     34     35
     46    48      937.5000    24                    826.0000      326                  x_75_14 D     46     45     46
Elapsed time = 3.70 sec. (3965.35 ticks, tree = 0.24 MB, solutions = 0)
     58    60      964.0000    28                    826.0000      352                  x_67_10 D     58     57     58
     72    74     1042.0000    12                    826.0000      397                  x_34_13 D     72     71     72
     85    87     1211.1667    34                    826.0000      447                  x_35_34 D     85     84     85
*    95+   95                         1546.0000      826.0000            46.57%
     95    97     1436.0000    43     1546.0000      826.0000      482   46.57%         x_71_28 U     95     94     95
*    96+   96                         1490.0000      826.0000            44.56%
*   108    99      integral     0     1487.0000      826.0000      529   44.45%
*   110+   99                         1486.0000      826.0000            44.41%
*   114+   99                         1482.0000      826.0000            44.26%
    120   103     1468.3333    18     1482.0000      826.0000      568   44.26%         x_45_34 N    120    119    106
*   123   102      integral     0     1473.0000      826.0000      575   43.92%
*   149    98      integral     0     1457.0000      826.0000      693   43.31%
*   153    95      integral     0     1434.0000      826.0000      726   42.40%
*   156    94      integral     0     1430.0000      826.0000      741   42.24%
*   160+   92                         1419.0000      826.0000            41.79%
    164    92        cutoff           1419.0000      826.0000      787   41.79%         x_47_36 U    164    160     94
*   168    90      integral     0     1393.0000      826.0000      802   40.70%
*   184    92      integral     0     1381.0000      826.0000      895   40.19%
*   200    89      integral     0     1326.0000      826.0000      976   37.71%
    209    84     1310.1818    61     1326.0000      826.0000     1149   37.71%         x_55_73 D    209    208     83
*   235    80      integral     0     1318.0000      826.0000     1314   37.33%
*   245    82      integral     0     1315.0000      826.0000     1445   37.19%
    253    78        cutoff           1315.0000      826.0000     1473   37.19%         x_57_10 D    253    251     82
*   258    77      integral     0     1313.0000      826.0000     1491   37.09%
*   266    82      integral     0     1304.0000      826.0000     1567   36.66%
*   295    81      integral     0     1295.0000      826.0000     1642   36.22%
    299    83     1286.4286    48     1295.0000      826.0000     1659   36.22%          x_9_47 D    299    298     84
*   318    77      integral     0     1284.0000      826.0000     1715   35.67%
*   343+   85                         1272.0000      826.0000            35.06%
*   361+   76                         1257.0000      826.0000            34.29%
    361    77     1254.5000    14     1257.0000      826.0000     2044   34.29%         x_47_48 N    361    328     78
Elapsed time = 8.16 sec. (13832.68 ticks, tree = 0.45 MB, solutions = 21)
*   399+   81                         1250.0000      826.0000            33.92%
    406    82     1247.8333    28     1250.0000      826.0000     2334   33.92%         x_27_25 N    406    404     86
*   421+   79                         1240.0000      826.0000            33.39%
*   439    80      integral     0     1236.0000      826.0000     2446   33.17%
*   445    75      integral     0     1233.0000      826.0000     2470   33.01%
*   457    74      integral     0     1226.0000      826.0000     2556   32.63%
    459    72     1225.0000    25     1226.0000      826.0000     2559   32.63%         x_51_55 D    459    455     75
*   505    70      integral     0     1203.0000      826.0000     3078   31.34%
*   512    68      integral     0     1200.0000      826.0000     3105   31.17%
*   519    67      integral     0     1193.0000      826.0000     3194   30.76%
*   535    65      integral     0     1191.0000      826.0000     3303   30.65%
    541    65     1176.0000    18     1191.0000      826.0000     3376   30.65%         x_15_68 N    541     63     64
*   546    66      integral     0     1186.0000      826.0000     3393   30.35%
*   553    63      integral     0     1180.0000      826.0000     3416   30.00%
*   574    64      integral     0     1175.0000      826.0000     3572   29.70%
*   590    65      integral     0     1170.0000      826.0000     3746   29.40%
*   601    62      integral     0     1163.0000      826.0000     3802   28.98%
    621    67     1155.7500    61     1163.0000      826.0000     4107   28.98%         x_28_50 D    621    620     67
*   661    61      integral     0     1155.0000      826.0000     4281   28.48%
*   683    60      integral     0     1140.0000      826.0000     4411   27.54%
    692    61        cutoff           1140.0000      826.0000     4532   27.54%         x_75_54 U    692    690     64
    787    57     1133.0000    56     1140.0000      826.0000     5446   27.54%         x_57_72 U    787    767     58
    875    57     1129.6667    69     1140.0000      826.0000     6073   27.54%         x_10_16 N    875    871     59
    963    61     1133.4211   102     1140.0000      826.0000     6652   27.54%         x_47_41 D    963    962     63
*   981    54      integral     0     1133.0000      826.0000     6813   27.10%
*   991    55      integral     0     1131.0000      826.0000     6978   26.97%
*  1036    53      integral     0     1126.0000      826.0000     7391   26.64%
   1060    56        cutoff           1126.0000      826.0000     7578   26.64%         x_33_55 U   1060   1057     61
*  1141    53      integral     0     1119.0000      826.0000     8240   26.18%
   1164    52     1114.5000     8     1119.0000      826.0000     8603   26.18%         x_57_72 U   1164   1152     52
Elapsed time = 11.27 sec. (23448.61 ticks, tree = 0.28 MB, solutions = 41)
*  1189    51      integral     0     1116.0000      826.0000     8764   25.99%
*  1190    49      integral     0     1114.0000      826.0000     8765   25.85%
*  1211    50      integral     0     1113.0000      826.0000     9052   25.79%
   1268    57     1111.3000    54     1113.0000      826.0000     9648   25.79%         x_40_73 D   1268   1267     60
*  1305    55      integral     0     1109.0000      826.0000     9894   25.52%
*  1316    54      integral     0     1108.0000      826.0000     9975   25.45%
   1350    54     1093.2500    44     1108.0000      826.0000    10189   25.45%         x_20_19 N   1350   1349     54
*  1352    54      integral     0     1096.0000      826.0000    10205   24.64%
*  1416    51      integral     0     1095.0000      826.0000    10711   24.57%
*  1447    48      integral     0     1092.0000      826.0000    10893   24.36%
   1457    43     1077.7000    98     1092.0000      826.0000    11008   24.36%           x_5_7 N   1457     41     42
*  1551    49      integral     0     1088.0000      826.0000    12099   24.08%
   1560    47     1077.3500    99     1088.0000      826.0000    12180   24.08%          x_7_17 D   1560   1543     47
   1658    45     1086.8333    74     1088.0000      826.0000    12892   24.08%         x_56_43 N   1658   1656     51
   1743    45     1086.0000    47     1088.0000      826.0000    13606   24.08%          x_39_7 N   1743   1724     47
*  1825    41      integral     0     1086.0000      826.0000    14209   23.94%
*  1831    42      integral     0     1081.0000      826.0000    14257   23.59%
   1844    43     1075.0000    61     1081.0000      826.0000    14380   23.59%         x_38_43 D   1844   1843     43
   1939    47     1078.3333    52     1081.0000      826.0000    15405   23.59%         x_67_10 U   1939   1931     49
*  1998    47      integral     0     1074.0000      826.0000    15897   23.09%
   2042    44     1072.4286    64     1074.0000      826.0000    16266   23.09%         x_23_69 N   2042   2041     47
*  2110    39      integral     0     1073.0000      826.0000    16788   23.02%
   2143    44     1067.2000    46     1073.0000      826.0000    17154   23.02%         x_67_10 D   2143   2142     45
Elapsed time = 14.27 sec. (33030.76 ticks, tree = 0.25 MB, solutions = 54)
*  2146    42      integral     0     1068.0000      826.0000    17178   22.66%
*  2193    36      integral     0     1066.0000      826.0000    17557   22.51%
   2250    33        cutoff           1066.0000      826.0000    18112   22.51%         x_57_72 U   2250   2242     37
   2358    38        cutoff           1066.0000      826.0000    19296   22.51%         x_75_14 D   2358   2357     42
   2467    32        cutoff           1066.0000      826.0000    20245   22.51%         x_41_21 U   2467   2466     39
   2573    40     1051.0000    60     1066.0000      826.0000    21445   22.51%         x_10_16 D   2573   2572     39
*  2635    31      integral     0     1063.0000      826.0000    22125   22.30%
*  2660    32      integral     0     1061.0000      826.0000    22339   22.15%
   2669    29        cutoff           1061.0000      826.0000    22404   22.15%           x_5_7 D   2669   2668     34
Advanced basis not built.
*  2698    39      integral     0     1055.0000      826.0000    22709   21.71%
*  2777    33      integral     0     1054.0000      826.0000    23377   21.63%
   2777    33     1054.0000     0     1054.0000      826.0000    23377   21.63%         x_41_21 D   2777   2775     37
   2885    33        cutoff           1054.0000      826.0000    24319   21.63%         x_56_43 U   2885   2884     36
   2984    45     1047.9394    69     1054.0000      826.0000    25134   21.63%         x_28_50 N   2984   2983     47
*  3000    36      integral     0     1049.0000      826.0000    25248   21.26%
   3079    26        cutoff           1049.0000      826.0000    25812   21.26%          x_68_4 D   3079   3078     32
*  3106    29      integral     0     1041.0000      826.0000    26148   20.65%
   3183    21        cutoff           1041.0000      826.0000    27131   20.65%         x_53_18 U   3183     21     22
Elapsed time = 17.15 sec. (42615.89 ticks, tree = 0.09 MB, solutions = 62)
*  3220    27      integral     0     1039.0000      826.0000    27655   20.50%
*  3265    24      integral     0     1037.0000      826.0000    28097   20.35%
*  3284    27      integral     0     1032.0000      826.0000    28268   19.96%
   3287    25     1029.3784    92     1032.0000      826.0000    28332   19.96%           x_5_7 U   3287   3275     27
*  3355    17      integral     0     1022.0000      826.0000    29251   19.18%
   3375    23        cutoff           1022.0000      826.0000    29545   19.18%         x_59_64 U   3375   3367     26
*  3392    21      integral     0     1016.0000      826.0000    29689   18.70%
*  3444    17      integral     0     1014.0000      826.0000    30116   18.54%
*  3451    14      integral     0     1000.0000      826.0000    30483   17.40%
*  3468    14      integral     0      999.0000      826.0000    30844   17.32%
   3470    12        cutoff            999.0000      826.0000    30857   17.32%         x_11_50 U   3470   3466     14
   3571    10      996.2857    91      999.0000      826.0000    32003   17.32%         x_14_34 U   3571   3559     11
*  3580+    7                          997.0000      826.0000            17.15%
*  3601     9      integral     0      995.0000      826.0000    32331   16.98%
   3661    18        cutoff            995.0000      826.0000    32975   16.98%          x_2_37 U   3661   3659     26
*  3762    20      integral     0      988.0000      826.0000    33893   16.40%
   3772    15        cutoff            988.0000      826.0000    34018   16.40%          x_43_8 U   3772   3771     18
*  3807    14      integral     0      987.0000      826.0000    34391   16.31%
*  3813    14      integral     0      986.0000      826.0000    34436   16.23%
   3890    14      984.0909    61      986.0000      826.0000    35095   16.23%         x_57_72 D   3890   3889     16
*  3916+    6                          985.0000      826.0000            16.14%
   4001     8      982.8333    90      985.0000      826.0000    36077   16.14%         x_59_64 N   4001   3988     11
*  4007     4      integral     0      982.0000      826.0000    36208   15.89%
*  4088    13      integral     0      981.0000      826.0000    37035   15.80%
*  4098     7      integral     0      977.0000      826.0000    37136   15.46%
   4105    10      970.1429   122      977.0000      826.0000    37219   15.46%         x_31_33 U   4105   4104     10
*  4175     8      integral     0      976.0000      826.0000    37696   15.37%
   4218    10        cutoff            976.0000      826.0000    38058   15.37%         x_52_10 U   4218   4189     15
Elapsed time = 20.46 sec. (52229.86 ticks, tree = 0.09 MB, solutions = 80)
*  4310     5      integral     0      974.0000      826.0000    38832   15.20%
   4324     5      965.1600   100      974.0000      826.0000    38957   15.20%         x_55_33 D   4324   4323      5
*  4363     3      integral     0      967.0000      826.0000    39287   14.58%
*  4401     4      integral     0      955.0000      951.5833    39934    0.36%

User cuts applied:  979

Root node processing (before b&c):
  Real time             =    0.33 sec. (220.51 ticks)
Sequential b&c:
  Real time             =   20.80 sec. (53863.74 ticks)
                          ------------
Total (root+branch&cut) =   21.13 sec. (54084.25 ticks)
