Version identifier: 22.1.1.0 | 2022-11-28 | 9160aff4d
CPXPARAM_Read_DataCheck                          1
CPXPARAM_MIP_Strategy_NodeSelect                 0
CPXPARAM_MIP_Strategy_HeuristicFreq              10
CPXPARAM_TimeLimit                               633
Legacy callback                                  LD
Warning: Control callbacks may disable some MIP features.
Lazy constraint(s) or lazy constraint/branch callback is present.
    Disabling dual reductions (CPX_PARAM_REDUCE) in presolve.
    Disabling presolve reductions that prevent crushing forms (CPX_PARAM_PREREFORM).
         Disabling repeat represolve because of lazy constraint/incumbent callback.
Tried aggregator 1 time.
Reduced MIP has 200 rows, 9900 columns, and 19800 nonzeros.
Reduced MIP has 9900 binaries, 0 generals, 0 SOSs, and 0 indicators.
Presolve time = 0.00 sec. (6.25 ticks)
Probing time = 0.01 sec. (5.06 ticks)
Clique table members: 200.
MIP emphasis: balance optimality and feasibility.
MIP search method: traditional branch-and-cut.
Parallel mode: none, using 1 thread.
Root relaxation solution time = 0.00 sec. (5.41 ticks)

        Nodes                                         Cuts/
   Node  Left     Objective  IInf  Best Integer    Best Bound    ItCnt     Gap         Variable B NodeID Parent  Depth

      0     0      350.0000    16                    350.0000       75         
*     0+    0                         9148.0000      350.0000            96.17%
      0     2      350.5000    38     9148.0000      351.0000       75   96.16%                        0             0
Elapsed time = 0.26 sec. (186.09 ticks, tree = 0.01 MB, solutions = 1)
     10    12      359.5000    30     9148.0000      351.0000      110   96.16%         x_29_10 U     10      9     10
     28    30      396.0000    26     9148.0000      351.0000      224   96.16%         x_83_84 D     28     27     28
     44    46      420.7500    35     9148.0000      351.0000      304   96.16%        x_100_33 D     44     43     44
     60    62      457.3333    16     9148.0000      351.0000      370   96.16%          x_28_3 D     60     59     60
     80    82      478.5000    18     9148.0000      351.0000      445   96.16%         x_53_47 D     80     79     80
    100   102      484.2500    26     9148.0000      351.0000      543   96.16%         x_13_98 D    100     99    100
    120   122      506.0000     0     9148.0000      351.0000      620   96.16%         x_33_63 U    120    119    120
    139   141      569.0000    25     9148.0000      351.0000      707   96.16%         x_31_44 U    139    138    139
    150   152      640.5000     8     9148.0000      351.0000      767   96.16%         x_27_79 U    150    149    150
    180   182      896.5000     0     9148.0000      351.0000      877   96.16%         x_96_85 U    180    179    180
Elapsed time = 3.60 sec. (3631.57 ticks, tree = 1.13 MB, solutions = 1)
    380    48      389.8000    32     9148.0000      351.0000     1019   96.16%         x_67_98 D    380    379     47
    410    78      435.0000    22     9148.0000      351.0000     1191   96.16%         x_20_47 D    410    409     77
    452   120      521.6667    18     9148.0000      351.0000     1391   96.16%          x_45_6 U    452    451    119
    491   159      625.7500    22     9148.0000      351.0000     1553   96.16%         x_24_78 U    491    490    158
    546   214      722.0000    19     9148.0000      351.0000     1732   96.16%         x_15_66 U    546    545    213
    584   252      911.6667    16     9148.0000      351.0000     1859   96.16%         x_33_16 U    584    583    251
    760   172      593.3333    33     9148.0000      351.0000     2028   96.16%         x_49_29 D    760    759    172
    816   228      720.5000    22     9148.0000      351.0000     2240   96.16%         x_15_78 D    816    815    228
    896   216      747.0000    20     9148.0000      351.0000     2355   96.16%         x_49_53 U    896    895    217
   1014   146    infeasible           9148.0000      351.0000     2458   96.16%         x_80_98 U   1014    736    149
Elapsed time = 10.31 sec. (13645.98 ticks, tree = 1.10 MB, solutions = 1)
   1105   155      576.0000    22     9148.0000      351.0000     2655   96.16%         x_28_34 D   1105   1104    155
   1170   220      625.0714    36     9148.0000      351.0000     2861   96.16%         x_66_35 D   1170   1169    220
   1212   262      770.6667    17     9148.0000      351.0000     3001   96.16%          x_65_4 U   1212   1211    262
   1243   293     1087.7143    22     9148.0000      351.0000     3123   96.16%         x_91_81 U   1243   1242    293
   1307   291     1007.5000    10     9148.0000      351.0000     3227   96.16%          x_40_3 D   1307   1306    292
   1498   154      582.0000    31     9148.0000      351.0000     3343   96.16%          x_3_35 D   1498   1497    155
   1573   229      692.3333    29     9148.0000      351.0000     3611   96.16%         x_80_69 D   1573   1572    230
   1624   280      819.8750    30     9148.0000      351.0000     3826   96.16%         x_12_70 D   1624   1623    281
   1662   318      993.6154    33     9148.0000      351.0000     3988   96.16%         x_25_41 D   1662   1661    319
   1688   344     1306.5000    16     9148.0000      351.0000     4070   96.16%        x_100_66 D   1688   1687    345
Elapsed time = 15.38 sec. (23447.43 ticks, tree = 3.35 MB, solutions = 1)
   1973   197      603.0000    46     9148.0000      351.0000     4334   96.16%         x_66_59 D   1973   1972    198
   2041   265      781.5000    22     9148.0000      351.0000     4568   96.16%         x_51_88 D   2041   2040    266
   2079   303     1048.0000    14     9148.0000      351.0000     4716   96.16%         x_99_94 D   2079   2078    304
   2292   212      661.0000    20     9148.0000      351.0000     4899   96.16%         x_99_13 D   2292   2291    214
   2370   290      882.0000    10     9148.0000      351.0000     5124   96.16%         x_22_55 U   2370   2369    292
   2636    62      404.3333    20     9148.0000      351.0000     5192   96.16%         x_56_13 U   2636   2635     62
   2675   101      453.7143    33     9148.0000      351.0000     5359   96.16%          x_2_93 U   2675   2674    101
   2795   221      465.5000    29     9148.0000      351.0000     5656   96.16%         x_50_30 U   2795   2794    221
   2833   259      637.0000    26     9148.0000      351.0000     5880   96.16%         x_16_51 D   2833   2832    259
   2883   309      694.5000    25     9148.0000      351.0000     6054   96.16%          x_80_5 D   2883   2882    309
Elapsed time = 20.68 sec. (33289.46 ticks, tree = 3.55 MB, solutions = 1)
   2918   344      894.5000    21     9148.0000      351.0000     6196   96.16%         x_23_55 U   2918   2917    344
   2947   373     1108.5000    12     9148.0000      351.0000     6302   96.16%          x_5_92 D   2947   2946    373
   3231   195      569.3333    22     9148.0000      351.0000     6565   96.16%         x_65_99 D   3231   3230    196
   3296   260      719.6667    17     9148.0000      351.0000     6769   96.16%         x_13_56 D   3296   3295    261
   3335   299      801.0000    19     9148.0000      351.0000     6909   96.16%         x_82_12 D   3335   3334    300
   3385   349      861.6667    20     9148.0000      351.0000     7033   96.16%         x_82_95 D   3385   3384    350
   3409   373     1100.0000    12     9148.0000      351.0000     7121   96.16%         x_23_22 U   3409   3408    374
   3628   190      576.5000    27     9148.0000      351.0000     7212   96.16%        x_100_51 D   3628   3627    192
   3689   251      692.0000    28     9148.0000      351.0000     7467   96.16%         x_54_18 D   3689   3688    253
   3729   291      857.5000    26     9148.0000      351.0000     7628   96.16%         x_12_50 U   3729   3728    293
Elapsed time = 25.60 sec. (43283.02 ticks, tree = 3.48 MB, solutions = 1)
   3985   101      461.5000    24     9148.0000      351.0000     7794   96.16%          x_93_2 D   3985   2675    102
   4104   220      485.4000    27     9148.0000      351.0000     8115   96.16%         x_31_48 U   4104   4103    221
   4178   294      547.9286    42     9148.0000      351.0000     8320   96.16%         x_44_78 D   4178   4177    295
   4200   316      772.5000    14     9148.0000      351.0000     8539   96.16%         x_80_85 D   4200   4199    317
   4237   353      837.5000    22     9148.0000      351.0000     8627   96.16%          x_54_8 D   4237   4236    354
   4276   392      978.1111    39     9148.0000      351.0000     8726   96.16%         x_38_66 D   4276   4275    393
   4301   417     1134.5000    16     9148.0000      351.0000     8813   96.16%         x_24_22 D   4301   4300    418
   4316   432     1336.6667    25     9148.0000      351.0000     8868   96.16%         x_49_46 D   4316   4315    433
   4332   446    infeasible           9148.0000      351.0000     8918   96.16%         x_87_41 U   4332   4331    449
   4634   216      551.5000    14     9148.0000      351.0000     9136   96.16%          x_54_3 D   4634   4633    218
Elapsed time = 30.38 sec. (53142.91 ticks, tree = 2.60 MB, solutions = 1)
   4709   291      622.1429    38     9148.0000      351.0000     9391   96.16%          x_82_9 D   4709   4708    293
   4760   342      659.5294    47     9148.0000      351.0000     9512   96.16%         x_45_50 D   4760   4759    344
   4794   376      856.8571    29     9148.0000      351.0000     9618   96.16%          x_26_8 U   4794   4793    378
   4837   419      939.0833    31     9148.0000      351.0000     9726   96.16%         x_82_55 D   4837   4836    421
   4865   447     1056.5000    14     9148.0000      351.0000     9800   96.16%         x_35_55 U   4865   4864    449
   4954   376      908.6000    20     9148.0000      351.0000     9824   96.16%          x_70_8 D   4954   4953    379
   5011   433      938.3333    19     9148.0000      351.0000     9928   96.16%         x_44_97 D   5011   5010    436
   5059   481     1095.6667    17     9148.0000      351.0000    10071   96.16%         x_22_95 U   5059   5058    484
   5076   496    infeasible           9148.0000      351.0000    10139   96.16%         x_80_16 D   5076   5075    501
   5143   473     1202.3333    15     9148.0000      351.0000    10274   96.16%         x_44_41 D   5143   5142    477
Elapsed time = 34.43 sec. (63090.47 ticks, tree = 6.59 MB, solutions = 1)
   5469   185      502.0000    16     9148.0000      351.0000    10362   96.16%        x_51_100 U   5469   5468    187
   5570   286      615.0000    15     9148.0000      351.0000    10798   96.16%         x_76_88 U   5570   5569    288
   5611   327      711.6667    23     9148.0000      351.0000    10922   96.16%         x_44_97 D   5611   5610    329
   5678   394      789.5000    22     9148.0000      351.0000    11189   96.16%         x_69_42 U   5678   5677    396
   5752   468      954.4545    40     9148.0000      351.0000    11385   96.16%         x_91_35 D   5752   5751    470
   5793   509     1225.5000    14     9148.0000      351.0000    11481   96.16%         x_16_99 U   5793   5792    511
   5857   473      977.2500    23     9148.0000      351.0000    11529   96.16%          x_23_8 D   5857   5856    476
   5899   501     1138.4000    26     9148.0000      351.0000    11674   96.16%         x_26_99 D   5899   5898    505
   6246   198      533.4000    25     9148.0000      351.0000    11764   96.16%         x_51_88 D   6246   6245    201
   6345   297      616.8750    32     9148.0000      351.0000    12024   96.16%         x_36_32 D   6345   6344    300
Elapsed time = 39.16 sec. (72914.27 ticks, tree = 4.06 MB, solutions = 1)
   6412   364      791.5000    16     9148.0000      351.0000    12190   96.16%         x_89_70 U   6412   6411    367
   6454   406     1021.0000    23     9148.0000      351.0000    12316   96.16%          x_5_61 D   6454   6453    409
   6485   437     1371.5000    10     9148.0000      351.0000    12405   96.16%         x_97_99 U   6485   6484    440
   6709   265      657.3333    12     9148.0000      351.0000    12541   96.16%         x_12_65 D   6709   6708    269
   6815   371      762.3750    25     9148.0000      351.0000    12778   96.16%         x_24_32 D   6815   6814    375
   6839   395     1026.7500    28     9148.0000      351.0000    12847   96.16%         x_77_12 D   6839   6838    399
   7069   235      613.4000    24     9148.0000      351.0000    13017   96.16%         x_14_21 D   7069   7068    239
   7164   330      764.7500    25     9148.0000      351.0000    13279   96.16%        x_85_100 D   7164   7163    334
   7255   421      843.5000    28     9148.0000      351.0000    13494   96.16%         x_40_35 D   7255   7254    425
   7281   447     1023.4000    24     9148.0000      351.0000    13564   96.16%         x_23_61 D   7281   7280    451
Elapsed time = 44.36 sec. (82747.30 ticks, tree = 6.81 MB, solutions = 1)
   7526   232      592.0000     8     9148.0000      351.0000    13605   96.16%         x_88_94 U   7526   7525    237
   7585   291      697.5000    20     9148.0000      351.0000    13803   96.16%         x_10_79 U   7585   7584    296
   7638   344      790.2857    39     9148.0000      351.0000    13992   96.16%         x_80_78 D   7638   7637    349
   7693   399      885.0000    18     9148.0000      351.0000    14141   96.16%         x_87_16 D   7693   7692    404
   7718   424     1198.0000    14     9148.0000      351.0000    14269   96.16%         x_23_95 D   7718   7717    429
   7766   472     1370.0714    38     9148.0000      351.0000    14393   96.16%          x_6_82 D   7766   7765    477
   8085   181      511.0000    16     9148.0000      351.0000    14457   96.16%         x_68_40 D   8085   8084    184
   8126   222      571.2500    30     9148.0000      351.0000    14647   96.16%         x_16_70 D   8126   8125    225
   8179   275      695.5000    24     9148.0000      351.0000    14783   96.16%          x_5_74 U   8179   8178    278
   8431   251      636.8333    26     9148.0000      351.0000    15250   96.16%          x_77_9 D   8431   8430    255
Elapsed time = 51.00 sec. (95378.38 ticks, tree = 3.42 MB, solutions = 1)
   8837   197      576.3333    28     9148.0000      351.0000    15774   96.16%         x_38_79 D   8837   8101    201
   9055   415     1103.6667    16     9148.0000      351.0000    16413   96.16%         x_94_12 U   9055   9054    419
   9458   388      923.0000    10     9148.0000      351.0000    16983   96.16%         x_46_88 D   9458   9457    393
Advanced basis not built.
   9922   378      778.5000    16     9148.0000      351.0000    17662   96.16%         x_91_40 D   9922   9921    382
  10049   505     1224.0000    29     9148.0000      351.0000    17951   96.16%         x_40_50 D  10049  10048    509
  10501   323      691.4286    46     9148.0000      351.0000    18426   96.16%         x_70_99 D  10501  10500    328
  10637   457    infeasible           9148.0000      351.0000    18782   96.16%         x_12_22 D  10637  10636    464
  11151   437      887.6000    28     9148.0000      351.0000    19585   96.16%         x_14_54 D  11151  11150    442
  11374   534    infeasible           9148.0000      351.0000    19931   96.16%         x_80_35 U  11374  11250    542
  11744   516     1172.0000    29     9148.0000      351.0000    20377   96.16%         x_80_85 D  11744  11743    522
Elapsed time = 70.03 sec. (133802.59 ticks, tree = 9.29 MB, solutions = 1)
  12254   216      566.2857    36     9148.0000      351.0000    20699   96.16%         x_69_42 U  12254  12253    220
  12481   443     1175.3333    17     9148.0000      351.0000    21282   96.16%          x_67_5 U  12481  12480    447
  12782   504     1018.4286    33     9148.0000      351.0000    21818   96.16%         x_16_22 D  12782  12781    509
  12943   539    infeasible           9148.0000      351.0000    22044   96.16%         x_40_65 U  12943  12819    547
  13350   442     1115.1667    27     9148.0000      351.0000    22607   96.16%          x_97_8 D  13350  13349    447
  13479   571     1638.5000    24     9148.0000      351.0000    22942   96.16%         x_45_21 U  13479  13478    576
  13965   333      844.3333    20     9148.0000      351.0000    23393   96.16%         x_40_59 D  13965  13964    338
  14411    79      441.5000    10     9148.0000      351.0000    23760   96.16%         x_46_34 U  14411  14410     80
  14490   158      614.5000    20     9148.0000      351.0000    24162   96.16%         x_97_15 U  14490  14489    159
  14610   278      795.8333    30     9148.0000      351.0000    24466   96.16%          x_22_3 D  14610  14609    279
Elapsed time = 90.72 sec. (172780.60 ticks, tree = 5.72 MB, solutions = 1)
  14737   405      988.3333    35     9148.0000      351.0000    24703   96.16%         x_70_18 D  14737  14736    406
  14817   485     1523.5000    18     9148.0000      351.0000    24955   96.16%         x_23_40 D  14817  14816    486
  15190   282      764.0000    14     9148.0000      351.0000    25180   96.16%         x_77_82 D  15190  15189    284
  15314   406     1157.0000    20     9148.0000      351.0000    25516   96.16%         x_30_32 D  15314  15313    408
  15396   488     1905.0000    12     9148.0000      351.0000    25727   96.16%         x_15_69 D  15396  15395    490
  15790   212      762.3333    21     9148.0000      351.0000    25954   96.16%         x_84_97 D  15790  15789    214
Advanced basis not built.
  15986   408     1057.1250    29     9148.0000      351.0000    26361   96.16%          x_85_3 U  15986  15985    410
  16082   504     1732.0000    14     9148.0000      351.0000    26636   96.16%         x_23_18 D  16082  16081    506
  16484   198      708.5000    43     9148.0000      351.0000    26761   96.16%         x_65_48 D  16484  16483    201
  16644   358     1196.2500    25     9148.0000      351.0000    27192   96.16%         x_84_95 D  16644  16643    361
Elapsed time = 109.22 sec. (211573.45 ticks, tree = 8.09 MB, solutions = 1)
  17035   165      631.0000    21     9148.0000      351.0000    27405   96.16%         x_88_94 U  17035  17034    167
  17243   373      885.5000    14     9148.0000      351.0000    27869   96.16%         x_81_22 D  17243  17242    375
  17423   553     1281.1667    30     9148.0000      351.0000    28247   96.16%          x_6_82 D  17423  17422    555
  17871   183      661.6667    20     9148.0000      351.0000    28368   96.16%         x_77_82 D  17871  17870    186
  18074   386      921.2000    23     9148.0000      351.0000    28881   96.16%         x_81_12 D  18074  18073    389
  18186   498     1400.3333    30     9148.0000      351.0000    29219   96.16%         x_22_99 U  18186  18185    501
  18284   596     1973.0000    18     9148.0000      351.0000    29449   96.16%          x_45_3 U  18284  18283    599
Advanced basis not built.
  18329   641     2476.0000    20     9148.0000      351.0000    29564   96.16%         x_23_97 D  18329  18328    644
Advanced basis not built.
Advanced basis not built.
  18926   220      696.6667    22     9148.0000      351.0000    29848   96.16%         x_39_25 U  18926  18925    223
  19224   518      902.0000    14     9148.0000      351.0000    30479   96.16%         x_23_69 D  19224  19223    521
Elapsed time = 127.07 sec. (250557.72 ticks, tree = 13.18 MB, solutions = 1)
  19547   367      868.2000    19     9148.0000      351.0000    30723   96.16%         x_87_40 D  19547  19546    371
  19800   620     1275.2000    41     9148.0000      351.0000    31250   96.16%         x_85_67 D  19800  19799    624
  19897   717     1564.4000    31     9148.0000      351.0000    31467   96.16%          x_40_4 D  19897  19896    721
  20000   820     2382.4000    24     9148.0000      351.0000    31780   96.16%         x_36_33 U  20000  19999    824
  20399   465    infeasible           9148.0000      351.0000    31827   96.16%         x_80_20 U  20399  19647    472
  20813   179      630.2000    39     9148.0000      351.0000    32133   96.16%         x_80_98 D  20813  20812    181
  20975   341      943.5000    23     9148.0000      351.0000    32552   96.16%           x_6_7 D  20975  20974    343
  21081   447     1240.5000    16     9148.0000      351.0000    32809   96.16%         x_94_15 D  21081  21080    449
  21168   484     1497.0000    18     9148.0000      351.0000    32935   96.16%          x_12_5 D  21168  21167    488
  21598   202      643.0000    12     9148.0000      351.0000    33199   96.16%         x_77_51 D  21598  21597    205
Elapsed time = 146.16 sec. (289783.56 ticks, tree = 4.38 MB, solutions = 1)
  21682   286      843.5000    39     9148.0000      351.0000    33459   96.16%         x_85_33 D  21682  21681    289
  21865   469     1143.6667    23     9148.0000      351.0000    33812   96.16%         x_41_44 D  21865  21864    472
  21956   558    infeasible           9148.0000      351.0000    33995   96.16%          x_65_9 D  21956  21955    563
  22409   223      698.0000    10     9148.0000      351.0000    34205   96.16%         x_71_97 D  22409  22408    227
  22597   411      808.8489    53     9148.0000      351.0000    34658   96.16%         x_30_65 D  22597  22596    415
Advanced basis not built.
  22715   529      886.4375    53     9148.0000      351.0000    34959   96.16%          x_5_99 D  22715  22714    533
  22839   653      938.2500    30     9148.0000      351.0000    35240   96.16%          x_30_6 D  22839  22838    657
  22923   737      957.3000    42     9148.0000      351.0000    35398   96.16%          x_22_9 D  22923  22922    741
  22979   793     1720.6667    17     9148.0000      351.0000    35552   96.16%         x_24_27 U  22979  22978    797
  23655   157      591.0000    12     9148.0000      351.0000    35623   96.16%         x_40_12 D  23655  23654    161
Elapsed time = 163.68 sec. (328667.96 ticks, tree = 3.01 MB, solutions = 1)
  23812   314      780.0000    12     9148.0000      351.0000    36012   96.16%         x_31_12 D  23812  23811    318
  24035   537      949.1765    46     9148.0000      351.0000    36395   96.16%         x_14_53 D  24035  24034    541
  24529   165      637.3333    22     9148.0000      351.0000    36528   96.16%          x_5_48 D  24529  24528    170
  24716   352      778.0000    16     9148.0000      351.0000    36995   96.16%          x_5_68 U  24716  24715    357
  24858   494      954.0000     8     9148.0000      351.0000    37396   96.16%         x_14_97 D  24858  24857    499
  24963   599     1432.7500    19     9148.0000      351.0000    37668   96.16%         x_27_97 D  24963  24962    604
  25497   169      659.3333    17     9148.0000      351.0000    37883   96.16%         x_23_50 D  25497  25496    173
  25652   324      875.3333    33     9148.0000      351.0000    38321   96.16%         x_31_69 D  25652  25651    328
Advanced basis not built.
  25773   443    infeasible           9148.0000      351.0000    38651   96.16%         x_94_32 D  25773  25772    449
  26120   216      831.6667    19     9148.0000      351.0000    38900   96.16%         x_82_61 D  26120  26119    221
Elapsed time = 182.87 sec. (367741.46 ticks, tree = 5.06 MB, solutions = 1)
  26246   342     1081.0000    18     9148.0000      351.0000    39279   96.16%         x_30_24 U  26246  26245    347
  26338   434     1328.0000    22     9148.0000      351.0000    39502   96.16%         x_22_45 D  26338  26337    439
  26557   653     1521.5000    39     9148.0000      351.0000    39950   96.16%         x_40_21 D  26557  26556    658
  26618   714     1946.3333    15     9148.0000      351.0000    40108   96.16%          x_45_5 D  26618  26617    719
  27305   151      586.0000    16     9148.0000      351.0000    40360   96.16%         x_69_45 U  27305  27304    154
  27424   270      778.4000    40     9148.0000      351.0000    40695   96.16%         x_35_63 D  27424  27423    273
  27563   409     1078.2500    23     9148.0000      351.0000    41066   96.16%         x_82_26 D  27563  27562    412
  27814   286      801.0244    44     9148.0000      351.0000    41214   96.16%         x_70_17 D  27814  27813    290
  28023   495     1036.0000     8     9148.0000      351.0000    41695   96.16%         x_15_53 U  28023  28022    499
  28091   563     1400.5000    16     9148.0000      351.0000    41822   96.16%         x_91_82 D  28091  28090    567
Elapsed time = 201.38 sec. (406809.14 ticks, tree = 17.55 MB, solutions = 1)
  28199   671     2509.0000     8     9148.0000      351.0000    42100   96.16%         x_22_69 D  28199  28198    675
  28773   165      660.7500    17     9148.0000      351.0000    42292   96.16%         x_35_47 D  28773  28772    169
  28890   282      894.0000    20     9148.0000      351.0000    42687   96.16%          x_9_41 U  28890  28889    286
  29036   428     1061.1053    48     9148.0000      351.0000    43002   96.16%         x_22_98 D  29036  29035    432
  29144   536     1377.7500    20     9148.0000      351.0000    43325   96.16%         x_66_98 U  29144  29143    540
  29264   656     1685.0000    21     9148.0000      351.0000    43612   96.16%         x_84_27 D  29264  29263    660
  29882   138      594.6364    34     9148.0000      351.0000    43776   96.16%         x_15_22 D  29882  29881    142
  29992   248      780.6667    24     9148.0000      351.0000    44111   96.16%         x_28_33 U  29992  29991    252
  30292   548     1041.7500    31     9148.0000      351.0000    44675   96.16%          x_50_6 U  30292  30291    552
  30419   675     1181.5000    22     9148.0000      351.0000    44947   96.16%         x_78_48 U  30419  30418    679
Elapsed time = 219.84 sec. (445920.76 ticks, tree = 22.45 MB, solutions = 1)
  31027   207      662.2000    29     9148.0000      351.0000    45155   96.16%         x_66_27 D  31027  31026    212
  31196   376      770.3333    29     9148.0000      351.0000    45584   96.16%         x_14_69 D  31196  31195    381
  31397   577     1010.0000    11     9148.0000      351.0000    45996   96.16%         x_12_53 D  31397  31396    582
  31615   795     1424.5000    10     9148.0000      351.0000    46347   96.16%         x_55_40 U  31615  31614    800
Advanced basis not built.
  31654   834     2118.0000    16     9148.0000      351.0000    46444   96.16%         x_92_21 U  31654  31653    839
  31733   797     1593.0000    14     9148.0000      351.0000    46527   96.16%         x_24_21 D  31733  31732    803
  32490   138      568.5000    25     9148.0000      351.0000    46709   96.16%         x_93_16 U  32490  32489    142
  32688   336      689.0000    29     9148.0000      351.0000    47166   96.16%         x_40_20 D  32688  32687    340
  33000   648      804.2500    23     9148.0000      351.0000    47705   96.16%         x_50_65 D  33000  32999    652
  33175   819    infeasible           9148.0000      351.0000    48005   96.16%         x_80_99 U  33175  33173    826
Elapsed time = 237.38 sec. (485230.67 ticks, tree = 28.83 MB, solutions = 1)
Advanced basis not built.
  33193   821     2162.6667    17     9148.0000      351.0000    48060   96.16%         x_32_22 U  33193  33189    829
  33211   823    infeasible           9148.0000      351.0000    48116   96.16%          x_32_6 U  33211  33210    831
  33238   802     1115.0000    16     9148.0000      351.0000    48165   96.16%         x_23_18 U  33238  33154    807
Advanced basis not built.
  33262   826     1630.3333    27     9148.0000      351.0000    48212   96.16%         x_55_42 D  33262  33261    831
  33269   827    infeasible           9148.0000      351.0000    48224   96.16%         x_45_22 U  33269  33267    836
  33289   829    infeasible           9148.0000      351.0000    48271   96.16%         x_40_61 U  33289  33287    840
  33307   829    infeasible           9148.0000      351.0000    48328   96.16%         x_40_61 U  33307  33305    840
  33328   822     1812.0000    16     9148.0000      351.0000    48385   96.16%          x_35_5 D  33328  33327    828
  33341   827    infeasible           9148.0000      351.0000    48414   96.16%          x_8_42 D  33341  33340    836
  33370   828     1609.5000    24     9148.0000      351.0000    48472   96.16%          x_6_65 D  33370  33369    834
Elapsed time = 253.95 sec. (526590.22 ticks, tree = 29.18 MB, solutions = 1)
  33383   833     1857.0000    16     9148.0000      351.0000    48487   96.16%         x_80_99 U  33383  33375    840
  33402   820     1921.0000    20     9148.0000      351.0000    48502   96.16%         x_40_61 U  33402  33362    827
Advanced basis not built.
  34086   206      632.0000    12     9148.0000      351.0000    48605   96.16%         x_40_25 D  34086  34085    211
  34376   496      745.5000    20     9148.0000      351.0000    49324   96.16%          x_6_53 D  34376  34375    501
  34690   810     1169.6667    37     9148.0000      351.0000    49916   96.16%         x_55_44 D  34690  34689    815
  34760   880     1949.6667    24     9148.0000      351.0000    50076   96.16%         x_35_32 D  34760  34759    885
  34821   889     2080.5000    19     9148.0000      351.0000    50170   96.16%         x_55_20 D  34821  34820    895
  34898   882     2351.8000    25     9148.0000      351.0000    50256   96.16%         x_23_48 D  34898  34897    890
  34946   866    infeasible           9148.0000      351.0000    50330   96.16%           x_5_6 U  34946  34944    877
  35057   889     1971.5000    18     9148.0000      351.0000    50498   96.16%         x_81_66 U  35057  35051    896
Elapsed time = 271.47 sec. (566832.85 ticks, tree = 33.73 MB, solutions = 1)
  35087   907     2675.5000     8     9148.0000      351.0000    50557   96.16%          x_16_9 D  35087  35086    915
  35110   914    infeasible           9148.0000      351.0000    50602   96.16%         x_23_95 D  35110  35109    926
  35151   893     2391.5000     8     9148.0000      351.0000    50648   96.16%           x_5_6 D  35151  35150    901
  35180   892     2565.5000     8     9148.0000      351.0000    50687   96.16%           x_5_6 U  35180  35150    901
  35196   902    infeasible           9148.0000      351.0000    50720   96.16%         x_22_82 U  35196  35192    914
  36048   230      712.8636    48     9148.0000      351.0000    51120   96.16%         x_94_21 D  36048  36047    235
  36372   554      888.5000    10     9148.0000      351.0000    51674   96.16%         x_85_65 U  36372  36371    559
Advanced basis not built.
  36544   724     1632.2500    18     9148.0000      351.0000    52126   96.16%         x_55_20 D  36544  36543    730
  36607   783    infeasible           9148.0000      351.0000    52261   96.16%         x_84_20 D  36607  36605    792
  36664   794    infeasible           9148.0000      351.0000    52347   96.16%          x_78_5 U  36664  36644    805
Elapsed time = 287.39 sec. (606612.88 ticks, tree = 31.31 MB, solutions = 1)
  37394   214      660.5000    18     9148.0000      351.0000    52578   96.16%         x_70_22 D  37394  37393    220
  37543   363      770.3333    21     9148.0000      351.0000    52838   96.16%         x_85_15 D  37543  37542    369
  37729   549      902.7500    27     9148.0000      351.0000    53192   96.16%         x_16_88 D  37729  37728    555
  37874   692    infeasible           9148.0000      351.0000    53535   96.16%         x_35_98 D  37874  37873    700
Advanced basis not built.
  37959   775     1591.0000    22     9148.0000      351.0000    53762   96.16%         x_35_20 D  37959  37958    782
  38022   752     1572.7333    37     9148.0000      351.0000    53815   96.16%         x_14_26 D  38022  38021    760
  38087   817     2458.0000    20     9148.0000      351.0000    53931   96.16%         x_82_27 D  38087  38086    825
  38249   723    infeasible           9148.0000      351.0000    54041   96.16%         x_41_88 D  38249  38248    732
  38850   134      593.5000    25     9148.0000      351.0000    54108   96.16%         x_80_94 D  38850  38849    139
  38924   208      690.0000    12     9148.0000      351.0000    54370   96.16%        x_100_51 U  38924  38923    213
Elapsed time = 305.85 sec. (646395.43 ticks, tree = 5.76 MB, solutions = 1)
  39024   308      793.6667    30     9148.0000      351.0000    54582   96.16%         x_22_50 D  39024  39023    313
  39169   453      966.6667    19     9148.0000      351.0000    54964   96.16%          x_8_67 D  39169  39168    458
  39344   628     1251.8000    23     9148.0000      351.0000    55302   96.16%          x_81_6 D  39344  39343    633
  39452   732    infeasible           9148.0000      351.0000    55503   96.16%         x_40_99 D  39452  39451    740
  39556   692    infeasible           9148.0000      351.0000    55575   96.16%         x_81_20 U  39556  39554    701
  40144   208      719.4000    21     9148.0000      351.0000    55705   96.16%         x_14_23 D  40144  40143    214
  40295   359      863.4286    32     9148.0000      351.0000    56124   96.16%         x_70_12 D  40295  40294    365
  40511   575     1170.0000    27     9148.0000      351.0000    56545   96.16%         x_87_88 D  40511  40510    581
  40588   650    infeasible           9148.0000      351.0000    56724   96.16%         x_70_50 U  40588  40587    658
  41138   174      687.3333    17     9148.0000      351.0000    56930   96.16%         x_45_48 D  41138  41137    180
Elapsed time = 323.87 sec. (685063.75 ticks, tree = 4.27 MB, solutions = 1)
  41220   256      773.5000    10     9148.0000      351.0000    57146   96.16%         x_94_99 U  41220  41219    262
  41360   396      941.0000    19     9148.0000      351.0000    57550   96.16%          x_6_25 D  41360  41359    402
  41650   686     1350.5000    22     9148.0000      351.0000    58209   96.16%         x_84_85 D  41650  41649    692
  41718   754     1652.0000    16     9148.0000      351.0000    58355   96.16%         x_84_32 D  41718  41717    760
  41764   732     2170.5000    18     9148.0000      351.0000    58399   96.16%          x_45_5 D  41764  41763    739
  42383   139      624.4167    33     9148.0000      351.0000    58434   96.16%        x_100_51 D  42383  41103    146
Advanced basis not built.
  42436   192      703.3333    25     9148.0000      351.0000    58642   96.16%         x_25_81 U  42436  42435    199
  42619   375      782.0000    20     9148.0000      351.0000    59013   96.16%         x_12_82 D  42619  42618    382
  42789   545      929.0000    28     9148.0000      351.0000    59360   96.16%         x_71_44 D  42789  42788    552
  42920   676     1085.0000    31     9148.0000      351.0000    59709   96.16%         x_94_65 N  42920  42919    683
Elapsed time = 342.99 sec. (725058.72 ticks, tree = 28.54 MB, solutions = 1)
  43184   678     1360.0000    16     9148.0000      351.0000    59957   96.16%         x_92_50 D  43184  43182    687
  43280   766     1887.0000    12     9148.0000      351.0000    60158   96.16%         x_23_61 D  43280  43279    776
  43993   133      524.0000    12     9148.0000      351.0000    60324   96.16%         x_30_96 U  43993  43992    135
  44082   222      587.6667    34     9148.0000      351.0000    60607   96.16%         x_69_81 D  44082  44081    224
Advanced basis not built.
  44217   357      646.3333    26     9148.0000      351.0000    60872   96.16%         x_80_85 D  44217  44216    359
  44330   470      702.0000    30     9148.0000      351.0000    61076   96.16%          x_6_99 D  44330  44329    472
  44420   560     1008.3333    26     9148.0000      351.0000    61293   96.16%         x_97_12 D  44420  44419    562
  44555   695     1702.0000    12     9148.0000      351.0000    61573   96.16%         x_98_47 U  44555  44554    697
  44628   722     1748.5000    24     9148.0000      351.0000    61697   96.16%         x_45_88 N  44628  44627    725
  44913   499      819.2353    43     9148.0000      351.0000    61790   96.16%         x_84_99 D  44913  44912    502
Elapsed time = 360.94 sec. (764659.98 ticks, tree = 20.71 MB, solutions = 1)
  44980   566     1063.5000    25     9148.0000      351.0000    61949   96.16%        x_100_82 D  44980  44979    569
  45095   681     1276.6667    25     9148.0000      351.0000    62137   96.16%         x_65_88 D  45095  45094    684
  45142   700     1530.6667    25     9148.0000      351.0000    62215   96.16%         x_23_47 D  45142  45141    704
  45158   712     2152.0000     8     9148.0000      351.0000    62248   96.16%         x_82_47 U  45158  45154    717
  45760   174      624.5000    35     9148.0000      351.0000    62461   96.16%        x_100_11 D  45760  45759    177
  45841   255      755.3333    28     9148.0000      351.0000    62837   96.16%         x_69_22 D  45841  45840    258
  45893   307      879.8000    29     9148.0000      351.0000    62986   96.16%         x_28_45 D  45893  45892    310
  45956   370     1103.0000    28     9148.0000      351.0000    63229   96.16%         x_78_25 U  45956  45955    373
  46028   442     1370.6667    23     9148.0000      351.0000    63399   96.16%         x_24_12 D  46028  46027    445
  46110   524     1598.5000    30     9148.0000      351.0000    63595   96.16%         x_85_22 D  46110  46109    527
Elapsed time = 380.44 sec. (804236.86 ticks, tree = 22.56 MB, solutions = 1)
  46648   136      560.0000    22     9148.0000      351.0000    63853   96.16%          x_33_3 U  46648  46647    139
  46698   186      675.0000    16     9148.0000      351.0000    64056   96.16%          x_91_9 U  46698  46697    189
  46740   192      720.3333    18     9148.0000      351.0000    64115   96.16%         x_65_51 U  46740  46739    196
  46814   266      882.8000    23     9148.0000      351.0000    64319   96.16%         x_22_42 D  46814  46813    270
  46865   317     1075.0000    10     9148.0000      351.0000    64429   96.16%         x_87_88 D  46865  46864    321
  47157   149      623.3333    17     9148.0000      351.0000    64568   96.16%         x_65_51 U  47157  47156    153
Advanced basis not built.
  47208   200      683.8750    33     9148.0000      351.0000    64720   96.16%         x_84_18 D  47208  47207    204
  47269   261      791.0000    24     9148.0000      351.0000    64884   96.16%         x_80_18 D  47269  47268    265
  47314   306      888.0000    29     9148.0000      351.0000    64963   96.16%         x_22_53 D  47314  47313    310
  47369   361     1135.0000    20     9148.0000      351.0000    65075   96.16%         x_27_35 D  47369  47368    365
Elapsed time = 400.83 sec. (845594.48 ticks, tree = 14.64 MB, solutions = 1)
  47674   166      572.3333    29     9148.0000      351.0000    65301   96.16%         x_85_88 D  47674  47673    169
  47968   460      660.2000    31     9148.0000      351.0000    65906   96.16%         x_24_65 D  47968  47967    463
  48067   559      899.2500    25     9148.0000      351.0000    66118   96.16%          x_85_7 D  48067  48066    562
  48195   687     1125.0000    12     9148.0000      351.0000    66315   96.16%          x_65_6 D  48195  48194    690
  48228   710    infeasible           9148.0000      351.0000    66375   96.16%         x_94_69 D  48228  48227    716
  48313   629    infeasible           9148.0000      351.0000    66412   96.16%         x_23_32 U  48313  48139    635
  48835   443      790.4545    53     9148.0000      351.0000    66945   96.16%          x_6_51 D  48835  48834    447
  49091   699      916.5000    26     9148.0000      351.0000    67487   96.16%         x_91_15 D  49091  49090    703
  49181   789     1582.6667    24     9148.0000      351.0000    67705   96.16%         x_13_95 D  49181  49180    793
  49206   812     2088.6667    18     9148.0000      351.0000    67760   96.16%          x_87_9 D  49206  49205    817
Elapsed time = 418.87 sec. (884561.90 ticks, tree = 39.01 MB, solutions = 1)
  49883   157      585.3333    28     9148.0000      351.0000    67810   96.16%        x_100_51 U  49883  49882    161
  50000   274      639.3333    21     9148.0000      351.0000    68080   96.16%         x_78_61 D  50000  49999    278
  50230   504      730.1111    35     9148.0000      351.0000    68587   96.16%         x_87_17 D  50230  50229    508
  50380   654     1275.0000    20     9148.0000      351.0000    68916   96.16%         x_27_82 D  50380  50379    658
  50910   182      625.1250    29     9148.0000      351.0000    69007   96.16%         x_88_94 U  50910  50909    187
  50984   256      775.4000    27     9148.0000      351.0000    69203   96.16%        x_100_47 D  50984  50983    261
  51113   385      921.5000    28     9148.0000      351.0000    69520   96.16%         x_71_69 D  51113  51112    390
  51324   596     1170.6667    16     9148.0000      351.0000    70012   96.16%         x_33_97 U  51324  51323    601
  51436   708     1521.6667    25     9148.0000      351.0000    70257   96.16%          x_6_22 D  51436  51435    713
  51504   776     2502.0000    14     9148.0000      351.0000    70395   96.16%         x_39_50 D  51504  51503    781
Elapsed time = 437.94 sec. (924541.16 ticks, tree = 37.93 MB, solutions = 1)
  52190   148      579.5000    16     9148.0000      351.0000    70560   96.16%         x_25_81 U  52190  52189    152
  52333   291      697.6667    21     9148.0000      351.0000    70972   96.16%         x_16_18 D  52333  52332    295
  52408   366      796.5000    28     9148.0000      351.0000    71128   96.16%          x_5_15 D  52408  52407    370
Advanced basis not built.
  52670   628      992.5000    12     9148.0000      351.0000    71687   96.16%         x_13_18 D  52670  52669    632
  52766   724     1290.5000    27     9148.0000      351.0000    71905   96.16%         x_40_61 D  52766  52765    728
  52781   735    infeasible           9148.0000      351.0000    71942   96.16%          x_6_69 U  52781  52779    742
  52800   736     1897.5000    20     9148.0000      351.0000    72030   96.16%          x_22_7 D  52800  52799    741
  52812   742     2439.5000    10     9148.0000      351.0000    72068   96.16%         x_97_88 D  52812  52811    749
  53385   217      649.0000    14     9148.0000      351.0000    72162   96.16%         x_14_25 D  53385  53384    222
  53441   273      753.2500    28     9148.0000      351.0000    72310   96.16%         x_22_98 D  53441  53440    278
Elapsed time = 456.59 sec. (964482.17 ticks, tree = 10.63 MB, solutions = 1)
  53567   399      901.5000    20     9148.0000      351.0000    72551   96.16%         x_80_15 D  53567  53566    404
  53677   509     1037.3333    30     9148.0000      351.0000    72748   96.16%         x_85_42 D  53677  53676    514
  53785   549    infeasible           9148.0000      351.0000    72883   96.16%         x_14_27 U  53785  53719    557
  54215   161      633.5000    20     9148.0000      351.0000    73019   96.16%         x_66_51 D  54215  54214    166
  54372   318      752.0000    28     9148.0000      351.0000    73480   96.16%         x_87_22 D  54372  54371    323
  54476   422      868.0000    36     9148.0000      351.0000    73737   96.16%         x_12_18 D  54476  54475    427
  54664   610     1030.2000    29     9148.0000      351.0000    74138   96.16%         x_15_35 D  54664  54663    615
  54835   781     1302.3333    38     9148.0000      351.0000    74443   96.16%         x_39_15 D  54835  54834    786
  54872   766     1811.5000    10     9148.0000      351.0000    74482   96.16%          x_6_61 U  54872  54820    772
  54900   754     1834.5000    18     9148.0000      351.0000    74551   96.16%          x_6_56 D  54900  54899    760
Elapsed time = 474.85 sec. (1003376.26 ticks, tree = 38.21 MB, solutions = 1)
  55548   196      670.2000    30     9148.0000      351.0000    74713   96.16%         x_78_35 D  55548  55547    202
Advanced basis not built.
  55701   349      771.7500    26     9148.0000      351.0000    75101   96.16%         x_22_99 D  55701  55700    355
  55800   448      871.5000    10     9148.0000      351.0000    75324   96.16%         x_39_98 D  55800  55799    454
  55914   562     1103.0000    24     9148.0000      351.0000    75531   96.16%         x_70_25 D  55914  55913    568
  56000   634     1268.3333    23     9148.0000      351.0000    75699   96.16%         x_91_18 D  56000  55999    641
  56142   775     1916.0000    18     9148.0000      351.0000    75961   96.16%         x_98_35 U  56142  56141    783
  56177   764    infeasible           9148.0000      351.0000    76022   96.16%         x_40_98 D  56177  56176    774
  56845   110      512.0000    18     9148.0000      351.0000    76084   96.16%          x_8_26 D  56845  43970    113
  56939   204      552.3333    24     9148.0000      351.0000    76471   96.16%         x_88_94 U  56939  56938    207
  57172   437      653.0000    28     9148.0000      351.0000    76945   96.16%         x_30_53 D  57172  57171    440
Elapsed time = 494.33 sec. (1043464.76 ticks, tree = 20.78 MB, solutions = 1)
  57469   734      712.0417    43     9148.0000      351.0000    77445   96.16%         x_16_22 D  57469  57468    737
  57570   835     1346.6667    39     9148.0000      351.0000    77666   96.16%          x_94_5 D  57570  57569    838
  57593   838     1837.5000    22     9148.0000      351.0000    77701   96.16%         x_57_21 U  57593  57591    843
  57611   836     1503.0000    12     9148.0000      351.0000    77719   96.16%          x_6_65 D  57611  57610    840
  57622   845    infeasible           9148.0000      351.0000    77741   96.16%         x_22_88 D  57622  57621    851
  57625   844    infeasible           9148.0000      351.0000    77751   96.16%         x_22_88 D  57625  57624    851
  57686   785    infeasible           9148.0000      351.0000    77772   96.16%          x_14_4 U  57686  57522    791
  58235   388      782.6667    39     9148.0000      351.0000    78023   96.16%        x_100_26 D  58235  58234    392
  58414   567      949.0000    31     9148.0000      351.0000    78477   96.16%         x_91_69 D  58414  58413    571
  58532   685     1178.4000    28     9148.0000      351.0000    78761   96.16%         x_27_18 D  58532  58531    689
Elapsed time = 512.62 sec. (1084498.53 ticks, tree = 35.75 MB, solutions = 1)
  58631   784     1377.0000    14     9148.0000      351.0000    78952   96.16%         x_84_17 U  58631  58630    788
  58695   848     1911.0000    14     9148.0000      351.0000    79110   96.16%         x_98_20 D  58695  58694    852
  58718   871     2570.0000    18     9148.0000      351.0000    79165   96.16%          x_6_61 D  58718  58717    875
  58728   875     2859.5000    12     9148.0000      351.0000    79188   96.16%          x_98_5 U  58728  58726    881
  59014   593    infeasible           9148.0000      351.0000    79206   96.16%         x_84_61 U  59014  58442    600
  59478   309      615.1667    29     9148.0000      351.0000    79441   96.16%         x_98_96 D  59478  59477    313
Advanced basis not built.
  59710   541      684.8889    36     9148.0000      351.0000    79928   96.16%          x_69_7 D  59710  59709    545
  59778   609      924.0769    35     9148.0000      351.0000    80146   96.16%         x_71_97 D  59778  59777    613
  59929   760     1081.0000    20     9148.0000      351.0000    80433   96.16%         x_85_95 D  59929  59928    764
  60014   845     1231.3333    27     9148.0000      351.0000    80575   96.16%         x_40_61 D  60014  60013    849
Elapsed time = 530.68 sec. (1124935.39 ticks, tree = 46.07 MB, solutions = 1)
  60051   882     1791.3333    19     9148.0000      351.0000    80652   96.16%         x_97_42 D  60051  60050    886
  60075   884     2014.3333    17     9148.0000      351.0000    80677   96.16%         x_39_65 U  60075  60053    889
  60088   893     2613.0000    14     9148.0000      351.0000    80712   96.16%         x_65_88 U  60088  60084    899
  60103   882     1906.6667    17     9148.0000      351.0000    80719   96.16%         x_39_65 D  60103  60102    887
  60124   881     2003.6667    17     9148.0000      351.0000    80736   96.16%         x_39_65 U  60124  60102    887
  60143   888     2500.5000    19     9148.0000      351.0000    80767   96.16%         x_94_98 D  60143  60142    895
  60794   257      631.8333    21     9148.0000      351.0000    80813   96.16%         x_55_22 D  60794  60793    262
  60879   342      707.2174    46     9148.0000      351.0000    81016   96.16%          x_39_5 D  60879  60878    347
  61294   757      802.3333    27     9148.0000      351.0000    81680   96.16%          x_69_6 D  61294  61293    762
  61465   928      989.2500    26     9148.0000      351.0000    81978   96.16%         x_87_69 D  61465  61464    933
Elapsed time = 548.83 sec. (1166632.91 ticks, tree = 52.10 MB, solutions = 1)
  61518   981     1908.0000    14     9148.0000      351.0000    82110   96.16%         x_35_88 D  61518  61517    986
  61534   985     2192.5000    24     9148.0000      351.0000    82139   96.16%          x_16_4 D  61534  61533    991
  62418   141      558.5000     8     9148.0000      351.0000    82216   96.16%         x_81_25 D  62418  62417    145
  62594   317      605.5000    16     9148.0000      351.0000    82613   96.16%         x_80_54 D  62594  62593    321
  62856   579      731.7500    36     9148.0000      351.0000    83215   96.16%         x_12_47 D  62856  62855    583
  62963   686      853.2500    24     9148.0000      351.0000    83458   96.16%         x_82_53 D  62963  62962    690
  63185   908     1001.5000    16     9148.0000      351.0000    83853   96.16%         x_71_41 D  63185  63184    912
  63220   941     1539.5000    16     9148.0000      351.0000    83922   96.16%         x_65_85 D  63220  63219    946
  63225   940     1562.5000    22     9148.0000      351.0000    83931   96.16%         x_65_85 N  63225  63219    946
  63231   939    infeasible           9148.0000      351.0000    83946   96.16%         x_85_82 U  63231  63227    949
Elapsed time = 568.14 sec. (1207616.32 ticks, tree = 53.74 MB, solutions = 1)
  63289   943     1765.5000    12     9148.0000      351.0000    84026   96.16%         x_39_45 D  63289  63288    948
  63296   942     2046.6667    11     9148.0000      351.0000    84133   96.16%         x_80_61 D  63296  63295    948
Advanced basis not built.
  63336   940     1951.2500    32     9148.0000      351.0000    84210   96.16%         x_91_88 D  63336  63335    946
Advanced basis not built.
  63364   956     2475.5000    10     9148.0000      351.0000    84278   96.16%         x_34_11 U  63364  63363    964
  63402   936     2205.5000    12     9148.0000      351.0000    84311   96.16%         x_80_88 D  63402  63401    943
  64153   219      623.3077    39     9148.0000      351.0000    84375   96.16%         x_55_22 D  64153  64152    224
  64260   326      729.5000    28     9148.0000      351.0000    84643   96.16%         x_39_53 D  64260  64259    331
  64348   414      841.2500    26     9148.0000      351.0000    84888   96.16%         x_81_97 D  64348  64347    419
  64586   652      905.0000    27     9148.0000      351.0000    85240   96.16%         x_15_11 U  64586  64585    657
  64700   766     1036.3333    20     9148.0000      351.0000    85460   96.16%         x_40_18 D  64700  64699    771
Elapsed time = 586.75 sec. (1248739.95 ticks, tree = 43.60 MB, solutions = 1)
Advanced basis not built.
  64759   825     1379.0000    22     9148.0000      351.0000    85582   96.16%           x_6_5 D  64759  64758    830
  64769   833    infeasible           9148.0000      351.0000    85610   96.16%          x_78_5 D  64769  64768    840
  64803   831     1726.0000    22     9148.0000      351.0000    85654   96.16%          x_45_5 D  64803  64802    837
  64816   826     1919.5000    14     9148.0000      351.0000    85666   96.16%         x_41_97 U  64816  64798    833
  65200   456    infeasible           9148.0000      351.0000    85681   96.16%         x_40_22 U  65200  64392    464
  65603    75      455.7500    25     9148.0000      351.0000    85820   96.16%          x_3_29 U  65603  65602     77
  65631   103      490.3750    39     9148.0000      351.0000    85967   96.16%         x_71_20 D  65631  65630    105
  65700   172      502.1250    56     9148.0000      351.0000    86166   96.16%         x_54_21 D  65700  65699    174
  65746   218      547.6667    25     9148.0000      351.0000    86328   96.16%         x_54_28 U  65746  65745    220
  65800   272      629.0000    12     9148.0000      351.0000    86507   96.16%         x_87_97 D  65800  65799    274
Elapsed time = 609.95 sec. (1290526.66 ticks, tree = 14.01 MB, solutions = 1)
  65875   347      760.5000    18     9148.0000      351.0000    86719   96.16%         x_77_42 D  65875  65874    349
  65968   440      863.8000    39     9148.0000      351.0000    86910   96.16%         x_87_99 D  65968  65967    442
  66044   516     1024.7000    41     9148.0000      351.0000    87105   96.16%          x_6_20 D  66044  66043    518
  66098   570     1216.6667    21     9148.0000      351.0000    87247   96.16%          x_81_9 D  66098  66097    572
  66182   654     1365.3333    28     9148.0000      351.0000    87404   96.16%         x_16_35 D  66182  66181    656
  66230   702     1550.0000    12     9148.0000      351.0000    87484   96.16%          x_1_50 U  66230  66229    704
  66278   750     1937.0000    26     9148.0000      351.0000    87610   96.16%         x_81_82 D  66278  66277    752
  66287   759     2420.5000    20     9148.0000      351.0000    87640   96.16%         x_32_41 U  66287  66286    761
  66312   780    infeasible           9148.0000      351.0000    87681   96.16%         x_35_98 U  66312  66310    785
Advanced basis not built.
  66830   282      681.0000     0     9148.0000      351.0000    87756   96.16%          x_12_2 D  66830  66829    285
Elapsed time = 626.96 sec. (1330144.63 ticks, tree = 14.68 MB, solutions = 1)
  66955   407      818.4000    26     9148.0000      351.0000    88128   96.16%         x_82_22 D  66955  66954    410
  66985   437     1024.3333    27     9148.0000      351.0000    88211   96.16%         x_77_12 D  66985  66984    440
  67038   490     1158.0000    33     9148.0000      351.0000    88321   96.16%         x_85_44 D  67038  67037    493

User cuts applied:  7867

Root node processing (before b&c):
  Real time             =    0.27 sec. (185.73 ticks)
Sequential b&c:
  Real time             =  632.78 sec. (1343569.97 ticks)
                          ------------
Total (root+branch&cut) =  633.05 sec. (1343755.71 ticks)
