Version identifier: 22.1.1.0 | 2022-11-28 | 9160aff4d
CPXPARAM_Read_DataCheck                          1
CPXPARAM_MIP_Strategy_NodeSelect                 0
CPXPARAM_TimeLimit                               633
Legacy callback                                  LD
Warning: Control callbacks may disable some MIP features.
Lazy constraint(s) or lazy constraint/branch callback is present.
    Disabling dual reductions (CPX_PARAM_REDUCE) in presolve.
    Disabling presolve reductions that prevent crushing forms (CPX_PARAM_PREREFORM).
         Disabling repeat represolve because of lazy constraint/incumbent callback.
Tried aggregator 1 time.
Reduced MIP has 200 rows, 9900 columns, and 19800 nonzeros.
Reduced MIP has 9900 binaries, 0 generals, 0 SOSs, and 0 indicators.
Presolve time = 0.00 sec. (6.25 ticks)
Probing time = 0.01 sec. (5.06 ticks)
Clique table members: 200.
MIP emphasis: balance optimality and feasibility.
MIP search method: traditional branch-and-cut.
Parallel mode: none, using 1 thread.
Root relaxation solution time = 0.00 sec. (5.41 ticks)

        Nodes                                         Cuts/
   Node  Left     Objective  IInf  Best Integer    Best Bound    ItCnt     Gap         Variable B NodeID Parent  Depth

      0     0      350.0000    16                    350.0000       75         
*     0+    0                         9148.0000      350.0000            96.17%
      0     2      350.5000    38     9148.0000      351.0000       75   96.16%                        0             0
Elapsed time = 0.26 sec. (186.09 ticks, tree = 0.01 MB, solutions = 1)
     10    12      359.5000    30     9148.0000      351.0000      110   96.16%         x_29_10 U     10      9     10
     28    30      396.0000    26     9148.0000      351.0000      224   96.16%         x_83_84 D     28     27     28
     44    46      420.7500    35     9148.0000      351.0000      304   96.16%        x_100_33 D     44     43     44
     60    62      457.3333    16     9148.0000      351.0000      370   96.16%          x_28_3 D     60     59     60
     80    82      478.5000    18     9148.0000      351.0000      445   96.16%         x_53_47 D     80     79     80
    100   102      484.2500    26     9148.0000      351.0000      543   96.16%         x_13_98 D    100     99    100
    120   122      506.0000     0     9148.0000      351.0000      620   96.16%         x_33_63 U    120    119    120
    139   141      569.0000    25     9148.0000      351.0000      707   96.16%         x_31_44 U    139    138    139
    150   152      640.5000     8     9148.0000      351.0000      767   96.16%         x_27_79 U    150    149    150
    189   191      973.0000    10     9148.0000      351.0000      905   96.16%          x_6_48 U    189    188    189
Elapsed time = 3.53 sec. (3611.02 ticks, tree = 1.20 MB, solutions = 1)
    400    50      430.1250    33     9148.0000      351.0000     1126   96.16%         x_75_15 D    400    399     49
    440    90      501.3333    23     9148.0000      351.0000     1350   96.16%          x_28_3 D    440    439     89
    487   137      634.3333    16     9148.0000      351.0000     1553   96.16%         x_82_95 D    487    486    136
    540   190      809.0000     0     9148.0000      351.0000     1768   96.16%         x_34_81 D    540    539    189
    575   225     1021.6000    34     9148.0000      351.0000     1917   96.16%         x_24_60 U    575    574    224
    783   103      542.3333    18     9148.0000      351.0000     2144   96.16%        x_100_74 D    783    782    103
    840   160      724.3000    44     9148.0000      351.0000     2429   96.16%         x_26_56 D    840    839    160
    884   204      936.0000    18     9148.0000      351.0000     2594   96.16%         x_14_98 D    884    883    204
   1010   184      754.0000    20     9148.0000      351.0000     2865   96.16%           x_3_1 D   1010   1009    185
   1055   229      930.3333    14     9148.0000      351.0000     3020   96.16%         x_84_97 U   1055   1054    230
Elapsed time = 10.10 sec. (13391.07 ticks, tree = 1.93 MB, solutions = 1)
   1100   274     1236.0000    21     9148.0000      351.0000     3173   96.16%         x_40_88 U   1100   1099    275
   1358   102      490.0000    18     9148.0000      351.0000     3400   96.16%          x_36_3 U   1358   1357    102
   1436   180      626.0000    25     9148.0000      351.0000     3644   96.16%         x_80_26 D   1436   1435    180
   1501   245      811.6250    47     9148.0000      351.0000     3816   96.16%         x_66_35 D   1501   1500    245
   1546   290     1196.5000    10     9148.0000      351.0000     3968   96.16%          x_70_9 U   1546   1545    290
   1815   233      608.2500    17     9148.0000      351.0000     4310   96.16%         x_55_47 D   1815   1814    234
   1877   295      777.7143    25     9148.0000      351.0000     4489   96.16%         x_97_98 D   1877   1876    296
   1902   320     1072.6667    21     9148.0000      351.0000     4574   96.16%         x_45_24 U   1902   1901    321
   2086   244      639.5000    22     9148.0000      351.0000     4773   96.16%         x_27_96 D   2086   2085    246
   2147   305      799.0000    16     9148.0000      351.0000     5003   96.16%         x_71_29 D   2147   2146    307
Elapsed time = 15.43 sec. (23052.25 ticks, tree = 3.05 MB, solutions = 1)
   2187   345     1038.0000    16     9148.0000      351.0000     5105   96.16%         x_91_92 U   2187   2186    347
   2232   390     1322.6667    17     9148.0000      351.0000     5233   96.16%         x_85_67 D   2232   2231    392
   2256   414     1708.5000     8     9148.0000      351.0000     5321   96.16%         x_85_83 U   2256   2255    416
   2296   414    infeasible           9148.0000      351.0000     5380   96.16%         x_35_83 U   2296   2295    419
   2657   143      572.4000    32     9148.0000      351.0000     5628   96.16%          x_8_65 U   2657   2656    144
   2739   225      677.6000    30     9148.0000      351.0000     5941   96.16%          x_9_29 D   2739   2738    226
   2797   283      929.5000    14     9148.0000      351.0000     6124   96.16%         x_50_88 U   2797   2796    284
   2904   276      761.0000    27     9148.0000      351.0000     6373   96.16%         x_70_21 U   2904   2903    278
   2974   346      862.2000    29     9148.0000      351.0000     6546   96.16%         x_78_66 U   2974   2973    348
   3000   372     1133.5000    10     9148.0000      351.0000     6664   96.16%         x_65_42 U   3000   2999    374
Elapsed time = 20.41 sec. (32980.96 ticks, tree = 4.22 MB, solutions = 1)
   3179   223    infeasible           9148.0000      351.0000     6720   96.16%         x_77_71 U   3179   2739    227
   3315   267      781.0000    20     9148.0000      351.0000     7030   96.16%         x_41_22 D   3315   3314    269
   3368   320      958.2500    18     9148.0000      351.0000     7227   96.16%         x_15_98 U   3368   3367    322
   3471   289    infeasible           9148.0000      351.0000     7384   96.16%         x_43_34 U   3471   3339    294
   3739   183      562.2500    30     9148.0000      351.0000     7691   96.16%         x_91_74 D   3739   3738    185
   3841   285      734.5000    12     9148.0000      351.0000     8019   96.16%         x_54_44 D   3841   3840    287
   3887   331      973.2500    31     9148.0000      351.0000     8214   96.16%         x_10_16 D   3887   3886    333
   3964   408     1070.5000    22     9148.0000      351.0000     8407   96.16%         x_91_22 D   3964   3963    410
   4005   449     1278.0000    10     9148.0000      351.0000     8573   96.16%         x_98_93 U   4005   4004    451
   4033   477     1597.6667    19     9148.0000      351.0000     8704   96.16%         x_32_35 D   4033   4032    479
Elapsed time = 25.01 sec. (42682.63 ticks, tree = 5.99 MB, solutions = 1)
   4448   258      549.7083    48     9148.0000      351.0000     8985   96.16%         x_31_93 U   4448   4447    261
   4552   362      572.1667    49     9148.0000      351.0000     9230   96.16%         x_12_47 D   4552   4551    365
   4635   445      592.3333    24     9148.0000      351.0000     9426   96.16%         x_25_67 D   4635   4634    448
   4689   499      686.8000    38     9148.0000      351.0000     9568   96.16%         x_14_66 D   4689   4688    502
   4734   544      790.5000    22     9148.0000      351.0000     9692   96.16%          x_1_66 D   4734   4733    547
   4766   576      971.0000    10     9148.0000      351.0000     9794   96.16%          x_6_78 U   4766   4765    579
   4790   600     1273.1250    25     9148.0000      351.0000     9931   96.16%         x_65_74 U   4790   4789    603
   5143   277    infeasible           9148.0000      351.0000     9995   96.16%         x_78_74 U   5143   4469    283
   5306   190      650.5000    16     9148.0000      351.0000    10244   96.16%         x_91_39 D   5306   5305    193
   5343   227      751.5000    12     9148.0000      351.0000    10402   96.16%         x_14_85 D   5343   5342    230
Elapsed time = 29.64 sec. (52479.52 ticks, tree = 2.64 MB, solutions = 1)
   5405   289      841.5000    14     9148.0000      351.0000    10563   96.16%         x_50_78 D   5405   5404    292
   5441   325      982.1667    30     9148.0000      351.0000    10702   96.16%         x_41_75 D   5441   5440    328
   5709   121    infeasible           9148.0000      351.0000    10802   96.16%         x_96_55 D   5709   3679    126
   5798    98      528.0000    21     9148.0000      351.0000    11005   96.16%         x_25_81 D   5798   5797     99
   5881   181      599.5000    24     9148.0000      351.0000    11298   96.16%         x_78_83 D   5881   5880    182
   5985   285      703.5000     8     9148.0000      351.0000    11610   96.16%         x_24_74 D   5985   5984    286
   6046   346      844.0000    16     9148.0000      351.0000    11796   96.16%         x_46_78 D   6046   6045    347
   6085   385      979.0000    20     9148.0000      351.0000    11913   96.16%         x_76_21 U   6085   6084    386
   6135   435     1123.7500    36     9148.0000      351.0000    12040   96.16%         x_12_17 D   6135   6134    436
   6188   488     1247.8000    28     9148.0000      351.0000    12178   96.16%         x_70_66 D   6188   6187    489
Elapsed time = 34.78 sec. (62265.02 ticks, tree = 7.19 MB, solutions = 1)
   6235   535     1391.3333    17     9148.0000      351.0000    12279   96.16%          x_70_5 U   6235   6234    536
   6275   575     1606.0000    18     9148.0000      351.0000    12375   96.16%         x_45_22 U   6275   6274    576
   6301   601     1724.5000    24     9148.0000      351.0000    12468   96.16%         x_41_12 D   6301   6300    602
   6597   331    infeasible           9148.0000      351.0000    12511   96.16%         x_46_96 U   6597   6033    335
   6828   260      676.7500    25     9148.0000      351.0000    12734   96.16%         x_12_50 D   6828   6827    262
   6885   317      789.0000    12     9148.0000      351.0000    12913   96.16%         x_68_54 U   6885   6884    319
   6941   373     1033.6667    13     9148.0000      351.0000    13111   96.16%         x_56_51 D   6941   6940    375
   7002   434     1134.7500    31     9148.0000      351.0000    13257   96.16%          x_92_5 D   7002   7001    436
   7055   487     1269.3333    14     9148.0000      351.0000    13385   96.16%         x_54_50 U   7055   7054    489
   7078   510     1470.2500    24     9148.0000      351.0000    13451   96.16%         x_38_98 D   7078   7077    512
Elapsed time = 39.65 sec. (72433.80 ticks, tree = 7.84 MB, solutions = 1)
*  7099   529      integral     0     1881.0000      351.0000    13511   81.34%
   7099   529     1881.0000     0     1881.0000      351.0000    13511   81.34%          x_25_5 U   7099   7098    533
*  7104   532      integral     0     1808.0000      351.0000    13540   80.59%
*  7109   528      integral     0     1687.0000      351.0000    13567   79.19%
   7122   534     1674.0000    10     1687.0000      351.0000    13593   79.19%          x_2_53 D   7122   7121    544
*  7146   523      integral     0     1677.0000      351.0000    13670   79.07%
   7147   521        cutoff           1677.0000      351.0000    13674   79.07%         x_99_81 U   7147   7140    528
*  7159   527      integral     0     1630.0000      351.0000    13722   78.47%
*  7170   515      integral     0     1533.0000      351.0000    13836   77.10%
   7174   511        cutoff           1533.0000      351.0000    13874   77.10%         x_41_66 U   7174   7081    516
*  7193   494      integral     0     1486.0000      351.0000    14131   76.38%
   7201   486        cutoff           1486.0000      351.0000    14272   76.38%         x_30_98 U   7201   7056    491
*  7206   487      integral     0     1385.0000      351.0000    14346   74.66%
   7229   469     1327.1429    41     1385.0000      351.0000    14852   74.66%         x_76_92 D   7229   7228    472
*  7235   473      integral     0     1371.0000      351.0000    14878   74.40%
*  7243   474      integral     0     1362.0000      351.0000    14905   74.23%
*  7246   470      integral     0     1346.0000      351.0000    14915   73.92%
*  7248   468      integral     0     1344.0000      351.0000    14923   73.88%
   7255   468     1337.3333    25     1344.0000      351.0000    14958   73.88%         x_76_92 N   7255   7228    472
*  7265   468      integral     0     1340.0000      351.0000    15018   73.81%
*  7274   463      integral     0     1321.0000      351.0000    15190   73.43%
*  7275   461      integral     0     1312.0000      351.0000    15193   73.25%
*  7278   458      integral     0     1306.0000      351.0000    15271   73.12%
   7283   453        cutoff           1306.0000      351.0000    15424   73.12%          x_2_41 U   7283   7023    458
*  7297   439      integral     0     1298.0000      351.0000    15874   72.96%
*  7309   429      integral     0     1295.0000      351.0000    16296   72.90%
   7310   428        cutoff           1295.0000      351.0000    16297   72.90%          x_70_6 U   7310   7308    434
*  7331   407      integral     0     1273.0000      351.0000    17043   72.43%
   7339   399        cutoff           1273.0000      351.0000    17257   72.43%         x_99_65 U   7339   6969    404
Elapsed time = 42.99 sec. (82319.36 ticks, tree = 5.95 MB, solutions = 20)
   7369   397        cutoff           1273.0000      351.0000    17506   72.43%         x_76_92 D   7369   7351    403
   7393   397        cutoff           1273.0000      351.0000    17650   72.43%         x_99_65 D   7393   7392    403
*  7413   395      integral     0     1237.0000      351.0000    17805   71.62%
   7415   392        cutoff           1237.0000      351.0000    17812   71.62%         x_70_98 U   7415   7410    398
*  7431   392      integral     0     1236.0000      351.0000    17865   71.60%
*  7432   391      integral     0     1230.0000      351.0000    17867   71.46%
*  7436   387      integral     0     1202.0000      351.0000    17995   70.80%
   7438   387     1197.6667    21     1202.0000      351.0000    18074   70.80%          x_27_9 U   7438   6955    390
*  7452   375      integral     0     1201.0000      351.0000    18436   70.77%
   7464   377     1160.0000    16     1201.0000      351.0000    18639   70.77%         x_24_98 N   7464   7463    380
*  7465   376      integral     0     1171.0000      351.0000    18640   70.03%
*  7471   370      integral     0     1164.0000      351.0000    18687   69.85%
   7482   372     1154.8333    34     1164.0000      351.0000    18847   69.85%          x_27_9 N   7482   7479    376
*  7495   369      integral     0     1158.0000      351.0000    18877   69.69%
*  7497   368      integral     0     1157.0000      351.0000    18885   69.66%
   7506   364     1138.5000    23     1157.0000      351.0000    19111   69.66%          x_27_9 N   7506   7505    367
*  7509   365      integral     0     1146.0000      351.0000    19120   69.37%
*  7527   364      integral     0     1136.0000      351.0000    19176   69.10%
   7529   361        cutoff           1136.0000      351.0000    19180   69.10%          x_45_7 U   7529   7515    368
*  7545   357      integral     0     1125.0000      351.0000    19489   68.80%
*  7548   353      integral     0     1119.0000      351.0000    19492   68.63%
*  7554   347      integral     0     1100.0000      351.0000    19664   68.09%
   7554   347     1100.0000     0     1100.0000      351.0000    19664   68.09%         x_23_68 D   7554   6917    352
*  7563   338      integral     0     1097.0000      351.0000    19986   68.00%
*  7565   336      integral     0     1077.0000      351.0000    20061   67.41%
*  7569   338      integral     0     1065.0000      351.0000    20108   67.04%
*  7571   338      integral     0     1059.0000      351.0000    20121   66.86%
*  7624   338      integral     0     1057.0000      351.0000    20443   66.79%
*  7630   332      integral     0     1044.0000      351.0000    20460   66.38%
*  7632   332      integral     0      979.0000      351.0000    20519   64.15%
   7645   319        cutoff            979.0000      351.0000    20962   64.15%         x_94_21 U   7645   6889    324
Elapsed time = 46.45 sec. (94971.21 ticks, tree = 4.60 MB, solutions = 41)
*  7675   322      integral     0      962.0000      351.0000    21257   63.51%
*  7689   320      integral     0      955.0000      351.0000    21298   63.25%
*  7694   317      integral     0      946.0000      351.0000    21320   62.90%
*  7697   314      integral     0      944.0000      351.0000    21338   62.82%
*  7720   312      integral     0      941.0000      351.0000    21952   62.70%
   7734   302        cutoff            941.0000      351.0000    22094   62.70%         x_56_40 U   7734   6872    307
*  7737   303      integral     0      922.0000      351.0000    22198   61.93%
*  7759   303      integral     0      917.0000      351.0000    22393   61.72%
*  7766   302      integral     0      912.0000      351.0000    22430   61.51%
*  7787   311      integral     0      908.0000      351.0000    22590   61.34%
   7818   313        cutoff            908.0000      351.0000    22699   61.34%         x_49_41 D   7818   7817    321
*  7821   310      integral     0      906.0000      351.0000    22710   61.26%
*  7840   310      integral     0      900.0000      351.0000    22821   61.00%
*  7842   308      integral     0      898.0000      351.0000    22844   60.91%
*  7859   309      integral     0      896.0000      351.0000    22953   60.83%
*  7870   308      integral     0      892.0000      351.0000    22998   60.65%
*  7873   305      integral     0      874.0000      351.0000    23010   59.84%
*  7874   304      integral     0      856.0000      351.0000    23012   59.00%
*  7882   298      integral     0      854.0000      351.0000    23032   58.90%
*  7886   294      integral     0      852.0000      351.0000    23183   58.80%
   7901   295    infeasible            852.0000      351.0000    23481   58.80%         x_76_92 U   7901   7897    301
*  7960   270      integral     0      839.0000      351.0000    25127   58.16%
*  7974   261      integral     0      828.0000      351.0000    25455   57.61%
*  7984   257      integral     0      809.0000      351.0000    25752   56.61%
   7985   258      799.5000    22      809.0000      351.0000    25762   56.61%         x_25_33 N   7985   7983    262
*  7995   258      integral     0      805.0000      351.0000    25795   56.40%
*  8038   245      integral     0      802.0000      351.0000    26596   56.23%
*  8040+  245                          801.0000      351.0000            56.18%
*  8056   240      integral     0      790.0000      351.0000    27054   55.57%
   8056   240      790.0000     0      790.0000      351.0000    27054   55.57%         x_25_33 D   8056   8055    245
*  8094   240      integral     0      785.0000      351.0000    27620   55.29%
*  8119   227      integral     0      784.0000      351.0000    28103   55.23%
*  8133   217      integral     0      779.0000      351.0000    28602   54.94%
   8134   218      777.0000    55      779.0000      351.0000    28667   54.94%         x_35_81 N   8134   6786    221
*  8152   212      integral     0      771.0000      351.0000    28997   54.47%
*  8177   200      integral     0      769.0000      351.0000    29696   54.36%
*  8185   197      integral     0      764.0000      351.0000    30015   54.06%
*  8201   192      integral     0      759.0000      351.0000    30299   53.75%
   8217   195      750.5000    47      759.0000      351.0000    30542   53.75%          x_12_6 N   8217   8216    198
*  8259   197      integral     0      752.0000      351.0000    30802   53.32%
*  8275   181      integral     0      750.0000      351.0000    31167   53.20%
*  8280   182      integral     0      746.0000      351.0000    31313   52.95%
   8302   187      726.3750    63      746.0000      351.0000    31748   52.95%         x_70_44 N   8302   8301    189
*  8316   191      integral     0      745.0000      351.0000    31826   52.89%
*  8340   188      integral     0      738.0000      351.0000    31929   52.44%
*  8366   182      integral     0      737.0000      351.0000    32080   52.37%
*  8384   181      integral     0      736.0000      351.0000    32197   52.31%
*  8385   180      integral     0      732.0000      351.0000    32203   52.05%
   8389   180      723.4000    53      732.0000      351.0000    32237   52.05%         x_35_13 N   8389   8387    184
*  8408   181      integral     0      728.0000      351.0000    32319   51.79%
   8475   181      714.5455    67      728.0000      351.0000    32856   51.79%          x_5_17 N   8475   8474    183
Elapsed time = 56.32 sec. (133281.12 ticks, tree = 2.31 MB, solutions = 82)
   8564   187      723.5000    10      728.0000      351.0000    33269   51.79%         x_76_92 D   8564   8563    191
*  8616   173      integral     0      727.0000      351.0000    33570   51.72%
   8651   176      723.0000    41      727.0000      351.0000    33766   51.72%         x_12_92 N   8651   8650    180
*  8671   171      integral     0      719.0000      351.0000    34050   51.18%
*  8694   169      integral     0      718.0000      351.0000    34589   51.11%
   8748   163      707.5000    42      718.0000      351.0000    35185   51.11%         x_98_67 N   8748   8710    166
*  8818   164      integral     0      717.0000      351.0000    35483   51.05%
   8837   164      713.7222    52      717.0000      351.0000    35679   51.05%         x_82_90 U   8837   8836    168
*  8869   156      integral     0      713.0000      351.0000    36097   50.77%
*  8888   156      integral     0      704.0000      351.0000    36264   50.14%
*  8917   149      integral     0      703.0000      351.0000    37075   50.07%
*  8938   147      integral     0      700.0000      351.0000    37469   49.86%
   8940   144        cutoff            700.0000      351.0000    37472   49.86%          x_3_28 D   8940   8935    149
*  8993   145      integral     0      692.0000      351.0000    38064   49.28%
   9036   141      689.0000    50      692.0000      351.0000    38254   49.28%          x_28_1 N   9036   8960    144
*  9041   138      integral     0      681.0000      351.0000    38271   48.46%
*  9075   149      integral     0      680.0000      351.0000    38650   48.38%
*  9120+  144                          674.0000      351.0000            47.92%
   9120   146      671.5000    12      674.0000      351.0000    38871   47.92%         x_28_74 N   9120   9119    150
*  9150   137      integral     0      673.0000      351.0000    39032   47.85%
*  9196   155      integral     0      671.0000      351.0000    39357   47.69%
*  9197   153      integral     0      665.0000      351.0000    39361   47.22%
*  9204   146      integral     0      661.0000      351.0000    39410   46.90%
*  9205   145      integral     0      659.0000      351.0000    39416   46.74%
   9211   143      655.6667    18      659.0000      351.0000    39437   46.74%         x_23_68 N   9211   9209    147
*  9215   141      integral     0      657.0000      351.0000    39446   46.58%
*  9232   135      integral     0      656.0000      351.0000    39525   46.49%
   9285   137      642.4000    66      656.0000      351.0000    40688   46.49%         x_78_60 N   9285   9284    139
*  9290   139      integral     0      645.0000      351.0000    40708   45.58%
   9358   129      641.3333    27      645.0000      351.0000    41034   45.58%         x_98_67 N   9358   9357    132
Elapsed time = 65.17 sec. (171670.94 ticks, tree = 1.49 MB, solutions = 102)
*  9361   128      integral     0      644.0000      351.0000    41039   45.50%
*  9372   119      integral     0      636.0000      351.0000    41242   44.81%
*  9399   109      integral     0      628.0000      351.0000    42141   44.11%
*  9416   102      integral     0      627.0000      351.0000    43003   44.02%
*  9426    99      integral     0      625.0000      351.0000    43049   43.84%
   9431    98      613.2500    41      625.0000      351.0000    43334   43.84%         x_16_85 N   9431   9430    100
*  9472    94      integral     0      619.0000      351.0000    43715   43.30%
*  9483    92      integral     0      618.0000      351.0000    43848   43.20%
*  9519    95      integral     0      610.0000      351.0000    44108   42.46%
   9526    88        cutoff            610.0000      351.0000    44196   42.46%         x_39_78 U   9526   5790     92
   9609    89        cutoff            610.0000      351.0000    45084   42.46%         x_71_56 U   9609   9604     97
*  9647    92      integral     0      584.0000      351.0000    45499   39.90%
*  9692    86      integral     0      576.0000      351.0000    45815   39.06%
*  9702    85      integral     0      575.0000      351.0000    45922   38.96%
   9705    82        cutoff            575.0000      351.0000    45929   38.96%         x_71_56 U   9705   9697     87
*  9717    83      integral     0      573.0000      351.0000    46099   38.74%
*  9720    82      integral     0      572.0000      351.0000    46119   38.64%
   9787    78        cutoff            572.0000      351.0000    46648   38.64%          x_2_54 U   9787   9785     84
*  9867    85      integral     0      567.0000      351.0000    47357   38.10%
   9867    85      567.0000     0      567.0000      351.0000    47357   38.10%         x_10_51 D   9867   9866     91
*  9894    79      integral     0      564.0000      351.0000    47462   37.77%
*  9903    75      integral     0      562.0000      351.0000    47528   37.54%
*  9906    74      integral     0      561.0000      351.0000    47625   37.43%
*  9944    76      integral     0      559.0000      351.0000    47893   37.21%
*  9945    75      integral     0      558.0000      351.0000    47896   37.10%
*  9955    71      integral     0      556.0000      351.0000    48101   36.87%
   9960    72      548.0000    26      556.0000      351.0000    48360   36.87%         x_72_17 D   9960   9959     74
*  9973    70      integral     0      551.0000      351.0000    48438   36.30%
*  9989    68      integral     0      547.0000      351.0000    48523   35.83%
*  9998    70      integral     0      538.0000      351.0000    48792   34.76%
* 10027    57      integral     0      524.0000      351.0000    49582   33.02%
  10045    65        cutoff            524.0000      351.0000    49987   33.02%         x_23_21 D  10045  10044     67
* 10070    57      integral     0      523.0000      351.0000    50090   32.89%
* 10112    68      integral     0      521.0000      351.0000    50674   32.63%
  10121    59        cutoff            521.0000      351.0000    50716   32.63%          x_11_6 U  10121  10103     63
* 10172    52      integral     0      518.0000      351.0000    51088   32.24%
* 10180    51      integral     0      515.0000      351.0000    51169   31.84%
* 10189    47      integral     0      514.0000      351.0000    51311   31.71%
* 10194    46      integral     0      513.0000      351.0000    51398   31.58%
* 10200    44      integral     0      512.0000      351.0000    51678   31.45%
  10200    44      512.0000     0      512.0000      351.0000    51678   31.45%         x_31_93 U  10200  10199     46
Elapsed time = 76.34 sec. (209963.10 ticks, tree = 0.34 MB, solutions = 133)
* 10208    43      integral     0      510.0000      351.0000    51791   31.18%
* 10242    47      integral     0      508.0000      351.0000    52263   30.91%
* 10283    41      integral     0      507.0000      351.0000    52384   30.77%
  10292    46      503.7500    21      507.0000      351.0000    52431   30.77%         x_47_99 N  10292  10290     48
* 10328    49      integral     0      505.0000      351.0000    52688   30.50%
* 10337    40      integral     0      504.0000      351.0000    52740   30.36%
* 10338    39      integral     0      503.0000      351.0000    52743   30.22%
* 10344    41      integral     0      493.0000      351.0000    52839   28.80%
* 10353    38      integral     0      492.0000      351.0000    52894   28.66%
* 10361    37      integral     0      491.0000      351.0000    52933   28.51%
* 10377    46      integral     0      490.0000      351.0000    53133   28.37%
  10379    44        cutoff            490.0000      351.0000    53136   28.37%         x_14_21 U  10379  10372     48
* 10412    41      integral     0      488.0000      351.0000    53322   28.07%
* 10426    37      integral     0      485.0000      351.0000    53423   27.63%
* 10442    39      integral     0      482.0000      351.0000    53665   27.18%
  10476    40        cutoff            482.0000      351.0000    53932   27.18%         x_74_15 U  10476  10475     43
* 10478    40      integral     0      481.0000      351.0000    53939   27.03%
* 10483    35      integral     0      479.0000      351.0000    53954   26.72%
* 10487    36      integral     0      477.0000      351.0000    53983   26.42%
* 10489    35      integral     0      476.0000      351.0000    53987   26.26%
* 10504    32      integral     0      474.0000      351.0000    54396   25.95%
* 10554    28      integral     0      472.0000      351.0000    54903   25.64%
  10568    38    infeasible            472.0000      351.0000    55136   25.64%         x_30_90 D  10568  10567     40
* 10620+   34                          471.0000      351.0000            25.48%
* 10659    30      integral     0      465.0000      351.0000    56155   24.52%
  10678    24        cutoff            465.0000      351.0000    56732   24.52%         x_53_47 U  10678  10673     27
* 10718    36      integral     0      463.0000      351.0000    57231   24.19%
* 10735    30      integral     0      459.0000      351.0000    57363   23.53%
  10802    23        cutoff            459.0000      351.0000    57992   23.53%         x_76_92 D  10802  10794     27
* 10844    18      integral     0      454.0000      351.0000    58573   22.69%
* 10865    26      integral     0      453.0000      351.0000    58851   22.52%
* 10871    22      integral     0      451.0000      351.0000    58906   22.17%
* 10875    21      integral     0      449.0000      351.0000    58942   21.83%
* 10887    23      integral     0      445.0000      351.0000    59167   21.12%
  10906    25      442.4000    32      445.0000      351.0000    59304   21.12%          x_8_65 D  10906  10905     27
* 10979    19      integral     0      444.0000      351.0000    59954   20.95%
* 10982    19      integral     0      442.0000      351.0000    59970   20.59%
* 10986    15      integral     0      441.0000      351.0000    59991   20.41%         x_27_13 U  10986  10984     20
  11101    14        cutoff            441.0000      351.0000    61203   20.41%          x_3_28 D  11101  10987     17
* 11105    14      integral     0      435.0000      351.0000    61350   19.31%
* 11117    13      integral     0      433.0000      351.0000    61680   18.94%
  11200    12      428.1875   128      433.0000      351.0000    62959   18.94%         x_99_52 D  11200  11199     11
Elapsed time = 88.61 sec. (247413.99 ticks, tree = 0.12 MB, solutions = 166)
* 11226    14      integral     0      432.0000      351.0000    63140   18.75%
* 11240    15      integral     0      431.0000      351.0000    63220   18.56%
* 11283    10      integral     0      430.0000      351.0000    63625   18.37%
* 11286     8      integral     0      424.0000      351.0000    63755   17.22%
  11313    14      422.0000    27      424.0000      351.0000    64192   17.22%         x_28_33 U  11313  11312     13
* 11348     7      integral     0      421.0000      351.0000    64431   16.63%
* 11374     4      integral     0      420.0000      351.0000    65188   16.43%

User cuts applied:  2047

Root node processing (before b&c):
  Real time             =    0.27 sec. (197.06 ticks)
Sequential b&c:
  Real time             =   91.00 sec. (254993.82 ticks)
                          ------------
Total (root+branch&cut) =   91.27 sec. (255190.88 ticks)
