Version identifier: 22.1.1.0 | 2022-11-28 | 9160aff4d
CPXPARAM_Read_DataCheck                          1
CPXPARAM_MIP_Strategy_NodeSelect                 0
CPXPARAM_MIP_Strategy_HeuristicFreq              1
CPXPARAM_TimeLimit                               633
Tried aggregator 1 time.
MIP Presolve eliminated 191 rows and 1412 columns.
MIP Presolve modified 55341 coefficients.
Reduced MIP has 10302 rows, 14434 columns, and 80861 nonzeros.
Reduced MIP has 14335 binaries, 0 generals, 0 SOSs, and 0 indicators.
Presolve time = 0.06 sec. (86.69 ticks)
Found incumbent of value 4220.000000 after 0.14 sec. (188.71 ticks)
Probing time = 0.04 sec. (9.62 ticks)
Tried aggregator 1 time.
Detecting symmetries...
Reduced MIP has 10302 rows, 14434 columns, and 80861 nonzeros.
Reduced MIP has 14335 binaries, 0 generals, 0 SOSs, and 0 indicators.
Presolve time = 0.03 sec. (44.50 ticks)
Probing time = 0.04 sec. (9.51 ticks)
Clique table members: 11836.
MIP emphasis: balance optimality and feasibility.
MIP search method: dynamic search.
Parallel mode: deterministic, using up to 12 threads.
Root relaxation solution time = 0.06 sec. (94.96 ticks)

        Nodes                                         Cuts/
   Node  Left     Objective  IInf  Best Integer    Best Bound    ItCnt     Gap

*     0+    0                         4220.0000        0.0000           100.00%
      0     0      599.5606   194     4220.0000      599.5606     1386   85.79%
*     0+    0                         4192.0000      599.5606            85.70%
      0     0      630.6247   232     4192.0000     Cuts: 282     2114   84.96%
      0     0      643.7900   155     4192.0000     Cuts: 240     2398   84.64%
      0     0      646.5093   147     4192.0000     Cuts: 231     2650   84.58%
*     0+    0                         3348.0000      646.5093            80.69%
*     0+    0                         2622.0000      646.5093            75.34%
      0     0  -1.00000e+75     0     2622.0000      646.5093     2650   75.34%
      0     0      649.2454   187     2622.0000     Cuts: 198     2886   75.24%
      0     0      650.4293   184     2622.0000     Cuts: 327     3013   75.19%
Detecting symmetries...
      0     0      651.5067   151     2622.0000     Cuts: 111     3298   75.15%
      0     0      652.7000   177     2622.0000     Cuts: 163     3574   75.11%
      0     0      652.7000   193     2622.0000     Cuts: 493     3731   75.11%
      0     0      652.7000   159     2622.0000      Cuts: 10     3813   75.11%
      0     0      652.7000   160     2622.0000     Cuts: 527     3942   75.11%
Detecting symmetries...
      0     2      652.7000   148     2622.0000      652.7000     3942   75.11%
Elapsed time = 4.92 sec. (5090.54 ticks, tree = 0.02 MB, solutions = 4)
     14    10      655.5000   128     2622.0000      652.7000     4199   75.11%
     36    24      655.5000   124     2622.0000      652.7000     5238   75.11%
     56    16      655.2785   163     2622.0000      652.7000     4744   75.11%
    119    85      655.0242   160     2622.0000      652.7000     6130   75.11%
    685   547      655.0673   175     2622.0000      652.7000     8479   75.11%
   1070   954      653.6118   184     2622.0000      652.7000    11063   75.11%
   1679  1233      655.5460   179     2622.0000      652.7000    12542   75.11%
   1900  1832      656.3261   162     2622.0000      652.7000    16569   75.11%
*  1985+ 1851                         1340.0000      652.7000            51.29%
   2106  1944      655.5460   179     1340.0000      652.7000    17762   51.29%
*  3179+ 3003                         1145.0000      652.7000            43.00%
   3384  3077      662.1250   135     1145.0000      652.7000    32588   43.00%
Elapsed time = 11.19 sec. (8222.68 ticks, tree = 18.82 MB, solutions = 14)
   4934  4459      658.6006   204     1145.0000      652.7000    41962   43.00%
   6424  6068      665.2042   129     1145.0000      652.7000    55043   43.00%
   7574  7138      662.9075   168     1145.0000      652.7000    63550   43.00%

Performing restart 1

Repeating presolve.
Tried aggregator 1 time.
MIP Presolve modified 23122 coefficients.
Reduced MIP has 10302 rows, 14434 columns, and 74679 nonzeros.
Reduced MIP has 14335 binaries, 0 generals, 0 SOSs, and 0 indicators.
Presolve time = 0.04 sec. (57.42 ticks)
Tried aggregator 1 time.
Reduced MIP has 10302 rows, 14434 columns, and 74679 nonzeros.
Reduced MIP has 14335 binaries, 0 generals, 0 SOSs, and 0 indicators.
Presolve time = 0.03 sec. (46.96 ticks)
Represolve time = 0.35 sec. (281.63 ticks)
*  8723+    0                         1080.0000      652.7000            39.56%
   8723     0      654.1735   158     1080.0000     Cuts: 112    76664   39.43%
   8723     0      654.9595   180     1080.0000     Cuts: 145    76838   39.36%
   8723     0      655.3289   181     1080.0000     Cuts: 134    77084   39.32%
   8723     0      655.5849   191     1080.0000      Cuts: 93    77306   39.30%
   8723     0      655.6728   188     1080.0000     Cuts: 114    77497   39.29%
   8723     0      655.8630   192     1080.0000     Cuts: 104    77703   39.27%
   8723     0      655.8630   189     1080.0000     Cuts: 195    77873   39.27%
   8723     0      655.8678   174     1080.0000      Cuts: 86    77942   39.27%
   8723     0      655.8694   177     1080.0000      Cuts: 73    78057   39.27%
   8723     0      655.8694   178     1080.0000      Cuts: 37    78097   39.27%
   8723     0      655.8977   187     1080.0000      Cuts: 18    78201   39.27%
   8723     0      655.8977   187     1080.0000     Cuts: 120    78324   39.27%
   8723     0      655.8977   180     1080.0000       Cuts: 5    78339   39.27%
   8723     2      655.8977   175     1080.0000      655.8977    78339   39.27%
   8726     4      657.1429   124     1080.0000      656.0000    79414   39.26%
   8730     5      656.5714   157     1080.0000      656.0000    79277   39.26%
   8760    23      657.2941   100     1080.0000      656.2000    82657   39.24%
   8807    54      658.0011   121     1080.0000      656.3200    85803   39.23%
*  8834+   93                         1075.0000      656.3200            38.95%
*  8852+  104                         1010.0000      656.3200            35.02%
*  8855+  112                          945.0000      656.3200            30.55%
*  8865+  117                          880.0000      656.3200            25.42%
*  8872+  121                          815.0000      656.3200            19.47%
*  8883+  132                          750.0000      656.3200            12.49%
*  8888+  145                          685.0000      656.3200             4.19%
   8911   164      659.0000     4      685.0000      656.3200    92790    4.19%
   9285   197      662.6637    70      685.0000      656.3200    95203    4.19%
Elapsed time = 69.36 sec. (62670.80 ticks, tree = 6.71 MB, solutions = 23)
   9649   649      672.3880    63      685.0000      656.3200   106123    4.19%
  10148   907      671.3333    48      685.0000      656.3200   112804    4.19%
  10721  1562      673.9697    48      685.0000      656.3200   124898    4.19%
  11405  2246      660.2677    89      685.0000      656.3200   136411    4.19%
  12174  2623      661.5030    69      685.0000      656.3200   146199    4.19%
* 12752+ 3086                          676.0000      656.3200             2.91%
  12915  2757        cutoff            676.0000      656.3200   168610    2.91%
  13527  2727      663.7000    42      676.0000      656.3200   184357    2.91%
  14335  3133        cutoff            676.0000      656.3200   217834    2.91%
  15003  3245      662.0000     1      676.0000      656.3200   240488    2.91%
  15669  3575      662.3181    80      676.0000      656.3200   258898    2.91%
Elapsed time = 92.50 sec. (72224.31 ticks, tree = 276.93 MB, solutions = 24)
* 16054  3577      integral     0      667.0000      656.3200   261976    1.60%
  16393  3782      663.4215    58      667.0000      656.3200   272033    1.60%
  17128  2502    infeasible            667.0000      656.3200   294411    1.60%
  17847  2371        cutoff            667.0000      656.3200   337421    1.60%
  18307  2289      662.0000     1      667.0000      656.3200   359103    1.60%
  18791  2463        cutoff            667.0000      656.3200   370498    1.60%
  19292  2168      662.0000     1      667.0000      656.3200   418926    1.60%
  19791  2226        cutoff            667.0000      656.3200   447103    1.60%
  20187  2051      662.0000     1      667.0000      656.3200   466465    1.60%
  20590  1868        cutoff            667.0000      656.3200   483349    1.60%
  21019  1709        cutoff            667.0000      656.3200   495065    1.60%
Elapsed time = 111.80 sec. (81780.04 ticks, tree = 106.84 MB, solutions = 25)
  21360  1300        cutoff            667.0000      656.3200   530188    1.60%
  21557  1097      662.0000     3      667.0000      656.3200   553057    1.60%
  21698   993        cutoff            667.0000      656.3200   578403    1.60%
  21855  1013      664.0000    66      667.0000      656.3200   586457    1.60%
  21977  1091      662.0000     2      667.0000      656.3200   591630    1.60%
  22089  1243      662.0000     2      667.0000      656.3200   593480    1.60%
  22210  1321      662.0000     2      667.0000      656.3200   593789    1.60%
  22342  1376      662.0000     3      667.0000      656.3200   594410    1.60%
  22588  1594      662.0000     2      667.0000      656.3200   595685    1.60%
  23612  1683      665.0000     1      667.0000      656.3200   596486    1.60%
Elapsed time = 125.55 sec. (91395.86 ticks, tree = 100.60 MB, solutions = 25)
  24982  2582      665.0000     1      667.0000      656.3200   604071    1.60%
  26005  3119        cutoff            667.0000      656.3200   616598    1.60%
  26975  3410    infeasible            667.0000      656.3200   622821    1.60%
  28297  3667      665.0000     1      667.0000      656.3200   627354    1.60%
  29971  3411    infeasible            667.0000      656.3200   645546    1.60%
  31691  3025      665.0000     1      667.0000      656.3200   660863    1.60%
  33407  3009      665.0000    13      667.0000      656.3200   673751    1.60%
  34291  2842      665.0000     1      667.0000      656.3200   689560    1.60%
  34636  2832      665.0000     1      667.0000      656.3200   693966    1.60%
  36070  3012        cutoff            667.0000      656.3200   696452    1.60%
Elapsed time = 143.05 sec. (100942.15 ticks, tree = 197.92 MB, solutions = 25)
  37417  4024      665.0000     1      667.0000      656.3200   704562    1.60%
  38339  4131      665.0000     1      667.0000      656.3200   706748    1.60%
  39296  4981      665.0000     1      667.0000      656.3200   725242    1.60%
  40624  5164      665.0000     1      667.0000      656.3200   739636    1.60%
  42296  5250      665.0000     1      667.0000      656.3200   760754    1.60%
  43436  5302        cutoff            667.0000      656.3200   771028    1.60%
  44479  5192        cutoff            667.0000      656.3200   805253    1.60%
  45313  5217      665.0000     3      667.0000      656.3200   809106    1.60%
  45961  5150    infeasible            667.0000      656.3200   828290    1.60%
  46422  5157      665.0000     1      667.0000      656.3200   833622    1.60%
Elapsed time = 161.62 sec. (110490.57 ticks, tree = 412.26 MB, solutions = 25)
  47039  5170      665.0000     1      667.0000      656.3200   838080    1.60%
  47693  5196        cutoff            667.0000      656.3200   844233    1.60%
  48335  5161        cutoff            667.0000      656.3200   854193    1.60%
  48832  4931    infeasible            667.0000      656.3200   872078    1.60%
  49139  4889      665.0000     3      667.0000      656.3200   877785    1.60%
  49801  4938      665.0000     3      667.0000      656.3200   879668    1.60%
  50862  5115    infeasible            667.0000      656.3200   883381    1.60%
  52413  5293    infeasible            667.0000      656.3200   886114    1.60%
  53927  6073      665.0000     1      667.0000      656.3200   897734    1.60%
  55161  6097        cutoff            667.0000      656.3200   903868    1.60%
Elapsed time = 177.55 sec. (120036.16 ticks, tree = 450.68 MB, solutions = 25)
  55812  6338      662.0000     3      667.0000      656.3200   912274    1.60%

Performing restart 2

Repeating presolve.
Tried aggregator 1 time.
MIP Presolve eliminated 1802 rows and 9192 columns.
MIP Presolve modified 9628 coefficients.
Reduced MIP has 8500 rows, 5242 columns, and 51342 nonzeros.
Reduced MIP has 5143 binaries, 0 generals, 0 SOSs, and 0 indicators.
Presolve time = 0.04 sec. (53.97 ticks)
Tried aggregator 1 time.
MIP Presolve eliminated 2056 rows and 0 columns.
MIP Presolve modified 6412 coefficients.
Reduced MIP has 6444 rows, 5242 columns, and 41181 nonzeros.
Reduced MIP has 5143 binaries, 0 generals, 0 SOSs, and 0 indicators.
Presolve time = 0.03 sec. (47.31 ticks)
Represolve time = 0.41 sec. (524.89 ticks)
  55853     0      655.9553   170      667.0000     Cuts: 297   936355    1.60%
  55853     0      656.0458   207      667.0000     Cuts: 227   936751    1.60%
  55853     0      656.0460   217      667.0000     Cuts: 158   936902    1.60%
  55853     0      656.0513   207      667.0000      Cuts: 50   937155    1.60%
  55853     0      656.0513   226      667.0000     Cuts: 134   937282    1.60%
  55853     0      656.0794   177      667.0000      Cuts: 57   937475    1.60%
  55853     0      656.0794   185      667.0000     Cuts: 210   937637    1.60%
  55853     0      656.0794   194      667.0000      Cuts: 61   937879    1.60%
  55853     0      656.0794   177      667.0000      Cuts: 49   938004    1.60%
  55853     0      656.0794   183      667.0000      Cuts: 81   938158    1.60%
  55853     0      656.0794   171      667.0000      Cuts: 28   938264    1.60%
  55853     0      656.0794   178      667.0000     Cuts: 411   938428    1.60%
  55853     2      656.0794   162      667.0000      656.3200   938428    1.60%
  55871    15      659.5278   118      667.0000      656.3200   940707    1.60%
  55915    43      659.0204    93      667.0000      656.3200   945237    1.60%
  55976   108      661.6667    72      667.0000      656.3200   957424    1.60%
  56069   146      661.0191   140      667.0000      656.3200   960750    1.60%
  56274   273      662.2111   131      667.0000      656.3200   964364    1.60%
  56577   535      657.0160   126      667.0000      656.3200   971850    1.60%
  56994   792      665.4021    40      667.0000      656.3200   982103    1.60%
  57501   865      662.0000    82      667.0000      656.3200   988795    1.60%
Elapsed time = 206.92 sec. (143183.43 ticks, tree = 29.30 MB, solutions = 25)
  58114  1190      661.0000     2      667.0000      656.3200  1017726    1.60%
  58711  1435      661.0000     2      667.0000      656.3200  1039549    1.60%
  59116  1670      661.0000     3      667.0000      656.3200  1071482    1.60%
  59533  1991      659.3485    93      667.0000      656.3200  1083947    1.60%
  60026  2081        cutoff            667.0000      656.3200  1092178    1.60%
  61101  2459        cutoff            667.0000      656.3200  1116947    1.60%
  62592  2698        cutoff            667.0000      656.3200  1143879    1.60%
  64283  2803        cutoff            667.0000      656.3200  1179319    1.60%
  65205  2484    infeasible            667.0000      656.3200  1224522    1.60%
  66486  1958      661.5106    71      667.0000      656.3200  1293585    1.60%
Elapsed time = 226.63 sec. (155590.56 ticks, tree = 78.49 MB, solutions = 25)
  70260  3301      666.0000     2      667.0000      656.3200  1337296    1.60%
  75856  4477      666.0000     5      667.0000      656.3200  1382172    1.60%
  79641  4471      666.0000     2      667.0000      656.3200  1432710    1.60%
  83286  4382      666.0000     1      667.0000      656.3200  1482882    1.60%
  88421  4572      666.0000     1      667.0000      656.3200  1542717    1.60%
  93737  4401    infeasible            667.0000      656.3200  1631817    1.60%
  99256  4261      666.0000     9      667.0000      656.3200  1696072    1.60%
 104554  4255      666.0000     3      667.0000      656.3200  1768362    1.60%
 109309  4211      666.0000     2      667.0000      656.3200  1838566    1.60%
 114182  4117      666.0000    10      667.0000      656.3200  1933180    1.60%
Elapsed time = 279.49 sec. (193750.06 ticks, tree = 148.37 MB, solutions = 25)
*118558+ 4030                          666.0000      656.3200             1.45%
 119020  2695      664.0000     1      666.0000      656.3200  2000673    1.45%
 123214  2209      665.0000     3      666.0000      656.3200  2092606    1.45%
 129084  2680      665.0000     2      666.0000      656.3200  2131889    1.45%
 133801  2956      665.0000    16      666.0000      656.3200  2202456    1.45%
 141189  2929      665.0000     1      666.0000      656.3200  2269443    1.45%
 147366  2879    infeasible            666.0000      656.3200  2306666    1.45%
 152429  2656        cutoff            666.0000      656.3200  2384508    1.45%
 158400  2713      665.0000     1      666.0000      656.3200  2447462    1.45%
 165049  2678      665.0000    12      666.0000      656.3200  2515888    1.45%
 171484  2666        cutoff            666.0000      656.3200  2582218    1.45%
Elapsed time = 333.77 sec. (231905.86 ticks, tree = 56.23 MB, solutions = 26)
 177813  2646      665.0000     2      666.0000      656.3200  2627823    1.45%
 183075  2940        cutoff            666.0000      656.3200  2681175    1.45%
 188155  3026        cutoff            666.0000      656.3200  2744448    1.45%
 195366  2949        cutoff            666.0000      656.3200  2793369    1.45%
 200633  2847      665.0000     1      666.0000      656.3200  2863391    1.45%
 205928  2697      665.0000     1      666.0000      656.3200  2937948    1.45%
 211938  2706        cutoff            666.0000      656.3200  3000114    1.45%
 218465  2663        cutoff            666.0000      656.3200  3060284    1.45%
 225224  2640        cutoff            666.0000      656.3200  3122637    1.45%
 230712  2744        cutoff            666.0000      656.3200  3161815    1.45%
Elapsed time = 387.42 sec. (270062.11 ticks, tree = 56.34 MB, solutions = 26)
 235455  2808        cutoff            666.0000      656.3200  3238839    1.45%
 242770  2808        cutoff            666.0000      656.3200  3318473    1.45%
 247812  2818      665.0000     2      666.0000      656.3200  3352746    1.45%
 252573  2746        cutoff            666.0000      656.3200  3416335    1.45%
 258591  2552        cutoff            666.0000      656.3200  3481435    1.45%
 265481  2632      665.0000    12      666.0000      656.3200  3557004    1.45%
 271789  2663      665.0000     9      666.0000      656.3200  3591513    1.45%
 276056  2618      665.0000     3      666.0000      656.3200  3660269    1.45%
 282261  2584        cutoff            666.0000      656.3200  3722607    1.45%
 289087  2675      665.0000     2      666.0000      656.3200  3783259    1.45%
Elapsed time = 442.20 sec. (308218.61 ticks, tree = 56.58 MB, solutions = 26)
 294875  2694        cutoff            666.0000      656.3200  3840960    1.45%
 299978  2714      665.0000     3      666.0000      656.3200  3918580    1.45%
 307261  2622      665.0000     8      666.0000      656.3200  3997887    1.45%
 313203  2576        cutoff            666.0000      656.3200  4058241    1.45%
 319118  2503      665.0000     1      666.0000      656.3200  4105020    1.45%
 323732  2512      665.0000     2      666.0000      656.3200  4178494    1.45%
 330666  2556        cutoff            666.0000      656.3200  4255872    1.45%
 337791  2665      665.0000     3      666.0000      656.3200  4297081    1.45%
 342183  2794        cutoff            666.0000      656.3200  4356582    1.45%
 348222  2670      665.0000    11      666.0000      656.3200  4435360    1.45%
Elapsed time = 496.48 sec. (346371.84 ticks, tree = 56.16 MB, solutions = 26)
 355868  2714        cutoff            666.0000      656.3200  4479145    1.45%
 361065  2915        cutoff            666.0000      656.3200  4537769    1.45%
 366630  2781        cutoff            666.0000      656.3200  4621058    1.45%
 373872  2739        cutoff            666.0000      656.3200  4663252    1.45%
 380108  2479      665.0000     1      666.0000      656.3200  4741887    1.45%
 385739  2509      665.0000     2      666.0000      656.3200  4811343    1.45%
 392519  2731      665.0000     7      666.0000      656.3200  4884144    1.45%
 400238  2617        cutoff            666.0000      656.3200  4940367    1.45%
 406730  2665      665.0000     8      666.0000      656.3200  4983424    1.45%
 413308  2423        cutoff            666.0000      656.3200  5054233    1.45%
Elapsed time = 553.10 sec. (384524.85 ticks, tree = 55.79 MB, solutions = 26)
 418731  2628        cutoff            666.0000      656.3200  5132291    1.45%
 426078  2538      665.0000     9      666.0000      656.3200  5182939    1.45%
 430614  2666      665.0000     4      666.0000      656.3200  5239741    1.45%
 436998  2548        cutoff            666.0000      656.3200  5313918    1.45%
 443201  2411      665.0000    13      666.0000      656.3200  5368766    1.45%
 447922  2482    infeasible            666.0000      656.3200  5416305    1.45%
 451129  2550      665.0000     1      666.0000      656.3200  5460188    1.45%
 454961  2467      665.0000     2      666.0000      656.3200  5500002    1.45%
 460273  2414        cutoff            666.0000      656.3200  5523628    1.45%
 463746  2588      665.0000     3      666.0000      656.3200  5584289    1.45%
Elapsed time = 606.77 sec. (422680.21 ticks, tree = 56.19 MB, solutions = 26)
 471849  2919      665.0000     2      666.0000      656.3200  5652865    1.45%
 477718  3121        cutoff            666.0000      656.3200  5715730    1.45%
 483053  2958      665.0000     2      666.0000      656.3200  5782986    1.45%
 490663  2741      665.0000     2      666.0000      656.3200  5849173    1.45%

GUB cover cuts applied:  3
Clique cuts applied:  38
Cover cuts applied:  183
Implied bound cuts applied:  2
Flow cuts applied:  2
Mixed integer rounding cuts applied:  138
Zero-half cuts applied:  23
Lift and project cuts applied:  13
Gomory fractional cuts applied:  30

Root node processing (before b&c):
  Real time             =    4.84 sec. (5040.20 ticks)
Parallel b&c, 12 threads:
  Real time             =  628.18 sec. (435826.84 ticks)
  Sync time (average)   =   72.29 sec.
  Wait time (average)   =    0.10 sec.
                          ------------
Total (root+branch&cut) =  633.01 sec. (440867.04 ticks)
