Version identifier: 22.1.1.0 | 2022-11-28 | 9160aff4d
CPXPARAM_Read_DataCheck                          1
CPXPARAM_MIP_Strategy_NodeSelect                 0
CPXPARAM_MIP_Strategy_HeuristicFreq              1
CPXPARAM_TimeLimit                               633
Tried aggregator 1 time.
MIP Presolve eliminated 201 rows and 1417 columns.
MIP Presolve modified 55329 coefficients.
Reduced MIP has 10296 rows, 14429 columns, and 76596 nonzeros.
Reduced MIP has 14330 binaries, 0 generals, 0 SOSs, and 0 indicators.
Presolve time = 0.06 sec. (82.84 ticks)
Probing fixed 1 vars, tightened 0 bounds.
Probing time = 0.07 sec. (17.52 ticks)
Tried aggregator 1 time.
Detecting symmetries...
MIP Presolve eliminated 1 rows and 1 columns.
Reduced MIP has 10295 rows, 14428 columns, and 76591 nonzeros.
Reduced MIP has 14329 binaries, 0 generals, 0 SOSs, and 0 indicators.
Presolve time = 0.03 sec. (42.82 ticks)
Probing time = 0.04 sec. (9.33 ticks)
Clique table members: 11835.
MIP emphasis: balance optimality and feasibility.
MIP search method: dynamic search.
Parallel mode: deterministic, using up to 12 threads.
Root relaxation solution time = 0.19 sec. (216.42 ticks)

        Nodes                                         Cuts/
   Node  Left     Objective  IInf  Best Integer    Best Bound    ItCnt     Gap

      0     0      351.1732   172                    351.1732     2181         
      0     0      415.8571   137                   Cuts: 307     2819         
      0     0      417.0505   148                   Cuts: 586     3158         
      0     0      417.4286   131                   Cuts: 108     3809         
      0     0      417.9583   158                  Cuts: 1017     4030         
      0     0      417.9583   157                   Cuts: 512     4119         
Detecting symmetries...
      0     0      417.9583   147                     Cuts: 5     4135         
      0     0      417.9583   157                   Cuts: 199     4273         
*     0+    0                         9488.0000      417.9583            95.59%
Detecting symmetries...
      0     2      417.9583   147     9488.0000      417.9583     4273   95.59%
Elapsed time = 5.76 sec. (5036.58 ticks, tree = 0.02 MB, solutions = 1)
      2     3      419.0000    75     9488.0000      417.9688     4520   95.59%
      4     6      418.7169   135     9488.0000      418.2500     5338   95.59%
     10     7      418.7308   141     9488.0000      418.2500     5368   95.59%
     29    26      420.1514   173     9488.0000      418.5556     8194   95.59%
     65    44      422.1179   139     9488.0000      418.5556    11050   95.59%
    130    76      421.1166   113     9488.0000      418.5556    13143   95.59%
    231   139      423.1490    76     9488.0000      418.5556    17328   95.59%
    327   249      424.4414   113     9488.0000      418.5556    22323   95.59%
    360   340      424.6494    86     9488.0000      418.5556    26388   95.59%
    593   433      466.5461    32     9488.0000      418.5556    33166   95.59%
Elapsed time = 12.20 sec. (8336.50 ticks, tree = 4.92 MB, solutions = 1)
   1044   974      450.3644   122     9488.0000      418.5556    48773   95.59%
   1660  1213      485.1959    38     9488.0000      418.5556    52007   95.59%
*  2501  2041      integral     0      898.0000      418.5556    64350   53.39%
   2917  2570      582.2976    62      898.0000      418.5556    74883   53.39%
   3908  3397      753.7475    18      898.0000      418.5556    91654   53.39%

Performing restart 1

Repeating presolve.
Tried aggregator 1 time.
MIP Presolve modified 23122 coefficients.
Reduced MIP has 10295 rows, 14428 columns, and 70409 nonzeros.
Reduced MIP has 14329 binaries, 0 generals, 0 SOSs, and 0 indicators.
Presolve time = 0.03 sec. (54.55 ticks)
Tried aggregator 1 time.
Reduced MIP has 10295 rows, 14428 columns, and 70409 nonzeros.
Reduced MIP has 14329 binaries, 0 generals, 0 SOSs, and 0 indicators.
Presolve time = 0.03 sec. (44.66 ticks)
Represolve time = 0.35 sec. (266.83 ticks)
   4032     0      418.4630   162      898.0000     Cuts: 122    98894   53.39%
*  4032+    0                          896.0000      418.5556            53.29%
   4032     0      418.6000   156      896.0000      Cuts: 98    98975   53.28%
   4032     0      419.0000   151      896.0000      Cuts: 79    99118   53.24%
   4032     0      419.0000   155      896.0000      Cuts: 97    99511   53.24%
   4032     0      419.0000   151      896.0000      Cuts: 86    99619   53.24%
*  4032+    0                          891.0000      419.0000            52.97%
   4032     0      419.0000   148      891.0000      Cuts: 83    99706   52.97%
   4032     0      419.0000   142      891.0000      Cuts: 34    99768   52.97%
   4032     2      419.0000   142      891.0000      419.0000    99768   52.97%
   4035     5      419.2785   106      891.0000      419.2785   100030   52.94%
   4042     6      419.5000   103      891.0000      419.2785   100124   52.94%
   4060    20      421.0729   111      891.0000      419.5000   105879   52.92%
   4100    34      423.0305   128      891.0000      419.5571   108673   52.91%
   4158    99      420.0471    98      891.0000      419.5571   114608   52.91%
Elapsed time = 60.16 sec. (52205.89 ticks, tree = 0.27 MB, solutions = 4)
   4383   189      427.1859   146      891.0000      419.5571   118388   52.91%
   4499   425      426.1717   107      891.0000      419.5571   123694   52.91%
   4944   585      425.2049   121      891.0000      419.5571   125265   52.91%
   5650  1213      426.3608   153      891.0000      419.5571   130664   52.91%
   6223  1536      423.4929   106      891.0000      419.5571   132230   52.91%
*  6712+ 1925                          715.0000      419.5571            41.32%
   6856  2420      423.6016    99      715.0000      419.5571   136837   41.32%
   7539  3171      424.7499   149      715.0000      419.5571   140739   41.32%
   8360  3807      427.2113    80      715.0000      419.5571   143655   41.32%
   8943  4525      425.0658   121      715.0000      419.5571   147770   41.32%
   9500  5093      425.1826    60      715.0000      419.5571   151084   41.32%
Elapsed time = 85.12 sec. (61769.04 ticks, tree = 31.65 MB, solutions = 5)
  10325  5576      426.8947    78      715.0000      419.5571   153814   41.32%
  11018  6820      437.0504   103      715.0000      419.5571   162203   41.32%
  11796  7567      438.3264    97      715.0000      419.5571   165819   41.32%
  12819  8057      434.0485    90      715.0000      419.5571   167631   41.32%
  13597  9308      434.2588   108      715.0000      419.5571   173589   41.32%
  14658  9920      440.0465   105      715.0000      419.5571   175439   41.32%
* 14868+10278                          629.0000      419.5571            33.30%
* 15474+10773                          604.0000      419.5571            30.54%
  15581 10907      426.4647   112      604.0000      419.5571   179180   30.54%
  16426 11164      425.3106   134      604.0000      419.5571   182394   30.54%
* 17122+11701                          560.0000      419.5571            25.08%
  17179 11849      437.4807    44      560.0000      419.5571   187141   25.08%
  18197 12002      437.0164    88      560.0000      419.5571   193792   25.08%
Elapsed time = 112.08 sec. (71312.28 ticks, tree = 76.81 MB, solutions = 8)
  19244 13082      440.8921    80      560.0000      419.5571   197835   25.08%
  19924 13975      445.3879   109      560.0000      419.5571   201840   25.08%
  21166 14754      428.7767    91      560.0000      419.5571   204803   25.08%
  22125 16252      429.0025    96      560.0000      419.5571   212381   25.08%
  23238 16770      465.8485    59      560.0000      419.5571   215953   25.08%
  24305 17852      429.4185    99      560.0000      419.5571   222027   25.08%
  25159 19106      440.0575    55      560.0000      419.5571   227267   25.08%
  26257 20052      447.9690    80      560.0000      419.5571   231663   25.08%
  26948 20460      441.9907    56      560.0000      419.5571   235945   25.08%
  27256 21176      539.8227    34      560.0000      419.5571   246275   25.08%
Elapsed time = 136.76 sec. (80864.42 ticks, tree = 137.37 MB, solutions = 8)
* 27642+20233                          517.0000      419.5571            18.85%
  27664 21547      466.6472    65      517.0000      419.5571   250680   18.85%
  28489 20614      466.9196    67      517.0000      419.5571   254595   18.85%
  29113 20959      441.1766    66      517.0000      419.5571   257786   18.85%
  29864 21447      492.1464    62      517.0000      419.5571   269485   18.85%
  30499 22250      492.5703    75      517.0000      419.5571   271307   18.85%
  31186 23009      457.2727    30      517.0000      419.5571   281667   18.85%
  31671 23272      431.6394    65      517.0000      419.5571   298775   18.85%
  31983 23403        cutoff            517.0000      419.5571   329940   18.85%
  32317 23492      480.5253    71      517.0000      419.5571   346361   18.85%
  32678 23613      458.9277    42      517.0000      419.5571   360611   18.85%
Elapsed time = 154.94 sec. (90419.61 ticks, tree = 152.87 MB, solutions = 10)
  33319 23639      489.0914    38      517.0000      419.5571   373111   18.85%
  33755 23903      477.0347    38      517.0000      419.5571   404984   18.85%
  34243 23865      490.9986    33      517.0000      419.5571   418778   18.85%
  34681 24036        cutoff            517.0000      419.5571   443287   18.85%
  35151 24132      488.5493    55      517.0000      419.5571   457460   18.85%
  35945 24367        cutoff            517.0000      419.5571   465344   18.85%
  36855 24478      469.8243    75      517.0000      419.5571   472591   18.85%
  38375 24725      476.8455    48      517.0000      419.5571   479893   18.85%
  39380 25401    infeasible            517.0000      419.5571   489436   18.85%
  39957 25870        cutoff            517.0000      419.5571   496319   18.85%
Elapsed time = 176.16 sec. (99977.36 ticks, tree = 287.98 MB, solutions = 10)
  40758 26312      458.2923    60      517.0000      419.5571   513713   18.85%
* 41421+26356                          480.0000      419.5571            12.59%
  41618 26339    infeasible            480.0000      419.5571   524175   12.59%
  42141 26386        cutoff            480.0000      419.5571   545321   12.59%
* 42213+26390                          478.0000      419.5571            12.23%
  42513 26281      496.9297    47      478.0000      419.5571   554041   12.23%
* 42812+26390                          464.0000      419.5571             9.58%
  42889 26150        cutoff            464.0000      419.5571   559192    9.58%
  43260 26061    infeasible            464.0000      419.5571   568073    9.58%
  43667 25862        cutoff            464.0000      419.5571   583234    9.58%
  44062 25954      484.1096    39      464.0000      419.5571   583044    9.58%
  44362 25803      466.6851    37      464.0000      419.5571   594251    9.58%
  44866 25689        cutoff            464.0000      419.5571   601085    9.58%
Elapsed time = 195.66 sec. (109537.57 ticks, tree = 296.86 MB, solutions = 10)
  45164 25703    infeasible            464.0000      419.5571   613402    9.58%
  45541 25596        cutoff            464.0000      419.5571   620249    9.58%
  45940 25690      484.9685    24      464.0000      419.5571   621551    9.58%
  46506 25526        cutoff            464.0000      419.5571   626491    9.58%
  47140 25357      461.8817    45      464.0000      419.5571   635361    9.58%
  47747 25591      462.9968    39      464.0000      419.5571   646509    9.58%
  48478 25527      475.3606    42      464.0000      419.5571   654540    9.58%
  49285 25356        cutoff            464.0000      419.5571   661716    9.58%
  49831 25278      487.4660    73      464.0000      419.5571   665280    9.58%
  50293 25375      492.7234    55      464.0000      419.5571   678339    9.58%
Elapsed time = 215.92 sec. (119083.78 ticks, tree = 275.40 MB, solutions = 10)
  50924 25250      513.0963    32      464.0000      419.5571   670572    9.58%
  51307 25224      485.6186    19      464.0000      419.5571   707092    9.58%
  51872 25306      488.6108    53      464.0000      419.5571   713736    9.58%
  52381 25180        cutoff            464.0000      419.5571   725325    9.58%
  53001 25176    infeasible            464.0000      419.5571   723272    9.58%
  53766 25194      474.5007    61      464.0000      419.5571   752037    9.58%
  54491 25007        cutoff            464.0000      419.5571   757077    9.58%
  55156 25260      459.8066    38      464.0000      419.5571   756913    9.58%
  55850 25372        cutoff            464.0000      419.5571   776148    9.58%
  58680 25050        cutoff            464.0000      419.5571   811339    9.58%
Elapsed time = 239.30 sec. (131501.34 ticks, tree = 250.14 MB, solutions = 10)
  62137 24881    infeasible            464.0000      419.5571   834931    9.58%
  64879 24781    infeasible            464.0000      419.5571   876669    9.58%
  67436 24891      494.4859    90      464.0000      419.5571   921784    9.58%
  69255 18122        cutoff            464.0000      419.5571   973429    9.58%
  70693 16745      465.0193    50      464.0000      419.5571  1070359    9.58%
  73939 14611        cutoff            464.0000      419.5571  1132441    9.58%
  78031 13866        cutoff            464.0000      419.5571  1183795    9.58%
  82362 13533        cutoff            464.0000      419.5571  1200322    9.58%
  85289 13054    infeasible            464.0000      419.5571  1227473    9.58%
  89956 12710      444.0610    38      464.0000      419.5571  1256127    9.58%
Elapsed time = 310.48 sec. (169662.14 ticks, tree = 78.47 MB, solutions = 22)
  92133 12478        cutoff            464.0000      419.5571  1307374    9.58%
  93041 12237        cutoff            464.0000      419.5571  1330635    9.58%
  94310 12374      444.0880    93      464.0000      419.5571  1356185    9.58%
  95404 12277        cutoff            464.0000      419.5571  1427446    9.58%
  96161 12042      442.0649   108      464.0000      419.5571  1468988    9.58%
  96875 11804        cutoff            464.0000      419.5571  1552719    9.58%
  97697 11848      444.8140   109      464.0000      419.5571  1584915    9.58%
  99805 12132      449.6532    69      464.0000      419.5571  1635137    9.58%
 104129 12534    infeasible            464.0000      419.5571  1651400    9.58%
 106636 13120      459.2235    64      464.0000      419.5571  1740494    9.58%
Elapsed time = 390.69 sec. (207829.81 ticks, tree = 132.36 MB, solutions = 26)
 109907 11962        cutoff            464.0000      419.5571  1790898    9.58%
 112821 11665        cutoff            464.0000      419.5571  1833465    9.58%
 117160 11442    infeasible            464.0000      419.5571  1854341    9.58%
 119839 12024      454.2761    85      464.0000      419.5571  1900242    9.58%
*120579 11796      integral     0      461.0000      419.5571  1928591    8.99%
 121116 11328        cutoff            461.0000      419.5571  1949002    8.99%
 122274 11222      449.8883    34      461.0000      419.5571  1961813    8.99%
*125043+10909                          454.0000      419.5571             7.59%
 125336 10881    infeasible            454.0000      419.5571  1990864    7.59%
 127429 10334        cutoff            454.0000      419.5571  2027885    7.59%
 129881 10021        cutoff            454.0000      419.5571  2080071    7.59%
 132480  9971        cutoff            454.0000      419.5571  2136553    7.59%
Elapsed time = 475.74 sec. (245987.21 ticks, tree = 61.69 MB, solutions = 28)
 133854  9620      442.9875    47      454.0000      419.5571  2155074    7.59%
 135611  9641        cutoff            454.0000      419.5571  2189970    7.59%
 138129  9801        cutoff            454.0000      419.5571  2290983    7.59%
 139647  9137        cutoff            454.0000      419.5571  2367955    7.59%
 140329  9035      441.1411    45      454.0000      419.5571  2382126    7.59%
 141383  9069      437.0480    40      454.0000      419.5571  2408640    7.59%
 145968  9994        cutoff            454.0000      419.5571  2456239    7.59%
 151427  9351      445.1039    42      454.0000      419.5571  2541658    7.59%
 156264  8849    infeasible            454.0000      419.5571  2629787    7.59%
 160302  8928      438.4159    78      454.0000      419.5571  2646951    7.59%
Elapsed time = 567.25 sec. (284146.47 ticks, tree = 50.43 MB, solutions = 28)
 162709  8626        cutoff            454.0000      419.5571  2774065    7.59%
 165493  8646        cutoff            454.0000      419.5571  2805154    7.59%
 168008  8900        cutoff            454.0000      419.5571  2872086    7.59%
 170501  8465        cutoff            454.0000      419.5571  2913976    7.59%
*171442+ 8518                          452.0000      419.5571             7.18%
 172201  8331    infeasible            452.0000      419.5571  2938268    7.18%
*172672+ 8428                          450.0000      419.5571             6.77%
*173201+ 8425                          446.0000      419.5571             5.93%
 173488  8482        cutoff            446.0000      419.5571  2948076    5.93%
 175241  8085      436.0745    87      446.0000      419.5571  2970224    5.93%
 176994  7669        cutoff            446.0000      419.5571  3036899    5.93%
*177180+ 7970                          445.0000      419.5571             5.72%
 178089  6900        cutoff            445.0000      419.5571  3111604    5.72%
*179113+ 6986                          443.0000      419.5571             5.29%

Clique cuts applied:  20
Cover cuts applied:  21
Implied bound cuts applied:  4
Mixed integer rounding cuts applied:  86
Zero-half cuts applied:  11
Lift and project cuts applied:  12
Gomory fractional cuts applied:  8

Root node processing (before b&c):
  Real time             =    5.68 sec. (4975.96 ticks)
Parallel b&c, 12 threads:
  Real time             =  627.35 sec. (317145.62 ticks)
  Sync time (average)   =  149.19 sec.
  Wait time (average)   =    0.05 sec.
                          ------------
Total (root+branch&cut) =  633.03 sec. (322121.58 ticks)
