Version identifier: 22.1.1.0 | 2022-11-28 | 9160aff4d
CPXPARAM_Read_DataCheck                          1
CPXPARAM_MIP_Strategy_NodeSelect                 0
CPXPARAM_TimeLimit                               388
Legacy callback                                  LD
Warning: Control callbacks may disable some MIP features.
Lazy constraint(s) or lazy constraint/branch callback is present.
    Disabling dual reductions (CPX_PARAM_REDUCE) in presolve.
    Disabling presolve reductions that prevent crushing forms (CPX_PARAM_PREREFORM).
         Disabling repeat represolve because of lazy constraint/incumbent callback.
Tried aggregator 1 time.
Reduced MIP has 150 rows, 5550 columns, and 11100 nonzeros.
Reduced MIP has 5550 binaries, 0 generals, 0 SOSs, and 0 indicators.
Presolve time = 0.00 sec. (3.52 ticks)
Probing time = 0.00 sec. (3.86 ticks)
Clique table members: 150.
MIP emphasis: balance optimality and feasibility.
MIP search method: traditional branch-and-cut.
Parallel mode: none, using 1 thread.
Root relaxation solution time = 0.00 sec. (3.28 ticks)

        Nodes                                         Cuts/
   Node  Left     Objective  IInf  Best Integer    Best Bound    ItCnt     Gap         Variable B NodeID Parent  Depth

      0     0      823.0000    20                    823.0000       85         
      0     2      825.2857    57                    825.3333       85                                 0             0
Elapsed time = 0.36 sec. (228.75 ticks, tree = 0.01 MB, solutions = 0)
     20    22      871.5000    26                    826.0000      198                  x_56_68 D     20     19     20
     40    42      953.5000    28                    826.0000      290                  x_57_48 D     40     39     40
     51    53     1053.0500    38                    826.0000      330                  x_51_39 D     51     50     51
     72    74     1266.5000    22                    826.0000      441                  x_59_64 D     72     71     72
     83    85     1390.0000    37                    826.0000      506                   x_51_2 D     83     82     83
    100   102     1604.0000     0                    826.0000      564                  x_23_34 U    100     99    100
    195    57     1082.6667    18                    826.0000      671                  x_33_29 U    195    194     56
    223    85     1280.5000    14                    826.0000      826                  x_57_22 D    223    222     84
    240   102     1512.5000    10                    826.0000      924                  x_23_34 U    240    239    101
*   303   133      integral     0     1917.0000      826.0000     1116   56.91%
*   305   130      integral     0     1865.0000      826.0000     1117   55.71%
*   322   117      integral     0     1851.0000      826.0000     1233   55.38%
*   326   113      integral     0     1848.0000      826.0000     1302   55.30%
*   332   110      integral     0     1805.0000      826.0000     1370   54.24%
*   336   108      integral     0     1779.0000      826.0000     1443   53.57%
    336   108     1779.0000     0     1779.0000      826.0000     1443   53.57%         x_27_25 D    336    248    110
Elapsed time = 3.36 sec. (3504.17 ticks, tree = 0.53 MB, solutions = 6)
*   350   108      integral     0     1768.0000      826.0000     1569   53.28%
*   365   106      integral     0     1750.0000      826.0000     1665   52.80%
*   375   103      integral     0     1696.0000      826.0000     1786   51.30%
*   378   101      integral     0     1695.0000      826.0000     1792   51.27%
*   382   101      integral     0     1679.0000      826.0000     1889   50.80%
*   408   105      integral     0     1678.0000      826.0000     2053   50.77%
*   419   104      integral     0     1674.0000      826.0000     2088   50.66%
*   426   103      integral     0     1672.0000      826.0000     2102   50.60%
*   434   102      integral     0     1654.0000      826.0000     2140   50.06%
*   437   100      integral     0     1649.0000      826.0000     2146   49.91%
    462    99        cutoff           1649.0000      826.0000     2282   49.91%         x_27_25 U    462    461    103
*   470    99      integral     0     1646.0000      826.0000     2313   49.82%
*   526    95      integral     0     1621.0000      826.0000     2720   49.04%
*   538    95      integral     0     1590.0000      826.0000     2893   48.05%
    571    92     1588.0000    20     1590.0000      826.0000     3128   48.05%         x_70_42 N    571    570     94
*   575    88      integral     0     1528.0000      826.0000     3265   45.94%
*   581    89      integral     0     1527.0000      826.0000     3379   45.91%
*   666    80      integral     0     1492.0000      826.0000     4139   44.64%
    673    76        cutoff           1492.0000      826.0000     4266   44.64%         x_19_57 U    673    216     78
*   682    79      integral     0     1471.0000      826.0000     4436   43.85%
*   685    80      integral     0     1463.0000      826.0000     4447   43.54%
*   706    78      integral     0     1460.0000      826.0000     4513   43.42%
*   713    74      integral     0     1446.0000      826.0000     4546   42.88%
    794    78     1429.5000    22     1446.0000      826.0000     5046   42.88%          x_3_42 D    794    793     84
*   831    73      integral     0     1439.0000      826.0000     5230   42.60%
*   860    69      integral     0     1436.0000      826.0000     5458   42.48%
    920    73     1430.0000    40     1436.0000      826.0000     5970   42.48%         x_57_23 D    920    919     74
*   939    76      integral     0     1434.0000      826.0000     6056   42.40%
*   990    68      integral     0     1432.0000      826.0000     6362   42.32%
*   997    69      integral     0     1430.0000      826.0000     6415   42.24%
*  1040    68      integral     0     1427.0000      826.0000     6607   42.12%
   1051    69     1419.3333    25     1427.0000      826.0000     6677   42.12%         x_58_10 N   1051   1050     73
*  1101    74      integral     0     1424.0000      826.0000     7020   41.99%
*  1113    75      integral     0     1419.0000      826.0000     7095   41.79%
*  1117    74      integral     0     1418.0000      826.0000     7106   41.75%
*  1131    72      integral     0     1415.0000      826.0000     7206   41.63%
*  1158    72      integral     0     1412.0000      826.0000     7332   41.50%
*  1177    79      integral     0     1398.0000      826.0000     7409   40.92%
   1188    70        cutoff           1398.0000      826.0000     7452   40.92%         x_28_50 U   1188   1187     76
*  1294    70      integral     0     1394.0000      826.0000     8225   40.75%
*  1310    65      integral     0     1383.0000      826.0000     8335   40.27%
   1338    66     1381.1429    50     1383.0000      826.0000     8533   40.27%          x_5_55 D   1338   1337     68
*  1384    68      integral     0     1361.0000      826.0000     8836   39.31%
*  1419    68      integral     0     1355.0000      826.0000     9079   39.04%
*  1449    63      integral     0     1352.0000      826.0000     9239   38.91%
   1479    63     1339.0000    14     1352.0000      826.0000     9366   38.91%         x_72_46 U   1479   1463     65
*  1480    62      integral     0     1345.0000      826.0000     9368   38.59%
*  1490    62      integral     0     1341.0000      826.0000     9418   38.40%
*  1520+   58                         1325.0000      826.0000            37.66%
   1594    59        cutoff           1325.0000      826.0000    10128   37.66%         x_30_40 D   1594   1593     61
Elapsed time = 6.78 sec. (13095.33 ticks, tree = 0.26 MB, solutions = 46)
*  1612    60      integral     0     1324.0000      826.0000    10226   37.61%
*  1621    57      integral     0     1321.0000      826.0000    10269   37.47%
*  1630    61      integral     0     1317.0000      826.0000    10289   37.28%
*  1668    57      integral     0     1312.0000      826.0000    10548   37.04%
*  1697    56      integral     0     1308.0000      826.0000    10711   36.85%
   1700    56     1270.2727    74     1308.0000      826.0000    10802   36.85%         x_64_53 D   1700   1699     56
   1823    62     1303.6667    30     1308.0000      826.0000    11392   36.85%         x_30_40 N   1823   1817     66
*  1915    63      integral     0     1307.0000      826.0000    11861   36.80%
   1930    67     1303.6000    62     1307.0000      826.0000    11917   36.80%          x_50_2 D   1930   1929     72
   2036    63        cutoff           1307.0000      826.0000    12519   36.80%         x_46_16 U   2036   2034     73
*  2061    64      integral     0     1303.0000      826.0000    12675   36.61%
*  2069    66      integral     0     1296.0000      826.0000    12707   36.27%
*  2160    60      integral     0     1288.0000      826.0000    13211   35.87%
   2171    56     1281.0000    36     1288.0000      826.0000    13265   35.87%         x_45_39 U   2171   2168     59
*  2190    57      integral     0     1287.0000      826.0000    13438   35.82%
*  2214    63      integral     0     1286.0000      826.0000    13548   35.77%
*  2295    53      integral     0     1277.0000      826.0000    13939   35.32%
   2304    56        cutoff           1277.0000      826.0000    14051   35.32%         x_33_60 U   2304   2302     59
*  2305    55      integral     0     1274.0000      826.0000    14058   35.16%
*  2313    53      integral     0     1264.0000      826.0000    14098   34.65%
   2413    53        cutoff           1264.0000      826.0000    14764   34.65%         x_56_46 D   2413   2412     57
*  2415    53      integral     0     1259.0000      826.0000    14774   34.39%
*  2419    51      integral     0     1255.0000      826.0000    14786   34.18%
*  2480+   65                         1252.0000      826.0000            34.03%
*  2523    58      integral     0     1250.0000      826.0000    15552   33.92%
   2523    58     1250.0000     0     1250.0000      826.0000    15552   33.92%          x_43_4 U   2523   2522     61
*  2581    62      integral     0     1247.0000      826.0000    15890   33.76%
   2625    53        cutoff           1247.0000      826.0000    16180   33.76%         x_69_42 U   2625   2623     56
*  2687    54      integral     0     1245.0000      826.0000    16551   33.65%
   2734    52     1239.4286    44     1245.0000      826.0000    16795   33.65%         x_59_64 N   2734   2724     54
Elapsed time = 9.51 sec. (22801.14 ticks, tree = 0.22 MB, solutions = 66)
*  2775    59      integral     0     1244.0000      826.0000    16980   33.60%
*  2785    56      integral     0     1240.0000      826.0000    17039   33.39%
*  2811    54      integral     0     1225.0000      826.0000    17126   32.57%
   2829    48     1186.0000    40     1225.0000      826.0000    17390   32.57%         x_33_55 D   2829   2828     47
*  2830+   47                         1193.0000      826.0000            30.76%
*  2890+   52                         1188.0000      826.0000            30.47%
*  2905    55      integral     0     1187.0000      826.0000    17966   30.41%
   2936    54        cutoff           1187.0000      826.0000    18154   30.41%         x_28_50 U   2936   2935     59
*  2971    45      integral     0     1186.0000      826.0000    18373   30.35%
*  3013    51      integral     0     1182.0000      826.0000    18686   30.12%
*  3020    54      integral     0     1179.0000      826.0000    18750   29.94%
   3048    56     1176.6667    25     1179.0000      826.0000    18953   29.94%         x_59_64 D   3048   3047     58
*  3049    55      integral     0     1178.0000      826.0000    18954   29.88%
*  3067    51      integral     0     1171.0000      826.0000    19016   29.46%
*  3128    46      integral     0     1169.0000      826.0000    19359   29.34%
*  3158    44      integral     0     1162.0000      826.0000    19507   28.92%
   3161    41        cutoff           1162.0000      826.0000    19583   28.92%         x_31_37 U   3161     41     42
*  3185    49      integral     0     1161.0000      826.0000    19823   28.85%
*  3186    48      integral     0     1160.0000      826.0000    19826   28.79%
*  3191    45      integral     0     1155.0000      826.0000    19850   28.48%
*  3195    45      integral     0     1153.0000      826.0000    19864   28.36%
*  3200    44      integral     0     1152.0000      826.0000    19898   28.30%
*  3218    39      integral     0     1137.0000      826.0000    20099   27.35%
*  3251    38      integral     0     1131.0000      826.0000    20697   26.97%
   3252    39     1122.1250    84     1131.0000      826.0000    20701   26.97%         x_41_52 D   3252   3235     39
*  3260    38      integral     0     1129.0000      826.0000    20731   26.84%
*  3286    36      integral     0     1124.0000      826.0000    20878   26.51%
   3362    40     1122.0000    32     1124.0000      826.0000    21455   26.51%         x_45_39 D   3362   3361     42
*  3424    33      integral     0     1121.0000      826.0000    21760   26.32%
*  3438    33      integral     0     1119.0000      826.0000    21818   26.18%
*  3461    31      integral     0     1107.0000      826.0000    22146   25.38%
*  3464    28      integral     0     1077.0000      826.0000    22215   23.31%
   3469    31     1072.7500    46     1077.0000      826.0000    22341   23.31%          x_9_41 U   3469   3467     31
*  3482    30      integral     0     1076.0000      826.0000    22407   23.23%
*  3489    26      integral     0     1075.0000      826.0000    22548   23.16%
*  3495    30      integral     0     1059.0000      826.0000    22684   22.00%
*  3514    33      integral     0     1058.0000      826.0000    22795   21.93%
*  3524    30      integral     0     1050.0000      826.0000    22851   21.33%
*  3566    26      integral     0     1047.0000      826.0000    23205   21.11%
   3580    24     1045.5000    64     1047.0000      826.0000    23331   21.11%         x_68_15 D   3580   3575     26
*  3618    28      integral     0     1045.0000      826.0000    23639   20.96%
*  3626    29      integral     0     1042.0000      826.0000    23689   20.73%
*  3629    26      integral     0     1041.0000      826.0000    23703   20.65%
*  3673    23      integral     0     1038.0000      826.0000    24011   20.42%
   3712    26        cutoff           1038.0000      826.0000    24541   20.42%         x_68_15 U   3712   3711     27
*  3751    26      integral     0     1037.0000      826.0000    24854   20.35%
*  3778    24      integral     0     1032.0000      826.0000    25099   19.96%
   3839    15     1022.7000   124     1032.0000      826.0000    26128   19.96%           x_9_2 U   3839     13     14
Elapsed time = 12.81 sec. (32416.54 ticks, tree = 0.06 MB, solutions = 104)
*  3956    24      integral     0     1026.0000      826.0000    27259   19.49%
   3960    27     1023.5833    58     1026.0000      826.0000    27287   19.49%         x_56_68 N   3960   3959     31
*  3978    24      integral     0     1025.0000      826.0000    27424   19.41%
*  4037    18      integral     0     1019.0000      826.0000    27984   18.94%
   4092    14        cutoff           1019.0000      826.0000    28433   18.94%          x_9_41 U   4092   4088     17
*  4153    23      integral     0     1018.0000      826.0000    29030   18.86%
*  4171    28      integral     0     1014.0000      826.0000    29144   18.54%
   4220    28     1007.0909    61     1014.0000      826.0000    29485   18.54%         x_56_68 U   4220   4219     30
*  4345    18      integral     0     1013.0000      826.0000    30465   18.46%
   4345    17     1013.0000     0     1013.0000      826.0000    30465   18.46%         x_45_39 D   4345   4344     24
*  4454    26      integral     0     1012.0000      826.0000    31507   18.38%
*  4457    21      integral     0     1010.0000      826.0000    31511   18.22%
*  4461    16      integral     0     1008.0000      826.0000    31520   18.06%
*  4468    19      integral     0     1007.0000      826.0000    31568   17.97%
   4470    17        cutoff           1007.0000      826.0000    31578   17.97%         x_27_25 D   4470   4469     22
*  4530    16      integral     0     1006.0000      826.0000    32244   17.89%
*  4543    12      integral     0     1003.0000      826.0000    32383   17.65%
*  4557    17      integral     0     1002.0000      826.0000    32663   17.56%
*  4585    16      integral     0     1000.0000      826.0000    33023   17.40%
   4587    16        cutoff           1000.0000      826.0000    33032   17.40%         x_68_15 U   4587   4586     18
*  4600    19      integral     0      997.0000      826.0000    33187   17.15%
   4739     8        cutoff            997.0000      826.0000    34666   17.15%         x_51_39 U   4739   4725     10
*  4791    10      integral     0      995.0000      826.0000    34985   16.98%
*  4853    10      integral     0      982.0000      826.0000    35812   15.89%
   4890     3        cutoff            982.0000      826.0000    36258   15.89%         x_58_18 U   4890      3      4
*  4950    12      integral     0      981.0000      826.0000    36925   15.80%
*  4951    11      integral     0      979.0000      826.0000    36934   15.63%
*  4971     4      integral     0      967.0000      826.0000    37197   14.58%
   5030    11      965.5000    56      967.0000      951.8000    38033    1.57%         x_56_13 D   5030   5029     12
*  5086     4      integral     0      958.0000      951.8000    38307    0.65%
*  5089     2      integral     0      955.0000      951.8000    38326    0.34%

User cuts applied:  791

Root node processing (before b&c):
  Real time             =    0.36 sec. (233.05 ticks)
Sequential b&c:
  Real time             =   15.61 sec. (41286.59 ticks)
                          ------------
Total (root+branch&cut) =   15.98 sec. (41519.64 ticks)
