Version identifier: 22.1.1.0 | 2022-11-28 | 9160aff4d
CPXPARAM_Read_DataCheck                          1
CPXPARAM_MIP_Strategy_NodeSelect                 0
CPXPARAM_MIP_Strategy_HeuristicFreq              1
CPXPARAM_TimeLimit                               633
Tried aggregator 1 time.
MIP Presolve eliminated 201 rows and 1417 columns.
MIP Presolve modified 55329 coefficients.
Reduced MIP has 10297 rows, 14429 columns, and 80831 nonzeros.
Reduced MIP has 14330 binaries, 0 generals, 0 SOSs, and 0 indicators.
Presolve time = 0.06 sec. (87.02 ticks)
Found incumbent of value 4220.000000 after 0.17 sec. (203.87 ticks)
Probing fixed 1 vars, tightened 0 bounds.
Probing time = 0.06 sec. (17.51 ticks)
Tried aggregator 1 time.
Detecting symmetries...
MIP Presolve eliminated 1 rows and 1 columns.
Reduced MIP has 10296 rows, 14428 columns, and 80826 nonzeros.
Reduced MIP has 14329 binaries, 0 generals, 0 SOSs, and 0 indicators.
Presolve time = 0.03 sec. (44.47 ticks)
Probing time = 0.03 sec. (9.32 ticks)
Clique table members: 11835.
MIP emphasis: balance optimality and feasibility.
MIP search method: dynamic search.
Parallel mode: deterministic, using up to 12 threads.
Root relaxation solution time = 0.06 sec. (89.88 ticks)

        Nodes                                         Cuts/
   Node  Left     Objective  IInf  Best Integer    Best Bound    ItCnt     Gap

*     0+    0                         4220.0000        0.0000           100.00%
      0     0      599.5773   201     4220.0000      599.5773     1289   85.79%
*     0+    0                         3927.0000      599.5773            84.73%
      0     0      628.8612   209     3927.0000     Cuts: 363     1641   83.99%
*     0+    0                         3727.0000      628.8612            83.13%
      0     0      646.0341   177     3727.0000     Cuts: 342     1962   82.67%
      0     0      648.9097   190     3727.0000     Cuts: 234     2164   82.59%
*     0+    0                         3569.0000      648.9097            81.82%
*     0+    0                         2022.0000      648.9097            67.91%
      0     0      649.8182   189     2022.0000      Cuts: 68     2311   67.84%
      0     0      649.9527   175     2022.0000     Cuts: 161     2420   67.84%
Detecting symmetries...
      0     0      651.7500   174     2022.0000      Cuts: 76     2625   67.77%
      0     0      652.9634   167     2022.0000     Cuts: 662     2771   67.71%
      0     0      653.1250   155     2022.0000     Cuts: 100     2848   67.70%
      0     0      653.1250   153     2022.0000      Cuts: 35     2907   67.70%
      0     0      653.7000   175     2022.0000      Cuts: 15     2977   67.67%
      0     0      653.7000   193     2022.0000     Cuts: 100     3098   67.67%
Detecting symmetries...
      0     2      653.7000   169     2022.0000      653.7350     3098   67.67%
Elapsed time = 5.16 sec. (5037.40 ticks, tree = 0.02 MB, solutions = 5)
      3     4      654.5267   198     2022.0000      653.7350     3281   67.67%
     21    11      654.6000   177     2022.0000      653.7350     3484   67.67%
     44    38      654.5267   193     2022.0000      653.7350     4276   67.67%
     89    61      654.5267   201     2022.0000      653.7350     4986   67.67%
    396   240      654.6000   170     2022.0000      653.7350     5792   67.67%
    911   605      654.6028   184     2022.0000      653.7350     7305   67.67%
   1018   860      654.8954   194     2022.0000      653.7350     8070   67.67%
   1341   998      654.5820   183     2022.0000      653.7350     8645   67.67%
   1875  1388      654.6159   200     2022.0000      653.7350     9847   67.67%
   3960  3589      654.5732   196     2022.0000      653.7350    18669   67.67%
Elapsed time = 11.77 sec. (8229.15 ticks, tree = 24.19 MB, solutions = 5)
*  4035+ 3736                         1949.0000      653.7350            66.46%
*  4047+ 3736                         1884.0000      653.7350            65.30%
*  4089+ 3736                         1812.0000      653.7350            63.92%
*  4093+ 3849                         1787.0000      653.7350            63.42%
*  4108+ 3819                         1294.0000      653.7350            49.48%

Performing restart 1

Repeating presolve.
Tried aggregator 1 time.
MIP Presolve modified 23122 coefficients.
Reduced MIP has 10296 rows, 14428 columns, and 74644 nonzeros.
Reduced MIP has 14329 binaries, 0 generals, 0 SOSs, and 0 indicators.
Presolve time = 0.03 sec. (57.42 ticks)
Tried aggregator 1 time.
Reduced MIP has 10296 rows, 14428 columns, and 74644 nonzeros.
Reduced MIP has 14329 binaries, 0 generals, 0 SOSs, and 0 indicators.
Presolve time = 0.04 sec. (46.77 ticks)
Represolve time = 0.41 sec. (311.02 ticks)
*  4269+    0                         1249.0000      653.7350            47.66%
   4269     0      655.3333   138     1249.0000     Cuts: 128    26255   47.53%
   4269     0      656.1000   148     1249.0000     Cuts: 199    26506   47.47%
   4269     0      656.1124   149     1249.0000     Cuts: 120    26722   47.47%
   4269     0      656.1124   157     1249.0000      Cuts: 69    26823   47.47%
   4269     0      656.1124   145     1249.0000      Cuts: 62    26930   47.47%
   4269     0      656.1124   154     1249.0000      Cuts: 68    27035   47.47%
   4269     0      656.1124   141     1249.0000      Cuts: 33    27104   47.47%
   4269     0      656.5156   181     1249.0000      Cuts: 41    27296   47.44%
   4269     0      656.8261   138     1249.0000     Cuts: 196    27440   47.41%
   4269     0      656.9200   193     1249.0000     Cuts: 146    27706   47.40%
   4269     0      656.9200   198     1249.0000     Cuts: 119    27835   47.40%
   4269     0      656.9200   171     1249.0000      Cuts: 46    27917   47.40%
   4269     0      656.9200   168     1249.0000      Cuts: 99    28037   47.40%
*  4269+    0                         1184.0000      656.9200            44.52%
   4269     2      656.9200   150     1184.0000      656.9200    28037   44.52%
   4271     4      657.1400   170     1184.0000      657.1951    28114   44.49%
   4277     3      657.5000   151     1184.0000      657.3276    28123   44.48%
   4289    17      659.0000   156     1184.0000      657.4333    29673   44.47%
   4314    31      659.0000   135     1184.0000      657.5000    34038   44.47%
   4347    60      659.3780   137     1184.0000      657.5000    40975   44.47%
   4475   152      659.4319   126     1184.0000      657.5000    50823   44.47%
   4657   240      661.6044   110     1184.0000      657.5000    56709   44.47%
   4875   426      660.7127   150     1184.0000      657.5000    63687   44.47%
   5363   722      674.9585    79     1184.0000      657.5000    70220   44.47%
Elapsed time = 61.14 sec. (49578.64 ticks, tree = 38.17 MB, solutions = 19)
   5937  1024      668.9028    94     1184.0000      657.5000    74979   44.47%
   6601  1913      662.5071    59     1184.0000      657.5000    85870   44.47%
   6872  2537      665.1250   105     1184.0000      657.5000    91929   44.47%
   7473  2830      677.4274    74     1184.0000      657.5000    94846   44.47%
   8167  3513      672.9575    84     1184.0000      657.5000   101617   44.47%
   8912  4085      671.6265    74     1184.0000      657.5000   107136   44.47%
*  9173+ 4243                         1119.0000      657.5000            41.24%
   9567  4805      690.4834   104     1119.0000      657.5000   113141   41.24%
   9960  5390      673.0560    64     1119.0000      657.5000   117596   41.24%
  10069  4603      680.0758    52     1119.0000      657.5000   111507   41.24%
  10242  5725      676.1131    83     1119.0000      657.5000   119783   41.24%
Elapsed time = 86.19 sec. (59824.29 ticks, tree = 236.57 MB, solutions = 21)
  10397  5895      677.1807   103     1119.0000      657.5000   120494   41.24%
  10775  6178      677.0741    77     1119.0000      657.5000   122490   41.24%
  11467  6775      683.9650    90     1119.0000      657.5000   126795   41.24%
  12202  7364      688.3860    83     1119.0000      657.5000   130504   41.24%
  12963  8186      684.1110    93     1119.0000      657.5000   134715   41.24%
  13809  8609      678.0565    72     1119.0000      657.5000   137520   41.24%
  14700  9714     1084.7479    57     1119.0000      657.5000   143791   41.24%
  15450 10325      945.5836    50     1119.0000      657.5000   147648   41.24%
  16225 11160      694.6776    46     1119.0000      657.5000   154168   41.24%
  17231 11700      803.3297    72     1119.0000      657.5000   158391   41.24%
Elapsed time = 108.74 sec. (69384.32 ticks, tree = 276.39 MB, solutions = 21)
  17758 12611     1012.8764    48     1119.0000      657.5000   170232   41.24%
  18420 13302      801.3923    71     1119.0000      657.5000   185180   41.24%
  19328 13887      700.8683    49     1119.0000      657.5000   192354   41.24%
  20350 14409      947.1566    54     1119.0000      657.5000   198413   41.24%
  21003 15334        cutoff           1119.0000      657.5000   219698   41.24%
  21361 15607      703.6482    71     1119.0000      657.5000   229582   41.24%
  22311 15927      883.8793    70     1119.0000      657.5000   235335   41.24%
  23530 16702      715.9992    42     1119.0000      657.5000   240718   41.24%
  24655 17951      928.9551    72     1119.0000      657.5000   248904   41.24%
  25595 18952     1062.1533    60     1119.0000      657.5000   259214   41.24%
Elapsed time = 133.15 sec. (78930.55 ticks, tree = 324.98 MB, solutions = 21)
  26930 19997     1014.4358    71     1119.0000      657.5000   273790   41.24%
  27859 20633     1071.1270    55     1119.0000      657.5000   287896   41.24%
  28460 21125        cutoff           1119.0000      657.5000   308385   41.24%
  29534 21095     1004.1788    59     1119.0000      657.5000   325764   41.24%
  30323 21188     1055.7879    49     1119.0000      657.5000   337845   41.24%
  31073 21618        cutoff           1119.0000      657.5000   359603   41.24%
  31625 21612        cutoff           1119.0000      657.5000   391681   41.24%
  32280 21641     1060.5635    50     1119.0000      657.5000   401092   41.24%
  33081 21593     1051.1012    58     1119.0000      657.5000   406724   41.24%
  34051 21634        cutoff           1119.0000      657.5000   434181   41.24%
Elapsed time = 154.87 sec. (88479.29 ticks, tree = 342.11 MB, solutions = 21)
  34930 21562        cutoff           1119.0000      657.5000   451559   41.24%
  35501 21425    infeasible           1119.0000      657.5000   467305   41.24%
  36160 21261        cutoff           1119.0000      657.5000   498953   41.24%
  37147 21199        cutoff           1119.0000      657.5000   508740   41.24%
  38011 21252        cutoff           1119.0000      657.5000   535256   41.24%
  38636 21169        cutoff           1119.0000      657.5000   555401   41.24%
  39617 21104        cutoff           1119.0000      657.5000   569569   41.24%
  40639 21241        cutoff           1119.0000      657.5000   586795   41.24%
  41750 21152        cutoff           1119.0000      657.5000   618293   41.24%
* 42194+21151                         1008.0000      657.5000            34.77%
* 42245+21151                          973.0000      657.5000            32.43%
  42415 21232        cutoff            973.0000      657.5000   646694   32.43%
Elapsed time = 176.89 sec. (98029.37 ticks, tree = 341.63 MB, solutions = 21)
* 42874+21175                          957.0000      657.5000            31.30%
  42968 21129     1017.6747    60      957.0000      657.5000   661803   31.30%
  43366 21019     1068.6952    48      957.0000      657.5000   679505   31.30%
* 43552+21134                          949.0000      657.5000            30.72%
* 43814+21151                          928.0000      657.5000            29.15%
  43949 20997      994.9899    65      928.0000      657.5000   685270   29.15%
* 44101+21151                          919.0000      657.5000            28.45%
* 44286+21151                          918.0000      657.5000            28.38%
  44453 20939        cutoff            918.0000      657.5000   699603   28.38%
* 44632+21151                          901.0000      657.5000            27.03%
* 44736+21134                          810.0000      657.5000            18.83%
* 44938+21134                          809.0000      657.5000            18.73%
  44943 20958        cutoff            809.0000      657.5000   701974   18.73%
* 45055+21134                          805.0000      657.5000            18.32%
* 45292+21134                          777.0000      657.5000            15.38%
* 45370+21134                          775.0000      657.5000            15.16%
  45420 20905        cutoff            775.0000      657.5000   715499   15.16%
  45914 20810        cutoff            775.0000      657.5000   743660   15.16%
  46416 20773     1044.7514    50      775.0000      657.5000   754382   15.16%
  46990 20771        cutoff            775.0000      657.5000   757041   15.16%
* 47190+21134                          768.0000      657.5000            14.39%
* 47266+21145                          753.0000      657.5000            12.68%
* 47559+21145                          752.0000      657.5000            12.57%
  47593 20977        cutoff            752.0000      657.5000   786715   12.57%
Elapsed time = 196.59 sec. (107587.24 ticks, tree = 339.57 MB, solutions = 32)
* 47651+21145                          716.0000      657.5000             8.17%
  48027 10043        cutoff            716.0000      657.5000   806376    8.17%
* 48260+21145                          708.0000      657.5000             7.13%
* 48264+21145                          707.0000      657.5000             7.00%
  48348  9702        cutoff            707.0000      657.5000   823696    7.00%
  48983  6200        cutoff            707.0000      657.5000   842767    7.00%
  49433  5815        cutoff            707.0000      657.5000   859856    7.00%
  49768  5631        cutoff            707.0000      657.5000   874187    7.00%
  50093  5467        cutoff            707.0000      657.5000   890121    7.00%
  50387  5347        cutoff            707.0000      657.5000   905177    7.00%
  50641  5336      695.1898    55      707.0000      657.5000   914164    7.00%
  50955  5142        cutoff            707.0000      657.5000   933316    7.00%
  51265  4866        cutoff            707.0000      657.5000   969435    7.00%
Elapsed time = 219.72 sec. (117145.54 ticks, tree = 223.96 MB, solutions = 39)
  51553  4840      704.0202    52      707.0000      657.5000   971670    7.00%
  51789  4470        cutoff            707.0000      657.5000   992298    7.00%
  52120  4431        cutoff            707.0000      657.5000   994470    7.00%
  52404  4395        cutoff            707.0000      657.5000   997643    7.00%
  52750  4118        cutoff            707.0000      657.5000  1017059    7.00%
  53168  4055        cutoff            707.0000      657.5000  1021536    7.00%
  53779  3930        cutoff            707.0000      657.5000  1029723    7.00%
  54483  3714      689.4154    46      707.0000      657.5000  1056553    7.00%
  55301  3689        cutoff            707.0000      657.5000  1061215    7.00%
  57318  3438        cutoff            707.0000      657.5000  1121229    7.00%
Elapsed time = 252.92 sec. (129574.35 ticks, tree = 172.05 MB, solutions = 67)
  57903  3281      683.1224    72      707.0000      657.5000  1146265    7.00%
  58602  3196        cutoff            707.0000      657.5000  1170261    7.00%
* 59004+21175                          699.0000      657.5000             5.94%
  59089  3148      700.7096    66      699.0000      657.5000  1181986    5.94%

Performing restart 2

Repeating presolve.
Tried aggregator 1 time.
MIP Presolve eliminated 91 rows and 7533 columns.
MIP Presolve modified 12565 coefficients.
Reduced MIP has 10205 rows, 6895 columns, and 91994 nonzeros.
Reduced MIP has 6796 binaries, 0 generals, 0 SOSs, and 0 indicators.
Presolve time = 0.06 sec. (79.09 ticks)
Tried aggregator 1 time.
MIP Presolve eliminated 544 rows and 0 columns.
MIP Presolve modified 4510 coefficients.
Reduced MIP has 9661 rows, 6895 columns, and 86354 nonzeros.
Reduced MIP has 6796 binaries, 0 generals, 0 SOSs, and 0 indicators.
Presolve time = 0.06 sec. (84.35 ticks)
Represolve time = 0.96 sec. (833.24 ticks)
  59118     0      657.0239   169      699.0000     Cuts: 137  1193029    5.94%
  59118     0      657.0362   176      699.0000     Cuts: 160  1193193    5.94%
  59118     0      657.1592   172      699.0000      Cuts: 57  1193408    5.94%
  59118     0      657.2500   174      699.0000     Cuts: 243  1193588    5.94%
  59118     0      657.5000   187      699.0000     Cuts: 100  1193801    5.94%
  59118     0      657.5000   178      699.0000     Cuts: 128  1193943    5.94%
  59118     0      657.7500   188      699.0000     Cuts: 144  1194124    5.90%
  59118     0      657.8000   194      699.0000      Cuts: 86  1194253    5.89%
  59118     0      657.8000   199      699.0000     Cuts: 145  1194429    5.89%
  59118     0      658.0000   177      699.0000      Cuts: 61  1194643    5.87%
  59118     0      658.0000   217      699.0000     Cuts: 168  1194901    5.87%
  59118     0      658.0000   168      699.0000      Cuts: 47  1195102    5.87%
  59118     0      658.0000   175      699.0000     Cuts: 145  1195344    5.87%
  59118     0      658.0000   209      699.0000      Cuts: 96  1195577    5.87%
  59118     0      658.0000   194      699.0000     Cuts: 130  1195781    5.87%
  59118     0      658.0000   204      699.0000     Cuts: 182  1196204    5.87%
  59118     2      658.0000   121      699.0000      658.0000  1196204    5.87%
  59139    11      658.5000   174      699.0000      658.0000  1200162    5.87%
  59254   108      661.0464   132      699.0000      658.0000  1239607    5.87%
  59447   289      662.6636   107      699.0000      658.0000  1264146    5.87%
  59966   639      668.9403   102      699.0000      658.0000  1286131    5.87%
  61018  1412      691.8221    78      699.0000      658.0000  1326898    5.87%
  62278  1740      692.3918    61      699.0000      658.0000  1390743    5.87%
Elapsed time = 358.53 sec. (199505.37 ticks, tree = 6.41 MB, solutions = 79)
  63902  1827      691.3350    54      699.0000      658.0000  1459564    5.87%
  65763  2009        cutoff            699.0000      658.0000  1558726    5.87%
  67711  1921      693.6812    73      699.0000      658.0000  1619284    5.87%
  69311  1851        cutoff            699.0000      658.0000  1716368    5.87%
  71356  1563        cutoff            699.0000      658.0000  1824318    5.87%
  72877  1463        cutoff            699.0000      658.0000  1902360    5.87%
  75000  1970      690.1336    77      699.0000      658.0000  1967454    5.87%
  77763  2016      695.2494    75      699.0000      658.0000  2119686    5.87%
  79513  1600      694.0153    61      699.0000      658.0000  2205126    5.87%
  81965  1584      687.1417    94      699.0000      658.0000  2328393    5.87%
Elapsed time = 436.95 sec. (237674.40 ticks, tree = 4.51 MB, solutions = 79)
  84185  1808        cutoff            699.0000      658.0000  2426515    5.87%
  85952  1591    infeasible            699.0000      658.0000  2552281    5.87%
  87976  1424        cutoff            699.0000      658.0000  2669591    5.87%
  89889  1346      689.4154    57      699.0000      658.0000  2769847    5.87%
  92134  1388        cutoff            699.0000      658.0000  2817480    5.87%
  94205  1788      693.8619   101      699.0000      658.0000  2955580    5.87%
  96178  1575        cutoff            699.0000      658.0000  3049764    5.87%
  98326  1309      697.8537    80      699.0000      658.0000  3166790    5.87%
 100644  1897        cutoff            699.0000      658.0000  3244987    5.87%
 102814  2436      693.0394    77      699.0000      658.0000  3300079    5.87%
Elapsed time = 514.78 sec. (275838.81 ticks, tree = 6.38 MB, solutions = 79)
 104775  3097      687.7652    76      699.0000      658.0000  3431321    5.87%
 106792  3107        cutoff            699.0000      658.0000  3519299    5.87%
 108781  3407      690.7193    50      699.0000      658.0000  3609427    5.87%
 110106  3412      696.2714    57      699.0000      658.0000  3691522    5.87%
 112334  3267        cutoff            699.0000      658.0000  3785938    5.87%
 114535  2909    infeasible            699.0000      658.0000  3907409    5.87%
 117019  2830        cutoff            699.0000      658.0000  3994467    5.87%
 118901  2622      690.3861    63      699.0000      658.0000  4091126    5.87%
 121007  2453      690.8462    77      699.0000      658.0000  4237276    5.87%
 123335  2500      688.8869    71      699.0000      658.0000  4294045    5.87%
Elapsed time = 589.87 sec. (314027.13 ticks, tree = 5.53 MB, solutions = 79)
 125441  2765      694.0320    69      699.0000      658.0000  4423338    5.87%
 127349  2788      694.4167    34      699.0000      658.0000  4517072    5.87%
 128681  2973        cutoff            699.0000      658.0000  4623043    5.87%
 130426  2842      694.7150    67      699.0000      658.0000  4679617    5.87%
 132038  2426        cutoff            699.0000      658.0000  4825764    5.87%
 133636  2299      696.1817    72      699.0000      658.0000  4921404    5.87%

GUB cover cuts applied:  6
Clique cuts applied:  29
Cover cuts applied:  111
Implied bound cuts applied:  1
Flow cuts applied:  5
Mixed integer rounding cuts applied:  119
Zero-half cuts applied:  46
Multi commodity flow cuts applied:  1
Lift and project cuts applied:  10
Gomory fractional cuts applied:  36

Root node processing (before b&c):
  Real time             =    5.10 sec. (5002.30 ticks)
Parallel b&c, 12 threads:
  Real time             =  627.93 sec. (333447.24 ticks)
  Sync time (average)   =   71.57 sec.
  Wait time (average)   =    0.33 sec.
                          ------------
Total (root+branch&cut) =  633.03 sec. (338449.54 ticks)
