Version identifier: 22.1.1.0 | 2022-11-28 | 9160aff4d
CPXPARAM_Read_DataCheck                          1
CPXPARAM_MIP_Strategy_NodeSelect                 0
CPXPARAM_MIP_Strategy_HeuristicFreq              1
CPXPARAM_TimeLimit                               633
Tried aggregator 1 time.
MIP Presolve eliminated 191 rows and 1412 columns.
MIP Presolve modified 55341 coefficients.
Reduced MIP has 10303 rows, 14434 columns, and 76826 nonzeros.
Reduced MIP has 14335 binaries, 0 generals, 0 SOSs, and 0 indicators.
Presolve time = 0.05 sec. (82.67 ticks)
Probing time = 0.04 sec. (9.66 ticks)
Tried aggregator 1 time.
Detecting symmetries...
Reduced MIP has 10303 rows, 14434 columns, and 76826 nonzeros.
Reduced MIP has 14335 binaries, 0 generals, 0 SOSs, and 0 indicators.
Presolve time = 0.03 sec. (42.95 ticks)
Probing time = 0.04 sec. (9.52 ticks)
Clique table members: 11836.
MIP emphasis: balance optimality and feasibility.
MIP search method: dynamic search.
Parallel mode: deterministic, using up to 12 threads.
Root relaxation solution time = 0.24 sec. (223.13 ticks)

        Nodes                                         Cuts/
   Node  Left     Objective  IInf  Best Integer    Best Bound    ItCnt     Gap

      0     0      351.1313   153                    351.1313     2283         
*     0+    0                        12708.0000      351.1313            97.24%
*     0+    0                         9683.0000      351.1313            96.37%
      0     0      412.6020   180     9683.0000     Cuts: 180     2925   95.74%
      0     0      416.7143   158     9683.0000     Cuts: 445     3355   95.70%
      0     0      416.8333   143     9683.0000    Cuts: 1033     3479   95.70%
*     0+    0                         4627.0000      416.8333            90.99%
*     0+    0                         1808.0000      416.8333            76.95%
*     0+    0                         1211.0000      416.8333            65.58%
*     0+    0                          772.0000      416.8333            46.01%
      0     0  -1.00000e+75     0      772.0000      416.8333     3479   46.01%
      0     0      416.8750   145      772.0000      Cuts: 47     3727   46.00%
      0     0      416.9500   131      772.0000      Cuts: 98     3783   45.99%
Detecting symmetries...
      0     0      417.0000   152      772.0000     Cuts: 142     3848   45.98%
      0     0      417.0000   150      772.0000      Cuts: 40     3965   45.98%
      0     0      417.0000   117      772.0000       Cuts: 4     3967   45.98%
      0     0      417.0000   158      772.0000      Cuts: 61     4165   45.98%
*     0+    0                          719.0000      417.0000            42.00%
Detecting symmetries...
      0     2      417.0000   130      719.0000      417.0000     4165   42.00%
Elapsed time = 5.11 sec. (5204.13 ticks, tree = 0.02 MB, solutions = 7)
      4     6      417.6250   145      719.0000      417.0000     4422   42.00%
     10     7      432.8333   142      719.0000      417.5000     5194   41.93%
     24     9      436.1188   140      719.0000      417.5000     5845   41.93%
     57    38      432.8333   145      719.0000      417.5000    12431   41.93%
     87    61      435.0202   146      719.0000      417.5000    21216   41.93%
    100    90      439.5808   157      719.0000      417.5000    25099   41.93%
    105    94      463.0556    86      719.0000      417.5000    26639   41.93%
    140   107      417.6250   145      719.0000      417.5000    28151   41.93%
    254   137      442.6141   165      719.0000      417.5000    29246   41.93%
    539   479      453.6667    82      719.0000      417.5000    55800   41.93%
Elapsed time = 11.91 sec. (8469.51 ticks, tree = 2.42 MB, solutions = 7)
    821   747      421.5507   132      719.0000      417.5000    75968   41.93%
   1062   874      459.1179   115      719.0000      417.5000    83610   41.93%
   1290  1126      464.0404    83      719.0000      417.5000    97611   41.93%
*  1603+ 1332                          681.0000      417.5000            38.69%
   1807  1336      459.3973    23      681.0000      417.5000   106687   38.69%
*  1982+ 1730                          517.0000      417.5000            19.25%
   2410  2030      476.1086    98      517.0000      417.5000   129482   19.25%
   2822  2630      511.1999   120      517.0000      417.5000   157811   19.25%
   3689  3209      515.3199    76      517.0000      417.5000   174970   19.25%

Performing restart 1

Repeating presolve.
Tried aggregator 1 time.
MIP Presolve eliminated 4201 rows and 4305 columns.
MIP Presolve modified 6052 coefficients.
Reduced MIP has 6102 rows, 10129 columns, and 49035 nonzeros.
Reduced MIP has 10030 binaries, 0 generals, 0 SOSs, and 0 indicators.
Presolve time = 0.03 sec. (37.56 ticks)
Tried aggregator 1 time.
Reduced MIP has 6102 rows, 10129 columns, and 49035 nonzeros.
Reduced MIP has 10030 binaries, 0 generals, 0 SOSs, and 0 indicators.
Presolve time = 0.02 sec. (29.25 ticks)
Represolve time = 0.20 sec. (176.13 ticks)
   4280     0      417.9000   195      517.0000      Cuts: 81   204684   19.17%
   4280     0      417.9000   197      517.0000     Cuts: 156   204801   19.15%
   4280     0      417.9000   176      517.0000       Cuts: 9   204812   19.15%
*  4280+    0                          458.0000      418.0000             8.73%
   4280     0  -1.00000e+75     0      458.0000      418.0000   204812    8.73%

Repeating presolve.
Tried aggregator 1 time.
MIP Presolve eliminated 0 rows and 3285 columns.
MIP Presolve modified 18775 coefficients.
Reduced MIP has 6102 rows, 6844 columns, and 88312 nonzeros.
Reduced MIP has 6745 binaries, 0 generals, 0 SOSs, and 0 indicators.
Presolve time = 0.05 sec. (67.71 ticks)
Tried aggregator 1 time.
MIP Presolve eliminated 402 rows and 0 columns.
MIP Presolve modified 16732 coefficients.
Reduced MIP has 5700 rows, 6844 columns, and 73651 nonzeros.
Reduced MIP has 6745 binaries, 0 generals, 0 SOSs, and 0 indicators.
Presolve time = 0.08 sec. (108.20 ticks)
Represolve time = 0.34 sec. (371.07 ticks)
   4280     0      418.0000   123      458.0000      Cuts: 83   207671    8.73%
   4280     0      418.0000   124      458.0000     Cuts: 162   207965    8.73%
   4280     0      418.0000   125      458.0000      Cuts: 20   208288    8.73%
*  4280+    0                          456.0000      418.0000             8.33%
   4280     0  -1.00000e+75     0      456.0000      418.0000   208288    8.33%
   4280     0      418.0000    59      456.0000       Cuts: 2   208307    8.33%
   4280     0      418.0000   122      456.0000     Cuts: 121   208877    8.33%
   4280     0      418.0000   122      456.0000      Cuts: 29   209339    8.33%
*  4280+    0                          442.0000      418.0000             5.43%
*  4280+    0                          441.0000      418.0000             5.22%
   4280     0  -1.00000e+75     0      441.0000      418.0000   209339    5.22%
   4280     2      418.0000   102      441.0000      418.0000   209339    5.22%
   4287     9      418.0476   113      441.0000      418.0000   211496    5.22%
   4312    13      439.1038   126      441.0000      418.0000   212645    5.22%
Elapsed time = 51.23 sec. (41321.28 ticks, tree = 0.02 MB, solutions = 13)
   4358    47      419.0000    85      441.0000      418.0023   226020    5.21%
*  4415+   83                          438.0000      418.0023             4.57%
   4467   106      420.1181    84      438.0000      418.0023   252995    4.57%
   4710   224      426.8079   129      438.0000      418.0023   266724    4.57%
   5122   448      421.8983    73      438.0000      418.0023   271992    4.57%
   5863   826      420.3271   146      438.0000      418.0023   274867    4.57%
   6855  1813      421.2493   102      438.0000      418.0023   280483    4.57%
   7639  2759      428.5510    16      438.0000      418.0023   291330    4.57%
   8816  3541      431.5303    12      438.0000      418.0023   297365    4.57%
  10220  4577      428.0873    69      438.0000      418.0023   311521    4.57%
  11140  5853      423.7417    89      438.0000      418.0023   325748    4.57%
Elapsed time = 68.56 sec. (50891.25 ticks, tree = 101.35 MB, solutions = 14)
  12367  6311      421.5967    64      438.0000      418.0023   341520    4.57%
  13031  7077        cutoff            438.0000      418.0023   377544    4.57%
  13348  6929        cutoff            438.0000      418.0023   417630    4.57%
  13679  6750      432.2000    12      438.0000      418.0023   445702    4.57%
  14036  6545      425.1456    79      438.0000      418.0023   452128    4.57%
  14397  6356        cutoff            438.0000      418.0023   460207    4.57%
  14814  6154      425.9204    41      438.0000      418.0023   471162    4.57%
  15318  6029        cutoff            438.0000      418.0023   478821    4.57%
  15779  5888        cutoff            438.0000      418.0023   497724    4.57%
* 16136  5585      integral     0      435.0000      418.0023   525998    3.91%
Elapsed time = 91.25 sec. (60355.39 ticks, tree = 103.77 MB, solutions = 14)
  16397  5075        cutoff            435.0000      418.0023   544627    3.91%
  16759  4758        cutoff            435.0000      418.0023   588419    3.91%
  17146  4514        cutoff            435.0000      418.0023   597841    3.91%
  17488  4140      431.7959    29      435.0000      418.0023   648426    3.91%
  17874  3898        cutoff            435.0000      418.0023   662465    3.91%
  18233  3758      430.5973    72      435.0000      418.0023   670490    3.91%
* 18509+ 3533                          433.0000      418.0023             3.46%
  18591  3557        cutoff            433.0000      418.0023   695935    3.46%
  18906  3088        cutoff            433.0000      418.0023   730746    3.46%
  19190  3013        cutoff            433.0000      418.0023   734981    3.46%
  19488  2715      430.2474     9      433.0000      418.0023   780223    3.46%
Elapsed time = 114.40 sec. (69925.64 ticks, tree = 83.50 MB, solutions = 16)
  19825  2565      430.9600    90      433.0000      418.0023   803158    3.46%
  20129  2441      427.9096    16      433.0000      418.0023   810460    3.46%
  20460  2171        cutoff            433.0000      418.0023   859507    3.46%
  20857  2119        cutoff            433.0000      418.0023   870735    3.46%
  21350  2180      428.6152    85      433.0000      418.0023   874207    3.46%
* 21622  2009      integral     0      432.0000      418.0023   889999    3.24%
  21827  1860        cutoff            432.0000      418.0023   904118    3.24%
  22224  1753        cutoff            432.0000      418.0023   918719    3.24%
  22753  1407    infeasible            432.0000      418.0023   951055    3.24%
  23158  1410      428.7336   124      432.0000      418.0023   951841    3.24%
  23575  1180      426.7675    84      432.0000      418.0023   978167    3.24%
Elapsed time = 133.35 sec. (79486.26 ticks, tree = 30.30 MB, solutions = 17)
  24009  1306      423.0080    79      432.0000      418.0023   983862    3.24%
  24538  1397      422.9368   102      432.0000      418.0023  1006739    3.24%
  25396  1305        cutoff            432.0000      418.0023  1031496    3.24%
  26607  1471      424.4017    46      432.0000      418.0023  1029739    3.24%
  27373  1425        cutoff            432.0000      418.0023  1060675    3.24%
* 27617  1060      integral     0      426.0000      418.0023  1099307    1.88%
  28178   763      422.6451   117      426.0000      418.0023  1106401    1.88%
  28899   523      424.0000     1      426.0000      418.0023  1115708    1.88%
  29342   307    infeasible            426.0000      418.0023  1143660    1.88%
  29757   243        cutoff            426.0000      418.0023  1169264    1.88%
* 29903   193      integral     0      424.0000      418.0023  1184470    1.41%
  30235   141      419.5000    87      424.0000      418.0023  1197736    1.41%
Elapsed time = 148.03 sec. (89040.52 ticks, tree = 2.54 MB, solutions = 21)
* 30479   136      integral     0      423.0000      418.0023  1199524    1.18%
* 30582+   90                          421.0000      418.0023             0.71%
* 30696    33      integral     0      420.0000      418.0023  1226914    0.48%
  30701    58        cutoff            420.0000      418.0023  1219801    0.48%

GUB cover cuts applied:  1
Clique cuts applied:  19
Cover cuts applied:  96
Implied bound cuts applied:  7
Flow cuts applied:  3
Mixed integer rounding cuts applied:  198
Zero-half cuts applied:  11
Multi commodity flow cuts applied:  7
Lift and project cuts applied:  7
Gomory fractional cuts applied:  14

Root node processing (before b&c):
  Real time             =    5.04 sec. (5148.91 ticks)
Parallel b&c, 12 threads:
  Real time             =  144.79 sec. (85632.20 ticks)
  Sync time (average)   =   30.58 sec.
  Wait time (average)   =    0.02 sec.
                          ------------
Total (root+branch&cut) =  149.82 sec. (90781.11 ticks)
