Version identifier: 22.1.1.0 | 2022-11-28 | 9160aff4d
CPXPARAM_Read_DataCheck                          1
CPXPARAM_MIP_Strategy_NodeSelect                 0
CPXPARAM_MIP_Strategy_HeuristicFreq              10
CPXPARAM_TimeLimit                               388
Legacy callback                                  LD
Warning: Control callbacks may disable some MIP features.
Lazy constraint(s) or lazy constraint/branch callback is present.
    Disabling dual reductions (CPX_PARAM_REDUCE) in presolve.
    Disabling presolve reductions that prevent crushing forms (CPX_PARAM_PREREFORM).
         Disabling repeat represolve because of lazy constraint/incumbent callback.
Tried aggregator 1 time.
Reduced MIP has 150 rows, 5550 columns, and 11100 nonzeros.
Reduced MIP has 5550 binaries, 0 generals, 0 SOSs, and 0 indicators.
Presolve time = 0.00 sec. (3.52 ticks)
Probing time = 0.00 sec. (3.86 ticks)
Clique table members: 150.
MIP emphasis: balance optimality and feasibility.
MIP search method: traditional branch-and-cut.
Parallel mode: none, using 1 thread.
Root relaxation solution time = 0.00 sec. (3.28 ticks)

        Nodes                                         Cuts/
   Node  Left     Objective  IInf  Best Integer    Best Bound    ItCnt     Gap         Variable B NodeID Parent  Depth

      0     0      823.0000    20                    823.0000       85         
      0     2      825.2857    57                    825.3333       85                                 0             0
Elapsed time = 0.34 sec. (228.75 ticks, tree = 0.01 MB, solutions = 0)
     20    22      871.5000    26                    826.0000      198                  x_56_68 D     20     19     20
     40    42      953.5000    28                    826.0000      290                  x_57_48 D     40     39     40
     51    53     1053.0500    38                    826.0000      330                  x_51_39 D     51     50     51
     70    72     1235.0000    14                    826.0000      432                  x_28_50 U     70     69     70
     85    87     1451.2500    28                    826.0000      491                  x_52_45 U     85     84     85
    100   102     1691.5000     0                    826.0000      545                  x_64_26 U    100     99    100
    180    82     1249.3333    29                    826.0000      704                  x_58_22 D    180    179     81
    199   101     1609.0000    19                    826.0000      778                  x_21_48 U    199    198    100
    230   100     1461.0000    22                    826.0000      818                  x_47_36 D    230    229    100
*   258   125      integral     0     1757.0000      826.0000      920   52.99%
*   275   122      integral     0     1753.0000      826.0000      980   52.88%
*   287   121      integral     0     1739.0000      826.0000     1012   52.50%
*   288   120      integral     0     1734.0000      826.0000     1019   52.36%
*   292   120      integral     0     1728.0000      826.0000     1045   52.20%
*   298   119      integral     0     1723.0000      826.0000     1061   52.06%
*   305   118      integral     0     1708.0000      826.0000     1083   51.64%
*   307   116      integral     0     1695.0000      826.0000     1090   51.27%
*   313   114      integral     0     1636.0000      826.0000     1174   49.51%
*   315   113      integral     0     1632.0000      826.0000     1190   49.39%
*   317   111      integral     0     1628.0000      826.0000     1212   49.26%
    340   113        cutoff           1628.0000      826.0000     1356   49.26%           x_3_6 U    340    339    117
Elapsed time = 3.23 sec. (3463.60 ticks, tree = 0.56 MB, solutions = 11)
*   350+  104                         1608.0000      826.0000            48.63%
*   370+  109                         1605.0000      826.0000            48.54%
*   374   111      integral     0     1599.0000      826.0000     1512   48.34%
*   381   106      integral     0     1592.0000      826.0000     1542   48.12%
*   382   103      integral     0     1584.0000      826.0000     1543   47.85%
*   391    95      integral     0     1577.0000      826.0000     1680   47.62%
*   418    92      integral     0     1536.0000      826.0000     1776   46.22%
*   420    90      integral     0     1531.0000      826.0000     1795   46.05%
*   422    90      integral     0     1508.0000      826.0000     1813   45.23%
*   435    91      integral     0     1504.0000      826.0000     1913   45.08%
*   460    87      integral     0     1497.0000      826.0000     1986   44.82%
    472    90     1489.0000    37     1497.0000      826.0000     2088   44.82%         x_27_47 U    472    471     90
*   473    89      integral     0     1489.0000      826.0000     2089   44.53%
*   477    90      integral     0     1478.0000      826.0000     2102   44.11%
*   479    88      integral     0     1476.0000      826.0000     2107   44.04%
*   505    86      integral     0     1474.0000      826.0000     2217   43.96%
*   538    88      integral     0     1466.0000      826.0000     2425   43.66%
*   568    90      integral     0     1457.0000      826.0000     2546   43.31%
*   597    82      integral     0     1454.0000      826.0000     2764   43.19%
    620    84        cutoff           1454.0000      826.0000     2940   43.19%         x_20_58 D    620    619     91
*   640    79      integral     0     1452.0000      826.0000     3141   43.11%
*   652    80      integral     0     1444.0000      826.0000     3320   42.80%
*   657    77      integral     0     1439.0000      826.0000     3353   42.60%
*   671    75      integral     0     1437.0000      826.0000     3531   42.52%
*   708    86      integral     0     1434.0000      826.0000     3762   42.40%
*   747    80      integral     0     1427.0000      826.0000     3949   42.12%
    760    84        cutoff           1427.0000      826.0000     3986   42.12%         x_53_40 U    760    759     91
*   800    74      integral     0     1415.0000      826.0000     4266   41.63%
*   811    75      integral     0     1406.0000      826.0000     4361   41.25%
    886    71        cutoff           1406.0000      826.0000     4953   41.25%         x_34_64 U    886    880     75
*   953    66      integral     0     1400.0000      826.0000     5253   41.00%
*  1003    69      integral     0     1397.0000      826.0000     5570   40.87%
   1010    71     1391.2500    33     1397.0000      826.0000     5600   40.87%         x_12_47 D   1010   1008     73
*  1039    66      integral     0     1396.0000      826.0000     5754   40.83%
*  1058    69      integral     0     1393.0000      826.0000     5852   40.70%
*  1060    68      integral     0     1386.0000      826.0000     5872   40.40%
*  1095    67      integral     0     1361.0000      826.0000     6128   39.31%
*  1120    66      integral     0     1358.0000      826.0000     6494   39.18%
   1140    63     1338.5000    32     1358.0000      826.0000     6569   39.18%          x_5_39 U   1140   1139     64
*  1141    62      integral     0     1341.0000      826.0000     6577   38.40%
*  1167    59      integral     0     1329.0000      826.0000     6751   37.85%
*  1168    58      integral     0     1325.0000      826.0000     6753   37.66%
*  1264    59      integral     0     1324.0000      826.0000     7332   37.61%
   1266    57        cutoff           1324.0000      826.0000     7336   37.61%         x_36_44 U   1266   1255     61
*  1276    59      integral     0     1321.0000      826.0000     7391   37.47%
*  1286    57      integral     0     1317.0000      826.0000     7415   37.28%
*  1353    57      integral     0     1312.0000      826.0000     7857   37.04%
*  1368    55      integral     0     1308.0000      826.0000     7933   36.85%
   1372    58     1278.3333    35     1308.0000      826.0000     8027   36.85%         x_28_50 U   1372   1371     58
*  1375    59      integral     0     1299.0000      826.0000     8049   36.41%
*  1433    56      integral     0     1293.0000      826.0000     8417   36.12%
   1495    58     1286.5000    26     1293.0000      826.0000     8786   36.12%          x_7_22 N   1495   1461     62
*  1516    56      integral     0     1288.0000      826.0000     8931   35.87%
*  1553    55      integral     0     1287.0000      826.0000     9186   35.82%
*  1569    62      integral     0     1286.0000      826.0000     9256   35.77%
*  1610    55      integral     0     1279.0000      826.0000     9492   35.42%
*  1616    52      integral     0     1277.0000      826.0000     9523   35.32%
   1620    56     1269.3333    16     1277.0000      826.0000     9604   35.32%         x_75_31 D   1620   1619     56
Elapsed time = 6.58 sec. (13087.87 ticks, tree = 0.24 MB, solutions = 59)
*  1641    54      integral     0     1275.0000      826.0000     9682   35.22%
*  1653    61      integral     0     1274.0000      826.0000     9733   35.16%
*  1677    52      integral     0     1264.0000      826.0000     9828   34.65%
   1735    53        cutoff           1264.0000      826.0000    10336   34.65%         x_19_49 D   1735   1734     56
*  1760+   49                         1261.0000      826.0000            34.50%
*  1764    50      integral     0     1259.0000      826.0000    10515   34.39%
*  1769    49      integral     0     1255.0000      826.0000    10532   34.18%
   1828    61     1252.5000    16     1255.0000      826.0000    10897   34.18%         x_73_40 D   1828   1826     63
*  1897    59      integral     0     1252.0000      826.0000    11311   34.03%
*  1904    57      integral     0     1251.0000      826.0000    11360   33.97%
*  1916    55      integral     0     1247.0000      826.0000    11431   33.76%
   1930    57     1237.8333    63     1247.0000      826.0000    11533   33.76%         x_62_41 D   1930   1929     59
*  2000    53      integral     0     1237.0000      826.0000    11979   33.23%
*  2010    55      integral     0     1233.0000      826.0000    12027   33.01%
*  2012    52      integral     0     1225.0000      826.0000    12032   32.57%
*  2031    49      integral     0     1193.0000      826.0000    12282   30.76%
   2051    46     1191.8750    61     1193.0000      826.0000    12468   30.76%         x_57_33 D   2051   2050     49
*  2082    47      integral     0     1186.0000      826.0000    12715   30.35%
*  2140+   54                         1182.0000      826.0000            30.12%
   2160    51        cutoff           1182.0000      826.0000    13242   30.12%         x_51_39 U   2160   2118     53
*  2178    52      integral     0     1171.0000      826.0000    13344   29.46%
*  2207    48      integral     0     1170.0000      826.0000    13596   29.40%
*  2220+   51                         1169.0000      826.0000            29.34%
*  2257    44      integral     0     1162.0000      826.0000    13816   28.92%
*  2260+   40                         1152.0000      826.0000            28.30%
   2276    42        cutoff           1152.0000      826.0000    14049   28.30%         x_60_57 U   2276   2274     49
*  2287    39      integral     0     1137.0000      826.0000    14220   27.35%
*  2302    39      integral     0     1131.0000      826.0000    14765   26.97%
*  2312    39      integral     0     1129.0000      826.0000    14820   26.84%
*  2340+   36                         1126.0000      826.0000            26.64%
*  2343    34      integral     0     1124.0000      826.0000    15001   26.51%
   2370    36     1120.1667    71     1124.0000      826.0000    15194   26.51%         x_33_55 D   2370   2369     40
   2490    38     1120.0000    49     1124.0000      826.0000    15970   26.51%         x_27_25 U   2490   2489     40
*  2503    33      integral     0     1121.0000      826.0000    16022   26.32%
*  2513    32      integral     0     1119.0000      826.0000    16084   26.18%
*  2532    39      integral     0     1114.0000      826.0000    16362   25.85%
*  2546    30      integral     0     1107.0000      826.0000    16437   25.38%
*  2548    28      integral     0     1077.0000      826.0000    16505   23.31%
*  2556    30      integral     0     1076.0000      826.0000    16615   23.23%
*  2565    26      integral     0     1075.0000      826.0000    16810   23.16%
   2580    33        cutoff           1075.0000      826.0000    17027   23.16%         x_46_41 U   2580   2578     37
*  2618    41      integral     0     1070.0000      826.0000    17319   22.80%
*  2630+   32                         1065.0000      826.0000            22.44%
*  2650    32      integral     0     1056.0000      826.0000    17529   21.78%
*  2660+   29                         1050.0000      826.0000            21.33%
   2697    27        cutoff           1050.0000      826.0000    17924   21.33%         x_45_21 U   2697   2689     30
Elapsed time = 10.17 sec. (22703.74 ticks, tree = 0.12 MB, solutions = 95)
*  2700+   24                         1049.0000      826.0000            21.26%
*  2703    26      integral     0     1047.0000      826.0000    17958   21.11%
*  2739    31      integral     0     1042.0000      826.0000    18305   20.73%
*  2745    27      integral     0     1041.0000      826.0000    18344   20.65%
*  2795    23      integral     0     1038.0000      826.0000    18724   20.42%
   2820    22     1023.6000    81     1038.0000      826.0000    19114   20.42%         x_51_39 D   2820   2819     21
*  2845    28      integral     0     1037.0000      826.0000    19261   20.35%
*  2920    24      integral     0     1032.0000      826.0000    19800   19.96%
   2950    19        cutoff           1032.0000      826.0000    20351   19.96%         x_33_55 U   2950   2944     22
   3068    29        cutoff           1032.0000      826.0000    21492   19.96%         x_51_70 D   3068   3067     34
*  3111    23      integral     0     1026.0000      826.0000    21774   19.49%
*  3144    24      integral     0     1025.0000      826.0000    21996   19.41%
*  3178    19      integral     0     1019.0000      826.0000    22296   18.94%
   3202    16        cutoff           1019.0000      826.0000    22470   18.94%         x_48_47 U   3202   3188     20
   3345    29        cutoff           1019.0000      826.0000    23527   18.94%         x_17_53 U   3345   3344     36
*  3350+   24                         1017.0000      826.0000            18.78%
*  3403    24      integral     0     1014.0000      826.0000    24021   18.54%
   3480    19        cutoff           1014.0000      826.0000    24613   18.54%         x_56_68 D   3480   3479     23
*  3558    17      integral     0     1013.0000      826.0000    25259   18.46%
   3613    14     1005.6667    61     1013.0000      826.0000    25754   18.46%         x_51_39 N   3613   3235     14
*  3650+   19                         1010.0000      826.0000            18.22%
*  3655    16      integral     0     1008.0000      826.0000    26082   18.06%
*  3661    18      integral     0     1007.0000      826.0000    26121   17.97%         x_52_45 U   3661   3660     21
*  3732    16      integral     0     1006.0000      826.0000    26876   17.89%
*  3742    11      integral     0     1003.0000      826.0000    27065   17.65%         x_51_39 U   3742   3673     13
*  3750+   15                         1002.0000      826.0000            17.56%
*  3801    19      integral     0      997.0000      826.0000    27898   17.15%
   3873    18      996.0000    85      997.0000      826.0000    28469   17.15%         x_27_34 D   3873   3872     20
Elapsed time = 13.25 sec. (31371.68 ticks, tree = 0.12 MB, solutions = 115)
   4016    16      995.0000    81      997.0000      826.0000    30030   17.15%         x_68_15 D   4016   4014     19
*  4028    10      integral     0      995.0000      826.0000    30145   16.98%         x_64_59 U   4028   3992     13
*  4090     8      integral     0      982.0000      826.0000    30933   15.89%         x_35_30 U   4090   4089      9
*  4145     7      integral     0      973.0000      826.0000    31681   15.11%         x_72_24 D   4145   4144      8
*  4179     5      integral     0      967.0000      826.0000    31982   14.58%
*  4243     5      integral     0      958.0000      951.4000    32756    0.69%
*  4247     2      integral     0      955.0000      951.4000    32783    0.38%

User cuts applied:  768

Root node processing (before b&c):
  Real time             =    0.34 sec. (232.87 ticks)
Sequential b&c:
  Real time             =   13.80 sec. (33778.24 ticks)
                          ------------
Total (root+branch&cut) =   14.14 sec. (34011.11 ticks)
