Version identifier: 22.1.1.0 | 2022-11-28 | 9160aff4d
CPXPARAM_Read_DataCheck                          1
CPXPARAM_MIP_Strategy_NodeSelect                 0
CPXPARAM_MIP_Strategy_HeuristicFreq              1
CPXPARAM_TimeLimit                               388
Tried aggregator 1 time.
MIP Presolve eliminated 7 rows and 3 columns.
MIP Presolve added 2 rows and 0 columns.
MIP Presolve modified 20054 coefficients.
Reduced MIP has 5956 rows, 8912 columns, and 48330 nonzeros.
Reduced MIP has 8838 binaries, 0 generals, 0 SOSs, and 0 indicators.
Presolve time = 0.02 sec. (32.20 ticks)
Probing time = 0.01 sec. (5.99 ticks)
Tried aggregator 1 time.
Detecting symmetries...
Reduced MIP has 5956 rows, 8912 columns, and 48330 nonzeros.
Reduced MIP has 8838 binaries, 0 generals, 0 SOSs, and 0 indicators.
Presolve time = 0.02 sec. (26.27 ticks)
Probing time = 0.01 sec. (5.60 ticks)
Clique table members: 28721.
MIP emphasis: balance optimality and feasibility.
MIP search method: dynamic search.
Parallel mode: deterministic, using up to 12 threads.
Root relaxation solution time = 0.16 sec. (103.44 ticks)

        Nodes                                         Cuts/
   Node  Left     Objective  IInf  Best Integer    Best Bound    ItCnt     Gap

      0     0      763.5902   135                    763.5902     1346         
      0     0      881.4834   126                   Cuts: 136     1664         
      0     0      890.7127   166                   Cuts: 110     1921         
      0     0      891.2963   169                    Cuts: 81     2045         
      0     0      891.3949   151                   Cuts: 476     2177         
      0     0      891.4010   114                    Cuts: 41     2228         
Detecting symmetries...
      0     0      894.5000    38                    Cuts: 35     2486         
      0     0      894.5000    40                    Cuts: 28     2513         
      0     0      894.5000    41                     Cuts: 3     2532         
*     0+    0                        14423.0000      894.5000            93.80%
*     0+    0                         9451.0000      894.5000            90.54%
*     0+    0                         9193.0000      894.5000            90.27%
*     0+    0                         9107.0000      894.5000            90.18%
*     0+    0                         8049.0000      894.5000            88.89%
      0     0  -1.00000e+75     0     8049.0000      894.5000     2532   88.89%
Detecting symmetries...
      0     2      894.5000    40     8049.0000      894.5000     2532   88.89%
Elapsed time = 3.49 sec. (3553.81 ticks, tree = 0.02 MB, solutions = 5)
      5     7      908.3750   126     8049.0000      894.5000     3383   88.89%
     26    26      910.1444   109     8049.0000      895.1414     5708   88.88%
     56    39      919.2656   147     8049.0000      895.1414     7777   88.88%
     94    64      923.2500    87     8049.0000      895.2917    10791   88.88%
    252   176      930.7000    56     8049.0000      895.2917    16035   88.88%
    536   393      930.8636    99     8049.0000      895.2917    22248   88.88%
    782   697      951.6027    53     8049.0000      895.2917    34039   88.88%
*   831   626      integral     0      980.0000      895.2917    32729    8.64%
    927   814        cutoff            980.0000      895.2917    41291    8.64%
   1046   956      974.5569    44      980.0000      895.2917    49868    8.64%
   3087  1507    infeasible            980.0000      895.2917    91853    8.64%
Elapsed time = 8.09 sec. (6675.59 ticks, tree = 5.88 MB, solutions = 6)
   5967  1763    infeasible            980.0000      895.2917   156393    8.64%

Performing restart 1

Repeating presolve.
Tried aggregator 1 time.
MIP Presolve eliminated 3939 rows and 4046 columns.
MIP Presolve modified 405 coefficients.
Reduced MIP has 2017 rows, 4866 columns, and 20412 nonzeros.
Reduced MIP has 4792 binaries, 0 generals, 0 SOSs, and 0 indicators.
Presolve time = 0.01 sec. (15.76 ticks)
Tried aggregator 1 time.
Reduced MIP has 2017 rows, 4866 columns, and 20412 nonzeros.
Reduced MIP has 4792 binaries, 0 generals, 0 SOSs, and 0 indicators.
Presolve time = 0.01 sec. (12.42 ticks)
Represolve time = 0.08 sec. (82.80 ticks)
   7725     0      896.0352   144      980.0000      Cuts: 18   194130    8.57%
   7725     0      896.4138   138      980.0000     Cuts: 208   194347    8.53%
   7725     0      897.5024   123      980.0000      Cuts: 72   194669    8.42%
   7725     0      897.8243   119      980.0000      Cuts: 85   194901    8.39%
   7725     0      899.1991   151      980.0000     Cuts: 132   195358    8.24%
   7725     0      899.7368   149      980.0000     Cuts: 116   195626    8.19%
   7725     0      899.8389   149      980.0000     Cuts: 103   195817    8.18%
   7725     0      899.9979   157      980.0000     Cuts: 111   195975    8.16%
*  7725+    0                          977.0000      899.9979             7.88%
   7725     0      900.3661   113      977.0000     Cuts: 137   196292    7.84%
   7725     0      900.4459   131      977.0000      Cuts: 75   196400    7.84%
   7725     0      900.4459   128      977.0000      Cuts: 98   196446    7.84%
   7725     0      900.4459   129      977.0000      Cuts: 19   196490    7.84%
   7725     0      900.4459   134      977.0000     Cuts: 146   196588    7.84%
   7725     0      900.4459   129      977.0000      Cuts: 81   196706    7.84%
   7725     2      900.4459   125      977.0000      900.5577   196706    7.82%
   7733     6      903.4182    87      977.0000      902.2931   197293    7.65%
*  7821+    9                          974.0000      902.3387             7.36%
   7827    81      913.2561    98      974.0000      902.3387   206797    7.36%
   8082   306      924.6962    77      974.0000      902.3387   216619    7.36%
   9190   922      920.4188    40      974.0000      902.3387   229265    7.36%
  11412  3120      951.3959    47      974.0000      902.3387   252528    7.36%
  13935  3525        cutoff            974.0000      902.3387   340547    7.36%
  15541  3122      968.6667    33      974.0000      902.3387   423636    7.36%
* 16213  3030      integral     0      970.0000      902.3387   460985    6.98%
  16865  2988    infeasible            970.0000      902.3387   474872    6.98%
Elapsed time = 28.71 sec. (25009.77 ticks, tree = 5.90 MB, solutions = 9)
* 17947  2828      integral     0      962.0000      902.3387   528549    6.20%
* 18021  2862      integral     0      962.0000      902.3387   521207    6.20%
  19739  2603      950.2736    65      962.0000      902.3387   586927    6.20%
  21048  2392        cutoff            962.0000      902.3387   660084    6.20%
  22982  2571        cutoff            962.0000      902.3387   730116    6.20%
  25000  2212        cutoff            962.0000      902.3387   792672    6.20%
  26926  2352      960.6882    32      962.0000      902.3387   859075    6.20%
  30143  2164        cutoff            962.0000      902.3387   931573    6.20%
  31661  2090        cutoff            962.0000      902.3387   987634    6.20%
  33728  2276      952.3836    33      962.0000      902.3387  1069426    6.20%
* 36050+ 2234                          960.0000      902.3387             6.01%
  36065  2157      950.4205    42      960.0000      902.3387  1129425    6.01%
Elapsed time = 42.14 sec. (34104.89 ticks, tree = 3.32 MB, solutions = 12)
  37453  2018      953.5673    20      960.0000      902.3387  1182049    6.01%
  39559  2029      955.0000    16      960.0000      902.3387  1250506    6.01%
  41144  1990      955.4250    33      960.0000      902.3387  1304243    6.01%
  43198  1941      958.8003    64      960.0000      902.3387  1367924    6.01%
  44691  1915      954.7137    60      960.0000      902.3387  1420109    6.01%
  45688  1985        cutoff            960.0000      902.3387  1456746    6.01%
* 47112+ 1985                          956.0000      902.3387             5.61%
  47153  2013        cutoff            956.0000      902.3387  1495692    5.61%
  47796  1942        cutoff            956.0000      902.3387  1531036    5.61%
  49087  1767        cutoff            956.0000      902.3387  1572093    5.61%
  49724  1773      956.0000    32      956.0000      902.3387  1594045    5.61%
Elapsed time = 55.91 sec. (43651.72 ticks, tree = 2.87 MB, solutions = 13)
  50608  1724        cutoff            956.0000      902.3387  1612889    5.61%
* 51004+ 1964                          951.0000      902.3387             5.12%
  52088  1735      942.3733    34      951.0000      902.3387  1693212    5.12%
  52712  1741      942.1590    20      951.0000      902.3387  1721612    5.12%
* 54235  1607      integral     0      950.0000      902.3387  1737809    5.02%
  54816  1542      949.4357    58      950.0000      902.3387  1759246    5.02%
  56440  1433      939.3844    35      950.0000      902.3387  1863477    5.02%
  57868  1409      948.9118    60      950.0000      902.3387  1913538    5.02%
  60110  1352      935.1843    54      950.0000      902.3387  1962879    5.02%
* 60432  1277      integral     0      948.0000      902.3387  2019157    4.82%
* 60590  1244      integral     0      947.0000      902.3387  2029423    4.72%
* 61238  1157      integral     0      933.0000      902.3387  2062614    3.29%
Elapsed time = 66.81 sec. (51511.48 ticks, tree = 1.48 MB, solutions = 20)
  63109  1005    infeasible            933.0000      902.3387  2092073    3.29%
  65126   696      926.9185   116      933.0000      902.3387  2180508    3.29%
  66185   520        cutoff            933.0000      902.3387  2268171    3.29%
  67881   489      928.7616    18      933.0000      902.3387  2313635    3.29%
* 68240   468      integral     0      930.0000      902.3387  2313462    2.97%
  70385   455    infeasible            930.0000      902.3387  2373036    2.97%
  71907   468        cutoff            930.0000      902.3387  2436712    2.97%
  73366   495      914.1600    79      930.0000      902.3387  2529982    2.97%
  76427   618        cutoff            930.0000      902.3387  2551478    2.97%
  79059   873      923.0401    80      930.0000      902.3387  2671550    2.97%
  80453   882      913.4036    44      930.0000      902.3387  2780732    2.97%
Elapsed time = 80.33 sec. (61054.84 ticks, tree = 1.16 MB, solutions = 22)
  82815   921      918.4109    39      930.0000      902.3387  2802989    2.97%
  86151   746      922.8441    35      930.0000      902.3387  2924255    2.97%
  88610   561      927.7397    47      930.0000      902.3387  3031757    2.97%
  89827   508        cutoff            930.0000      902.3387  3074268    2.97%
* 90377   501      integral     0      929.0000      902.3387  3084415    2.87%
* 90849   460      integral     0      928.0000      902.3387  3099596    2.77%
* 91006   436      integral     0      927.0000      902.3387  3110469    2.66%
* 91467   382      integral     0      924.0000      902.3387  3125225    2.34%
  93893   237        cutoff            924.0000      902.3387  3170031    2.34%
  95019   243      915.1915    59      924.0000      902.3387  3262426    2.34%
  96982   323      915.1751    81      924.0000      902.3387  3312008    2.34%
  99967   810      921.3676    78      924.0000      902.3387  3400555    2.34%
Elapsed time = 92.04 sec. (69216.48 ticks, tree = 1.39 MB, solutions = 26)
*101325   835      integral     0      917.0000      902.3387  3444690    1.60%
 102602   235        cutoff            917.0000      902.3387  3560531    1.60%
 103405    15        cutoff            917.0000      904.5579  3633386    1.36%

GUB cover cuts applied:  45
Clique cuts applied:  2
Cover cuts applied:  43
Implied bound cuts applied:  8
Flow cuts applied:  7
Mixed integer rounding cuts applied:  89
Zero-half cuts applied:  47
Lift and project cuts applied:  8
Gomory fractional cuts applied:  8

Root node processing (before b&c):
  Real time             =    3.45 sec. (3529.20 ticks)
Parallel b&c, 12 threads:
  Real time             =   92.28 sec. (69021.68 ticks)
  Sync time (average)   =   11.79 sec.
  Wait time (average)   =    0.02 sec.
                          ------------
Total (root+branch&cut) =   95.73 sec. (72550.88 ticks)
