Version identifier: 22.1.1.0 | 2022-11-28 | 9160aff4d
CPXPARAM_Read_DataCheck                          1
CPXPARAM_MIP_Strategy_NodeSelect                 0
CPXPARAM_MIP_Strategy_HeuristicFreq              1
CPXPARAM_TimeLimit                               633
Tried aggregator 1 time.
MIP Presolve eliminated 10 rows and 5 columns.
MIP Presolve modified 35838 coefficients.
Reduced MIP has 10462 rows, 15841 columns, and 86511 nonzeros.
Reduced MIP has 15742 binaries, 0 generals, 0 SOSs, and 0 indicators.
Presolve time = 0.04 sec. (56.44 ticks)
Probing time = 0.01 sec. (8.43 ticks)
Tried aggregator 1 time.
Detecting symmetries...
Reduced MIP has 10462 rows, 15841 columns, and 86511 nonzeros.
Reduced MIP has 15742 binaries, 0 generals, 0 SOSs, and 0 indicators.
Presolve time = 0.03 sec. (47.34 ticks)
Probing time = 0.01 sec. (7.82 ticks)
Clique table members: 51218.
MIP emphasis: balance optimality and feasibility.
MIP search method: dynamic search.
Parallel mode: deterministic, using up to 12 threads.
Root relaxation solution time = 0.22 sec. (250.53 ticks)

        Nodes                                         Cuts/
   Node  Left     Objective  IInf  Best Integer    Best Bound    ItCnt     Gap

      0     0      351.1119   175                    351.1119     3159         
      0     0      405.8291   160                   Cuts: 144     3535         
      0     0      417.0766   146                   Cuts: 598     3892         
      0     0      417.6111   155                   Cuts: 575     4031         
      0     0      417.7500   142                   Cuts: 181     4322         
      0     0      418.0000    62                    Cuts: 75     4537         
Detecting symmetries...
      0     0      418.1562   147                    Cuts: 68     4669         
      0     0      418.1562   148                  Cuts: 1013     4730         
      0     0      418.1562   142                     Cuts: 3     4734         
*     0+    0                          993.0000      418.1562            57.89%
*     0+    0                          984.0000      418.1562            57.50%
      0     0  -1.00000e+75     0      984.0000      418.1562     4734   57.50%
Detecting symmetries...
      0     2      418.1562   140      984.0000      418.1562     4734   57.50%
Elapsed time = 7.05 sec. (6904.14 ticks, tree = 0.02 MB, solutions = 2)
      7     9      418.1562   140      984.0000      418.1562     4752   57.50%
     13    13      431.8239   171      984.0000      418.1562     7249   57.50%
     32    14      430.2621   139      984.0000      418.1562     8846   57.50%
*    38+   10                          965.0000      418.1562            56.67%
     48    27      430.7702   139      965.0000      418.1562    14447   56.67%
*    57+   10                          950.0000      418.1562            55.98%
     68    47      436.2667   110      950.0000      418.1562    17541   55.98%
    106    74      434.3333   110      950.0000      418.1562    23437   55.98%
    141    99      432.1250   170      950.0000      418.1562    25542   55.98%
    174   148      432.7083   182      950.0000      418.1562    30359   55.98%
    182   160      434.2419   166      950.0000      418.1562    32004   55.98%
    652   356      441.6836   157      950.0000      418.1562    41227   55.98%
Elapsed time = 13.56 sec. (10118.61 ticks, tree = 1.21 MB, solutions = 4)
    865   813      452.6142    82      950.0000      418.1562    63601   55.98%
   1029   931      453.1663   102      950.0000      418.1562    80080   55.98%
   1233  1173      452.2127   145      950.0000      418.1562    92873   55.98%
   1388  1315      469.7281   109      950.0000      418.1562   106164   55.98%
   1769  1436      469.6636   156      950.0000      418.1562   120354   55.98%
   2052  1841      478.1525    96      950.0000      418.1562   134621   55.98%
*  2244+ 2005                          905.0000      418.1562            53.79%
   2293  2230      470.9081   147      905.0000      418.1562   159329   53.79%
   2494  2402      481.3552    88      905.0000      418.1562   173598   53.79%
   2958  2654      484.3304    67      905.0000      418.1562   181492   53.79%
   3274  2998      498.8990   131      905.0000      418.1562   200523   53.79%
Elapsed time = 35.21 sec. (19704.85 ticks, tree = 37.56 MB, solutions = 5)
   3702  3306      506.9079   112      905.0000      418.1562   218522   53.79%
*  3965+ 3792                          605.0000      418.1562            30.88%
*  3975+ 3792                          568.0000      418.1562            26.38%
   3996  3866      538.0996    62      568.0000      418.1562   237043   26.38%
   4789  4101      541.3253    53      568.0000      418.1562   254121   26.38%
   5598  4620      544.6729    63      568.0000      418.1562   269764   26.38%
   6206  5438      563.7452    72      568.0000      418.1562   293248   26.38%
   7111  5676        cutoff            568.0000      418.1562   306953   26.38%

Performing restart 1

Repeating presolve.
Tried aggregator 1 time.
MIP Presolve eliminated 1611 rows and 1669 columns.
MIP Presolve modified 23690 coefficients.
Reduced MIP has 8851 rows, 14172 columns, and 70912 nonzeros.
Reduced MIP has 14073 binaries, 0 generals, 0 SOSs, and 0 indicators.
Presolve time = 0.06 sec. (89.34 ticks)
Tried aggregator 1 time.
Reduced MIP has 8851 rows, 14172 columns, and 70912 nonzeros.
Reduced MIP has 14073 binaries, 0 generals, 0 SOSs, and 0 indicators.
Presolve time = 0.03 sec. (43.86 ticks)
Represolve time = 0.39 sec. (319.09 ticks)
   7157     0      418.9444   158      568.0000     Cuts: 184   324510   26.24%
*  7157+    0                          535.0000      418.9444            21.69%
   7157     0      418.9722   168      535.0000     Cuts: 130   324619   21.69%
   7157     0      419.3333   149      535.0000      Cuts: 76   324742   21.62%
   7157     0      419.3333   141      535.0000     Cuts: 262   325004   21.62%
   7157     0      419.3750   180      535.0000     Cuts: 110   325163   21.61%
   7157     0      419.5000   171      535.0000     Cuts: 153   325637   21.59%
   7157     0      419.5000   170      535.0000     Cuts: 131   325857   21.59%
   7157     0      419.5000    60      535.0000      Cuts: 29   325879   21.59%
   7157     0      419.5000   153      535.0000      Cuts: 82   325987   21.59%
   7157     0      419.5000   121      535.0000     Cuts: 120   326059   21.59%
   7157     0      419.5000   107      535.0000     Cuts: 220   326157   21.59%
   7157     0      419.5000   116      535.0000      Cuts: 94   326216   21.59%
   7157     0      419.5000   145      535.0000       Cuts: 9   326240   21.59%
   7157     2      419.5000    54      535.0000      419.5000   326240   21.59%
   7158     3      419.5255   179      535.0000      419.5259   326688   21.58%
   7160     4      419.5315   172      535.0000      419.5370   326776   21.58%
   7163     7      420.0471    56      535.0000      419.5439   328062   21.58%
Elapsed time = 80.83 sec. (67931.89 ticks, tree = 0.02 MB, solutions = 9)
   7173    10      420.5000   130      535.0000      419.5439   329884   21.58%
   7195    14      422.2000   145      535.0000      419.6471   332239   21.56%
   7235    61      437.4823   128      535.0000      420.0000   352415   21.50%
   7294   106      422.0461   113      535.0000      420.0000   365342   21.50%
   7339   145      425.0242   100      535.0000      420.0000   369582   21.50%
   7654   226      428.4484   116      535.0000      420.0000   373006   21.50%
   8060   692      425.3866   136      535.0000      420.0000   384834   21.50%
   8679  1126      428.2476   134      535.0000      420.0000   388566   21.50%
   9460  1595      421.3442    98      535.0000      420.0000   392086   21.50%
  10576  2819      429.1337    84      535.0000      420.0000   401917   21.50%
Elapsed time = 101.81 sec. (77595.93 ticks, tree = 21.73 MB, solutions = 9)
  11103  3086      431.8545    74      535.0000      420.0000   403575   21.50%
  11260  3990      429.6013   124      535.0000      420.0000   408628   21.50%
  12006  4237      463.3087   146      535.0000      420.0000   410696   21.50%
* 12272+ 4425                          496.0000      420.0000            15.32%
  12591  4969      421.4267    55      496.0000      420.0000   415217   15.32%
  12757  4993      423.4335    64      496.0000      420.0000   416143   15.32%
  13132  5631      425.8936   105      496.0000      420.0000   421241   15.32%
  13600  5899      430.1646    99      496.0000      420.0000   423035   15.32%
  14405  6663      425.0814    90      496.0000      420.0000   428533   15.32%
  15485  7885      427.7682    61      496.0000      420.0000   435113   15.32%
  16211  8322      428.1245    65      496.0000      420.0000   438763   15.32%
Elapsed time = 125.05 sec. (89179.25 ticks, tree = 56.25 MB, solutions = 10)
  17181  9427      426.9782    74      496.0000      420.0000   446538   15.32%
  18484 10224      427.8686    87      496.0000      420.0000   451443   15.32%
  19645 11424      431.3279    74      496.0000      420.0000   456309   15.32%
* 19951+11774                          443.0000      420.0000             5.19%
  20565 10481      426.7568    97      443.0000      420.0000   463371    5.19%
  21545 10460    infeasible            443.0000      420.0000   483250    5.19%
  22372  9883        cutoff            443.0000      420.0000   513166    5.19%
  23001  9556      439.4330    21      443.0000      420.0000   527934    5.19%
  23715  9284      438.1360    63      443.0000      420.0000   542650    5.19%
  24660  8777        cutoff            443.0000      420.0000   568810    5.19%
* 24790  8829      integral     0      436.0000      420.0000   572786    3.67%
  25517  7787    infeasible            436.0000      420.0000   585571    3.67%
Elapsed time = 147.44 sec. (98724.62 ticks, tree = 52.10 MB, solutions = 12)
  26285  6985        cutoff            436.0000      420.0000   612569    3.67%
  27005  6520    infeasible            436.0000      420.0000   631128    3.67%
  27771  5910    infeasible            436.0000      420.0000   661802    3.67%
  28777  5834      429.7390    61      436.0000      420.0000   677186    3.67%
  29954  5366        cutoff            436.0000      420.0000   720403    3.67%
  30827  5090      431.4060   118      436.0000      420.0000   739772    3.67%
  31690  4780      433.0670    68      436.0000      420.0000   774475    3.67%
  32595  4245        cutoff            436.0000      420.0000   817184    3.67%
  33635  4231      427.2424   122      436.0000      420.0000   857420    3.67%
  34556  4035        cutoff            436.0000      420.0000   871954    3.67%
Elapsed time = 169.59 sec. (108267.67 ticks, tree = 27.19 MB, solutions = 12)
  35524  3757        cutoff            436.0000      420.0000   908232    3.67%
  36219  3377        cutoff            436.0000      420.0000   952920    3.67%
  37104  3173        cutoff            436.0000      420.0000   992939    3.67%
  37779  3168        cutoff            436.0000      420.0000  1009748    3.67%
  38563  3169      428.0560    95      436.0000      420.0000  1029502    3.67%
  39387  2869      431.4354    60      436.0000      420.0000  1048568    3.67%
  40693  3004      429.1094    76      436.0000      420.0000  1093053    3.67%
  41711  2766      429.1243    88      436.0000      420.0000  1117748    3.67%
  42763  2822        cutoff            436.0000      420.0000  1156536    3.67%
  43663  2602      434.3696    58      436.0000      420.0000  1165396    3.67%
Elapsed time = 191.71 sec. (117814.80 ticks, tree = 17.09 MB, solutions = 12)
  44345  2482      434.1414    30      436.0000      420.0000  1185284    3.67%
  44746  2481      431.2747    50      436.0000      420.0000  1227485    3.67%
  45363  2641      432.3923    53      436.0000      420.0000  1235121    3.67%
  46356  2878        cutoff            436.0000      420.0000  1245302    3.67%
  47031  2791        cutoff            436.0000      420.0000  1262966    3.67%
  47625  2444      434.4268    33      436.0000      420.0000  1275319    3.67%
  48081  2417      433.6423   104      436.0000      420.0000  1278673    3.67%
  48475  2190      432.5279    72      436.0000      420.0000  1300507    3.67%
  49109  2254      427.4853    47      436.0000      420.0000  1302312    3.67%
  49571  2127        cutoff            436.0000      420.0000  1340537    3.67%
Elapsed time = 208.51 sec. (127365.33 ticks, tree = 16.67 MB, solutions = 12)
  49761  2121      429.5884    68      436.0000      420.0000  1341029    3.67%
  49960  2115      431.7242    40      436.0000      420.0000  1352034    3.67%
  50520  2157        cutoff            436.0000      420.0000  1362430    3.67%
  51102  2200    infeasible            436.0000      420.0000  1372475    3.67%
  51577  2159      434.3139    76      436.0000      420.0000  1395209    3.67%
  52009  2108      433.2065   127      436.0000      420.0000  1410812    3.67%
  52593  2218      432.2237    41      436.0000      420.0000  1412209    3.67%
* 52960  2082      integral     0      435.0000      420.0000  1419972    3.45%
  53213  2016        cutoff            435.0000      420.0000  1437314    3.45%
  53639  1970        cutoff            435.0000      420.0000  1445025    3.45%
  54635  1839        cutoff            435.0000      420.0000  1482865    3.45%
Elapsed time = 228.14 sec. (139796.68 ticks, tree = 14.61 MB, solutions = 13)
  57052  2446      430.6350   104      435.0000      420.0000  1522704    3.45%
  59174  2121        cutoff            435.0000      420.0000  1603197    3.45%
  60767  1710      433.6667    84      435.0000      420.0000  1637426    3.45%
  63364  2099      430.9747    50      435.0000      420.0000  1700246    3.45%
  66129  2336        cutoff            435.0000      420.0000  1761202    3.45%
  67840  2031      426.6156    91      435.0000      420.0000  1820567    3.45%
  70258  2058      428.4662    96      435.0000      420.0000  1905941    3.45%
  70908  1960      433.6515    43      435.0000      420.0000  1995973    3.45%
  71894  1955        cutoff            435.0000      420.0000  2019848    3.45%
  72800  1883      427.8068    90      435.0000      420.0000  2056201    3.45%
Elapsed time = 286.59 sec. (177957.51 ticks, tree = 11.32 MB, solutions = 13)
  73856  1826        cutoff            435.0000      420.0000  2110329    3.45%
* 74534  1700      integral     0      432.0000      420.0000  2128778    2.78%

Performing restart 2

Repeating presolve.
Tried aggregator 1 time.
MIP Presolve eliminated 635 rows and 8974 columns.
MIP Presolve added 2 rows and 0 columns.
MIP Presolve modified 3831 coefficients.
Reduced MIP has 8218 rows, 5198 columns, and 53294 nonzeros.
Reduced MIP has 5099 binaries, 0 generals, 0 SOSs, and 0 indicators.
Presolve time = 0.05 sec. (60.18 ticks)
Tried aggregator 1 time.
MIP Presolve eliminated 849 rows and 0 columns.
MIP Presolve modified 5497 coefficients.
Reduced MIP has 7369 rows, 5198 columns, and 49400 nonzeros.
Reduced MIP has 5099 binaries, 0 generals, 0 SOSs, and 0 indicators.
Presolve time = 0.04 sec. (50.64 ticks)
Represolve time = 0.42 sec. (426.32 ticks)
  74619     0      419.6923   166      432.0000     Cuts: 135  2147387    2.78%
  74619     0      419.6923   162      432.0000     Cuts: 185  2147446    2.78%
  74619     0      419.6923   160      432.0000      Cuts: 69  2147504    2.78%
  74619     0      419.6923   130      432.0000      Cuts: 16  2147527    2.78%
  74619     0      419.7119   194      432.0000     Cuts: 221  2147661    2.78%
  74619     0      419.7119   178      432.0000      Cuts: 73  2147754    2.78%
  74619     0      419.7119   185      432.0000     Cuts: 179  2147874    2.78%
  74619     0      419.7130   180      432.0000      Cuts: 33  2147967    2.78%
  74619     0      419.7143   166      432.0000      Cuts: 48  2148021    2.78%
  74619     0      419.7143   185      432.0000     Cuts: 134  2148160    2.78%
  74619     0      419.7143   194      432.0000      Cuts: 53  2148334    2.78%

Repeating presolve.
Tried aggregator 2 times.
MIP Presolve eliminated 52 rows and 580 columns.
MIP Presolve added 22 rows and 0 columns.
MIP Presolve modified 7939 coefficients.
Aggregator did 4 substitutions.
Reduced MIP has 7335 rows, 4614 columns, and 79830 nonzeros.
Reduced MIP has 4515 binaries, 0 generals, 0 SOSs, and 0 indicators.
Presolve time = 0.06 sec. (85.66 ticks)
Tried aggregator 1 time.
MIP Presolve eliminated 204 rows and 0 columns.
MIP Presolve modified 12083 coefficients.
Reduced MIP has 7131 rows, 4614 columns, and 79345 nonzeros.
Reduced MIP has 4515 binaries, 0 generals, 0 SOSs, and 0 indicators.
Presolve time = 0.05 sec. (68.07 ticks)
Represolve time = 0.69 sec. (575.72 ticks)
  74619     0      419.7143   204      432.0000      Cuts: 85  2151144    2.78%
  74619     0      419.7241   186      432.0000     Cuts: 253  2151369    2.78%
  74619     0      419.7273   168      432.0000     Cuts: 104  2151432    2.78%
  74619     0      419.7500   158      432.0000      Cuts: 87  2151488    2.78%
  74619     0      419.7500   168      432.0000     Cuts: 155  2151586    2.78%
  74619     0      419.7500   163      432.0000      Cuts: 71  2151686    2.78%
  74619     0      419.7619   178      432.0000      Cuts: 80  2151743    2.78%
  74619     0      419.7619   180      432.0000     Cuts: 140  2151819    2.78%
  74619     0      419.7619   184      432.0000      Cuts: 28  2151862    2.78%
  74619     0      419.7619   188      432.0000      Cuts: 89  2151925    2.78%
  74619     2      419.7619   176      432.0000      420.0000  2151925    2.78%
  74677    46      423.0540   131      432.0000      420.0000  2184048    2.78%
  74936   214      428.4536    18      432.0000      420.0000  2216464    2.78%
  76160   584      427.8606    58      432.0000      420.0000  2243858    2.78%
  77563   484        cutoff            432.0000      420.0000  2327457    2.78%
  79346   506      429.6584    54      432.0000      420.0000  2397603    2.78%
  81240   465        cutoff            432.0000      420.0000  2473084    2.78%
  82888   439      427.0799    47      432.0000      420.0000  2541170    2.78%
  84529   523        cutoff            432.0000      420.0000  2610055    2.78%
Elapsed time = 380.17 sec. (249803.76 ticks, tree = 12.15 MB, solutions = 14)
  86840   539      429.2000    51      432.0000      420.0000  2683278    2.78%
  88803   686      430.8316    35      432.0000      420.0000  2753151    2.78%
  91154  1093        cutoff            432.0000      420.0000  2830860    2.78%
  92972  1072        cutoff            432.0000      420.0000  2900495    2.78%
  95391   998      428.3557   126      432.0000      420.0000  2964253    2.78%
  97152   715      428.8571    71      432.0000      420.0000  3044385    2.78%
  98796   250      428.3249    64      432.0000      420.0000  3135267    2.78%
 100496   314        cutoff            432.0000      420.0000  3193141    2.78%
 101786   271        cutoff            432.0000      420.0000  3276101    2.78%
 103859   221      430.0558    42      432.0000      420.0000  3350599    2.78%
Elapsed time = 446.41 sec. (287968.16 ticks, tree = 3.76 MB, solutions = 14)
 105464   617      427.7107   127      432.0000      420.0000  3432084    2.78%
 107177  1091      427.1646   109      432.0000      420.0000  3515248    2.78%
 108653  1171      427.4573    84      432.0000      420.0000  3590456    2.78%
 109941   884      428.2038    95      432.0000      420.0000  3669348    2.78%
 111297   905        cutoff            432.0000      420.0000  3724911    2.78%
 112365   642        cutoff            432.0000      420.0000  3802928    2.78%
 113596   576      429.0815    46      432.0000      420.0000  3909340    2.78%
*114413+  451                          429.0000      420.0000             2.10%
 114870   372      425.1230    68      429.0000      420.0000  3963250    2.10%
 116290   153        cutoff            429.0000      420.0000  4028859    2.10%
 117418   364      425.7194   157      429.0000      420.0000  4158389    2.10%
Elapsed time = 516.01 sec. (326146.20 ticks, tree = 3.98 MB, solutions = 15)
 118810   411        cutoff            429.0000      420.0000  4183916    2.10%
*119771   430      integral     0      427.0000      420.0000  4240591    1.64%
 121520   144      425.8771    93      427.0000      420.0000  4326886    1.64%
 122408    43        cutoff            427.0000      420.0000  4391872    1.64%
 123776   106        cutoff            427.0000      420.8938  4507717    1.43%
 125318    63        cutoff            427.0000      421.6398  4555132    1.26%

GUB cover cuts applied:  31
Clique cuts applied:  2
Cover cuts applied:  162
Implied bound cuts applied:  9
Flow cuts applied:  18
Mixed integer rounding cuts applied:  242
Zero-half cuts applied:  28
Lift and project cuts applied:  34
Gomory fractional cuts applied:  16

Root node processing (before b&c):
  Real time             =    6.99 sec. (6849.60 ticks)
Parallel b&c, 12 threads:
  Real time             =  545.18 sec. (343771.87 ticks)
  Sync time (average)   =   86.43 sec.
  Wait time (average)   =    0.12 sec.
                          ------------
Total (root+branch&cut) =  552.16 sec. (350621.48 ticks)
