Version identifier: 22.1.1.0 | 2022-11-28 | 9160aff4d
CPXPARAM_Read_DataCheck                          1
CPXPARAM_MIP_Strategy_NodeSelect                 0
CPXPARAM_MIP_Strategy_HeuristicFreq              1
CPXPARAM_TimeLimit                               265
Tried aggregator 2 times.
MIP Presolve eliminated 133 rows and 523 columns.
MIP Presolve added 20 rows and 0 columns.
MIP Presolve modified 19760 coefficients.
Aggregator did 4 substitutions.
Reduced MIP has 3777 rows, 5079 columns, and 27906 nonzeros.
Reduced MIP has 5020 binaries, 0 generals, 0 SOSs, and 0 indicators.
Presolve time = 0.03 sec. (37.17 ticks)
Found incumbent of value 14290.000000 after 0.07 sec. (79.03 ticks)
Probing time = 0.02 sec. (5.48 ticks)
Tried aggregator 1 time.
Detecting symmetries...
Reduced MIP has 3777 rows, 5079 columns, and 27906 nonzeros.
Reduced MIP has 5020 binaries, 0 generals, 0 SOSs, and 0 indicators.
Presolve time = 0.01 sec. (15.49 ticks)
Probing time = 0.02 sec. (5.51 ticks)
Clique table members: 4027.
MIP emphasis: balance optimality and feasibility.
MIP search method: dynamic search.
Parallel mode: deterministic, using up to 12 threads.
Root relaxation solution time = 0.05 sec. (31.24 ticks)

        Nodes                                         Cuts/
   Node  Left     Objective  IInf  Best Integer    Best Bound    ItCnt     Gap

*     0+    0                        14290.0000        0.0000           100.00%
      0     0     2378.2442    99    14290.0000     2378.2442      565   83.36%
*     0+    0                        10721.0000     2378.2442            77.82%
      0     0     2527.9237   122    10721.0000     Cuts: 150      776   76.42%
      0     0     2571.3561   112    10721.0000     Cuts: 735      869   76.02%
      0     0     2574.7500    77    10721.0000     Cuts: 416      945   75.98%
      0     0     2577.5431    91    10721.0000      Cuts: 75      998   75.96%
      0     0     2583.5000   101    10721.0000     Cuts: 101     1057   75.90%
Detecting symmetries...
      0     0     2595.1250    87    10721.0000     Cuts: 171     1103   75.79%
      0     0     2595.3000   112    10721.0000     Cuts: 155     1153   75.79%
      0     0     2595.7000    65    10721.0000      Cuts: 15     1186   75.79%
      0     0     2601.6154   105    10721.0000      Cuts: 65     1253   75.73%
*     0+    0                         7988.0000     2601.6154            67.43%
*     0+    0                         7774.0000     2601.6154            66.53%
      0     0  -1.00000e+75     0     7774.0000     2601.6154     1253   66.53%
      0     0     2602.3000    70     7774.0000     Cuts: 203     1314   66.53%
      0     0     2602.8227   100     7774.0000      Cuts: 35     1368   66.52%
*     0+    0                         7591.0000     2602.8227            65.71%
      0     0     2602.8319   119     7591.0000     Cuts: 101     1414   65.71%
Detecting symmetries...
      0     2     2602.8319   111     7591.0000     2602.8800     1414   65.71%
Elapsed time = 1.81 sec. (1845.97 ticks, tree = 0.02 MB, solutions = 5)
      2     3     2602.8319   117     7591.0000     2602.8800     1422   65.71%
     55    31     2602.8319   121     7591.0000     2602.8800     1832   65.71%
    532   353     2604.9905    95     7591.0000     2602.8800     4183   65.71%
   1630  1100     2610.1250   122     7591.0000     2602.8800     9787   65.71%
*  2104+ 1910                         7215.0000     2602.8800            63.92%
   2717  2431     2628.8647   107     7215.0000     2602.8800    23412   63.92%
*  2932+ 1854                         5422.0000     2602.8800            51.99%
   3389  3244     2664.1548    86     5422.0000     2602.8800    32013   51.99%
   3645  3602     2782.5487    88     5422.0000     2602.8800    39370   51.99%
   4419  4164     2776.9718    74     5422.0000     2602.8800    48281   51.99%
   4802  4753     3637.3228    45     5422.0000     2602.8800    59278   51.99%

Performing restart 1

Repeating presolve.
Tried aggregator 1 time.
MIP Presolve modified 7692 coefficients.
Reduced MIP has 3777 rows, 5079 columns, and 25686 nonzeros.
Reduced MIP has 5020 binaries, 0 generals, 0 SOSs, and 0 indicators.
Presolve time = 0.01 sec. (20.21 ticks)
Tried aggregator 1 time.
Reduced MIP has 3777 rows, 5079 columns, and 25686 nonzeros.
Reduced MIP has 5020 binaries, 0 generals, 0 SOSs, and 0 indicators.
Presolve time = 0.01 sec. (16.47 ticks)
Represolve time = 0.11 sec. (90.82 ticks)
*  5569+    0                         5046.0000     2602.8800            48.42%
   5569     0     2603.5500   121     5046.0000     Cuts: 147    77083   48.40%
   5569     0     2604.7000    79     5046.0000      Cuts: 71    77183   48.38%
   5569     0     2604.8667    85     5046.0000      Cuts: 89    77270   48.38%
   5569     0     2606.2308   109     5046.0000      Cuts: 53    77386   48.35%
   5569     0     2606.2308   109     5046.0000     Cuts: 110    77482   48.35%
   5569     0     2606.2308   100     5046.0000      Cuts: 37    77537   48.35%
   5569     0     2606.2308    96     5046.0000      Cuts: 34    77580   48.35%
   5569     0     2606.2609    97     5046.0000      Cuts: 16    77619   48.35%
   5569     0     2607.0270    90     5046.0000     Cuts: 103    77705   48.33%
   5569     0     2607.4138    91     5046.0000      Cuts: 67    77781   48.33%
   5569     0     2607.6304   105     5046.0000      Cuts: 13    77817   48.32%
   5569     0     2607.6304   112     5046.0000     Cuts: 143    77873   48.32%
   5569     0     2607.6304   109     5046.0000      Cuts: 17    77909   48.32%
*  5569+    0                         4670.0000     2607.6304            44.16%
   5569     2     2607.6304    94     4670.0000     2607.6304    77909   44.16%
Elapsed time = 14.52 sec. (14306.27 ticks, tree = 0.02 MB, solutions = 11)
   5577     6     2638.0340    72     4670.0000     2609.0000    78422   44.13%
   5668    59     2615.9425    92     4670.0000     2611.3314    82431   44.08%
   6023   319     2624.3070    87     4670.0000     2611.3314    89317   44.08%
   7178  1290     2711.3064    71     4670.0000     2611.3314   100047   44.08%
   8892  2840     3096.1743    71     4670.0000     2611.3314   111849   44.08%
  11175  5148     3953.8334    72     4670.0000     2611.3314   125377   44.08%
  13693  7495     2784.9890    69     4670.0000     2611.3314   139721   44.08%
* 13919+ 7742                         4445.0000     2611.3314            41.25%
* 15207+ 8696                         3709.0000     2611.3314            29.59%
* 15268+ 8696                         3620.0000     2611.3314            27.86%
  15268  9102     3724.2103    30     3620.0000     2611.3314   155112   27.86%
  17207  8376        cutoff           3620.0000     2611.3314   179025   27.86%
  19184  8765     3409.2254    33     3620.0000     2611.3314   216321   27.86%
Elapsed time = 28.59 sec. (24806.42 ticks, tree = 23.13 MB, solutions = 14)
  20512  8823     3405.3103    52     3620.0000     2611.3314   259465   27.86%
  21843  8415     3264.0923    52     3620.0000     2611.3314   311728   27.86%
  23355  8181        cutoff           3620.0000     2611.3314   355235   27.86%
  24338  8055        cutoff           3620.0000     2611.3314   394813   27.86%
  25003  7913        cutoff           3620.0000     2611.3314   418719   27.86%
  25504  7894        cutoff           3620.0000     2611.3314   442051   27.86%
  26372  7875        cutoff           3620.0000     2611.3314   458841   27.86%
  28853  7839        cutoff           3620.0000     2611.3314   511242   27.86%
  31220  7768     3325.6769    36     3620.0000     2611.3314   563677   27.86%
  32332  7710     3477.4318    41     3620.0000     2611.3314   600394   27.86%
Elapsed time = 41.70 sec. (34348.25 ticks, tree = 20.38 MB, solutions = 14)
  34931  7658     3418.5068    48     3620.0000     2611.3314   632551   27.86%
  37318  7481        cutoff           3620.0000     2611.3314   689388   27.86%
  38718  7369        cutoff           3620.0000     2611.3314   718406   27.86%
  41747  7376     3453.2663    53     3620.0000     2611.3314   767288   27.86%
* 42634+ 7342                         3609.0000     2611.3314            27.64%
* 42937+ 7314                         3549.0000     2611.3314            26.42%
* 42938+ 7314                         3173.0000     2611.3314            17.70%
  43032  7335     3426.0000    43     3173.0000     2611.3314   802796   17.70%
* 43813+ 7314                         3164.0000     2611.3314            17.47%
  44125  7285        cutoff           3164.0000     2611.3314   824407   17.47%
* 44354+ 7327                         3158.0000     2611.3314            17.31%
* 44546+ 7327                         3123.0000     2611.3314            16.38%
* 44760+ 7342                         3075.0000     2611.3314            15.08%
  44797  7313     3208.4509    63     3075.0000     2611.3314   852030   15.08%
* 45357+ 7334                         3054.0000     2611.3314            14.49%
* 45545+ 7321                         3030.0000     2611.3314            13.82%
  45832  7360        cutoff           3030.0000     2611.3314   857484   13.82%
  46930  4048        cutoff           3030.0000     2611.3314   884512   13.82%
  47537  3279        cutoff           3030.0000     2611.3314   906527   13.82%
Elapsed time = 57.98 sec. (43893.58 ticks, tree = 9.28 MB, solutions = 21)
* 47543+ 7327                         3017.0000     2611.3314            13.45%
  47877  3087     2965.4940    52     3017.0000     2611.3314   912751   13.45%
  48374  2858        cutoff           3017.0000     2611.3314   925228   13.45%
  49612  2744    infeasible           3017.0000     2611.3314   937774   13.45%
  51410  2734     3014.2000     4     3017.0000     2611.3314   953794   13.45%
* 54665+ 7327                         2997.0000     2611.3314            12.87%
  55074  3445     3014.2000     4     2997.0000     2611.3314   968007   12.87%
* 55264+ 7327                         2962.0000     2611.3314            11.84%
  58643  2775     2931.4983    13     2962.0000     2611.3314   985399   11.84%
  59824  2260        cutoff           2962.0000     2611.3314  1010186   11.84%
* 60120+ 2193                         2956.0000     2611.3314            11.66%
* 60225+ 2076                         2934.0000     2611.3314            11.00%
  60243  2085     2875.6101    53     2934.0000     2611.3314  1055276   11.00%

Performing restart 2

Repeating presolve.
Tried aggregator 1 time.
MIP Presolve eliminated 7 rows and 2372 columns.
MIP Presolve modified 4688 coefficients.
Reduced MIP has 3770 rows, 2707 columns, and 34709 nonzeros.
Reduced MIP has 2648 binaries, 0 generals, 0 SOSs, and 0 indicators.
Presolve time = 0.02 sec. (27.44 ticks)
Tried aggregator 1 time.
MIP Presolve eliminated 78 rows and 0 columns.
MIP Presolve modified 6703 coefficients.
Reduced MIP has 3692 rows, 2707 columns, and 31193 nonzeros.
Reduced MIP has 2648 binaries, 0 generals, 0 SOSs, and 0 indicators.
Presolve time = 0.02 sec. (30.42 ticks)
Represolve time = 0.31 sec. (267.96 ticks)
  60338     0     2608.4576   102     2934.0000     Cuts: 171  1073871   11.00%
  60338     0     2609.2066   127     2934.0000      Cuts: 73  1073984   11.00%
  60338     0     2609.2908   140     2934.0000     Cuts: 171  1074093   11.00%
  60338     0     2609.5025   139     2934.0000      Cuts: 59  1074195   11.00%
  60338     0     2609.5749   142     2934.0000     Cuts: 122  1074292   11.00%
  60338     0     2609.6155   138     2934.0000      Cuts: 70  1074368   11.00%
  60338     0     2609.6155   140     2934.0000      Cuts: 38  1074432   11.00%
  60338     0     2609.6155   138     2934.0000      Cuts: 44  1074480   11.00%
  60338     0     2609.6155   144     2934.0000      Cuts: 37  1074565   11.00%
  60338     2     2609.6155   131     2934.0000     2611.3314  1074565   11.00%
  60342     6     2611.4510    63     2934.0000     2611.3314  1075113   11.00%
Elapsed time = 76.92 sec. (60373.87 ticks, tree = 0.02 MB, solutions = 55)
  60348    12     2632.0273    72     2934.0000     2611.3314  1076179   11.00%
* 60357+    9                         2863.0000     2611.3314             8.79%
  60376    24     2611.1626    90     2863.0000     2611.3314  1077861    8.79%
  60441    68     2636.8649    78     2863.0000     2611.9123  1082063    8.77%
  60649   152     2623.6571    60     2863.0000     2611.9123  1087050    8.77%
  61044   385     2709.9232    60     2863.0000     2611.9123  1095108    8.77%
  61842   791     2798.1339    55     2863.0000     2611.9123  1110474    8.77%
  62946  1207     2829.0000     3     2863.0000     2611.9123  1147259    8.77%
* 63494  1211      integral     0     2829.0000     2611.9123  1151401    7.67%
  64451  1327        cutoff           2829.0000     2611.9123  1159625    7.67%
  66027  1196        cutoff           2829.0000     2611.9123  1244016    7.67%
  66991   954     2789.5257    58     2829.0000     2611.9123  1289541    7.67%
Elapsed time = 89.77 sec. (70021.66 ticks, tree = 1.09 MB, solutions = 57)
  68739  1060     2783.1517    50     2829.0000     2611.9123  1345978    7.67%
  70037  1006     2779.3014    59     2829.0000     2611.9123  1410161    7.67%
  71752   966     2826.6667    63     2829.0000     2611.9123  1467942    7.67%
  73068   919        cutoff           2829.0000     2611.9123  1507836    7.67%
  75013   685     2789.1388    74     2829.0000     2611.9123  1582849    7.67%
  76553  1023     2782.4520    55     2829.0000     2611.9123  1629301    7.67%
* 76776   865      integral     0     2758.0000     2611.9123  1627128    5.30%
  78309   561        cutoff           2758.0000     2611.9123  1656518    5.30%
  79749   467        cutoff           2758.0000     2611.9123  1742413    5.30%
  81135   449     2699.3395    72     2758.0000     2611.9123  1786852    5.30%
  82894   436        cutoff           2758.0000     2611.9123  1851123    5.30%
Elapsed time = 103.03 sec. (79562.99 ticks, tree = 0.46 MB, solutions = 60)
  84041   573        cutoff           2758.0000     2611.9123  1891897    5.30%
* 84875   605      integral     0     2729.0000     2611.9123  1929350    4.29%
  85395   575     2738.3042    39     2729.0000     2611.9123  1944201    4.29%
* 85816   500      integral     0     2724.0000     2611.9123  1957637    4.11%
  86748   384     2673.4878    46     2724.0000     2611.9123  2023390    4.11%
  87749   447     2669.6779    92     2724.0000     2611.9123  2067006    4.11%
  89478   387        cutoff           2724.0000     2611.9123  2121696    4.11%
  90870   429        cutoff           2724.0000     2611.9123  2183788    4.11%
  92035   583        cutoff           2724.0000     2611.9123  2210800    4.11%
  93645   273        cutoff           2724.0000     2611.9123  2310845    4.11%
  94573   264     2687.0915    74     2724.0000     2611.9123  2353794    4.11%
  96036   225        cutoff           2724.0000     2611.9123  2378558    4.11%
Elapsed time = 116.16 sec. (89111.02 ticks, tree = 0.30 MB, solutions = 62)
  97389   487     2697.3625    13     2724.0000     2611.9123  2451100    4.11%
* 97396   452      integral     0     2697.0000     2611.9123  2461412    3.15%
* 98444   306      integral     0     2692.0000     2611.9123  2477739    2.98%
  99066   285     2640.3648    46     2692.0000     2611.9123  2496518    2.98%
* 99455+  253                         2691.0000     2611.9123             2.94%
  99963   260     2666.9885    58     2691.0000     2611.9123  2548182    2.94%
 101371   328     2660.5455    81     2691.0000     2611.9123  2592949    2.94%
 102899   291     2665.7273    84     2691.0000     2611.9123  2669104    2.94%
 103806   191     2665.1346    91     2691.0000     2611.9123  2726844    2.94%
 104607   146        cutoff           2691.0000     2611.9123  2746252    2.94%
 106018   135     2646.0000    53     2691.0000     2611.9123  2799890    2.94%
 107360   124     2682.4519    68     2691.0000     2611.9123  2867354    2.94%
*107394+  124                         2686.0000     2611.9123             2.76%
*108050+  132                         2671.0000     2612.6335             2.19%
 108275   161     2678.2474    55     2671.0000     2612.6335  2897242    2.19%
Elapsed time = 129.47 sec. (98658.04 ticks, tree = 0.28 MB, solutions = 71)
 109359    86     2645.4371   102     2671.0000     2612.6335  2976921    2.19%
 110053    30     2661.5714    59     2671.0000     2612.6335  3020048    2.19%
*110153+   87                         2645.0000     2612.6335             1.22%
 110638    40     2632.0000     8     2645.0000     2627.1333  3095463    0.68%
*110665     7      integral     0     2632.0000     2627.1333  3096002    0.18%

GUB cover cuts applied:  4
Clique cuts applied:  57
Cover cuts applied:  356
Implied bound cuts applied:  5
Flow cuts applied:  7
Mixed integer rounding cuts applied:  189
Zero-half cuts applied:  36
Multi commodity flow cuts applied:  2
Lift and project cuts applied:  11
Gomory fractional cuts applied:  41

Root node processing (before b&c):
  Real time             =    1.80 sec. (1846.38 ticks)
Parallel b&c, 12 threads:
  Real time             =  131.31 sec. (99824.97 ticks)
  Sync time (average)   =   18.45 sec.
  Wait time (average)   =    0.07 sec.
                          ------------
Total (root+branch&cut) =  133.11 sec. (101671.36 ticks)
