Version identifier: 22.1.1.0 | 2022-11-28 | 9160aff4d
CPXPARAM_Read_DataCheck                          1
CPXPARAM_MIP_Strategy_NodeSelect                 0
CPXPARAM_MIP_Strategy_HeuristicFreq              1
CPXPARAM_TimeLimit                               388
Tried aggregator 2 times.
MIP Presolve eliminated 138 rows and 856 columns.
MIP Presolve added 6 rows and 0 columns.
MIP Presolve modified 31374 coefficients.
Aggregator did 3 substitutions.
Reduced MIP has 5848 rows, 8056 columns, and 44530 nonzeros.
Reduced MIP has 7982 binaries, 0 generals, 0 SOSs, and 0 indicators.
Presolve time = 0.04 sec. (58.51 ticks)
Probing fixed 1 vars, tightened 0 bounds.
Probing time = 0.04 sec. (12.93 ticks)
Tried aggregator 1 time.
Detecting symmetries...
MIP Presolve eliminated 1 rows and 1 columns.
Reduced MIP has 5847 rows, 8055 columns, and 44525 nonzeros.
Reduced MIP has 7981 binaries, 0 generals, 0 SOSs, and 0 indicators.
Presolve time = 0.02 sec. (24.43 ticks)
Probing time = 0.02 sec. (6.77 ticks)
Clique table members: 13654.
MIP emphasis: balance optimality and feasibility.
MIP search method: dynamic search.
Parallel mode: deterministic, using up to 12 threads.
Root relaxation solution time = 0.03 sec. (52.81 ticks)

        Nodes                                         Cuts/
   Node  Left     Objective  IInf  Best Integer    Best Bound    ItCnt     Gap

      0     0     1057.0140   146                   1057.0140      756         
*     0+    0                         9834.0000     1057.0140            89.25%
*     0+    0                         6775.0000     1057.0140            84.40%
      0     0     1182.8663   153     6775.0000     Cuts: 190     1023   82.54%
      0     0     1206.4695   100     6775.0000     Cuts: 229     1167   82.19%
      0     0     1211.8514   160     6775.0000      Cuts: 88     1275   82.11%
      0     0     1214.8601   154     6775.0000     Cuts: 124     1363   82.07%
*     0+    0                         3591.0000     1214.8601            66.17%
      0     0  -1.00000e+75     0     3591.0000     1214.8601     1363   66.17%
      0     0     1216.9403   154     3591.0000     Cuts: 140     1489   66.11%
Detecting symmetries...
      0     0     1219.3176   142     3591.0000     Cuts: 145     1599   66.05%
      0     0     1222.3055   149     3591.0000      Cuts: 93     1671   65.96%
*     0+    0                         3497.0000     1222.3055            65.05%
      0     0     1225.8861   144     3497.0000      Cuts: 50     1788   64.94%
      0     0     1225.9818   156     3497.0000      Cuts: 62     1843   64.86%
      0     0     1227.9444   112     3497.0000      Cuts: 17     1946   64.86%
      0     0     1228.6667   118     3497.0000     Cuts: 339     2040   64.86%
      0     0     1228.9000   131     3497.0000      Cuts: 67     2080   64.86%
      0     0     1228.9000   121     3497.0000      Cuts: 55     2103   64.86%
Detecting symmetries...
      0     2     1228.9000   105     3497.0000     1228.9000     2103   64.86%
Elapsed time = 3.50 sec. (3645.66 ticks, tree = 0.02 MB, solutions = 4)
      6     7     1233.5714   109     3497.0000     1228.9000     2574   64.86%
     44    30     1246.1790    84     3497.0000     1234.0868     5119   64.71%
    144   110     1259.9381    91     3497.0000     1234.0894    11522   64.71%
    206   142     1257.6060    68     3497.0000     1234.0894    14038   64.71%
    445   371     1308.7387    72     3497.0000     1234.0894    24124   64.71%
    837   524     1272.3508    69     3497.0000     1234.0894    27752   64.71%
*   979+  860                         2549.0000     1234.0894            51.59%
*   993+  925                         2477.0000     1234.0894            50.18%
   1016   838     1303.0548    62     2477.0000     1234.0894    34959   50.18%
   1179  1071     1558.2859    44     2477.0000     1234.0894    40910   50.18%
   1514  1302     1275.7878   113     2477.0000     1234.0894    45244   50.18%
*  1697+ 1199                         2244.0000     1234.0894            45.00%
*  1715  1370      integral     0     2117.0000     1234.0894    47091   41.71%
*  1747  1368      integral     0     2108.0000     1234.0894    47119   41.46%
*  1790  1366      integral     0     2040.0000     1234.0894    47133   39.51%
Elapsed time = 6.81 sec. (5901.83 ticks, tree = 45.21 MB, solutions = 10)
*  3028+ 2428                         2033.0000     1234.0894            39.30%
*  3041+ 2427                         1906.0000     1234.0894            35.25%
*  3079+ 2617                         1779.0000     1234.0894            30.63%
*  3097+ 2607                         1652.0000     1234.0894            25.30%
*  3108+ 2607                         1635.0000     1234.0894            24.52%
*  3133+ 2533                         1525.0000     1234.0894            19.08%
   3653  2537     1511.9447    40     1525.0000     1234.0894    74691   19.08%

Performing restart 1

Repeating presolve.
Tried aggregator 1 time.
MIP Presolve eliminated 798 rows and 828 columns.
MIP Presolve modified 11182 coefficients.
Reduced MIP has 5049 rows, 7227 columns, and 37207 nonzeros.
Reduced MIP has 7153 binaries, 0 generals, 0 SOSs, and 0 indicators.
Presolve time = 0.02 sec. (29.61 ticks)
Tried aggregator 1 time.
Reduced MIP has 5049 rows, 7227 columns, and 37207 nonzeros.
Reduced MIP has 7153 binaries, 0 generals, 0 SOSs, and 0 indicators.
Presolve time = 0.02 sec. (23.28 ticks)
Represolve time = 0.17 sec. (132.43 ticks)
   4109     0     1232.5231   134     1525.0000      Cuts: 84    89684   19.08%
   4109     0     1237.1111   160     1525.0000     Cuts: 118    89853   18.88%
   4109     0     1237.4533   158     1525.0000     Cuts: 263    89939   18.86%
   4109     0     1237.9492   125     1525.0000      Cuts: 56    90060   18.82%
   4109     0     1238.5625   170     1525.0000     Cuts: 106    90188   18.78%
   4109     0     1240.1259   164     1525.0000      Cuts: 94    90357   18.68%
   4109     0     1240.4286   156     1525.0000     Cuts: 135    90459   18.66%
   4109     0     1240.4483   164     1525.0000      Cuts: 96    90555   18.66%
   4109     0     1240.9983   170     1525.0000      Cuts: 66    90641   18.62%
   4109     0     1241.1250   162     1525.0000     Cuts: 131    90771   18.61%
   4109     0     1241.2613   159     1525.0000      Cuts: 53    90824   18.61%
   4109     0     1241.2613   167     1525.0000      Cuts: 66    90887   18.61%
   4109     0     1241.2613   159     1525.0000      Cuts: 12    90912   18.61%
   4109     0     1241.2613   162     1525.0000      Cuts: 25    90947   18.61%
   4109     0     1241.2667   162     1525.0000      Cuts: 52    91007   18.61%
   4109     2     1241.2667   157     1525.0000     1241.2667    91007   18.61%
   4112     5     1247.2812   106     1525.0000     1242.0000    91741   18.56%
   4132    14     1249.0000   102     1525.0000     1242.0000    94131   18.56%
   4189    57     1249.3832    80     1525.0000     1242.0000    98371   18.56%
   4426   187     1242.9318   109     1525.0000     1242.0000   104478   18.56%
   4983   567     1260.2321   102     1525.0000     1242.0000   113236   18.56%
   5973  1367     1259.4059    67     1525.0000     1242.0000   124050   18.56%
   7232  2751     1267.5980    79     1525.0000     1242.0000   138755   18.56%
   8757  4118     1270.9185    71     1525.0000     1242.0000   150897   18.56%
Elapsed time = 36.00 sec. (32040.86 ticks, tree = 13.72 MB, solutions = 17)
  10369  5841     1295.2284    64     1525.0000     1242.0000   165497   18.56%
  11945  7454     1318.5049    58     1525.0000     1242.0000   176714   18.56%
  13656  8969        cutoff           1525.0000     1242.0000   193545   18.56%
  15001  9588     1497.8948    46     1525.0000     1242.0000   218022   18.56%
  16143  9188        cutoff           1525.0000     1242.0000   275978   18.56%
  17309  8967     1377.5405    42     1525.0000     1242.0000   315657   18.56%
  18667  8769        cutoff           1525.0000     1242.0000   359763   18.56%
  19899  8690        cutoff           1525.0000     1242.0000   389201   18.56%
  21325  8508        cutoff           1525.0000     1242.0000   440943   18.56%
  22637  8422        cutoff           1525.0000     1242.0000   469603   18.56%
Elapsed time = 52.29 sec. (41583.81 ticks, tree = 28.23 MB, solutions = 17)
  24184  8477        cutoff           1525.0000     1242.0000   521572   18.56%
  26384  8281     1465.8463    52     1525.0000     1242.0000   562122   18.56%
  28445  8454     1432.2553    61     1525.0000     1242.0000   631620   18.56%
  30169  8051     1410.9867    54     1525.0000     1242.0000   684788   18.56%
  32108  8067     1426.4507    49     1525.0000     1242.0000   734295   18.56%
  32905  7907     1490.1759    42     1525.0000     1242.0000   784464   18.56%
  33351  7772     1407.0656    75     1525.0000     1242.0000   802017   18.56%
* 33931  7802      integral     0     1508.0000     1242.0000   814200   17.64%
  35317  7749        cutoff           1508.0000     1242.0000   836755   17.64%
  37210  7540     1403.1430    65     1508.0000     1242.0000   888773   17.64%
  38954  7444     1475.1824    31     1508.0000     1242.0000   920909   17.64%
Elapsed time = 67.61 sec. (51133.33 ticks, tree = 23.87 MB, solutions = 18)
* 40846  7325      integral     0     1455.0000     1242.0000  1001900   14.64%
* 41807+ 7213                         1454.0000     1242.0000            14.58%
* 41853+ 7218                         1306.0000     1242.0000             4.90%
  41908  7052     1392.6216    50     1306.0000     1242.0000  1041140    4.90%
* 41916+ 7218                         1294.0000     1242.0000             4.02%
  42295  6984     1445.6037    42     1294.0000     1242.0000  1049926    4.02%
  43130  6964     1384.6163    40     1294.0000     1242.0000  1076106    4.02%
* 43252+ 7218                         1293.0000     1242.0000             3.94%
  43598  6830     1449.3378    41     1293.0000     1242.0000  1087444    3.94%
  44136  6795     1382.0579    60     1293.0000     1242.0000  1108336    3.94%
  45046  6901        cutoff           1293.0000     1242.0000  1130927    3.94%
  45572  6614     1451.2688    57     1293.0000     1242.0000  1156277    3.94%
  46087  6534     1453.1599    52     1293.0000     1242.0000  1172861    3.94%
  46435  6524     1355.5616    37     1293.0000     1242.0000  1178909    3.94%
Elapsed time = 81.45 sec. (60666.20 ticks, tree = 21.98 MB, solutions = 19)
  46771  6453        cutoff           1293.0000     1242.0000  1203405    3.94%
  47316  6377        cutoff           1293.0000     1242.0000  1216818    3.94%
  48161  6609        cutoff           1293.0000     1242.0000  1226844    3.94%
  48738  6504     1413.4535    54     1293.0000     1242.0000  1256082    3.94%
  49385  4450        cutoff           1293.0000     1242.0000  1278930    3.94%
  50886  2855        cutoff           1293.0000     1242.0000  1312830    3.94%
  51362  2362    infeasible           1293.0000     1242.0000  1333429    3.94%
  51507  2290        cutoff           1293.0000     1242.0000  1338468    3.94%
  51816  2259        cutoff           1293.0000     1242.0000  1343434    3.94%
  52646  2113     1281.8349    59     1293.0000     1242.0000  1356483    3.94%
Elapsed time = 95.34 sec. (70224.97 ticks, tree = 6.32 MB, solutions = 22)
  53402  1967        cutoff           1293.0000     1242.0000  1372331    3.94%
  54108  1763        cutoff           1293.0000     1242.0000  1407467    3.94%
  54717  1650     1252.1639    78     1293.0000     1242.0000  1424628    3.94%
  55325  1416        cutoff           1293.0000     1242.0000  1469886    3.94%
  56110  1368        cutoff           1293.0000     1242.0000  1502006    3.94%
  56903  1345     1289.4060    62     1293.0000     1242.0000  1508546    3.94%
  57620  1308        cutoff           1293.0000     1242.0000  1523903    3.94%
  58099  1165        cutoff           1293.0000     1242.0000  1575591    3.94%
  58400  1132        cutoff           1293.0000     1242.0000  1587090    3.94%
  58632  1145     1285.2308    93     1293.0000     1242.0000  1600716    3.94%
Elapsed time = 108.72 sec. (79774.66 ticks, tree = 3.39 MB, solutions = 25)
  59596  1125        cutoff           1293.0000     1242.0000  1623552    3.94%
  60574  1128     1282.5676    54     1293.0000     1242.0000  1634663    3.94%
  61658  1070     1288.4694    32     1293.0000     1242.0000  1684356    3.94%
  62933  1022        cutoff           1293.0000     1242.0000  1709349    3.94%
  64100  1002     1286.3474    41     1293.0000     1242.0000  1749352    3.94%
  65062   980     1274.4801    96     1293.0000     1242.0000  1782892    3.94%
  65623   943     1280.6667    40     1293.0000     1242.0000  1800403    3.94%
  66334   972     1280.9069    68     1293.0000     1242.0000  1824079    3.94%
  67516   914    infeasible           1293.0000     1242.0000  1844283    3.94%
  68615   918        cutoff           1293.0000     1242.0000  1888142    3.94%
Elapsed time = 121.11 sec. (89319.65 ticks, tree = 2.53 MB, solutions = 42)
  69721   949        cutoff           1293.0000     1242.0000  1912070    3.94%
  71395   988        cutoff           1293.0000     1242.0000  1969458    3.94%
  72689   892     1280.9197    80     1293.0000     1242.0000  1998323    3.94%
  73322   929        cutoff           1293.0000     1242.0000  2034187    3.94%
  75022   944    infeasible           1293.0000     1242.0000  2060616    3.94%
  77178   855     1283.2170    69     1293.0000     1242.0000  2107620    3.94%
  78265   810     1284.3934    47     1293.0000     1242.0000  2125468    3.94%
  78666   775     1291.5000    64     1293.0000     1242.0000  2183932    3.94%
  79419   805     1282.8324    52     1293.0000     1242.0000  2197289    3.94%
  81163   828     1286.0718    61     1293.0000     1242.0000  2238009    3.94%
Elapsed time = 135.90 sec. (98865.08 ticks, tree = 2.47 MB, solutions = 42)
  82481   787        cutoff           1293.0000     1242.0000  2252697    3.94%
  83544   820     1287.0136    59     1293.0000     1242.0000  2335698    3.94%
  84383   794        cutoff           1293.0000     1242.0000  2364507    3.94%
  85161   799     1278.1965    66     1293.0000     1242.0000  2403130    3.94%
  87086   771     1274.9075   110     1293.0000     1242.0000  2456688    3.94%
  89056   734     1289.5000    68     1293.0000     1242.0000  2474185    3.94%
  90565   796     1280.1637    72     1293.0000     1242.0000  2556818    3.94%
  91543   793        cutoff           1293.0000     1242.0000  2582039    3.94%
  92342   757     1275.0481    54     1293.0000     1242.0000  2617095    3.94%
  97839   690     1264.1196    66     1293.0000     1242.0000  2790486    3.94%
Elapsed time = 155.80 sec. (111270.30 ticks, tree = 2.14 MB, solutions = 42)
 103342  1138        cutoff           1293.0000     1242.0000  2955999    3.94%
 109005  1278     1283.5890   110     1293.0000     1242.0000  3131966    3.94%
 114622   702     1281.9078    46     1293.0000     1242.0000  3324379    3.94%
 119305   680     1287.8862    92     1293.0000     1242.0000  3442922    3.94%
 125675   912     1281.5631    64     1293.0000     1242.0000  3645885    3.94%
 129805   614        cutoff           1293.0000     1242.0000  3778117    3.94%
 135342   592     1285.3676    65     1293.0000     1242.0000  3982990    3.94%
*137002+  685                         1292.0000     1242.0000             3.87%
 139837  1002        cutoff           1292.0000     1242.0000  4180190    3.87%
*143912+ 1126                         1289.0000     1242.0000             3.65%
 145647   573        cutoff           1289.0000     1242.0000  4312335    3.65%
 149662   587     1280.5183    57     1289.0000     1242.0000  4480768    3.65%
Elapsed time = 215.24 sec. (149427.45 ticks, tree = 2.00 MB, solutions = 44)
*150353+  596                         1279.0000     1242.0000             2.89%
 154167   602     1272.1231    71     1279.0000     1242.0000  4677794    2.89%
 158387   440     1271.8929    72     1279.0000     1242.0000  4838223    2.89%
 163374   839     1276.6196    47     1279.0000     1242.0000  5001053    2.89%
 167713   962        cutoff           1279.0000     1242.0000  5169969    2.89%
 171949   441     1272.6909    54     1279.0000     1242.0000  5360138    2.89%
 177000   359     1264.9565    88     1279.0000     1242.0000  5548202    2.89%
*178735   420      integral     0     1278.0000     1242.0000  5633268    2.82%
 180595   444     1267.6545   112     1278.0000     1242.0000  5680759    2.82%
 186048   392     1274.5388    65     1278.0000     1242.0000  5867123    2.82%
 190641   378        cutoff           1278.0000     1242.0000  6029572    2.82%
 194360   534     1263.4823    83     1278.0000     1242.0000  6206851    2.82%
Elapsed time = 274.73 sec. (187579.81 ticks, tree = 2.04 MB, solutions = 46)
 201166   446    infeasible           1278.0000     1242.0000  6393430    2.82%
*204187   788      integral     0     1275.0000     1242.0000  6517841    2.59%
 204625   924        cutoff           1275.0000     1242.0000  6545434    2.59%
 209393   842        cutoff           1275.0000     1242.0000  6720539    2.59%
 212930   758     1273.1267    65     1275.0000     1242.0000  6916756    2.59%
 217217   292        cutoff           1275.0000     1242.0000  7111328    2.59%
 221401   401     1272.2162    53     1275.0000     1242.0000  7223978    2.59%
 224349   454        cutoff           1275.0000     1242.0000  7443303    2.59%
 228310   625        cutoff           1275.0000     1242.0000  7586778    2.59%
 232155   289        cutoff           1275.0000     1242.0000  7826657    2.59%
 236363   503        cutoff           1275.0000     1242.0000  7973981    2.59%
Elapsed time = 333.18 sec. (225736.83 ticks, tree = 1.85 MB, solutions = 47)
 240025   579     1272.9556    52     1275.0000     1242.0000  8200976    2.59%
 244357   386        cutoff           1275.0000     1242.0000  8365833    2.59%
Starting limited solution polishing.
 248538   472        cutoff           1275.0000     1242.0000  8540076    2.59%
 250656  1045     1270.6250    73     1275.0000     1242.0000  8697627    2.59%
*251227+  983                         1270.0000     1242.0000             2.20%
 253712  1096        cutoff           1270.0000     1242.0000  8843362    2.20%
*253952+ 1100                         1267.0000     1242.0000             1.97%
 255707   694     1263.0340    62     1267.0000     1242.0000  8968820    1.97%
 257821   202     1258.6220    80     1267.0000     1242.0000  9117976    1.97%
*259332+  239                         1265.0000     1242.0000             1.82%
 259614   271     1257.1784   102     1265.0000     1242.0000  9237908    1.82%
 260897   279     1257.4127   118     1265.0000     1242.0000  9337055    1.82%

GUB cover cuts applied:  4
Clique cuts applied:  61
Cover cuts applied:  802
Implied bound cuts applied:  8
Flow cuts applied:  11
Mixed integer rounding cuts applied:  234
Zero-half cuts applied:  53
Multi commodity flow cuts applied:  2
Lift and project cuts applied:  28
Gomory fractional cuts applied:  37

Root node processing (before b&c):
  Real time             =    3.47 sec. (3627.55 ticks)
Parallel b&c, 12 threads:
  Real time             =  384.56 sec. (260716.76 ticks)
  Sync time (average)   =   40.61 sec.
  Wait time (average)   =    0.06 sec.
                          ------------
Total (root+branch&cut) =  388.02 sec. (264344.30 ticks)
