Version identifier: 22.1.1.0 | 2022-11-28 | 9160aff4d
CPXPARAM_Read_DataCheck                          1
CPXPARAM_MIP_Strategy_NodeSelect                 0
CPXPARAM_MIP_Strategy_HeuristicFreq              1
CPXPARAM_TimeLimit                               633
Tried aggregator 1 time.
MIP Presolve eliminated 10 rows and 5 columns.
MIP Presolve modified 35838 coefficients.
Reduced MIP has 10463 rows, 15841 columns, and 92158 nonzeros.
Reduced MIP has 15742 binaries, 0 generals, 0 SOSs, and 0 indicators.
Presolve time = 0.04 sec. (59.25 ticks)
Probing time = 0.01 sec. (8.47 ticks)
Tried aggregator 1 time.
Detecting symmetries...
Reduced MIP has 10463 rows, 15841 columns, and 92158 nonzeros.
Reduced MIP has 15742 binaries, 0 generals, 0 SOSs, and 0 indicators.
Presolve time = 0.04 sec. (49.55 ticks)
Probing time = 0.01 sec. (7.89 ticks)
Clique table members: 54041.
MIP emphasis: balance optimality and feasibility.
MIP search method: dynamic search.
Parallel mode: deterministic, using up to 12 threads.
Root relaxation solution time = 0.13 sec. (138.71 ticks)

        Nodes                                         Cuts/
   Node  Left     Objective  IInf  Best Integer    Best Bound    ItCnt     Gap

      0     0      563.0000   221                    563.0000     1671         
      0     0      600.5960   216                   Cuts: 179     2398         
      0     0      611.5000   202                   Cuts: 640     2701         
      0     0      614.5000   201                   Cuts: 236     2936         
      0     0      615.7551   212                   Cuts: 242     3435         
      0     0      616.2000   232                   Cuts: 501     3787         
Detecting symmetries...
      0     0      616.3667   189                   Cuts: 876     4227         
      0     0      616.5000   174                   Cuts: 243     4372         
      0     0      616.5000   188                   Cuts: 191     4530         
      0     0      616.5000   161                    Cuts: 13     4712         
      0     0      616.5017   189                   Cuts: 341     4968         
*     0+    0                        10805.0000      616.5017            94.29%
*     0+    0                         7473.0000      616.5017            91.75%
*     0+    0                         2956.0000      616.5017            79.14%
*     0+    0                         1910.0000      616.5017            67.72%
      0     0  -1.00000e+75     0     1910.0000      616.5017     4968   67.72%
Detecting symmetries...
      0     2      616.5017   164     1910.0000      616.5017     4968   67.72%
Elapsed time = 7.81 sec. (7112.57 ticks, tree = 0.02 MB, solutions = 4)
      4     6      616.5850   149     1910.0000      616.5017     5360   67.72%
     19    16      616.5135   170     1910.0000      616.5017     6192   67.72%
*    20+   10                         1715.0000      616.5017            64.05%
     68    46      616.5850   173     1715.0000      616.5017     8011   64.05%
    133   108      616.5017   176     1715.0000      616.5017     9404   64.05%
    382   260      616.5850   169     1715.0000      616.5017    11204   64.05%
    657   511      616.5135   173     1715.0000      616.5017    14806   64.05%
    869   710      616.5017   186     1715.0000      616.5017    18515   64.05%
    900   819      616.8421   186     1715.0000      616.5017    20854   64.05%
    943   906      617.0034   173     1715.0000      616.5017    22192   64.05%
   1817  1512      617.2000   143     1715.0000      616.5017    33856   64.05%
Elapsed time = 14.15 sec. (10728.97 ticks, tree = 8.94 MB, solutions = 7)
   2816  2674      617.7358   185     1715.0000      616.5017    52754   64.05%
*  3903+ 3675                         1650.0000      616.5017            62.64%
*  3944+ 3764                         1620.0000      616.5017            61.94%
*  3952+ 3747                         1493.0000      616.5017            58.71%
   3983  3645      619.6546   143     1493.0000      616.5017    67799   58.71%
   4679  4300      619.2516   198     1493.0000      616.5017    77152   58.71%
   5606  5416      619.9956   182     1493.0000      616.5017    90916   58.71%
   6688  6213      622.3874   175     1493.0000      616.5017   101446   58.71%
*  6955+ 6714                         1320.0000      616.5017            53.30%
   7772  7178      619.7818   176     1320.0000      616.5017   113041   53.30%
   7993  7942      624.4822   199     1320.0000      616.5017   122701   53.30%
*  8305+ 3766                         1275.0000      616.5017            51.65%
   8931  8422      628.3340   187     1275.0000      616.5017   128009   51.65%
   9701  9388      628.1703   161     1275.0000      616.5017   141846   51.65%
   9739  8778      625.0989   196     1275.0000      616.5017   132457   51.65%
Elapsed time = 31.69 sec. (20396.27 ticks, tree = 60.35 MB, solutions = 15)

Performing restart 1

Repeating presolve.
Tried aggregator 1 time.
MIP Presolve eliminated 1 rows and 1 columns.
MIP Presolve modified 26430 coefficients.
Reduced MIP has 10462 rows, 15840 columns, and 85274 nonzeros.
Reduced MIP has 15741 binaries, 0 generals, 0 SOSs, and 0 indicators.
Presolve time = 0.06 sec. (105.47 ticks)
Tried aggregator 1 time.
Reduced MIP has 10462 rows, 15840 columns, and 85274 nonzeros.
Reduced MIP has 15741 binaries, 0 generals, 0 SOSs, and 0 indicators.
Presolve time = 0.04 sec. (52.17 ticks)
Represolve time = 0.42 sec. (352.10 ticks)
   9740     0      617.6500   159     1275.0000     Cuts: 170   151391   51.56%
   9740     0      618.1815   196     1275.0000     Cuts: 167   151830   51.52%
   9740     0      618.2021   171     1275.0000     Cuts: 160   152057   51.51%
   9740     0      618.2302   178     1275.0000     Cuts: 108   152263   51.51%
   9740     0      618.2302   165     1275.0000      Cuts: 80   152495   51.51%
   9740     0      618.6622   142     1275.0000      Cuts: 36   152717   51.48%
   9740     0      618.6667   192     1275.0000     Cuts: 134   152894   51.48%
   9740     0      618.7000   158     1275.0000     Cuts: 109   153240   51.47%
   9740     0      618.7000   177     1275.0000     Cuts: 145   153500   51.47%
   9740     0      618.7000   147     1275.0000      Cuts: 49   153612   51.47%
   9740     0      618.7000   169     1275.0000      Cuts: 74   153751   51.47%
   9740     0      618.7000   167     1275.0000      Cuts: 34   153957   51.47%
   9740     0      618.7000   141     1275.0000      Cuts: 22   154025   51.47%
   9740     0      618.7000   151     1275.0000      Cuts: 22   154087   51.47%
*  9740+    0                         1166.0000      618.7000            46.94%
   9740     2      618.7000   136     1166.0000      618.7000   154087   46.94%
   9742     4      620.6667    99     1166.0000      619.0000   154714   46.91%
   9743     5      621.0024   178     1166.0000      619.0000   154961   46.91%
   9748     6      621.6000   185     1166.0000      619.0000   155156   46.91%
   9761    11      622.2000   182     1166.0000      619.0000   156409   46.91%
   9788    25      622.2857   190     1166.0000      619.0000   159038   46.91%
   9835    35      620.0289   162     1166.0000      619.0000   162904   46.91%
   9935   123      624.2000    85     1166.0000      619.0000   178662   46.91%
  10157   293      628.3610   121     1166.0000      619.0000   186934   46.91%
  10519   425      621.8647    86     1166.0000      619.0000   190870   46.91%
Elapsed time = 90.98 sec. (72695.22 ticks, tree = 20.21 MB, solutions = 16)
  10721   863      627.0955   129     1166.0000      619.0000   198462   46.91%
  11294   899      626.3542    82     1166.0000      619.0000   199115   46.91%
  11927  1327      628.4760   117     1166.0000      619.0000   205331   46.91%
  12615  2579      646.8559   115     1166.0000      619.0000   219036   46.91%
  13366  3312      628.8555   100     1166.0000      619.0000   224852   46.91%
  14104  4115      648.2625   118     1166.0000      619.0000   230583   46.91%
  14936  4680      840.2914    98     1166.0000      619.0000   234727   46.91%
  15241  5407      649.2667   108     1166.0000      619.0000   239433   46.91%
  15887  5632      841.6386    97     1166.0000      619.0000   240610   46.91%
  16680  6407      631.0250   104     1166.0000      619.0000   244769   46.91%
Elapsed time = 117.07 sec. (82252.91 ticks, tree = 266.90 MB, solutions = 16)
  17454  7256      843.5256   105     1166.0000      619.0000   250026   46.91%
* 17967+ 7559                         1136.0000      619.0000            45.51%
  18013  8161      632.0954    87     1136.0000      619.0000   256895   45.51%
* 18339+ 7982                         1066.0000      619.0000            41.93%
* 18346+ 7982                         1063.0000      619.0000            41.77%
* 18759+ 8488                         1053.0000      619.0000            41.22%
  18771  8773      855.9077    59     1053.0000      619.0000   261185   41.22%
  19135  9102      996.8819    83     1053.0000      619.0000   264507   41.22%
* 19240+ 8846                          977.0000      619.0000            36.64%
  19240  8315      756.6435    90      977.0000      619.0000   257832   36.64%
  19333  9321      759.3672    95      977.0000      619.0000   265358   36.64%
* 19384+ 8359                          827.0000      619.0000            25.15%
* 19397+ 9061                          753.0000      619.0000            17.80%
  19475  9377      632.0400   108      753.0000      619.0000   265679   17.80%
  20004  8546      695.0996    89      753.0000      619.0000   269473   17.80%
  20633  9135      633.6444    83      753.0000      619.0000   273486   17.80%
  21234  9507      674.7025    46      753.0000      619.0000   275894   17.80%
Elapsed time = 141.28 sec. (95244.74 ticks, tree = 289.04 MB, solutions = 25)
  21872 10191      697.1566    60      753.0000      619.0000   281787   17.80%
  22709 10914        cutoff            753.0000      619.0000   290452   17.80%
  23735 11369      635.7094    78      753.0000      619.0000   292613   17.80%
  24707 13026      679.7319    93      753.0000      619.0000   306255   17.80%
  25401 13392      662.9979    89      753.0000      619.0000   314515   17.80%
  26072 14225      664.8546    85      753.0000      619.0000   329614   17.80%
  26436 14524      665.7065    80      753.0000      619.0000   336861   17.80%
  26895 14846      685.1962    82      753.0000      619.0000   352522   17.80%
  27551 14890      715.3535    66      753.0000      619.0000   360386   17.80%
  28316 15280      692.0143   116      753.0000      619.0000   378919   17.80%
Elapsed time = 165.63 sec. (104790.88 ticks, tree = 329.77 MB, solutions = 25)
* 28693+15728                          750.0000      619.0000            17.47%
  28846 15584      722.4091    51      750.0000      619.0000   393830   17.47%
  29132 16135      723.2510    68      750.0000      619.0000   415504   17.47%
  29701 16439      696.5588   119      750.0000      619.0000   430258   17.47%
* 29786+16300                          743.0000      619.0000            16.69%
  30425 16672      740.0000     2      743.0000      619.0000   454928   16.69%
  31411 16866      740.0000     4      743.0000      619.0000   460787   16.69%
  32411 17805      740.0000     1      743.0000      619.0000   483204   16.69%
  33114 18210      730.5000    32      743.0000      619.0000   502888   16.69%
  33807 18393      728.5000    38      743.0000      619.0000   509793   16.69%
* 35019 18945      integral     0      736.0000      619.0000   519310   15.90%
  35350 18707      730.5000    32      736.0000      619.0000   516885   15.90%
  36661 18145      701.0000    37      736.0000      619.0000   527179   15.90%
Elapsed time = 186.48 sec. (114341.10 ticks, tree = 350.57 MB, solutions = 29)
  37768 18871      734.0000     4      736.0000      619.0000   543969   15.90%
  38840 19424      734.0000     4      736.0000      619.0000   556540   15.90%
  40255 20390    infeasible            736.0000      619.0000   585694   15.90%
  42186 20290    infeasible            736.0000      619.0000   584464   15.90%
  43996 20632    infeasible            736.0000      619.0000   591898   15.90%
  45887 20899      720.5000    20      736.0000      619.0000   601041   15.90%
  47935 21058      720.5263    18      736.0000      619.0000   610567   15.90%
* 48331+21058                          718.0000      619.0000            13.79%
* 48910+21058                          710.0000      619.0000            12.82%
  49137 21049    infeasible            710.0000      619.0000   613929   12.82%
* 49262+21058                          680.0000      619.0000             8.97%
  50214 21046    infeasible            680.0000      619.0000   626619    8.97%
  51155 20803      734.8750    14      680.0000      619.0000   629898    8.97%
Elapsed time = 207.31 sec. (123882.15 ticks, tree = 372.14 MB, solutions = 29)
  51788 20762      734.0000     2      680.0000      619.0000   630900    8.97%
  52452 20746        cutoff            680.0000      619.0000   638438    8.97%
  53171 20814      734.0000     4      680.0000      619.0000   646825    8.97%
* 53306+21058                          672.0000      619.0000             7.89%
  53838 20686      734.0000     2      672.0000      619.0000   642584    7.89%
  54524 20798    infeasible            672.0000      619.0000   649285    7.89%
  55132 20880    infeasible            672.0000      619.0000   655821    7.89%
  55723 20909      734.0000     1      672.0000      619.0000   658537    7.89%
  56323 20927      734.0000     1      672.0000      619.0000   664395    7.89%
* 56447+21058                          663.0000      619.0000             6.64%
  56880 20907      734.0000     8      663.0000      619.0000   669241    6.64%
  57451 20873      734.0000     2      663.0000      619.0000   676875    6.64%
Elapsed time = 231.01 sec. (133436.05 ticks, tree = 372.26 MB, solutions = 29)
* 57989+21058                          662.0000      619.0000             6.50%
  58128 20883        cutoff            662.0000      619.0000   679372    6.50%
  58748 20869      734.0000     2      662.0000      619.0000   678885    6.50%
  59377 20923        cutoff            662.0000      619.0000   686620    6.50%
  59946 20953        cutoff            662.0000      619.0000   693743    6.50%
  60529 21023      734.0000     2      662.0000      619.0000   704237    6.50%
  61087 21042        cutoff            662.0000      619.0000   710257    6.50%
  61665 21044    infeasible            662.0000      619.0000   711239    6.50%
  62242 21069    infeasible            662.0000      619.0000   724543    6.50%
  62785 21081        cutoff            662.0000      619.0000   730783    6.50%
  65042 21047      734.0000     3      662.0000      619.0000   750917    6.50%
Elapsed time = 259.04 sec. (145847.77 ticks, tree = 373.14 MB, solutions = 29)
  67356 20993      734.0000     9      662.0000      619.0000   776637    6.50%
* 68961+21052                          661.0000      619.0000             6.35%
  69656 20973      734.0000     1      661.0000      619.0000   800165    6.35%
  72035 21050    infeasible            661.0000      619.0000   823919    6.35%
  74348 21057        cutoff            661.0000      619.0000   838980    6.35%
  76585 20996    infeasible            661.0000      619.0000   869577    6.35%
  78984 20953      735.0000     2      661.0000      619.0000   888162    6.35%
* 79005+21055                          658.0000      619.0000             5.93%
  80678  5549        cutoff            658.0000      619.0000   951990    5.93%
* 82000+21055                          654.0000      619.0000             5.35%
  83294  5426      647.5789    58      654.0000      619.0000  1013431    5.35%
  86763  5474    infeasible            654.0000      619.0000  1070736    5.35%
  90168  5303      641.4647    84      654.0000      619.0000  1121259    5.35%
Elapsed time = 332.47 sec. (184012.82 ticks, tree = 236.30 MB, solutions = 37)
  91943  5123    infeasible            654.0000      619.0000  1199496    5.35%
  92984  4903        cutoff            654.0000      619.0000  1268933    5.35%
  93590  4750        cutoff            654.0000      619.0000  1321532    5.35%
  94442  4642      656.0000    20      654.0000      619.0000  1359415    5.35%
  95967  4790      656.0000     3      654.0000      619.0000  1397999    5.35%
  99062  5923        cutoff            654.0000      619.0000  1444017    5.35%
 102015  7257      659.0000     1      654.0000      619.0000  1478853    5.35%
 104505  7993      659.0000     1      654.0000      619.0000  1517223    5.35%

Performing restart 2

Repeating presolve.
Tried aggregator 1 time.
MIP Presolve eliminated 142 rows and 7921 columns.
MIP Presolve modified 12824 coefficients.
Reduced MIP has 10320 rows, 7919 columns, and 93511 nonzeros.
Reduced MIP has 7820 binaries, 0 generals, 0 SOSs, and 0 indicators.
Presolve time = 0.07 sec. (92.29 ticks)
Tried aggregator 1 time.
Reduced MIP has 10320 rows, 7919 columns, and 93511 nonzeros.
Reduced MIP has 7820 binaries, 0 generals, 0 SOSs, and 0 indicators.
Presolve time = 0.04 sec. (49.00 ticks)
Represolve time = 0.96 sec. (862.00 ticks)
 104882     0      618.9600   199      654.0000      Cuts: 87  1566278    5.35%
 104882     0      618.9600   179      654.0000     Cuts: 145  1566475    5.35%
 104882     0      618.9600   170      654.0000      Cuts: 47  1566631    5.35%
 104882     0      618.9600   174      654.0000      Cuts: 48  1566769    5.35%
 104882     0      618.9600   170      654.0000      Cuts: 44  1566922    5.35%
 104882     0      618.9600   165      654.0000      Cuts: 67  1566978    5.35%
 104882     0      618.9600   180      654.0000      Cuts: 18  1567135    5.35%
 104882     0      618.9600   181      654.0000      Cuts: 30  1567265    5.35%
 104882     0      618.9600   170      654.0000     Cuts: 225  1567513    5.35%
 104882     0      618.9600   176      654.0000      Cuts: 46  1567629    5.35%
 104882     2      618.9600   158      654.0000      619.0000  1567629    5.35%
 104923    29      622.5000   137      654.0000      619.2632  1578041    5.31%
Elapsed time = 403.49 sec. (250021.61 ticks, tree = 0.53 MB, solutions = 81)
 105053   140      621.5682    88      654.0000      619.2632  1605272    5.31%
 105393   377      628.5319   108      654.0000      619.2632  1625097    5.31%
 106095   953      623.6985   117      654.0000      619.2632  1649098    5.31%
 107130  1896      640.7279   114      654.0000      619.2632  1680398    5.31%
 108207  2774      651.7372   104      654.0000      619.2632  1719409    5.31%
 109090  3552      640.0671    74      654.0000      619.2632  1798177    5.31%
 109808  3954      643.7941    84      654.0000      619.2632  1893262    5.31%
 110524  3940      651.6667    75      654.0000      619.2632  1978544    5.31%
 111562  4129      643.5625    68      654.0000      619.2632  2038227    5.31%
 112648  4113      647.7924   101      654.0000      619.2632  2170754    5.31%
Elapsed time = 501.63 sec. (288229.76 ticks, tree = 22.41 MB, solutions = 81)
 114143  4373        cutoff            654.0000      619.2632  2198922    5.31%
 117321  4398      644.0000     1      654.0000      619.2632  2289816    5.31%
 119864  4437        cutoff            654.0000      619.2632  2388126    5.31%
 121303  4149      645.8657    94      654.0000      619.2632  2495507    5.31%
*122741  4150      integral     0      649.0000      619.2632  2513758    4.58%
 125760  4592      644.0000     1      649.0000      619.2632  2583801    4.58%
 130632  4965        cutoff            649.0000      619.2632  2664708    4.58%
 135886  4745        cutoff            649.0000      619.2632  2789591    4.58%
 139045  4234      644.0000     1      649.0000      619.2632  2850278    4.58%
 144740  5058        cutoff            649.0000      619.2632  2941150    4.58%
 150294  5173        cutoff            649.0000      619.2632  2985347    4.58%
Elapsed time = 572.23 sec. (326394.30 ticks, tree = 24.96 MB, solutions = 82)
 155104  5160        cutoff            649.0000      619.2632  3073367    4.58%
 159583  4693      644.0000     1      649.0000      619.2632  3116526    4.58%
 163709  4938        cutoff            649.0000      619.2632  3165975    4.58%
 166742  4575    infeasible            649.0000      619.2632  3203676    4.58%
 169002  4163      641.0000     1      649.0000      619.2632  3219401    4.58%
 173364  4173        cutoff            649.0000      619.2632  3271782    4.58%
 178709  5205      644.0000     1      649.0000      619.2632  3326863    4.58%
 184620  5007        cutoff            649.0000      619.2632  3383436    4.58%
 189521  4283      644.0000     1      649.0000      619.2632  3513028    4.58%

GUB cover cuts applied:  105
Clique cuts applied:  15
Cover cuts applied:  44
Implied bound cuts applied:  3
Flow cuts applied:  3
Mixed integer rounding cuts applied:  81
Zero-half cuts applied:  23
Lift and project cuts applied:  19
Gomory fractional cuts applied:  53

Root node processing (before b&c):
  Real time             =    7.71 sec. (7045.51 ticks)
Parallel b&c, 12 threads:
  Real time             =  625.32 sec. (354995.97 ticks)
  Sync time (average)   =   82.90 sec.
  Wait time (average)   =    0.23 sec.
                          ------------
Total (root+branch&cut) =  633.03 sec. (362041.48 ticks)
