Version identifier: 22.1.1.0 | 2022-11-28 | 9160aff4d
CPXPARAM_Read_DataCheck                          1
CPXPARAM_MIP_Strategy_NodeSelect                 0
CPXPARAM_MIP_Strategy_HeuristicFreq              1
CPXPARAM_TimeLimit                               388
Tried aggregator 2 times.
MIP Presolve eliminated 138 rows and 856 columns.
MIP Presolve added 6 rows and 0 columns.
MIP Presolve modified 31374 coefficients.
Aggregator did 3 substitutions.
Reduced MIP has 5847 rows, 8056 columns, and 42242 nonzeros.
Reduced MIP has 7982 binaries, 0 generals, 0 SOSs, and 0 indicators.
Presolve time = 0.04 sec. (52.71 ticks)
Probing fixed 1 vars, tightened 0 bounds.
Probing time = 0.04 sec. (13.02 ticks)
Tried aggregator 1 time.
Detecting symmetries...
MIP Presolve eliminated 1 rows and 1 columns.
Reduced MIP has 5846 rows, 8055 columns, and 42237 nonzeros.
Reduced MIP has 7981 binaries, 0 generals, 0 SOSs, and 0 indicators.
Presolve time = 0.02 sec. (23.54 ticks)
Probing time = 0.02 sec. (6.79 ticks)
Clique table members: 17518.
MIP emphasis: balance optimality and feasibility.
MIP search method: dynamic search.
Parallel mode: deterministic, using up to 12 threads.
Root relaxation solution time = 0.04 sec. (50.55 ticks)

        Nodes                                         Cuts/
   Node  Left     Objective  IInf  Best Integer    Best Bound    ItCnt     Gap

      0     0      808.3739   128                    808.3739      934         
      0     0      911.2045   101                   Cuts: 503     1188         
      0     0      934.0250    97                   Cuts: 229     1300         
      0     0      934.1200    75                   Cuts: 158     1350         
      0     0      934.1200    77                    Cuts: 38     1366         
      0     0      934.1200    76                     Cuts: 6     1371         
Detecting symmetries...
*     0+    0                        14251.0000      934.1200            93.45%
*     0+    0                        13567.0000      934.1200            93.11%
*     0+    0                         7324.0000      934.1200            87.25%
      0     0  -1.00000e+75     0     7324.0000      934.1200     1371   87.25%
Detecting symmetries...
      0     2      934.1200    76     7324.0000      934.1200     1371   87.25%
Elapsed time = 2.48 sec. (1963.56 ticks, tree = 0.02 MB, solutions = 3)
      3     4      936.7324    87     7324.0000      934.4500     1802   87.24%
     13    11      939.0097   149     7324.0000      934.9531     3463   87.23%
*    22+   10                         2362.0000      934.9531            60.42%
     52    31      939.8947   157     2362.0000      935.5788     5763   60.39%
    118    88      969.2342    76     2362.0000      935.6026     8617   60.39%
    156   145      941.0184   114     2362.0000      935.6026    13528   60.39%
    344   223     1008.1123    72     2362.0000      935.6121    16433   60.39%
    863   520     1034.0629    94     2362.0000      935.6121    25087   60.39%
   1076   925      995.4596    68     2362.0000      935.6121    29331   60.39%
   1357  1175     1065.1770    63     2362.0000      935.6121    33612   60.39%

Performing restart 1

Repeating presolve.
Tried aggregator 1 time.
MIP Presolve modified 12420 coefficients.
Reduced MIP has 5846 rows, 8055 columns, and 38969 nonzeros.
Reduced MIP has 7981 binaries, 0 generals, 0 SOSs, and 0 indicators.
Presolve time = 0.02 sec. (30.14 ticks)
Tried aggregator 1 time.
Reduced MIP has 5846 rows, 8055 columns, and 38969 nonzeros.
Reduced MIP has 7981 binaries, 0 generals, 0 SOSs, and 0 indicators.
Presolve time = 0.02 sec. (24.79 ticks)
Represolve time = 0.19 sec. (135.82 ticks)
   2086     0      935.7778    81     2362.0000     Cuts: 113    57096   60.38%
   2086     0      937.5026   115     2362.0000     Cuts: 103    57186   60.31%
   2086     0      938.3250   106     2362.0000      Cuts: 59    57297   60.27%
   2086     0      938.7739   110     2362.0000      Cuts: 48    57451   60.26%
*  2086+    0                         2350.0000      938.7739            60.05%
   2086     0  -1.00000e+75     0     2350.0000      938.7739    57451   60.05%
   2086     0      938.9032   115     2350.0000     Cuts: 308    57505   60.05%
   2086     0      938.9032   114     2350.0000      Cuts: 48    57535   60.05%
   2086     0      938.9032   114     2350.0000      Cuts: 30    57556   60.05%
   2086     0      938.9032   111     2350.0000     Cuts: 135    57594   60.05%
   2086     0      939.2000   124     2350.0000      Cuts: 55    57667   60.03%
   2086     0      939.4125    95     2350.0000      Cuts: 65    57728   60.02%
*  2086+    0                         2347.0000      939.4125            59.97%
   2086     0      939.4125    93     2347.0000      Cuts: 35    57759   59.97%
*  2086+    0                         2294.0000      939.4125            59.05%
   2086     2      939.4125    93     2294.0000      939.4125    57759   59.05%
Elapsed time = 23.80 sec. (24137.98 ticks, tree = 0.02 MB, solutions = 9)
   2089     3      942.4594   146     2294.0000      939.8611    57999   59.03%
*  2101+   10                         1840.0000      940.2060            48.90%
   2101    10      942.8073    98     1840.0000      940.2060    58978   48.90%
   2140    25      946.9477   121     1840.0000      940.3622    61241   48.89%
   2217   113      970.8361   104     1840.0000      940.3622    68705   48.89%
*  2312+  139                         1008.0000      940.3622             6.71%
   2466   229      948.5169   112     1008.0000      940.3622    74217    6.71%
   2917   630      982.1146    47     1008.0000      940.3622    87550    6.71%
   4002   941        cutoff           1008.0000      940.3622    94199    6.71%
   5161  1282      995.0144    25     1008.0000      940.3622   127203    6.71%
   6959  1037     1001.9838    15     1008.0000      940.3622   166914    6.71%
   9173   950        cutoff           1008.0000      940.3622   204564    6.71%
Elapsed time = 40.39 sec. (33905.01 ticks, tree = 2.64 MB, solutions = 11)
  10348   955      997.5090    42     1008.0000      940.3622   233979    6.71%
  11748   872     1002.9319    65     1008.0000      940.3622   258181    6.71%
  13508   886        cutoff           1008.0000      940.3622   295525    6.71%
  14624   822      986.0541    26     1008.0000      940.3622   312461    6.71%
  16858  1298      985.4367    60     1008.0000      940.3622   340879    6.71%
  18076  1258      997.3986    61     1008.0000      940.3622   372304    6.71%
  19306   996        cutoff           1008.0000      940.3622   397599    6.71%
  21271   760        cutoff           1008.0000      940.3622   432241    6.71%
  22759   754        cutoff           1008.0000      940.3622   449679    6.71%
  23797   905        cutoff           1008.0000      940.3622   480894    6.71%
Elapsed time = 56.24 sec. (43447.35 ticks, tree = 1.88 MB, solutions = 11)
  25413   777     1000.2474    38     1008.0000      940.3622   507902    6.71%
  26687   883      985.5077    71     1008.0000      940.3622   540581    6.71%
  27961  1170     1006.7837    37     1008.0000      940.3622   557584    6.71%
  29781  1448      989.5106    56     1008.0000      940.3622   588032    6.71%
  30343  1381      983.6726    53     1008.0000      940.3622   628306    6.71%
  31663  1229        cutoff           1008.0000      940.3622   659170    6.71%
  33298  1051     1004.9333    20     1008.0000      940.3622   684007    6.71%
  33857   753      986.1596    28     1008.0000      940.3622   720817    6.71%
  35118   796      995.1809    72     1008.0000      940.3622   738627    6.71%
  36333   936     1002.7459    22     1008.0000      940.3622   773664    6.71%
Elapsed time = 72.38 sec. (53000.84 ticks, tree = 1.81 MB, solutions = 11)
  37706   717      995.9581    23     1008.0000      940.3622   807921    6.71%
  39179   731        cutoff           1008.0000      940.3622   822189    6.71%
  39708  1168      985.4097    41     1008.0000      940.3622   848962    6.71%
  40573  1494        cutoff           1008.0000      940.3622   866215    6.71%
  41446  1547    infeasible           1008.0000      940.3622   883109    6.71%
  42349  1511        cutoff           1008.0000      940.3622   893375    6.71%
  43110  1420        cutoff           1008.0000      940.3622   916643    6.71%
  43669  1365        cutoff           1008.0000      940.3622   933613    6.71%
  44434  1352     1001.4462    30     1008.0000      940.3622   944520    6.71%
* 44732  1331      integral     0     1006.0000      940.3622   947259    6.52%
  45392  1340    infeasible           1006.0000      940.3622   949538    6.52%
Elapsed time = 89.03 sec. (62545.83 ticks, tree = 3.72 MB, solutions = 12)
  45918  1269        cutoff           1006.0000      940.3622   968480    6.52%
  46721  1197      988.4509    33     1006.0000      940.3622   979676    6.52%
  47905  1107      995.3027    13     1006.0000      940.3622   992351    6.52%
  48450  1046        cutoff           1006.0000      940.3622  1016788    6.52%
  49169  1029      997.8000     2     1006.0000      940.3622  1032154    6.52%
  50664  1271      994.4957    49     1006.0000      940.3622  1036414    6.52%
  51510  1482        cutoff           1006.0000      940.3622  1069409    6.52%
  51981  1418      995.1390    57     1006.0000      940.3622  1074032    6.52%
  53474  1252      999.5535    34     1006.0000      940.3622  1090674    6.52%
  54981  1050     1002.3483    50     1006.0000      940.3622  1103314    6.52%
Elapsed time = 102.65 sec. (72093.76 ticks, tree = 2.59 MB, solutions = 12)
  56322   935    infeasible           1006.0000      940.3622  1112342    6.52%
  57130   782     1000.3143    23     1006.0000      940.3622  1137187    6.52%
  58392   754    infeasible           1006.0000      940.3622  1162350    6.52%
  60119   677      979.1408    27     1006.0000      940.3622  1182410    6.52%
  61030   895      991.1848    63     1006.0000      940.3622  1198389    6.52%
  61498  1050        cutoff           1006.0000      940.3622  1237201    6.52%
  62905  1160        cutoff           1006.0000      940.3622  1246029    6.52%

Performing restart 2

Repeating presolve.
Tried aggregator 1 time.
MIP Presolve eliminated 55 rows and 4344 columns.
MIP Presolve modified 3198 coefficients.
Reduced MIP has 5791 rows, 3711 columns, and 44354 nonzeros.
Reduced MIP has 3637 binaries, 0 generals, 0 SOSs, and 0 indicators.
Presolve time = 0.02 sec. (35.14 ticks)
Tried aggregator 1 time.
MIP Presolve eliminated 384 rows and 0 columns.
MIP Presolve modified 9768 coefficients.
Reduced MIP has 5407 rows, 3711 columns, and 38677 nonzeros.
Reduced MIP has 3637 binaries, 0 generals, 0 SOSs, and 0 indicators.
Presolve time = 0.03 sec. (40.48 ticks)
Represolve time = 0.40 sec. (363.01 ticks)
  63093     0      940.4172   141     1006.0000      Cuts: 42  1269165    6.52%
  63093     0      940.4262   143     1006.0000     Cuts: 138  1269242    6.52%
  63093     0      940.4262   140     1006.0000      Cuts: 50  1269271    6.52%
  63093     0      940.4262   140     1006.0000      Cuts: 30  1269303    6.51%
  63093     0      940.4262   139     1006.0000      Cuts: 11  1269318    6.51%
  63093     0      940.4610   141     1006.0000       Cuts: 7  1269364    6.50%
  63093     0      940.5196   138     1006.0000     Cuts: 109  1269425    6.50%
  63093     0      940.5196   132     1006.0000      Cuts: 53  1269449    6.50%
  63093     0      940.5600   134     1006.0000      Cuts: 26  1269477    6.49%
  63093     0      940.5655   137     1006.0000      Cuts: 76  1269506    6.49%
  63093     0      940.5918   148     1006.0000      Cuts: 42  1269541    6.49%
  63093     0      940.5918   145     1006.0000      Cuts: 17  1269555    6.49%
  63093     0      940.5918   146     1006.0000      Cuts: 19  1269577    6.49%
  63093     2      940.5918   144     1006.0000      940.6681  1269577    6.49%
  63105    12      942.4000    21     1006.0000      941.4191  1271772    6.42%
  63135    31      949.8608   135     1006.0000      942.4000  1277891    6.32%
Elapsed time = 137.76 sec. (103600.94 ticks, tree = 0.03 MB, solutions = 12)
  63174    60      947.9625   128     1006.0000      942.4000  1283071    6.32%
  63227   107      955.4500    82     1006.0000      942.4000  1287711    6.32%
  63339   188      951.9750    33     1006.0000      942.4000  1291707    6.32%
  63610   346      954.7788    72     1006.0000      942.4000  1294817    6.32%
  63958   725      956.5122    49     1006.0000      942.4000  1300900    6.32%
  64469  1018      956.6138    89     1006.0000      942.4000  1305733    6.32%
  65139  1440      989.5026    66     1006.0000      942.4000  1312421    6.32%
  65766  2063      954.4373    45     1006.0000      942.4000  1319810    6.32%
  66437  2515        cutoff           1006.0000      942.4000  1338888    6.32%
  67233  2939      990.0903    64     1006.0000      942.4000  1357360    6.32%
Elapsed time = 154.93 sec. (113206.47 ticks, tree = 12.45 MB, solutions = 12)
  68077  3124        cutoff           1006.0000      942.4000  1380125    6.32%
  69041  3007        cutoff           1006.0000      942.4000  1414920    6.32%
  69719  2887        cutoff           1006.0000      942.4000  1444240    6.32%
  70823  2808      986.9343    59     1006.0000      942.4000  1473916    6.32%
  71817  2682        cutoff           1006.0000      942.4000  1516584    6.32%
  72417  2474        cutoff           1006.0000      942.4000  1536235    6.32%
  73440  2464      992.6049    45     1006.0000      942.4000  1552691    6.32%
  74279  2449      993.6667    52     1006.0000      942.4000  1586681    6.32%
  75154  2160        cutoff           1006.0000      942.4000  1635198    6.32%
  75840  2049      983.2742    49     1006.0000      942.4000  1656570    6.32%
Elapsed time = 169.69 sec. (122754.33 ticks, tree = 10.15 MB, solutions = 12)
  77144  2246        cutoff           1006.0000      942.4000  1686644    6.32%
  78343  2082      994.2393    57     1006.0000      942.4000  1708320    6.32%
  79265  1959        cutoff           1006.0000      942.4000  1752952    6.32%
  80413  1939      980.9419    38     1006.0000      942.4000  1769765    6.32%
  81837  1958      984.2563    59     1006.0000      942.4000  1808790    6.32%
  82642  2035        cutoff           1006.0000      942.4000  1830952    6.32%
  83866  1739      979.8637    76     1006.0000      942.4000  1856517    6.32%
  85165  1882      988.5138    52     1006.0000      942.4000  1884390    6.32%
  85972  1728      993.3185    55     1006.0000      942.4000  1926357    6.32%
  90643  2433      990.3871    50     1006.0000      942.4000  2033234    6.32%
Elapsed time = 189.04 sec. (135159.13 ticks, tree = 10.43 MB, solutions = 12)
  94883  2074    infeasible           1006.0000      942.4000  2177249    6.32%
* 97651+ 1607                          995.0000      942.4000             5.29%
  99423  1596        cutoff            995.0000      942.4000  2336482    5.29%
 103806  1746      980.9190    47      995.0000      942.4000  2433687    5.29%
 108626  1572        cutoff            995.0000      942.4000  2552679    5.29%
 112726  1200        cutoff            995.0000      942.4000  2673502    5.29%
 117556  2007      970.7129    74      995.0000      942.4000  2774687    5.29%
 121530  2622        cutoff            995.0000      942.4000  2892439    5.29%
 126351  2330        cutoff            995.0000      942.4000  3057532    5.29%
 131093  2170        cutoff            995.0000      942.4000  3177846    5.29%
 135191  1361        cutoff            995.0000      942.4000  3296960    5.29%
Elapsed time = 246.47 sec. (173312.21 ticks, tree = 5.11 MB, solutions = 13)
 139591  1192      973.4237    52      995.0000      942.4000  3449458    5.29%
 143048  1500      987.4734    38      995.0000      942.4000  3561347    5.29%
 147734  1689      988.1915    41      995.0000      942.4000  3650210    5.29%
 152231  1322      980.9193    36      995.0000      942.4000  3813606    5.29%
 157004  1073      986.2187    51      995.0000      942.4000  3905890    5.29%
 160538  1411        cutoff            995.0000      942.4000  4013001    5.29%
 166108  2407      978.8905    62      995.0000      942.4000  4185832    5.29%
 169617  2388      985.1003    41      995.0000      942.4000  4283116    5.29%
 175862  2063        cutoff            995.0000      942.4000  4404160    5.29%
 180122  2006        cutoff            995.0000      942.4000  4528313    5.29%
Elapsed time = 303.83 sec. (211477.10 ticks, tree = 5.79 MB, solutions = 13)
 185967  1485      982.0483    46      995.0000      942.4000  4681426    5.29%
 190686  1308      979.7604    28      995.0000      942.4000  4784516    5.29%
 196058  1108      983.5740    40      995.0000      942.4000  4936070    5.29%
 199268  1458        cutoff            995.0000      942.4000  5042391    5.29%
*201947  1509      integral     0      994.0000      942.4000  5071510    5.19%
*203621  1805      integral     0      989.0000      942.4000  5106171    4.71%
*205202+ 1768                          985.0000      942.4000             4.32%
 205534  1537        cutoff            985.0000      942.4000  5203245    4.32%
 208657  1024        cutoff            985.0000      942.4000  5318933    4.32%
 213112  1060        cutoff            985.0000      942.4000  5435430    4.32%
*213828+ 1035                          973.0000      942.4000             3.14%
 216511   845      959.6755    56      973.0000      942.4000  5535919    3.14%
*218012+  591                          968.0000      942.4000             2.64%
*219127   425      integral     0      967.0000      942.4000  5702869    2.54%
 219673   471        cutoff            967.0000      942.4000  5694784    2.54%
*220125   384      integral     0      958.0000      942.4000  5722197    1.63%
Elapsed time = 355.93 sec. (246396.95 ticks, tree = 2.85 MB, solutions = 20)
 222762    93        cutoff            958.0000      944.8990  5865367    1.37%
 224752    16      952.3403    95      958.0000      947.2372  6008405    1.12%

GUB cover cuts applied:  3
Clique cuts applied:  23
Cover cuts applied:  68
Implied bound cuts applied:  1
Flow cuts applied:  2
Mixed integer rounding cuts applied:  73
Zero-half cuts applied:  14
Lift and project cuts applied:  14
Gomory fractional cuts applied:  7

Root node processing (before b&c):
  Real time             =    2.47 sec. (1961.57 ticks)
Parallel b&c, 12 threads:
  Real time             =  362.81 sec. (252460.79 ticks)
  Sync time (average)   =   44.84 sec.
  Wait time (average)   =    0.13 sec.
                          ------------
Total (root+branch&cut) =  365.28 sec. (254422.36 ticks)
