Version identifier: 22.1.1.0 | 2022-11-28 | 9160aff4d
CPXPARAM_Preprocessing_Presolve                  0
CPXPARAM_Read_DataCheck                          1
CPXPARAM_MIP_Strategy_NodeSelect                 0
CPXPARAM_MIP_Strategy_HeuristicFreq              1
CPXPARAM_TimeLimit                               633
Legacy callback                                  LD
Warning: Control callbacks may disable some MIP features.
Lazy constraint(s) or lazy constraint/branch callback is present.
    Disabling dual reductions (CPX_PARAM_REDUCE) in presolve.
    Disabling presolve reductions that prevent crushing forms (CPX_PARAM_PREREFORM).
Clique table members: 200.
MIP emphasis: balance optimality and feasibility.
MIP search method: traditional branch-and-cut.
Parallel mode: none, using 1 thread.
Root relaxation solution time = 0.00 sec. (3.22 ticks)

        Nodes                                         Cuts/
   Node  Left     Objective  IInf  Best Integer    Best Bound    ItCnt     Gap         Variable B NodeID Parent  Depth

      0     0      350.0000    16                    350.0000       75         
*     0+    0                         9148.0000      350.0000            96.17%
      0     2      350.5000    38     9148.0000      351.0000       75   96.16%                        0             0
Elapsed time = 0.27 sec. (169.91 ticks, tree = 0.01 MB, solutions = 1)
      3     5      351.3333    26     9148.0000      351.0000       86   96.16%         x_19_35 D      3      2      3
      6     8      353.2500    26     9148.0000      351.0000       91   96.16%         x_32_87 U      6      5      6
     11    13      356.5000    42     9148.0000      351.0000      117   96.16%         x_57_44 U     11     10     11
     14    16      362.3333    30     9148.0000      351.0000      133   96.16%         x_25_14 U     14     13     14
     20    22      370.5000    43     9148.0000      351.0000      142   96.16%         x_97_43 D     20     19     20
     23    25      373.5000    22     9148.0000      351.0000      163   96.16%         x_79_18 U     23     22     23
     24    26      374.8571    34     9148.0000      351.0000      166   96.16%        x_50_100 D     24     23     24
     26    28      377.7500    34     9148.0000      351.0000      177   96.16%         x_13_59 D     26     25     26
     30    32      383.0000    16     9148.0000      351.0000      194   96.16%         x_43_83 D     30     29     30
     37    39      388.2500    26     9148.0000      351.0000      218   96.16%          x_85_3 D     37     36     37
Elapsed time = 3.41 sec. (3640.83 ticks, tree = 0.24 MB, solutions = 1)
     46    48      389.6667    24     9148.0000      351.0000      249   96.16%         x_38_50 D     46     45     46
     51    53      390.6667    32     9148.0000      351.0000      256   96.16%         x_75_62 D     51     50     51
     68    70      432.6667    16     9148.0000      351.0000      428   96.16%         x_93_31 U     68     67     68
     87    89      487.4000    34     9148.0000      351.0000      536   96.16%         x_69_42 D     87     86     87
    104   106      596.0000    16     9148.0000      351.0000      606   96.16%         x_27_13 D    104    103    104
    114   116      670.7500    34     9148.0000      351.0000      672   96.16%         x_91_74 D    114    113    114
    127   129      752.7500    28     9148.0000      351.0000      719   96.16%         x_84_97 U    127    126    127
    139   141      920.2000     0     9148.0000      351.0000      786   96.16%          x_3_54 U    139    138    139
    247    75      423.0000    20     9148.0000      351.0000      871   96.16%         x_60_95 D    247    246     74
    280   108      475.6667    19     9148.0000      351.0000     1045   96.16%         x_82_12 D    280    279    107
Elapsed time = 9.93 sec. (13742.38 ticks, tree = 0.82 MB, solutions = 1)
    350   178      541.1429    31     9148.0000      351.0000     1308   96.16%          x_3_92 D    350    349    177
    392   220      674.5000    16     9148.0000      351.0000     1446   96.16%         x_42_34 D    392    391    219
    440   268      862.7500    29     9148.0000      351.0000     1576   96.16%          x_82_9 U    440    439    267
    533   215      745.3333    16     9148.0000      351.0000     1696   96.16%         x_36_72 U    533    532    215
    571   253      984.3333    15     9148.0000      351.0000     1832   96.16%          x_98_9 D    571    570    253
    716   154      536.0000    24     9148.0000      351.0000     2034   96.16%          x_27_9 D    716    715    154
    816   254      553.3333    25     9148.0000      351.0000     2296   96.16%         x_38_80 D    816    815    254
    853   291      762.0000    22     9148.0000      351.0000     2455   96.16%          x_96_1 D    853    852    291
    876   314     1011.3333    13     9148.0000      351.0000     2519   96.16%         x_91_65 D    876    875    314
    892   330     1378.0000    12     9148.0000      351.0000     2575   96.16%         x_22_41 U    892    891    330
Elapsed time = 15.18 sec. (23509.45 ticks, tree = 3.16 MB, solutions = 1)
   1045   269      646.7500    22     9148.0000      351.0000     2813   96.16%         x_51_19 D   1045   1044    270
   1096   320      797.6667    14     9148.0000      351.0000     2940   96.16%         x_31_29 D   1096   1095    321
   1126   350      926.0000    29     9148.0000      351.0000     3025   96.16%         x_75_42 U   1126   1125    351
   1172   396     1027.6667    23     9148.0000      351.0000     3148   96.16%         x_46_99 U   1172   1171    397
   1202   426     1353.6667    15     9148.0000      351.0000     3245   96.16%         x_78_34 D   1202   1201    427
   1348   312      815.3333    21     9148.0000      351.0000     3321   96.16%         x_14_96 D   1348   1347    314
   1396   360     1004.5000    20     9148.0000      351.0000     3469   96.16%         x_91_80 D   1396   1395    362
   1415   379     1217.0000    12     9148.0000      351.0000     3564   96.16%         x_26_95 D   1415   1414    381
   1446   410     1617.5000    10     9148.0000      351.0000     3649   96.16%         x_60_64 D   1446   1445    412
   1535   397     1145.7500    23     9148.0000      351.0000     3800   96.16%         x_31_80 D   1535   1534    400
Elapsed time = 20.02 sec. (33213.35 ticks, tree = 4.09 MB, solutions = 1)
   1572   434     1472.6667    17     9148.0000      351.0000     3929   96.16%         x_60_90 U   1572   1571    437
   1924   132      518.3333    19     9148.0000      351.0000     4082   96.16%         x_50_80 D   1924   1923    132
   1965   173      577.5000    14     9148.0000      351.0000     4206   96.16%         x_87_60 U   1965   1964    173
   2008   216      665.5000    27     9148.0000      351.0000     4413   96.16%         x_15_83 D   2008   2007    216
   2057   265      825.1818    39     9148.0000      351.0000     4575   96.16%          x_55_8 D   2057   2056    265
   2103   311      949.5000    18     9148.0000      351.0000     4691   96.16%         x_19_75 U   2103   2102    311
   2150   358     1076.0000    10     9148.0000      351.0000     4809   96.16%         x_55_24 U   2150   2149    358
   2188   396     1348.5000    16     9148.0000      351.0000     4939   96.16%          x_3_69 U   2188   2187    396
   2197   405     1772.5000    16     9148.0000      351.0000     4959   96.16%         x_38_30 U   2197   2196    405
   2510   212      606.5000    10     9148.0000      351.0000     5223   96.16%          x_91_9 D   2510   2509    213
Elapsed time = 24.84 sec. (43152.40 ticks, tree = 2.24 MB, solutions = 1)
   2570   272      728.0000     8     9148.0000      351.0000     5427   96.16%         x_41_83 U   2570   2569    273
   2606   308      833.5000    14     9148.0000      351.0000     5509   96.16%         x_97_65 D   2606   2605    309
   2641   343      949.6000    37     9148.0000      351.0000     5631   96.16%          x_3_54 D   2641   2640    344
   2691   393     1094.7500    25     9148.0000      351.0000     5747   96.16%         x_61_76 U   2691   2690    394
   2710   412     1308.3333    21     9148.0000      351.0000     5817   96.16%         x_81_89 D   2710   2709    413
   2733   435     1629.6000    20     9148.0000      351.0000     5889   96.16%         x_80_34 U   2733   2732    436
   3050   186      612.0000    20     9148.0000      351.0000     6015   96.16%         x_33_74 U   3050   3049    187
   3146   282      698.3333    22     9148.0000      351.0000     6299   96.16%         x_43_39 U   3146   3145    283
   3200   336      788.5000    22     9148.0000      351.0000     6455   96.16%         x_91_11 D   3200   3199    337
   3249   385     1070.0000    24     9148.0000      351.0000     6639   96.16%         x_52_12 U   3249   3248    386
Elapsed time = 29.33 sec. (53121.06 ticks, tree = 4.92 MB, solutions = 1)
   3287   423     1357.0000    29     9148.0000      351.0000     6773   96.16%         x_46_11 D   3287   3286    424
   3311   447     1489.0000    32     9148.0000      351.0000     6843   96.16%         x_91_75 D   3311   3310    448
   3325   461     1859.3333    21     9148.0000      351.0000     6899   96.16%          x_9_57 D   3325   3324    462
   3668   130    infeasible           9148.0000      351.0000     6913   96.16%         x_98_80 U   3668   1924    133
   3726   156      568.2500    34     9148.0000      351.0000     7095   96.16%         x_87_46 D   3726   3725    157
   3811   241      607.6667    23     9148.0000      351.0000     7279   96.16%         x_87_21 U   3811   3810    242
   3858   288      710.3333    27     9148.0000      351.0000     7397   96.16%         x_15_11 D   3858   3857    289
   3892   322      857.3333    23     9148.0000      351.0000     7497   96.16%         x_75_83 D   3892   3891    323
   3926   356     1066.5000     8     9148.0000      351.0000     7595   96.16%          x_89_8 U   3926   3925    357
   3951   381     1315.0000    14     9148.0000      351.0000     7679   96.16%         x_19_96 D   3951   3950    382
Elapsed time = 33.86 sec. (63039.69 ticks, tree = 5.19 MB, solutions = 1)
   3976   406     1781.0000    12     9148.0000      351.0000     7772   96.16%         x_73_90 U   3976   3975    407
   4051   387     1237.5000    16     9148.0000      351.0000     7846   96.16%         x_46_70 D   4051   4050    389
   4072   408     1479.0000    23     9148.0000      351.0000     7906   96.16%         x_15_97 D   4072   4071    410
   4250   278      759.5000    26     9148.0000      351.0000     8078   96.16%          x_75_9 U   4250   4249    280
   4316   344      936.3333    29     9148.0000      351.0000     8247   96.16%         x_10_12 D   4316   4315    346
   4366   394     1097.0000    26     9148.0000      351.0000     8367   96.16%         x_50_90 D   4366   4365    396
   4392   420     1211.1429    27     9148.0000      351.0000     8432   96.16%         x_52_64 D   4392   4391    422
   4417   445     1381.0000    14     9148.0000      351.0000     8470   96.16%         x_82_41 U   4417   4416    447
   4429   457     1836.0000     8     9148.0000      351.0000     8514   96.16%         x_59_19 U   4429   4428    459
   4474   454     1515.5000    24     9148.0000      351.0000     8582   96.16%         x_59_64 D   4474   4473    457
Elapsed time = 38.82 sec. (73114.24 ticks, tree = 6.55 MB, solutions = 1)
   4497   477     1696.5000    16     9148.0000      351.0000     8627   96.16%         x_78_41 D   4497   4496    480
   4513   493     2158.4000    24     9148.0000      351.0000     8671   96.16%         x_46_95 U   4513   4512    496
   4786   242      621.0000    20     9148.0000      351.0000     8746   96.16%         x_75_39 U   4786   4785    244
   4816   272      716.6667    24     9148.0000      351.0000     8840   96.16%         x_72_20 D   4816   4815    274
   4848   304      860.3333    25     9148.0000      351.0000     8955   96.16%         x_78_64 D   4848   4847    306
   4895   351     1021.6000    25     9148.0000      351.0000     9078   96.16%          x_3_29 D   4895   4894    353
   4927   383     1183.8333    25     9148.0000      351.0000     9203   96.16%         x_52_97 D   4927   4926    385
   4955   411     1470.0000    24     9148.0000      351.0000     9287   96.16%          x_52_1 D   4955   4954    413
   4975   431     1937.0000    14     9148.0000      351.0000     9351   96.16%         x_89_64 D   4975   4974    433
   5142   274      757.3333    15     9148.0000      351.0000     9402   96.16%         x_87_63 U   5142   5141    277
Elapsed time = 43.86 sec. (83132.38 ticks, tree = 3.51 MB, solutions = 1)
   5218   350      821.0000    19     9148.0000      351.0000     9579   96.16%         x_43_78 D   5218   5217    353
   5263   395      958.1667    27     9148.0000      351.0000     9685   96.16%          x_80_9 D   5263   5262    398
   5289   421     1155.4286    31     9148.0000      351.0000     9781   96.16%          x_59_5 D   5289   5288    424
   5452   322      837.5000    14     9148.0000      351.0000     9898   96.16%         x_10_36 D   5452   5451    326
   5506   376      928.6000    38     9148.0000      351.0000    10016   96.16%          x_98_6 D   5506   5505    380
   5534   404      966.4000    23     9148.0000      351.0000    10068   96.16%         x_15_28 D   5534   5533    408
   5559   429     1114.0000    22     9148.0000      351.0000    10142   96.16%         x_78_64 D   5559   5558    433
   5585   455     1314.3333    17     9148.0000      351.0000    10211   96.16%          x_78_3 D   5585   5584    459
   5606   476     1630.0000    22     9148.0000      351.0000    10261   96.16%         x_72_83 D   5606   5605    480
*  5616   484      integral     0     1779.0000      351.0000    10285   80.27%
*  5621   482      integral     0     1742.0000      351.0000    10308   79.85%
*  5629   473      integral     0     1728.0000      351.0000    10343   79.69%
*  5651   475      integral     0     1708.0000      351.0000    10403   79.45%
*  5676   468      integral     0     1682.0000      351.0000    10473   79.13%
*  5684   464      integral     0     1648.0000      351.0000    10509   78.70%
   5685   462        cutoff           1648.0000      351.0000    10519   78.70%         x_10_30 U   5685   5594    469
Elapsed time = 49.98 sec. (96257.77 ticks, tree = 7.10 MB, solutions = 7)
*  5703   461      integral     0     1641.0000      351.0000    10580   78.61%
*  5717   466      integral     0     1640.0000      351.0000    10640   78.60%
*  5719   463      integral     0     1635.0000      351.0000    10642   78.53%
*  5723   461      integral     0     1598.0000      351.0000    10647   78.04%
*  5724   460      integral     0     1586.0000      351.0000    10648   77.87%
*  5731   459      integral     0     1585.0000      351.0000    10664   77.85%
*  5732   458      integral     0     1582.0000      351.0000    10666   77.81%
*  5733   457      integral     0     1509.0000      351.0000    10674   76.74%
*  5736   454      integral     0     1486.0000      351.0000    10694   76.38%
*  5737   453      integral     0     1431.0000      351.0000    10704   75.47%
*  5741   453      integral     0     1411.0000      351.0000    10750   75.12%
*  5742   451      integral     0     1408.0000      351.0000    10758   75.07%
*  5743   450      integral     0     1300.0000      351.0000    10785   73.00%
*  5753   440      integral     0     1297.0000      351.0000    10948   72.94%
   5761   432        cutoff           1297.0000      351.0000    11073   72.94%         x_10_28 U   5761   5564    439
*  5779   420      integral     0     1294.0000      351.0000    11382   72.87%
*  5781   418      integral     0     1289.0000      351.0000    11474   72.77%
*  5793   417      integral     0     1287.0000      351.0000    11529   72.73%
*  5799   418      integral     0     1275.0000      351.0000    11590   72.47%
*  5823   425      integral     0     1274.0000      351.0000    11790   72.45%
*  5829   419      integral     0     1264.0000      351.0000    11798   72.23%
*  5830   418      integral     0     1212.0000      351.0000    11818   71.04%
*  5832   416      integral     0     1211.0000      351.0000    11846   71.02%
   5832   416     1211.0000     0     1211.0000      351.0000    11846   71.02%          x_55_1 U   5832   5811    424
*  5849   401      integral     0     1187.0000      351.0000    12156   70.43%
*  5852   398      integral     0     1141.0000      351.0000    12245   69.24%
*  5860   390      integral     0     1140.0000      351.0000    12473   69.21%
*  5878   376      integral     0     1122.0000      351.0000    12964   68.72%
*  5885   369      integral     0     1089.0000      351.0000    13160   67.77%
*  5887   367      integral     0     1081.0000      351.0000    13226   67.53%
*  5888   366      integral     0     1057.0000      351.0000    13275   66.79%
*  5901   353      integral     0     1030.0000      351.0000    13718   65.92%
   5920   334        cutoff           1030.0000      351.0000    14288   65.92%         x_31_70 U   5920   5466    341
*  5929   325      integral     0     1025.0000      351.0000    14598   65.76%
*  5935   319      integral     0     1016.0000      351.0000    14824   65.45%
*  5947   314      integral     0     1015.0000      351.0000    15120   65.42%
*  5948   312      integral     0     1011.0000      351.0000    15121   65.28%
*  5981   301      integral     0     1006.0000      351.0000    15861   65.11%
*  5988   299      integral     0     1003.0000      351.0000    15876   65.00%
*  5992   295      integral     0      985.0000      351.0000    15962   64.37%
   5997   292      974.0000    22      985.0000      351.0000    16160   64.37%         x_59_90 U   5997   5160    296
*  5998   291      integral     0      976.0000      351.0000    16162   64.04%
*  6011   279      integral     0      969.0000      351.0000    16635   63.78%
*  6014   276      integral     0      960.0000      351.0000    16737   63.44%
*  6019   275      integral     0      959.0000      351.0000    16835   63.40%
*  6024   272      integral     0      938.0000      351.0000    16975   62.58%
*  6030   273      integral     0      921.0000      351.0000    17033   61.89%
*  6052   262      integral     0      904.0000      351.0000    17459   61.17%
*  6055   259      integral     0      894.0000      351.0000    17606   60.74%
*  6071+  254                          891.0000      351.0000            60.61%
   6071   256      888.0000    14      891.0000      351.0000    18060   60.61%         x_59_90 N   6071   6069    260
*  6094   257      integral     0      888.0000      351.0000    18135   60.47%
*  6106   255      integral     0      887.0000      351.0000    18184   60.43%
*  6113   254      integral     0      885.0000      351.0000    18202   60.34%
*  6130   247      integral     0      871.0000      351.0000    18538   59.70%
   6139   252      856.8125    48      871.0000      351.0000    18700   59.70%         x_36_70 N   6139   6138    255
*  6154   252      integral     0      870.0000      351.0000    18752   59.66%
*  6157   250      integral     0      868.0000      351.0000    18764   59.56%
   6211   248        cutoff            868.0000      351.0000    19097   59.56%         x_55_29 U   6211   6206    255
   6276   246      860.3333    24      868.0000      351.0000    19427   59.56%          x_74_9 N   6276   6275    250
*  6297   252      integral     0      854.0000      351.0000    19504   58.90%
   6340   250      843.7500    19      854.0000      351.0000    19790   58.90%          x_91_9 N   6340   6339    254
*  6341   249      integral     0      844.0000      351.0000    19791   58.41%
*  6361   245      integral     0      842.0000      351.0000    19872   58.31%
*  6373   243      integral     0      841.0000      351.0000    19942   58.26%
*  6385+  249                          834.0000      351.0000            57.91%
*  6389   249      integral     0      831.0000      351.0000    20082   57.76%
*  6396   248      integral     0      810.0000      351.0000    20118   56.67%
   6400   249      797.6250    32      810.0000      351.0000    20126   56.67%         x_98_28 N   6400   6399    253
Elapsed time = 60.79 sec. (134819.01 ticks, tree = 3.08 MB, solutions = 66)
*  6456   241      integral     0      805.0000      351.0000    20412   56.40%
   6458   240      784.0000    48      805.0000      351.0000    20490   56.40%         x_33_60 N   6458   4784    243
*  6459   239      integral     0      784.0000      351.0000    20491   55.23%
*  6462   239      integral     0      758.0000      351.0000    20568   53.69%
*  6469   231      integral     0      750.0000      351.0000    20902   53.20%
*  6476   224      integral     0      745.0000      351.0000    21257   52.89%
*  6505   214      integral     0      742.0000      351.0000    22101   52.70%
*  6512   211      integral     0      741.0000      351.0000    22129   52.63%
*  6516   209      integral     0      740.0000      351.0000    22156   52.57%
   6517   208        cutoff            740.0000      351.0000    22219   52.57%         x_88_89 U   6517   3780    212
*  6567+  194                          739.0000      351.0000            52.50%
   6575   196      734.3333    32      739.0000      351.0000    23318   52.50%         x_24_78 N   6575   6574    200
*  6583+  193                          738.0000      351.0000            52.44%
*  6609   192      integral     0      735.0000      351.0000    23827   52.24%
*  6621   187      integral     0      729.0000      351.0000    23865   51.85%
   6635   187      723.0000    20      729.0000      351.0000    24369   51.85%          x_41_6 N   6635   6633    190
*  6636   186      integral     0      727.0000      351.0000    24376   51.72%
*  6647   184      integral     0      718.0000      351.0000    24424   51.11%
*  6659   178      integral     0      710.0000      351.0000    24586   50.56%
   6696   174        cutoff            710.0000      351.0000    25248   50.56%          x_24_6 U   6696   6690    180
*  6707   171      integral     0      701.0000      351.0000    25289   49.93%
*  6722   158      integral     0      698.0000      351.0000    25963   49.71%
*  6728   154      integral     0      689.0000      351.0000    26207   49.06%
*  6738   151      integral     0      687.0000      351.0000    26529   48.91%
   6750   148        cutoff            687.0000      351.0000    26592   48.91%         x_65_89 D   6750   6749    154
*  6764   146      integral     0      684.0000      351.0000    26761   48.68%
   6811   165      680.2500    28      684.0000      351.0000    27347   48.68%         x_46_75 N   6811   6810    170
*  6832   145      integral     0      682.0000      351.0000    27453   48.53%
*  6841   148      integral     0      681.0000      351.0000    27489   48.46%
*  6856   150      integral     0      680.0000      351.0000    27516   48.38%
*  6859   147      integral     0      678.0000      351.0000    27524   48.23%
*  6867   143      integral     0      675.0000      351.0000    27547   48.00%
   6878   140        cutoff            675.0000      351.0000    27605   48.00%          x_22_3 U   6878   6876    146
*  6880   138      integral     0      673.0000      351.0000    27746   47.85%
*  6895   144      integral     0      672.0000      351.0000    27861   47.77%
*  6910   137      integral     0      661.0000      351.0000    28097   46.90%
   6930   136      654.6000    37      661.0000      351.0000    28787   46.90%         x_98_80 N   6930   6929    138
*  6986   142      integral     0      660.0000      351.0000    29017   46.82%
*  6991   137      integral     0      655.0000      351.0000    29039   46.41%
   6994   135      653.5000    24      655.0000      351.0000    29060   46.41%          x_4_30 N   6994   6961    140
Elapsed time = 71.62 sec. (173558.12 ticks, tree = 1.29 MB, solutions = 96)
*  7014   130      integral     0      648.0000      351.0000    29158   45.83%
*  7027   128      integral     0      643.0000      351.0000    29216   45.41%
*  7032+  123                          640.0000      351.0000            45.16%
*  7041   123      integral     0      638.0000      351.0000    29510   44.98%
*  7043   123      integral     0      637.0000      351.0000    29515   44.90%
*  7045   122      integral     0      633.0000      351.0000    29600   44.55%
*  7053   117      integral     0      630.0000      351.0000    29966   44.29%
   7055   116      624.0000    38      630.0000      351.0000    30130   44.29%         x_68_74 D   7055   3686    118
*  7093   114      integral     0      626.0000      351.0000    30404   43.93%
*  7126   101      integral     0      623.0000      351.0000    31708   43.66%
   7129   100      617.1429    36      623.0000      351.0000    32007   43.66%         x_28_33 D   7129    272    100
*  7148   101      integral     0      622.0000      351.0000    32100   43.57%
*  7157   103      integral     0      619.0000      351.0000    32139   43.30%
*  7181   105      integral     0      617.0000      351.0000    32545   43.11%
   7190   100      612.6000    68      617.0000      351.0000    32594   43.11%         x_95_80 N   7190   7171    101
*  7197   102      integral     0      615.0000      351.0000    32612   42.93%
Advanced basis not built.
   7252   106      601.0000    39      615.0000      351.0000    32945   42.93%         x_65_40 D   7252   7251    106
*  7278   108      integral     0      612.0000      351.0000    33059   42.65%
*  7280   105      integral     0      605.0000      351.0000    33073   41.98%
   7318   108      599.7000    41      605.0000      351.0000    33359   41.98%          x_9_63 N   7318   7317    110
*  7333   104      integral     0      604.0000      351.0000    33446   41.89%
*  7366    95      integral     0      603.0000      351.0000    33619   41.79%
   7381   101        cutoff            603.0000      351.0000    33671   41.79%         x_44_31 D   7381   7379    109
   7442    98        cutoff            603.0000      351.0000    33929   41.79%         x_28_33 U   7442   7441    105
*  7483+  106                          602.0000      351.0000            41.69%
*  7490   107      integral     0      601.0000      351.0000    34492   41.60%
*  7494   105      integral     0      598.0000      351.0000    34551   41.30%
   7494   105      598.0000     0      598.0000      351.0000    34551   41.30%         x_45_73 U   7494   7492    110
*  7503   106      integral     0      597.0000      351.0000    34585   41.21%
*  7513+   96                          594.0000      351.0000            40.91%
   7552    97      589.0000    45      594.0000      351.0000    34849   40.91%         x_33_60 N   7552   7551    100
*  7557    96      integral     0      593.0000      351.0000    34871   40.81%
*  7568    95      integral     0      591.0000      351.0000    34965   40.61%
   7622    88      579.0667    54      591.0000      351.0000    36112   40.61%         x_55_70 D   7622   7621     88
Elapsed time = 81.79 sec. (212215.19 ticks, tree = 0.67 MB, solutions = 120)
   7684   102        cutoff            591.0000      351.0000    36487   40.61%         x_71_54 U   7684   7683    110
*  7723   104      integral     0      588.0000      351.0000    36761   40.31%
*  7733    98      integral     0      584.0000      351.0000    36822   39.90%
   7748    95      582.0000    82      584.0000      351.0000    36925   39.90%         x_44_31 U   7748   7747     96
*  7780    88      integral     0      583.0000      351.0000    37054   39.79%
*  7801    85      integral     0      582.0000      351.0000    37156   39.69%
   7807    87      577.0000    59      582.0000      351.0000    37320   39.69%         x_23_68 U   7807   7806     87
*  7866    85      integral     0      581.0000      351.0000    37651   39.59%
   7875    84        cutoff            581.0000      351.0000    37687   39.59%         x_40_46 U   7875   7867     89
*  7926   102      integral     0      578.0000      351.0000    38247   39.27%
   7944   106      571.8000    45      578.0000      351.0000    38381   39.27%          x_9_63 N   7944   7943    107
*  7991    96      integral     0      573.0000      351.0000    38643   38.74%
*  7992    95      integral     0      572.0000      351.0000    38649   38.64%
*  7998    92      integral     0      569.0000      351.0000    38680   38.31%
*  8003    84      integral     0      566.0000      351.0000    38706   37.99%
   8005    82        cutoff            566.0000      351.0000    38732   37.99%         x_40_65 U   8005   7906     85
*  8037    92      integral     0      564.0000      351.0000    39065   37.77%
   8064    97      560.5000    53      564.0000      351.0000    39206   37.77%         x_60_59 D   8064   8052     99
   8122   101      562.5000    34      564.0000      351.0000    39593   37.77%         x_45_73 N   8122   8121    106
*  8177    87      integral     0      563.0000      351.0000    39938   37.66%
   8186    86        cutoff            563.0000      351.0000    40017   37.66%         x_18_92 D   8186   8184     92
*  8203    89      integral     0      560.0000      351.0000    40101   37.32%
   8240    85      555.5714    86      560.0000      351.0000    40386   37.32%         x_68_74 N   8240   8239     86
Elapsed time = 90.57 sec. (251032.40 ticks, tree = 0.66 MB, solutions = 133)
*  8284    86      integral     0      558.0000      351.0000    40632   37.10%
   8301    92      542.8000    80      558.0000      351.0000    40895   37.10%         x_36_70 N   8301   8300     92
*  8341   119      integral     0      557.0000      351.0000    41099   36.98%
*  8344   116      integral     0      556.0000      351.0000    41110   36.87%
   8369   106        cutoff            556.0000      351.0000    41324   36.87%         x_46_42 U   8369   8366    110
*  8387   106      integral     0      554.0000      351.0000    41470   36.64%
*  8396    97      integral     0      552.0000      351.0000    41529   36.41%
   8431    98      548.5000    54      552.0000      351.0000    41709   36.41%         x_45_73 N   8431   8430     99
*  8481+   94                          551.0000      351.0000            36.30%
   8489    98      546.8421    59      551.0000      351.0000    42043   36.30%         x_46_34 N   8489   8488     99
*  8508    94      integral     0      550.0000      351.0000    42142   36.18%
   8546    90        cutoff            550.0000      351.0000    42370   36.18%         x_23_68 U   8546   8545     94
Advanced basis not built.
   8602    92        cutoff            550.0000      351.0000    42707   36.18%          x_3_28 U   8602   8598     98
*  8607    89      integral     0      549.0000      351.0000    42731   36.07%
*  8612    87      integral     0      548.0000      351.0000    42762   35.95%
*  8645    82      integral     0      547.0000      351.0000    42972   35.83%
   8655    82      537.3333    51      547.0000      351.0000    43042   35.83%          x_41_6 N   8655   8291     83
*  8672    92      integral     0      545.0000      351.0000    43151   35.60%
*  8673    91      integral     0      544.0000      351.0000    43156   35.48%
*  8681    88      integral     0      541.0000      351.0000    43207   35.12%
*  8694    79      integral     0      538.0000      351.0000    43283   34.76%
   8713    89        cutoff            538.0000      351.0000    43549   34.76%         x_40_92 D   8713   8712     93
*  8741    78      integral     0      537.0000      351.0000    43699   34.64%
*  8743    78      integral     0      535.0000      351.0000    43803   34.39%
*  8760    75      integral     0      534.0000      351.0000    44346   34.27%
   8773    72      530.3333    57      534.0000      351.0000    44716   34.27%         x_69_45 N   8773    244     72
*  8803    64      integral     0      528.0000      351.0000    45539   33.52%
   8835    70      527.0000    16      528.0000      351.0000    45984   33.52%          x_41_6 U   8835   8823     72
Elapsed time = 100.10 sec. (289741.95 ticks, tree = 0.59 MB, solutions = 151)
*  8836    69      integral     0      527.0000      351.0000    45985   33.40%
*  8845    65      integral     0      525.0000      351.0000    46062   33.14%
*  8857    71      integral     0      524.0000      351.0000    46151   33.02%
*  8862    65      integral     0      522.0000      351.0000    46164   32.76%
*  8865    62      integral     0      520.0000      351.0000    46178   32.50%
Advanced basis not built.
*  8884    62      integral     0      518.0000      351.0000    46524   32.24%
*  8887    61      integral     0      517.0000      351.0000    46539   32.11%
   8897    66      515.0000    72      517.0000      351.0000    46900   32.11%         x_98_80 N   8897   8896     65
*  8899    61      integral     0      515.0000      351.0000    46906   31.84%
*  8922    54      integral     0      513.0000      351.0000    47542   31.58%
*  8937    57      integral     0      512.0000      351.0000    47605   31.45%
*  8942    53      integral     0      506.0000      351.0000    47802   30.63%
*  8945    52      integral     0      504.0000      351.0000    47828   30.36%
*  8956    47      integral     0      499.0000      351.0000    48933   29.66%
   8959    43        cutoff            499.0000      351.0000    49150   29.66%         x_13_27 D   8959     43     44
*  9016    57      integral     0      497.0000      351.0000    49811   29.38%
   9018    54        cutoff            497.0000      351.0000    49820   29.38%         x_95_80 U   9018   9013     59
*  9043    47      integral     0      493.0000      351.0000    49998   28.80%
   9080    45      492.0000    35      493.0000      351.0000    50645   28.80%         x_75_93 U   9080   9072     48
*  9081    44      integral     0      490.0000      351.0000    50646   28.37%
*  9104    40      integral     0      488.0000      351.0000    50824   28.07%
   9149    43      486.0000    60      488.0000      351.0000    51762   28.07%          x_54_2 D   9149   9148     42
*  9169    38      integral     0      487.0000      351.0000    51934   27.93%
*  9204    30      integral     0      462.0000      351.0000    52611   24.03%
   9234    42      459.0000    59      462.0000      351.0000    53034   24.03%         x_75_62 D   9234   9233     43
Advanced basis not built.
*  9299+   35                          461.0000      351.0000            23.86%
*  9303+   30                          460.0000      351.0000            23.70%
   9307    29        cutoff            460.0000      351.0000    53690   23.70%         x_73_62 D   9307   9306     33
*  9351    33      integral     0      455.0000      351.0000    54297   22.86%
   9383    26      453.0000    36      455.0000      351.0000    55107   22.86%         x_43_60 U   9383   9379     27
*  9392    24      integral     0      454.0000      351.0000    55170   22.69%
   9454    27      450.0000    66      454.0000      351.0000    55951   22.69%          x_54_2 U   9454   9418     28
   9533    28        cutoff            454.0000      351.0000    56804   22.69%         x_63_66 U   9533   9532     31
Elapsed time = 112.51 sec. (328432.96 ticks, tree = 0.32 MB, solutions = 174)
   9611    32      451.2500    86      454.0000      351.0000    57915   22.69%          x_19_4 U   9611   9610     31
   9696    32      452.1379    88      454.0000      351.0000    58569   22.69%          x_54_2 N   9696   9695     33
*  9746    26      integral     0      453.0000      351.0000    58943   22.52%
   9774    25        cutoff            453.0000      351.0000    59189   22.52%          x_97_9 U   9774   9770     30
*  9850    23      integral     0      452.0000      351.0000    59971   22.35%
   9852    23      448.7500    50      452.0000      351.0000    60005   22.35%          x_42_1 N   9852   9782     24
*  9904    24      integral     0      451.0000      351.0000    60354   22.17%
   9933    21        cutoff            451.0000      351.0000    60553   22.17%          x_14_9 D   9933   9932     24
* 10011    29      integral     0      450.0000      351.0000    61249   22.00%
  10015    24        cutoff            450.0000      351.0000    61261   22.00%         x_55_70 U  10015  10001     28
* 10022    19      integral     0      448.0000      351.0000    61302   21.65%
  10111    33      445.0952    86      448.0000      351.0000    62278   21.65%         x_97_43 D  10111  10110     35
  10206    30      445.0769    68      448.0000      351.0000    62972   21.65%          x_1_64 N  10206  10205     34
* 10217    24      integral     0      446.0000      351.0000    63044   21.30%
  10293    22      444.5962   124      446.0000      351.0000    63766   21.30%         x_92_85 N  10293  10292     23
  10381    23      444.0000    73      446.0000      351.0000    64752   21.30%          x_24_6 D  10381  10380     24
Elapsed time = 122.79 sec. (366885.46 ticks, tree = 0.29 MB, solutions = 180)
* 10441    22      integral     0      444.0000      351.0000    65227   20.95%
* 10458    19      integral     0      442.0000      351.0000    65394   20.59%
  10477    17      440.3000    97      442.0000      351.0000    65581   20.59%          x_5_39 D  10477  10476     18
  10581    27        cutoff            442.0000      351.0000    66572   20.59%         x_88_54 U  10581  10565     31
Advanced basis not built.
  10668    20        cutoff            442.0000      351.0000    67445   20.59%         x_75_62 U  10668  10655     24
  10758    21      440.2667    67      442.0000      351.0000    68415   20.59%         x_19_36 N  10758  10757     23
  10860    15      438.1885   108      442.0000      351.0000    69265   20.59%         x_84_28 U  10860  10497     15
* 10952    14      integral     0      440.0000      351.0000    70392   20.23%
  10952    14      440.0000     0      440.0000      351.0000    70392   20.23%         x_90_81 D  10952  10950     18
* 11004    17      integral     0      439.0000      351.0000    71033   20.05%         x_48_51 U  11004  11003     22
* 11047    22      integral     0      438.0000      351.0000    71413   19.86%
  11098    10      436.6500    88      438.0000      351.0000    72350   19.86%         x_99_52 D  11098  11096     11
* 11115    13      integral     0      437.0000      351.0000    72636   19.68%
* 11140    16      integral     0      436.0000      351.0000    73131   19.50%
  11194    19        cutoff            436.0000      351.0000    73645   19.50%         x_83_62 D  11194  11190     23
* 11267    31      integral     0      435.0000      351.0000    74325   19.31%
  11296    22      434.0000    32      435.0000      351.0000    74756   19.31%          x_41_6 N  11296  11295     25
Elapsed time = 132.74 sec. (403727.09 ticks, tree = 0.41 MB, solutions = 188)
  11374    23      432.7143    89      435.0000      351.0000    75615   19.31%         x_92_75 D  11374  11373     26
  11465    13    infeasible            435.0000      351.0000    76610   19.31%         x_13_59 U  11465  11461     21
* 11520    15      integral     0      434.0000      351.0000    77134   19.12%
* 11521+   14                          433.0000      351.0000            18.94%
* 11526+    9                          429.0000      351.0000            18.18%
  11539    11      427.1875   115      429.0000      351.0000    77523   18.18%         x_73_71 D  11539  11538     11
* 11598     9      integral     0      428.0000      351.0000    78031   17.99%
* 11622    13      integral     0      427.0000      351.0000    78332   17.80%
  11643     6      422.8333   107      427.0000      351.0000    78914   17.80%         x_67_61 D  11643      4      5
Advanced basis not built.
* 11677+    7                          425.0000      351.0000            17.41%
* 11717+    7                          421.0000      351.0000            16.63%
  11721     5      419.6000    98      421.0000      351.0000    80026   16.63%         x_67_61 N  11721  11673      5
* 11748     1      integral     0      420.0000      351.0000    80556   16.43%

User cuts applied:  2580

Root node processing (before b&c):
  Real time             =    0.28 sec. (182.33 ticks)
Sequential b&c:
  Real time             =  138.68 sec. (425022.55 ticks)
                          ------------
Total (root+branch&cut) =  138.96 sec. (425204.88 ticks)
