Version identifier: 22.1.1.0 | 2022-11-28 | 9160aff4d
CPXPARAM_Read_DataCheck                          1
CPXPARAM_MIP_Cuts_Covers                         1
CPXPARAM_MIP_Cuts_FlowCovers                     1
CPXPARAM_MIP_Cuts_MIRCut                         1
CPXPARAM_TimeLimit                               633
Tried aggregator 1 time.
MIP Presolve eliminated 191 rows and 1412 columns.
MIP Presolve modified 55341 coefficients.
Reduced MIP has 10302 rows, 14434 columns, and 80861 nonzeros.
Reduced MIP has 14335 binaries, 0 generals, 0 SOSs, and 0 indicators.
Presolve time = 0.06 sec. (86.69 ticks)
Found incumbent of value 4220.000000 after 0.14 sec. (188.71 ticks)
Probing time = 0.04 sec. (9.62 ticks)
Tried aggregator 1 time.
Detecting symmetries...
Reduced MIP has 10302 rows, 14434 columns, and 80861 nonzeros.
Reduced MIP has 14335 binaries, 0 generals, 0 SOSs, and 0 indicators.
Presolve time = 0.03 sec. (44.50 ticks)
Probing time = 0.04 sec. (9.51 ticks)
Clique table members: 11836.
MIP emphasis: balance optimality and feasibility.
MIP search method: dynamic search.
Parallel mode: deterministic, using up to 12 threads.
Root relaxation solution time = 0.06 sec. (94.96 ticks)

        Nodes                                         Cuts/
   Node  Left     Objective  IInf  Best Integer    Best Bound    ItCnt     Gap

*     0+    0                         4220.0000        0.0000           100.00%
      0     0      599.5606   194     4220.0000      599.5606     1386   85.79%
*     0+    0                         4192.0000      599.5606            85.70%
      0     0      630.6247   201     4192.0000     Cuts: 257     2166   84.96%
      0     0      645.0902   161     4192.0000     Cuts: 848     2597   84.61%
      0     0      648.1875   119     4192.0000     Cuts: 857     2881   84.54%
*     0+    0                         3107.0000      648.1875            79.14%
*     0+    0                         3070.0000      648.1875            78.89%
      0     0  -1.00000e+75     0     3070.0000      648.1875     2881   78.89%
      0     0      649.4707   171     3070.0000     Cuts: 509     3051   78.84%
*     0+    0                         2650.0000      649.4707            75.49%
      0     0      650.6667   182     2650.0000    Cuts: 1453     3233   75.45%
Detecting symmetries...
      0     0      650.7000   160     2650.0000     Cuts: 143     3328   75.45%
      0     0      650.7000   166     2650.0000     Cuts: 271     3391   75.40%
      0     0      652.7000   159     2650.0000       Cuts: 9     3478   75.37%
      0     0      652.7000   156     2650.0000     Cuts: 886     3611   75.37%
Detecting symmetries...
      0     2      652.7000   147     2650.0000      652.7000     3611   75.37%
Elapsed time = 4.50 sec. (4523.33 ticks, tree = 0.02 MB, solutions = 5)
     29    23      654.3409   157     2650.0000      652.7000     4853   75.37%
    116    85      653.5000   154     2650.0000      653.0000     7555   75.36%
    216   165      653.6250   155     2650.0000      653.0000    10207   75.36%
    303   260      656.2356   169     2650.0000      653.0000    14935   75.36%
    372   322      653.0000   150     2650.0000      653.0000    18663   75.36%
    510   390      661.5297   119     2650.0000      653.0000    20036   75.36%
    682   538      656.5000   140     2650.0000      653.0000    22571   75.36%
    856   667      657.0240   118     2650.0000      653.0000    25570   75.36%
   1037   913      661.9815   109     2650.0000      653.0000    30495   75.36%
   1614  1443      658.4697   176     2650.0000      653.0000    46512   75.36%
Elapsed time = 11.27 sec. (7672.43 ticks, tree = 93.64 MB, solutions = 5)
   2063  1883      655.6800   167     2650.0000      653.0000    67458   75.36%
*  2262+ 2095                          693.0000      653.0000             5.77%
*  2300  2073      integral     0      692.0000      653.0000    84253    5.64%
   2499  2076      653.0000   125      692.0000      653.0000    85444    5.64%
   3184  2736      667.9474   127      692.0000      653.0000   114194    5.64%
   3831  3342      655.0000   137      692.0000      653.0000   137541    5.64%
*  3842  3319      integral     0      679.0000      653.0000   136732    3.83%

Performing restart 1

Repeating presolve.
Tried aggregator 1 time.
MIP Presolve eliminated 8218 rows and 8387 columns.
MIP Presolve modified 6750 coefficients.
Reduced MIP has 2084 rows, 6047 columns, and 23528 nonzeros.
Reduced MIP has 5948 binaries, 0 generals, 0 SOSs, and 0 indicators.
Presolve time = 0.03 sec. (29.06 ticks)
Tried aggregator 1 time.
MIP Presolve modified 1440 coefficients.
Reduced MIP has 2084 rows, 6047 columns, and 23496 nonzeros.
Reduced MIP has 5948 binaries, 0 generals, 0 SOSs, and 0 indicators.
Presolve time = 0.01 sec. (18.78 ticks)
Represolve time = 0.11 sec. (173.96 ticks)
   3914     0      655.2941   180      679.0000     Cuts: 216   154991    3.49%
   3914     0      655.6932   195      679.0000     Cuts: 161   155325    3.43%
   3914     0      655.7783   188      679.0000     Cuts: 115   155530    3.42%
   3914     0      655.8578   173      679.0000     Cuts: 128   155697    3.41%
*  3914+    0                          675.0000      655.8578             2.84%
   3914     0      655.9149   173      675.0000     Cuts: 136   155888    2.83%
   3914     0      655.9149   184      675.0000     Cuts: 131   156004    2.83%
   3914     0      655.9149   197      675.0000      Cuts: 69   156147    2.83%
   3914     0      655.9149   192      675.0000      Cuts: 62   156285    2.83%
   3914     0      655.9149   188      675.0000      Cuts: 58   156433    2.83%
   3914     2      655.9149   173      675.0000      655.9149   156433    2.83%
   3954     9      662.0092   152      675.0000      656.4845   157373    2.74%
*  4444+   11                          674.0000      656.4845             2.60%
   4504   502      660.7528   136      674.0000      656.4845   177272    2.60%
   5728  1356      658.5729    62      674.0000      656.4845   206505    2.60%
   7379  2713      662.8851    80      674.0000      656.4845   246692    2.60%
   9369  4339      663.7857    79      674.0000      657.1286   297375    2.50%
Elapsed time = 32.12 sec. (23136.09 ticks, tree = 81.02 MB, solutions = 10)
  11442  6069      663.1336   101      674.0000      657.3699   334071    2.47%
  14136  8484      662.4552    48      674.0000      657.4000   379051    2.46%
  16790 10979      661.1456   114      674.0000      657.4000   421227    2.46%
* 17023 11136      integral     0      668.0000      657.4000   424918    1.59%
  19242 11148      659.7500    46      668.0000      657.9149   467074    1.51%
  20603 12352      658.0000     3      668.0000      658.0000   537401    1.50%
  22279 13346        cutoff            668.0000      658.0000   602024    1.50%
  23985 14624      663.3077    40      668.0000      658.0000   674183    1.50%
  25501 15560        cutoff            668.0000      658.0000   738711    1.50%
  26517 16735      661.5000    34      668.0000      658.0000   829519    1.50%
  28178 17312      664.3174    93      668.0000      658.0000   865916    1.50%
Elapsed time = 45.05 sec. (32680.88 ticks, tree = 365.34 MB, solutions = 11)
  29608 18964      658.0000     3      668.0000      658.0000   965824    1.50%
  30757 19500      658.0000     2      668.0000      658.0000  1014574    1.50%
  32301 20841      658.1618    78      668.0000      658.0000  1091866    1.50%
  33475 21728      659.1929   112      668.0000      658.0000  1160962    1.50%
  34993 22416      658.0690    78      668.0000      658.0000  1221775    1.50%
  36179 23054        cutoff            668.0000      658.0000  1270620    1.50%
  37572 24004        cutoff            668.0000      658.0000  1369975    1.50%
  38203 24709      658.2432    44      668.0000      658.0000  1451227    1.50%
  39627 24947      662.1122    37      668.0000      658.0000  1478400    1.50%
  40789 26237      662.7580    62      668.0000      658.0000  1597094    1.50%
Elapsed time = 57.47 sec. (42226.21 ticks, tree = 501.66 MB, solutions = 11)
  41792 26614      658.1875    31      668.0000      658.0000  1655408    1.50%
  42430 27039      658.5869   107      668.0000      658.0000  1688357    1.50%
* 42538+26425                          666.0000      658.0000             1.20%
  43042 24866      661.0000     1      666.0000      658.0000  1717949    1.20%
  43952 25468      660.6087    45      666.0000      658.0000  1770372    1.20%
  44695 26032      658.1961    32      666.0000      658.0000  1828446    1.20%
  46460 26307        cutoff            666.0000      658.0000  1848501    1.20%

Performing restart 2

Repeating presolve.
Tried aggregator 1 time.
MIP Presolve eliminated 57 rows and 858 columns.
MIP Presolve modified 1100 coefficients.
Reduced MIP has 2027 rows, 5189 columns, and 26783 nonzeros.
Reduced MIP has 5090 binaries, 0 generals, 0 SOSs, and 0 indicators.
Presolve time = 0.02 sec. (18.42 ticks)
Tried aggregator 1 time.
MIP Presolve eliminated 1 rows and 0 columns.
MIP Presolve modified 314 coefficients.
Reduced MIP has 2026 rows, 5189 columns, and 26779 nonzeros.
Reduced MIP has 5090 binaries, 0 generals, 0 SOSs, and 0 indicators.
Presolve time = 0.02 sec. (21.03 ticks)
Represolve time = 0.27 sec. (214.83 ticks)
  47255     0      655.9869   220      666.0000     Cuts: 201  1928165    1.20%
  47255     0      656.0757   196      666.0000      Cuts: 64  1928386    1.20%
  47255     0      656.0757   200      666.0000     Cuts: 197  1928551    1.20%
  47255     0      656.0757   192      666.0000      Cuts: 56  1928743    1.20%
  47255     0      656.0757   201      666.0000     Cuts: 200  1928949    1.20%
  47255     0      656.0757   188      666.0000      Cuts: 64  1929144    1.20%
  47255     0      656.0757   180      666.0000     Cuts: 101  1929267    1.20%
  47255     0      656.0971   201      666.0000     Cuts: 156  1929457    1.20%
  47255     0      656.0989   170      666.0000      Cuts: 87  1929573    1.20%
  47255     0      656.0989   185      666.0000      Cuts: 85  1929709    1.20%
  47255     0      656.0989   172      666.0000      Cuts: 21  1929784    1.20%
  47255     0      656.0989   170      666.0000      Cuts: 74  1929848    1.20%
  47255     2      656.0989   167      666.0000      658.0000  1929848    1.20%
  47287    28      657.3481   129      666.0000      658.0000  1934171    1.20%
  47363    99      661.0446   127      666.0000      658.0000  1950287    1.20%
  47601   229      658.0000    15      666.0000      658.0000  1966487    1.20%
Elapsed time = 74.34 sec. (56935.94 ticks, tree = 0.99 MB, solutions = 17)
  48217   549      659.7619   137      666.0000      658.0000  1989908    1.20%
  49083   915      660.5417   122      666.0000      658.0000  2006893    1.20%
  49943  1318      660.0192   165      666.0000      658.0000  2030198    1.20%
  50955  1878      659.4625    78      666.0000      658.0000  2051166    1.20%
  52097  2631      659.0638   114      666.0000      658.0000  2087869    1.20%
  53444  3814      661.0000     1      666.0000      658.0000  2138726    1.20%
  54501  4821      658.5741   132      666.0000      658.0000  2189639    1.20%
  56051  5873        cutoff            666.0000      658.0000  2229124    1.20%
  57641  7301      658.6986   111      666.0000      658.0000  2290759    1.20%
  59388  8779      658.6073   118      666.0000      658.0000  2363785    1.20%
Elapsed time = 86.29 sec. (66480.95 ticks, tree = 161.77 MB, solutions = 17)
  60754  9961      658.2944    74      666.0000      658.0000  2408786    1.20%
  62413 11659      658.1319    98      666.0000      658.0000  2478288    1.20%
  64514 13773      658.8358    83      666.0000      658.0000  2546774    1.20%
  66294 15157      661.0000     1      666.0000      658.0000  2607619    1.20%
  68032 16748      658.6137   144      666.0000      658.0000  2689872    1.20%
  70158 18512      658.4067    71      666.0000      658.0000  2760882    1.20%
  72181 19846      659.9748    91      666.0000      658.0000  2806590    1.20%
  74344 21977      659.0828    83      666.0000      658.0000  2891505    1.20%
  76692 23886      660.4600    36      666.0000      658.0000  2956293    1.20%
  78434 25844      658.3097    55      666.0000      658.0000  3015760    1.20%
Elapsed time = 98.35 sec. (76025.27 ticks, tree = 494.11 MB, solutions = 17)
  79830 27181      661.0000     3      666.0000      658.0000  3075225    1.20%
  81807 28835      658.6000    77      666.0000      658.0000  3137995    1.20%
  83806 30417      658.6026    50      666.0000      658.0000  3209062    1.20%
  85446 32114      658.8471    82      666.0000      658.0000  3283138    1.20%
  87408 33678        cutoff            666.0000      658.0000  3352871    1.20%
  89304 35281      658.7151    79      666.0000      658.0000  3421984    1.20%
  91336 37406      658.0000     3      666.0000      658.0000  3510537    1.20%
  93226 38524      658.4912    63      666.0000      658.0000  3551725    1.20%
  95446 41026      661.0000     1      666.0000      658.0000  3646830    1.20%
  97445 42540      658.8043   140      666.0000      658.0000  3701346    1.20%
Elapsed time = 110.43 sec. (85566.50 ticks, tree = 819.82 MB, solutions = 17)
  99162 44450        cutoff            666.0000      658.0000  3795341    1.20%
 100923 46122      658.5769    46      666.0000      658.0000  3883175    1.20%
 102802 47470      658.2857    60      666.0000      658.0000  3956070    1.20%
 104721 49353      658.3635   106      666.0000      658.0000  4035831    1.20%
 106998 51200        cutoff            666.0000      658.0000  4109677    1.20%
 109182 52221      659.5533    94      666.0000      658.0000  4148999    1.20%
 110508 54789      658.5721    69      666.0000      658.0000  4258795    1.20%
 111608 55364      661.0000     1      666.0000      658.0000  4285053    1.20%
 113684 56442      658.6475    70      666.0000      658.0000  4347365    1.20%
 115719 58119      661.0000     1      666.0000      658.0000  4421070    1.20%
Elapsed time = 122.36 sec. (95106.89 ticks, tree = 1124.28 MB, solutions = 17)
 117534 60692      658.4595    38      666.0000      658.0000  4512498    1.20%
 119287 61273      658.0000     2      666.0000      658.0000  4541507    1.20%
 121089 62931      659.0546    86      666.0000      658.0000  4630716    1.20%
 122995 64485        cutoff            666.0000      658.0000  4709014    1.20%
 124848 66897      658.7887    81      666.0000      658.0000  4816879    1.20%
 126145 68490      658.0000     3      666.0000      658.0000  4881488    1.20%
 127824 68771      659.1538    23      666.0000      658.0000  4907857    1.20%
 129631 71323      658.7446    93      666.0000      658.0000  5031703    1.20%
 131632 73148      658.0000     1      666.0000      658.0000  5121223    1.20%
 138930 78675      658.0000     2      666.0000      658.0000  5364397    1.20%
Elapsed time = 137.75 sec. (107508.30 ticks, tree = 1488.99 MB, solutions = 17)
 145384 84442      659.0714    95      666.0000      658.0000  5657149    1.20%
 152159 91300      661.0000     1      666.0000      658.0000  5968001    1.20%
 159676 97455      658.8333    29      666.0000      658.0000  6256935    1.20%
 166801 103608      658.8139    92      666.0000      658.0000  6545819    1.20%
 174065 109372      658.4293    80      666.0000      658.0000  6842797    1.20%
 182090 115576      658.1900   107      666.0000      658.0000  7132781    1.20%
 188882 122615      661.0000     3      666.0000      658.0000  7446375    1.20%
 195733 128997      661.0000     3      666.0000      658.0000  7766099    1.20%
 202444 134516      658.2915   126      666.0000      658.0000  8073309    1.20%
 208572 139596      658.5456    95      666.0000      658.0000  8366211    1.20%
Elapsed time = 189.18 sec. (145660.11 ticks, tree = 2483.97 MB, solutions = 17)
Nodefile size = 433.73 MB (397.85 MB after compression)
 215750 146017      661.0000     1      666.0000      658.0000  8697940    1.20%
 223279 152810      658.0000    15      666.0000      658.0000  9014292    1.20%
 229854 157378      661.0000     1      666.0000      658.0000  9262837    1.20%
 236499 163920      661.0000     1      666.0000      658.0000  9603113    1.20%
 243843 170740      658.5000     4      666.0000      658.0000  9933511    1.20%
 250187 174926      658.9878    53      666.0000      658.0000 10142463    1.20%
 256845 180933      658.3833    79      666.0000      658.0000 10465750    1.20%
 263788 187267        cutoff            666.0000      658.0000 10845220    1.20%
 269985 192873      658.0000     2      666.0000      658.0000 11165721    1.20%
 276787 198047      658.9571   104      666.0000      658.0000 11463180    1.20%
Elapsed time = 245.98 sec. (183816.90 ticks, tree = 3438.82 MB, solutions = 17)
Nodefile size = 1388.53 MB (1266.56 MB after compression)
 283326 204054      658.5445    77      666.0000      658.0000 11800983    1.20%
 290149 209041      658.8762    94      666.0000      658.0000 12090589    1.20%
 295981 214808      659.3896    68      666.0000      658.0000 12448253    1.20%
 302351 220227      658.8139    94      666.0000      658.0000 12774587    1.20%
 309266 226140        cutoff            666.0000      658.0000 13103289    1.20%
 314997 230830      659.2069    42      666.0000      658.0000 13436087    1.20%
 320954 235021        cutoff            666.0000      658.0000 13723670    1.20%
 327259 240083      661.2913    87      666.0000      658.0000 14073649    1.20%
 333579 245178      658.0000     2      666.0000      658.0000 14413734    1.20%
 340007 250550      658.0000     2      666.0000      658.0000 14697311    1.20%
Elapsed time = 301.59 sec. (221970.55 ticks, tree = 4231.31 MB, solutions = 17)
Nodefile size = 2179.06 MB (1981.53 MB after compression)
 345970 254642      658.9609    78      666.0000      658.0000 14973131    1.20%
 352317 259849        cutoff            666.0000      658.0000 15302213    1.20%
 359151 265559      658.4254    57      666.0000      658.0000 15616135    1.20%
 366428 271426      658.4908    53      666.0000      658.0000 15985156    1.20%
 372696 277138      659.0706   100      666.0000      658.0000 16310687    1.20%
 378999 281532      658.0000     1      666.0000      658.0000 16581078    1.20%
 385935 287200      658.1026   110      666.0000      658.0000 16933044    1.20%
 392716 292803      658.4545    53      666.0000      658.0000 17220869    1.20%
 398813 297877      658.1755    69      666.0000      658.0000 17560005    1.20%
 404460 301334        cutoff            666.0000      658.0000 17845531    1.20%
Elapsed time = 357.98 sec. (260123.81 ticks, tree = 5046.49 MB, solutions = 17)
Nodefile size = 2991.68 MB (2715.78 MB after compression)
 410724 306460      658.3431    47      666.0000      658.0000 18170481    1.20%
 417130 311988      661.0000     3      666.0000      658.0000 18547285    1.20%
 423223 317373      658.0918    57      666.0000      658.0000 18913948    1.20%
 429477 321490      658.3692    81      666.0000      658.0000 19184201    1.20%
 435256 326587      661.0000     7      666.0000      658.0000 19544486    1.20%
 441865 330153      658.3333    57      666.0000      658.0000 19792155    1.20%
 448417 335559      661.0000     1      666.0000      658.0000 20115466    1.20%
 454389 340810      658.7903    79      666.0000      658.0000 20469411    1.20%
 460305 345323        cutoff            666.0000      658.0000 20781429    1.20%
 466814 350804      661.0000     1      666.0000      658.0000 21151703    1.20%
Elapsed time = 414.66 sec. (298277.25 ticks, tree = 5854.40 MB, solutions = 17)
Nodefile size = 3801.43 MB (3447.79 MB after compression)
 473584 356380      658.4545    79      666.0000      658.0000 21528684    1.20%
 480461 360642      659.1729    71      666.0000      658.0000 21789515    1.20%
 486640 366291      659.0000     2      666.0000      658.0000 22102596    1.20%
 493429 371826      661.0000     1      666.0000      658.0000 22437017    1.20%
 499746 377019      658.0000     4      666.0000      658.0000 22747450    1.20%
 506421 381410      658.0000     3      666.0000      658.0000 23029514    1.20%
 513338 387524      658.0000     2      666.0000      658.0000 23378609    1.20%
 519525 393117      658.4763    99      666.0000      658.0000 23725233    1.20%
 525971 397081      658.3669    65      666.0000      658.0000 23991938    1.20%
 532895 402364      661.0000     1      666.0000      658.0000 24266544    1.20%
Elapsed time = 472.19 sec. (336429.45 ticks, tree = 6704.84 MB, solutions = 17)
Nodefile size = 4652.06 MB (4217.94 MB after compression)
 539712 407183      659.3232    74      666.0000      658.0000 24557699    1.20%
 547050 415098      659.0000     3      666.0000      658.0000 24950852    1.20%
 553857 420017      661.0000     1      666.0000      658.0000 25290604    1.20%
 560115 424728      658.3434    67      666.0000      658.0000 25570326    1.20%
 566916 430259      658.2308    53      666.0000      658.0000 25901717    1.20%
 573268 434971      658.0000     3      666.0000      658.0000 26155408    1.20%
 579523 439407      659.0000    14      666.0000      658.0000 26487705    1.20%
 585963 444896      661.0000     3      666.0000      658.0000 26817308    1.20%
 592645 449635      658.8333    29      666.0000      658.0000 27152992    1.20%
 598807 455621      659.1119   100      666.0000      658.0000 27465526    1.20%
Elapsed time = 529.82 sec. (374579.77 ticks, tree = 7555.09 MB, solutions = 17)
Nodefile size = 5504.23 MB (4987.10 MB after compression)
 605786 460353      661.0000     1      666.0000      658.0000 27750473    1.20%
 612722 465955      659.7342    74      666.0000      658.0000 27997369    1.20%
 619568 472142      661.0000     1      666.0000      658.0000 28367185    1.20%
 626513 478001      661.0000     8      666.0000      658.0000 28700599    1.20%
 633816 482731      659.5622    92      666.0000      658.0000 28925262    1.20%
 640908 489812      658.1438    70      666.0000      658.0000 29309712    1.20%
 647205 493670      665.0000     3      666.0000      658.0000 29533325    1.20%
 653697 499962      658.5085    68      666.0000      658.0000 29874160    1.20%
 658690 503806      660.3404    66      666.0000      658.0000 30058709    1.20%
 662692 507754      658.2857    59      666.0000      658.0000 30305442    1.20%
Elapsed time = 588.41 sec. (412733.89 ticks, tree = 8362.85 MB, solutions = 17)
Nodefile size = 6309.82 MB (5710.88 MB after compression)
 667027 511053      661.0000     1      666.0000      658.0000 30508194    1.20%
 670854 514465      658.5854    35      666.0000      658.0000 30700752    1.20%
 674568 517079      661.0000     1      666.0000      658.0000 30878340    1.20%
 678567 519630      658.6129    82      666.0000      658.0000 31039828    1.20%
 682310 522989      659.7216    82      666.0000      658.0000 31270689    1.20%
 685353 525590      661.0000     1      666.0000      658.0000 31441610    1.20%
 688785 527223      658.9845   126      666.0000      658.0000 31572450    1.20%
 692248 530298      661.8779    98      666.0000      658.0000 31778571    1.20%

GUB cover cuts applied:  7
Clique cuts applied:  24
Cover cuts applied:  21
Implied bound cuts applied:  7
Flow cuts applied:  2
Mixed integer rounding cuts applied:  194
Zero-half cuts applied:  21
Lift and project cuts applied:  10
Gomory fractional cuts applied:  33

Root node processing (before b&c):
  Real time             =    4.44 sec. (4479.06 ticks)
Parallel b&c, 12 threads:
  Real time             =  630.06 sec. (440188.69 ticks)
  Sync time (average)   =  207.78 sec.
  Wait time (average)   =    0.05 sec.
                          ------------
Total (root+branch&cut) =  634.50 sec. (444667.75 ticks)
