Version identifier: 22.1.1.0 | 2022-11-28 | 9160aff4d
CPXPARAM_Read_DataCheck                          1
CPXPARAM_MIP_Cuts_Covers                         1
CPXPARAM_MIP_Cuts_FlowCovers                     1
CPXPARAM_MIP_Cuts_MIRCut                         1
CPXPARAM_TimeLimit                               633
Tried aggregator 1 time.
MIP Presolve eliminated 201 rows and 1417 columns.
MIP Presolve modified 55329 coefficients.
Reduced MIP has 10296 rows, 14429 columns, and 76596 nonzeros.
Reduced MIP has 14330 binaries, 0 generals, 0 SOSs, and 0 indicators.
Presolve time = 0.06 sec. (82.84 ticks)
Probing fixed 1 vars, tightened 0 bounds.
Probing time = 0.06 sec. (17.52 ticks)
Tried aggregator 1 time.
Detecting symmetries...
MIP Presolve eliminated 1 rows and 1 columns.
Reduced MIP has 10295 rows, 14428 columns, and 76591 nonzeros.
Reduced MIP has 14329 binaries, 0 generals, 0 SOSs, and 0 indicators.
Presolve time = 0.03 sec. (42.82 ticks)
Probing time = 0.04 sec. (9.33 ticks)
Clique table members: 11835.
MIP emphasis: balance optimality and feasibility.
MIP search method: dynamic search.
Parallel mode: deterministic, using up to 12 threads.
Root relaxation solution time = 0.19 sec. (216.42 ticks)

        Nodes                                         Cuts/
   Node  Left     Objective  IInf  Best Integer    Best Bound    ItCnt     Gap

      0     0      351.1732   172                    351.1732     2181         
      0     0      415.8571   134                   Cuts: 258     2734         
      0     0      417.0505   150                   Cuts: 185     2997         
      0     0      417.6154   157                    Cuts: 63     3144         
      0     0      418.1250   153                  Cuts: 1060     3785         
      0     0      418.1562   148                   Cuts: 689     4055         
Detecting symmetries...
      0     0      418.1562   148                   Cuts: 148     4079         
      0     0      418.1562   147                   Covers: 1     4082         
*     0+    0                         9606.0000      418.1562            95.65%
Detecting symmetries...
      0     2      418.1562   147     9606.0000      418.1562     4082   95.65%
Elapsed time = 5.63 sec. (4979.32 ticks, tree = 0.02 MB, solutions = 1)
      2     3      432.6148   163     9606.0000      418.1562     4864   95.65%
     10    12      418.1562   148     9606.0000      418.1562     6683   95.65%
     68    21      439.1250   102     9606.0000      418.1562     7435   95.65%
     94    90      437.5161   115     9606.0000      418.1562    15183   95.65%
    125   106      436.0549   150     9606.0000      418.1562    18444   95.65%
    157   135      439.6958    82     9606.0000      418.1562    21836   95.65%
    239   192      440.3487   107     9606.0000      418.1562    26575   95.65%
    351   288      440.1035   140     9606.0000      418.1562    29999   95.65%
    460   380      441.0102    68     9606.0000      418.1562    35479   95.65%
    808   732      446.2249    79     9606.0000      418.1562    54959   95.65%
Elapsed time = 11.96 sec. (8131.11 ticks, tree = 42.42 MB, solutions = 1)
   1155   939      427.2818    50     9606.0000      418.1562    67432   95.65%
   1683  1356      464.1416    47     9606.0000      418.1562    83366   95.65%
   2421  2164      438.5101    64     9606.0000      418.1562   103541   95.65%
*  2997  2637      integral     0      520.0000      418.1562   114619   19.59%
   3201  2942      487.2898    54      520.0000      418.1562   122472   19.59%
*  3827+ 3547                          506.0000      418.1562            17.36%
   3849  3424      433.0000   153      506.0000      418.1562   143934   17.36%
   4237  3720      443.0202    82      506.0000      418.1562   164684   17.36%
   4764  4090      466.5218    94      506.0000      418.1562   179462   17.36%

Performing restart 1

Repeating presolve.
Tried aggregator 1 time.
MIP Presolve eliminated 4830 rows and 4944 columns.
MIP Presolve modified 2227 coefficients.
Reduced MIP has 5465 rows, 9484 columns, and 44836 nonzeros.
Reduced MIP has 9385 binaries, 0 generals, 0 SOSs, and 0 indicators.
Presolve time = 0.02 sec. (31.18 ticks)
Tried aggregator 1 time.
Reduced MIP has 5465 rows, 9484 columns, and 44836 nonzeros.
Reduced MIP has 9385 binaries, 0 generals, 0 SOSs, and 0 indicators.
Presolve time = 0.02 sec. (26.47 ticks)
Represolve time = 0.20 sec. (171.90 ticks)
   5336     0      418.9993   177      506.0000     Cuts: 142   203522   17.19%
   5336     0      419.1016   177      506.0000     Cuts: 135   203621   17.17%
   5336     0      419.1016   176      506.0000     Cuts: 111   203688   17.16%
   5336     0      419.1016   172      506.0000       Cuts: 6   203696   17.16%
   5336     0      419.1016   177      506.0000     Cuts: 398   203768   17.16%
   5336     0      419.1016   177      506.0000      Cuts: 77   203808   17.16%
   5336     0      419.1016   172      506.0000     Cuts: 176   203902   17.14%
   5336     2      419.1016   165      506.0000      419.3333   203902   17.13%
   5337     3      419.5273   180      506.0000      419.3333   204425   17.13%
   5339     4      420.0000   116      506.0000      419.3333   204751   17.13%
Elapsed time = 46.55 sec. (36379.52 ticks, tree = 0.02 MB, solutions = 3)
   5347     8      419.9778   169      506.0000      419.3372   205822   17.13%
   5391    25      420.2264   143      506.0000      419.9545   211326   17.01%
   5487   136      420.1167    56      506.0000      419.9545   235933   17.01%
   5687   258      420.3352    74      506.0000      419.9545   253976   17.01%
   5976   450      432.9318    46      506.0000      419.9545   264749   17.01%
   6375   937      421.0835    42      506.0000      419.9545   284966   17.01%
   7044  1342      420.7872    91      506.0000      419.9545   293131   17.01%
   7828  2248      421.9826    91      506.0000      419.9545   306676   17.01%
   8560  2941      424.9565    96      506.0000      419.9545   317030   17.01%
   8787  3263      425.0113    98      506.0000      419.9545   324455   17.01%
Elapsed time = 62.73 sec. (45996.24 ticks, tree = 133.15 MB, solutions = 3)
   9341  3712      447.1037    73      506.0000      419.9545   334363   17.01%
   9901  4212      428.4766    64      506.0000      419.9545   344946   17.01%
  10077  4362      428.9662    64      506.0000      419.9545   348402   17.01%
  10204  4535      431.1407    63      506.0000      419.9545   350479   17.01%
  10393  3927      446.8420    70      506.0000      419.9545   339068   17.01%
  11115  5163      486.1500    67      506.0000      419.9545   355871   17.01%
  11895  5854      423.2835    22      506.0000      419.9545   366638   17.01%
  12630  6870      429.6701    87      506.0000      419.9545   384452   17.01%
  13356  7442      428.4463    47      506.0000      419.9545   397145   17.01%
  14332  8411      433.1306    49      506.0000      419.9545   414747   17.01%
Elapsed time = 78.13 sec. (55552.73 ticks, tree = 346.63 MB, solutions = 3)
  15260  8805      432.1616    65      506.0000      419.9545   422830   17.01%
  15722  9826      437.4026    16      506.0000      419.9545   449415   17.01%
  16479 10387      434.4141    55      506.0000      419.9545   465693   17.01%
  17427 11274      427.1676    54      506.0000      419.9913   479267   17.00%
  18414 12082      428.6933    52      506.0000      419.9913   494464   17.00%
  19284 13080      450.6276    58      506.0000      419.9913   514070   17.00%
  19882 13504      445.7181    43      506.0000      419.9913   521548   17.00%
  20497 14223      433.8140    56      506.0000      419.9913   534013   17.00%
  21037 14891      425.4654    77      506.0000      419.9913   552049   17.00%
  21822 15632      450.9411    52      506.0000      419.9913   568773   17.00%
Elapsed time = 94.05 sec. (65099.55 ticks, tree = 589.43 MB, solutions = 3)
  22405 16090      431.2114    25      506.0000      419.9913   580231   17.00%
  22861 16594      443.9949    21      506.0000      420.1761   589075   16.96%
  23522 16645      425.1023   108      506.0000      420.1761   589614   16.96%
  24394 17967      457.7265    36      506.0000      420.1761   618958   16.96%
  25147 18761      437.4035    71      506.0000      420.5635   638391   16.88%
  25395 18966      430.4434    41      506.0000      420.5635   641773   16.88%
  26167 19591      453.9034    68      506.0000      420.5635   656845   16.88%
  26785 20553      423.0190    51      506.0000      420.7266   675815   16.85%
  27763 20848      438.4321   106      506.0000      420.7738   685094   16.84%
  28682 22128      432.2428    52      506.0000      420.7738   714769   16.84%
Elapsed time = 109.39 sec. (74648.09 ticks, tree = 841.87 MB, solutions = 3)
  29227 22732      428.1549    39      506.0000      420.9947   725644   16.80%
  29562 23380      434.9503    95      506.0000      421.0000   745810   16.80%
  30227 23990      435.9790   119      506.0000      421.0000   764736   16.80%
  30640 24759      437.5000    83      506.0000      421.0000   782470   16.80%
  31477 25098      440.1885    68      506.0000      421.0000   790903   16.80%
  32602 25854      422.5777    50      506.0000      421.0000   806427   16.80%
  33719 26990      423.6200    65      506.0000      421.0000   829878   16.80%
  34598 27631      423.4747    78      506.0000      421.0260   843126   16.79%
  35945 28180      441.4315    53      506.0000      421.0642   850167   16.79%
  36709 29901      438.7005    89      506.0000      421.0884   879394   16.78%
Elapsed time = 125.42 sec. (84196.01 ticks, tree = 1217.83 MB, solutions = 3)
  37545 30641      435.1392    71      506.0000      421.0884   894595   16.78%
  38426 31746      429.9021    74      506.0000      421.1072   923804   16.78%
  39347 32389      430.3216    73      506.0000      421.1072   940382   16.78%
  40109 32892      438.0789    96      506.0000      421.1078   954834   16.78%
  41138 34063      451.9545    54      506.0000      421.1324   982380   16.77%
  41524 34728      428.9541    46      506.0000      421.1331   994814   16.77%
  42184 35719      441.1506    85      506.0000      421.1352  1019351   16.77%
  43071 36124      429.1585    38      506.0000      421.1397  1024035   16.77%
* 43583 36071      integral     0      434.0000      421.1455  1024147    2.96%
  43943 16655      424.2500    98      434.0000      421.1455  1057334    2.96%
Elapsed time = 140.73 sec. (93382.41 ticks, tree = 727.13 MB, solutions = 4)
  44464 16912      427.6788    35      434.0000      421.1455  1074000    2.96%
  45093 16997      424.2333   101      434.0000      421.1455  1078620    2.96%
  45605 17518      425.6762    77      434.0000      421.1455  1093454    2.96%
  46190 17937      425.1409    53      434.0000      421.1455  1104017    2.96%
  46711 18390      425.3120    81      434.0000      421.1455  1117890    2.96%
  47542 19382      428.1308    79      434.0000      421.1455  1143419    2.96%
  47989 19622      423.9635    78      434.0000      421.1455  1152246    2.96%
  48769 20565      426.4125   107      434.0000      421.1455  1173204    2.96%
  49382 21279      430.7296    96      434.0000      421.1455  1189216    2.96%
  49988 21800      426.0911    73      434.0000      421.1455  1197066    2.96%
Elapsed time = 156.27 sec. (102928.11 ticks, tree = 975.89 MB, solutions = 4)
  50292 21966      431.1398    27      434.0000      421.1455  1204042    2.96%
  50780 22561      428.2503    68      434.0000      421.1455  1226546    2.96%
  51289 22735      431.8367    13      434.0000      421.1455  1231623    2.96%
  51577 23436      423.5347    75      434.0000      421.1455  1253193    2.96%
  52039 23623      429.7182    75      434.0000      421.1455  1262199    2.96%
  52797 23654      431.6726    69      434.0000      421.1455  1262421    2.96%
  53425 23944      428.2437    28      434.0000      421.1455  1268802    2.96%
  54111 24812      425.8721    74      434.0000      421.1455  1291118    2.96%
  54511 25610      430.0642    37      434.0000      421.1455  1320829    2.96%
  56538 26904      428.1043    34      434.0000      421.1455  1353613    2.96%
Elapsed time = 175.90 sec. (115348.74 ticks, tree = 1223.26 MB, solutions = 4)
  59121 28581      423.0481    90      434.0000      421.1455  1408821    2.96%
  62821 31288      427.1429    45      434.0000      421.1455  1472277    2.96%
  65474 34038      426.8673    69      434.0000      421.1455  1545355    2.96%
  69999 37327      430.5177    76      434.0000      421.1455  1649981    2.96%
  73359 40545      424.4880    89      434.0000      421.1455  1755288    2.96%
  76206 42187      427.1199    80      434.0000      421.1455  1805389    2.96%

Performing restart 2

Repeating presolve.
Tried aggregator 2 times.
MIP Presolve eliminated 158 rows and 5007 columns.
MIP Presolve added 22 rows and 0 columns.
MIP Presolve modified 16139 coefficients.
Aggregator did 7 substitutions.
Reduced MIP has 5322 rows, 4470 columns, and 46318 nonzeros.
Reduced MIP has 4371 binaries, 0 generals, 0 SOSs, and 0 indicators.
Presolve time = 0.04 sec. (66.97 ticks)
Tried aggregator 1 time.
MIP Presolve eliminated 1121 rows and 0 columns.
MIP Presolve modified 11152 coefficients.
Reduced MIP has 4201 rows, 4470 columns, and 39587 nonzeros.
Reduced MIP has 4371 binaries, 0 generals, 0 SOSs, and 0 indicators.
Presolve time = 0.04 sec. (54.31 ticks)
Represolve time = 0.36 sec. (334.06 ticks)
  76357     0      419.4983   176      434.0000     Cuts: 168  1848364    2.70%
  76357     0      419.5000   130      434.0000       Cuts: 7  1848437    2.70%
  76357     0      419.5714   136      434.0000     Cuts: 367  1848776    2.70%
  76357     0      419.6663   180      434.0000      Cuts: 89  1848900    2.70%
  76357     0      419.7774   191      434.0000     Cuts: 336  1849263    2.70%
  76357     0      419.7774   188      434.0000     Cuts: 107  1849338    2.70%
  76357     0      419.7774   188      434.0000      Cuts: 56  1849372    2.70%

Repeating presolve.
Tried aggregator 1 time.
MIP Presolve eliminated 20 rows and 290 columns.
MIP Presolve modified 2072 coefficients.
Reduced MIP has 4181 rows, 4180 columns, and 48322 nonzeros.
Reduced MIP has 4081 binaries, 0 generals, 0 SOSs, and 0 indicators.
Presolve time = 0.02 sec. (32.64 ticks)
Tried aggregator 1 time.
Reduced MIP has 4181 rows, 4180 columns, and 48322 nonzeros.
Reduced MIP has 4081 binaries, 0 generals, 0 SOSs, and 0 indicators.
Presolve time = 0.02 sec. (23.22 ticks)
Represolve time = 0.32 sec. (254.43 ticks)
  76357     0      419.8202   185      434.0000      Cuts: 18  1852635    2.70%
  76357     0      419.9367   171      434.0000     Cuts: 186  1852780    2.70%
  76357     0      420.0424   209      434.0000      Cuts: 89  1852980    2.70%
  76357     0      420.0454   197      434.0000     Cuts: 130  1853090    2.70%
  76357     0      420.0454   195      434.0000     Cuts: 139  1853147    2.70%
  76357     0      420.0454   197      434.0000      Cuts: 40  1853171    2.70%
  76357     0      420.0454   184      434.0000      Cuts: 12  1853186    2.70%
  76357     0      420.0829   202      434.0000     Cuts: 231  1853351    2.70%
  76357     0      420.0829   189      434.0000      Cuts: 71  1853382    2.70%
  76357     0      420.0829   204      434.0000     Cuts: 280  1853517    2.70%
  76357     0      420.0829   192      434.0000      Cuts: 22  1853555    2.70%
  76357     0      420.0829   204      434.0000      Cuts: 68  1853597    2.70%
  76357     2      420.0829   202      434.0000      422.2701  1853597    2.70%
  76527   124      426.0000    31      434.0000      422.2701  1921649    2.70%
  77909   703      424.6083    66      434.0000      422.2701  1985038    2.70%
  81608  2880      432.0502    40      434.0000      422.2701  2043684    2.70%
Elapsed time = 246.08 sec. (171296.86 ticks, tree = 89.22 MB, solutions = 8)
  86532  6305      424.1292    82      434.0000      422.2701  2131354    2.70%
  91921 10482      426.7800    56      434.0000      422.2701  2230402    2.70%
  97407 14952      423.7259    64      434.0000      422.2701  2346760    2.70%
 103472 20476      431.3464    30      434.0000      422.2701  2467544    2.70%
 109664 24889      427.6294    49      434.0000      422.3723  2575607    2.68%
 116033 30201      424.1420    62      434.0000      422.5330  2716242    2.64%
 122901 36552      427.0504    62      434.0000      422.6667  2870404    2.61%
 127541 40716      427.1336    55      434.0000      422.7729  2950492    2.59%
 132165 45130      426.4548    94      434.0000      422.8873  3047223    2.56%
 137300 49166      425.6100   135      434.0000      423.0000  3168592    2.53%
Elapsed time = 302.28 sec. (209450.50 ticks, tree = 1152.59 MB, solutions = 8)
 143596 53770      427.0000    87      434.0000      423.0883  3274702    2.51%
 149611 59489      429.4964    48      434.0000      423.1387  3391117    2.50%
 154864 64602        cutoff            434.0000      423.2053  3556131    2.49%
 160512 69409      431.0985    84      434.0000      423.2639  3670425    2.47%
 164760 72909      431.3124    79      434.0000      423.3094  3749523    2.46%
 169723 76611      423.7029   128      434.0000      423.3562  3859315    2.45%
 174926 80402      426.8319    81      434.0000      423.4246  3968332    2.44%
 180138 85175        cutoff            434.0000      423.4802  4080548    2.42%
*182245+86070                          433.0000      423.4961             2.19%
 183945 85964      428.4657    68      433.0000      423.5122  4148903    2.19%
 189098 90105      424.8363   108      433.0000      423.5651  4264103    2.18%
Elapsed time = 358.42 sec. (247605.05 ticks, tree = 2543.04 MB, solutions = 9)
Nodefile size = 491.23 MB (476.74 MB after compression)
 193392 93426      427.7078    62      433.0000      423.6388  4378145    2.16%
 197659 96989      429.2782    84      433.0000      423.6966  4506751    2.15%
*199849+98454                          432.0000      423.7336             1.91%
 201023 95437      426.0894    85      432.0000      423.7549  4618914    1.91%
 205188 97638      429.7780   114      432.0000      423.8230  4740091    1.89%
 208489 100438      427.3011    43      432.0000      423.9726  4869681    1.86%
 212400 102226      426.4866   100      432.0000      424.0118  4972917    1.85%
 216120 105276      428.7447   115      432.0000      424.0612  5125861    1.84%
 219215 107681      427.4674    88      432.0000      424.1088  5254226    1.83%
 222901 109826        cutoff            432.0000      424.1818  5408610    1.81%
 227025 112376      425.4452   122      432.0000      424.2244  5548332    1.80%
Elapsed time = 415.61 sec. (285764.22 ticks, tree = 3382.72 MB, solutions = 10)
Nodefile size = 1328.77 MB (1293.13 MB after compression)
 230840 115028      427.4942    28      432.0000      424.2798  5715112    1.79%
 234091 117097      425.3354   114      432.0000      424.3242  5843356    1.78%
 236673 118834      426.8133    75      432.0000      424.3606  5952954    1.77%
 240182 120709      428.3811    44      432.0000      424.4073  6078239    1.76%
 243714 122482      426.7657    62      432.0000      424.4655  6240829    1.74%
 247191 123975      425.6923   104      432.0000      424.5154  6372706    1.73%
*249108+125186                          431.0000      424.5372             1.50%
 249769 116857      427.8315    63      431.0000      424.5500  6486073    1.50%
 251929 116997      427.5941    59      431.0000      424.6142  6574713    1.48%
 254520 117590      429.0280    70      431.0000      424.6811  6745632    1.47%
 256541 117748      428.2683    98      431.0000      424.7500  6889081    1.45%
Elapsed time = 473.90 sec. (323933.63 ticks, tree = 3530.89 MB, solutions = 11)
Nodefile size = 1489.71 MB (1449.55 MB after compression)
*257155+117726                          430.0000      424.7556             1.22%
 258408 99862        cutoff            430.0000      424.8221  6975256    1.20%
 261391 100161      429.0000    22      430.0000      424.8869  7160644    1.19%
 264128 100647      427.0228   114      430.0000      424.9917  7297168    1.16%
 267146 100731      428.1364   110      430.0000      425.0539  7432923    1.15%
 270064 100743        cutoff            430.0000      425.1393  7646743    1.13%
 273106 100349      426.6325   110      430.0000      425.2128  7812567    1.11%
 276088 99903        cutoff            430.0000      425.2898  7960082    1.10%
 279148 98874        cutoff            430.0000      425.3880  8169848    1.07%
 281951 97906      425.9655   110      430.0000      425.4724  8351009    1.05%
*282975 97652      integral     0      428.0000      425.5015  8379984    0.58%
 285561 32466        cutoff            428.0000      425.5561  8530404    0.57%
Elapsed time = 533.95 sec. (362095.51 ticks, tree = 925.05 MB, solutions = 13)
 289469 29043        cutoff            428.0000      425.6978  8656649    0.54%
 293090 25611        cutoff            428.0000      425.8737  8818182    0.50%
 297817 21468        cutoff            428.0000      426.0909  8980769    0.45%
 303266 16099        cutoff            428.0000      426.3123  9121797    0.39%
 309571 10166        cutoff            428.0000      426.5126  9231370    0.35%
 317997  1694        cutoff            428.0000      426.8343  9349877    0.27%
*318497   680      integral     0      427.0000      426.8582  9378709    0.03%

GUB cover cuts applied:  1
Clique cuts applied:  15
Cover cuts applied:  67
Implied bound cuts applied:  17
Flow cuts applied:  31
Mixed integer rounding cuts applied:  586
Zero-half cuts applied:  19
Lift and project cuts applied:  40
Gomory fractional cuts applied:  11

Root node processing (before b&c):
  Real time             =    5.56 sec. (4921.73 ticks)
Parallel b&c, 12 threads:
  Real time             =  572.18 sec. (380822.99 ticks)
  Sync time (average)   =   93.60 sec.
  Wait time (average)   =    0.05 sec.
                          ------------
Total (root+branch&cut) =  577.74 sec. (385744.71 ticks)
