Version identifier: 22.1.1.0 | 2022-11-28 | 9160aff4d
CPXPARAM_Read_DataCheck                          1
CPXPARAM_MIP_Cuts_Covers                         1
CPXPARAM_MIP_Cuts_FlowCovers                     1
CPXPARAM_MIP_Cuts_MIRCut                         1
CPXPARAM_TimeLimit                               633
Tried aggregator 1 time.
MIP Presolve eliminated 10 rows and 5 columns.
MIP Presolve modified 35838 coefficients.
Reduced MIP has 10463 rows, 15841 columns, and 92158 nonzeros.
Reduced MIP has 15742 binaries, 0 generals, 0 SOSs, and 0 indicators.
Presolve time = 0.04 sec. (59.25 ticks)
Probing time = 0.01 sec. (8.47 ticks)
Tried aggregator 1 time.
Detecting symmetries...
Reduced MIP has 10463 rows, 15841 columns, and 92158 nonzeros.
Reduced MIP has 15742 binaries, 0 generals, 0 SOSs, and 0 indicators.
Presolve time = 0.04 sec. (49.55 ticks)
Probing time = 0.01 sec. (7.89 ticks)
Clique table members: 54041.
MIP emphasis: balance optimality and feasibility.
MIP search method: dynamic search.
Parallel mode: deterministic, using up to 12 threads.
Root relaxation solution time = 0.13 sec. (138.71 ticks)

        Nodes                                         Cuts/
   Node  Left     Objective  IInf  Best Integer    Best Bound    ItCnt     Gap

      0     0      563.0000   221                    563.0000     1671         
      0     0      600.5960   216                   Cuts: 179     2398         
      0     0      611.5000   202                   Cuts: 639     2701         
      0     0      614.5000   201                   Cuts: 243     2934         
      0     0      615.7551   229                   Cuts: 245     3454         
      0     0      616.2000   220                   Cuts: 835     4112         
Detecting symmetries...
      0     0      616.2752   235                   Cuts: 481     4492         
      0     0      616.4667   177                   Cuts: 197     4752         
      0     0      616.5833   157                   Cuts: 128     4900         
      0     0      616.7778   182                   Cuts: 543     5069         
      0     0      616.8333   190                   Cuts: 344     5294         
      0     0      616.8333   157                    Cuts: 22     5498         
      0     0      616.8333   163                   Cuts: 457     5652         
*     0+    0                        10805.0000      616.8333            94.29%
*     0+    0                         7473.0000      616.8333            91.75%
*     0+    0                         4033.0000      616.8333            84.71%
*     0+    0                         3311.0000      616.8333            81.37%
*     0+    0                         2715.0000      616.8333            77.28%
*     0+    0                         2510.0000      616.8333            75.42%
      0     0  -1.00000e+75     0     2510.0000      616.8333     5652   75.42%
Detecting symmetries...
      0     2      616.8333   150     2510.0000      616.8333     5652   75.42%
Elapsed time = 7.67 sec. (8211.22 ticks, tree = 0.02 MB, solutions = 6)
     60    42      617.2517   154     2510.0000      616.8333     7793   75.42%
    105    82      618.1613   182     2510.0000      616.8333    10990   75.42%
    151   136      618.9167   178     2510.0000      616.8333    19010   75.42%
    209   165      618.1886   159     2510.0000      616.8333    22768   75.42%
    272   230      621.0000   129     2510.0000      616.8333    26350   75.42%
    354   297      618.4167   132     2510.0000      616.8333    29900   75.42%
    460   391      621.0000   124     2510.0000      616.8333    33819   75.42%
    552   438      619.5000   140     2510.0000      616.8333    36599   75.42%
    613   564      618.1667   172     2510.0000      616.8333    42143   75.42%
   1024   899      621.7500   132     2510.0000      616.8333    58564   75.42%
Elapsed time = 14.25 sec. (11344.32 ticks, tree = 53.73 MB, solutions = 6)
   1419  1193      622.0000   113     2510.0000      616.8333    73391   75.42%
*  1632+ 1428                         2445.0000      616.8333            74.77%
   1695  1551      619.5000    96     2445.0000      616.8333    93844   74.77%
*  1976+ 1762                         2380.0000      616.8333            74.08%
*  2074+ 1819                          812.0000      616.8333            24.04%
   2103  1877      685.0572    52      812.0000      616.8333   113019   24.04%
*  2428+ 2232                          792.0000      616.8333            22.12%
   2459  2198      713.1805    31      792.0000      616.8333   132560   22.12%
*  2484  2195      integral     0      716.0000      616.8333   132775   13.85%
*  2842  2465      integral     0      714.0000      616.8333   157318   13.61%
   2867  2546      619.5619   106      714.0000      616.8333   161090   13.61%
   3358  2935      621.7282    86      714.0000      616.8333   183349   13.61%
   3809  3372      618.9883   153      714.0000      616.8333   209514   13.61%
   4175  3747      622.6270   120      714.0000      616.9167   230351   13.60%
   4605  3950      620.0000   138      714.0000      616.9167   242625   13.60%
   5044  4547      620.6000   152      714.0000      616.9167   268409   13.60%
Elapsed time = 35.21 sec. (20892.42 ticks, tree = 351.58 MB, solutions = 12)
   5562  5000      619.1698   179      714.0000      616.9167   286497   13.60%

Performing restart 1

Repeating presolve.
Tried aggregator 1 time.
MIP Presolve eliminated 4376 rows and 4483 columns.
MIP Presolve modified 20527 coefficients.
Reduced MIP has 6087 rows, 11358 columns, and 59348 nonzeros.
Reduced MIP has 11259 binaries, 0 generals, 0 SOSs, and 0 indicators.
Presolve time = 0.08 sec. (80.98 ticks)
Tried aggregator 1 time.
MIP Presolve modified 422 coefficients.
Reduced MIP has 6087 rows, 11358 columns, and 59335 nonzeros.
Reduced MIP has 11259 binaries, 0 generals, 0 SOSs, and 0 indicators.
Presolve time = 0.04 sec. (48.21 ticks)
Represolve time = 0.29 sec. (261.32 ticks)
   5699     0      618.8826   217      714.0000     Cuts: 109   303719   13.32%
   5699     0      618.9483   256      714.0000     Cuts: 183   304026   13.31%
   5699     0      618.9759   253      714.0000     Cuts: 106   304239   13.31%
   5699     0      618.9785   248      714.0000     Cuts: 108   304439   13.31%
   5699     0      618.9785   234      714.0000     Cuts: 147   304582   13.31%
   5699     0      618.9785   249      714.0000      Cuts: 95   304797   13.31%
   5699     0      618.9785   203      714.0000      Cuts: 33   304899   13.31%
   5699     0      619.0769   178      714.0000      Cuts: 85   305082   13.29%
   5699     0      619.0769   184      714.0000     Cuts: 116   305220   13.29%
   5699     0      619.0769   153      714.0000       Cuts: 4   305249   13.29%
   5699     0      619.0769   160      714.0000      Cuts: 74   305416   13.29%
   5699     0      619.0769   175      714.0000      Cuts: 53   305560   13.29%
   5699     2      619.0769   153      714.0000      619.0769   305560   13.29%
   5700     3      619.5000    96      714.0000      619.0769   306040   13.29%
   5709     7      620.0000   104      714.0000      619.2110   306998   13.28%
   5754    36      620.6429   116      714.0000      619.3550   311573   13.26%
   5841    80      623.5180   129      714.0000      619.3550   319269   13.26%
   5972   187      620.2286   110      714.0000      619.3550   334320   13.26%
   6107   305      626.5000    81      714.0000      619.3550   345154   13.26%
   6474   648      627.4846   154      714.0000      619.3550   361883   13.26%
   6887   992      626.5017   112      714.0000      619.3550   374051   13.26%
Elapsed time = 70.01 sec. (55008.60 ticks, tree = 37.22 MB, solutions = 12)
   7368  1488      629.3808   125      714.0000      619.3550   392456   13.26%
   7852  1671      623.0491    85      714.0000      619.3550   395823   13.26%
   8441  2600      629.2780   115      714.0000      619.3550   420812   13.26%
   8983  3080      628.6947   100      714.0000      619.3550   431232   13.26%
   9600  3631      625.2953    91      714.0000      619.3550   443915   13.26%
  10199  4258      626.1089   115      714.0000      619.3550   458390   13.26%
  10782  4863      632.7831   104      714.0000      619.3550   475939   13.26%
  11544  5337      633.6354   111      714.0000      619.3550   486332   13.26%
  11902  5979      623.5955    85      714.0000      619.3550   499452   13.26%
  12567  6513      624.4300    79      714.0000      619.3550   509921   13.26%
Elapsed time = 90.23 sec. (64556.47 ticks, tree = 326.16 MB, solutions = 12)
  13345  7459      625.1387   103      714.0000      619.3550   528266   13.26%
  13995  7760      636.2618    88      714.0000      619.3550   534676   13.26%
  14766  8661      627.0182    85      714.0000      619.3550   554666   13.26%
  15342  9180      627.6946   100      714.0000      619.3550   566338   13.26%
  16054  9731      624.1067    86      714.0000      619.3550   578652   13.26%
  16883 10581      624.9479    81      714.0000      619.3550   595333   13.26%
  17692 11527      627.8078    81      714.0000      619.3550   613283   13.26%
  18334 11901      621.8701    98      714.0000      619.3550   620180   13.26%
  18981 12597      630.2461    78      714.0000      619.3550   638352   13.26%
  19503 13130      632.1181   107      714.0000      619.3550   654411   13.26%
Elapsed time = 109.32 sec. (74107.06 ticks, tree = 672.31 MB, solutions = 12)
  19812 13567      627.7426    71      714.0000      619.7333   672996   13.20%
  20456 14059      630.5984    92      714.0000      619.7333   690800   13.20%
  21209 14657      636.9429   109      714.0000      619.7333   708263   13.20%
  21913 15134      640.5546   102      714.0000      619.7333   724395   13.20%
  22942 16257      687.5650    85      714.0000      619.7333   762153   13.20%
  23891 15885      622.1486   142      714.0000      619.7333   751420   13.20%
  24410 17413      625.2308    69      714.0000      619.7333   788339   13.20%
  24792 18266        cutoff            714.0000      619.7333   812017   13.20%
  25232 18753      636.8326    70      714.0000      619.8000   828652   13.19%
  25876 19405      657.4419    98      714.0000      619.8000   847437   13.19%
Elapsed time = 126.62 sec. (83681.55 ticks, tree = 995.23 MB, solutions = 12)
  26440 19925      635.4804    75      714.0000      619.8000   860189   13.19%
  26985 20309      633.7438   129      714.0000      619.8000   871991   13.19%
  27527 20989      644.4622    46      714.0000      619.8000   894630   13.19%
  27789 21339      628.5102   100      714.0000      619.8000   911353   13.19%
  28116 21471      646.0729    60      714.0000      619.8000   921112   13.19%
  28544 21654      634.6535    83      714.0000      619.8000   927580   13.19%
  29094 22214      643.7215    83      714.0000      619.8000   951980   13.19%
  29407 22627      626.3566    65      714.0000      619.8000   969600   13.19%
  29623 22816      628.3856    73      714.0000      619.8000   979778   13.19%
  29824 23191      627.2455   114      714.0000      619.8000   991597   13.19%
Elapsed time = 142.85 sec. (93262.45 ticks, tree = 1185.45 MB, solutions = 12)
  30049 23339      635.4233    72      714.0000      619.8000   999744   13.19%
  30164 23505      621.7764   124      714.0000      619.8000  1005812   13.19%
  30278 23619      622.7019   123      714.0000      619.8000  1007863   13.19%
  30345 23649      623.0517   130      714.0000      619.8000  1008986   13.19%
  30599 23747      682.0456    64      714.0000      619.8000  1012031   13.19%
  30822 23973      650.5973    52      714.0000      619.8000  1015142   13.19%
  31063 24327      624.7644   104      714.0000      619.8000  1023146   13.19%
  31361 24355      632.7234    89      714.0000      619.8000  1026358   13.19%
  31630 24776      634.8241   112      714.0000      619.8000  1036236   13.19%
  31860 24937      623.1820    69      714.0000      619.8000  1043247   13.19%
Elapsed time = 157.49 sec. (102848.58 ticks, tree = 1277.67 MB, solutions = 12)
  32120 25202      639.1321    82      714.0000      619.8000  1049383   13.19%
  32509 25541      638.0135    86      714.0000      620.2727  1058127   13.13%
  32833 25697      630.3662   109      714.0000      620.3654  1061088   13.11%
  33074 26177      626.3658   102      714.0000      620.3889  1075520   13.11%
  33589 26778      625.8488    83      714.0000      620.4215  1093843   13.11%
  34429 27161      631.7199    92      714.0000      620.5000  1103966   13.10%
  35261 27486      635.9365    80      714.0000      620.5000  1113949   13.10%
  35867 29016      629.3727    91      714.0000      620.5017  1143472   13.10%
  36950 29142      630.4228   106      714.0000      620.5247  1145590   13.09%
  37999 30443      629.0691    93      714.0000      620.5256  1176502   13.09%
Elapsed time = 172.82 sec. (112401.67 ticks, tree = 1539.26 MB, solutions = 12)
  38915 30947      623.1634    96      714.0000      620.5556  1195947   13.09%
  39766 32396      623.9508   106      714.0000      620.5714  1224368   13.09%
  40511 32904      632.6749    74      714.0000      620.5980  1241843   13.08%
  40885 33149      635.0530    88      714.0000      620.5980  1252576   13.08%
  41215 34595      644.0270    64      714.0000      620.5980  1302119   13.08%
  41868 34874      639.2221   113      714.0000      620.5980  1306187   13.08%
  42355 34808      639.6020    58      714.0000      620.6111  1309329   13.08%
  43075 35779      632.8695    74      714.0000      620.6538  1350317   13.07%
* 43433+36247                          709.0000      620.6569            12.46%
  43525 35896      630.6158    98      709.0000      620.6569  1357907   12.46%
* 43736+36079                          705.0000      620.6706            11.96%
  45352 38298      624.0000    57      705.0000      620.6706  1429833   11.96%
Elapsed time = 194.70 sec. (124811.59 ticks, tree = 1887.15 MB, solutions = 12)
* 45619+36079                          698.0000      620.6706            11.08%
  46864 39511      650.0120    93      698.0000      620.6706  1464426   11.08%
* 47310+35977                          696.0000      620.6706            10.82%
* 47723+35977                          694.0000      620.6706            10.57%
* 47843+41016                          673.0000      620.6706             7.78%
  48233 38086      642.5000    44      673.0000      620.6706  1508966    7.78%
  50836 39670      621.1479   121      673.0000      620.6706  1566245    7.78%
  53593 43204      635.6778   123      673.0000      620.6706  1658989    7.78%
  55995 44948      634.7307    68      673.0000      620.6706  1713655    7.78%
  58288 47521      662.0827    89      673.0000      620.6706  1802466    7.78%
* 58413+35977                          672.0000      620.6706             7.64%
* 58453+35977                          670.0000      620.6706             7.36%
  61619 49663      631.3287    98      670.0000      620.6706  1855535    7.36%
* 63424+52622                          664.0000      620.6706             6.53%
  65023 52567      621.9372   134      664.0000      620.6706  1925503    6.53%

Performing restart 2

Repeating presolve.
Tried aggregator 1 time.
MIP Presolve eliminated 54 rows and 2899 columns.
MIP Presolve modified 2058 coefficients.
Reduced MIP has 6033 rows, 8459 columns, and 128719 nonzeros.
Reduced MIP has 8360 binaries, 0 generals, 0 SOSs, and 0 indicators.
Presolve time = 0.08 sec. (100.49 ticks)
Tried aggregator 1 time.
Reduced MIP has 6033 rows, 8459 columns, and 128719 nonzeros.
Reduced MIP has 8360 binaries, 0 generals, 0 SOSs, and 0 indicators.
Presolve time = 0.04 sec. (57.73 ticks)
Represolve time = 0.59 sec. (483.98 ticks)
  65398     0      619.0896   231      664.0000     Cuts: 138  2021256    6.48%
  65398     0      619.0896   207      664.0000      Cuts: 52  2021489    6.48%
  65398     0      619.0896   208      664.0000      Cuts: 65  2021613    6.48%
  65398     0      619.0896   211      664.0000      Cuts: 26  2021796    6.48%
  65398     0      619.0896   189      664.0000      Cuts: 83  2021901    6.48%
  65398     0      619.0896   205      664.0000      Cuts: 43  2022040    6.48%
  65398     0      619.0896   182      664.0000      Cuts: 19  2022164    6.48%
  65398     0      619.0896   174      664.0000      Cuts: 32  2022206    6.48%
  65398     0      619.0896   180      664.0000      Cuts: 26  2022307    6.48%
  65398     0      619.0896   197      664.0000      Cuts: 20  2022420    6.48%
  65398     2      619.0896   176      664.0000      621.0000  2022420    6.48%
  65521   118      622.5000   121      664.0000      621.0000  2051302    6.48%
Elapsed time = 270.79 sec. (185368.56 ticks, tree = 0.80 MB, solutions = 38)
* 65700+  259                          650.0000      621.0000             4.46%
  65989   465      623.6499    74      650.0000      621.0000  2084680    4.46%
* 66651+  958                          641.0000      621.0000             3.12%
  67127  1377      639.1429    70      641.0000      621.0000  2130846    3.12%
  68461  2536      622.0191   143      641.0000      621.0000  2198889    3.12%
  70477  3914      621.0057   187      641.0000      621.0000  2266534    3.12%
  72905  6228      621.9000    56      641.0000      621.0000  2339795    3.12%
  75163  8426        cutoff            641.0000      621.0000  2414122    3.12%
  78065 10739      623.3130   136      641.0000      621.0000  2493564    3.12%
  81290 13721      622.7079    62      641.0000      621.0000  2577222    3.12%
  84281 16397      624.1818    79      641.0000      621.0000  2663540    3.12%
  87926 19513      631.4552    76      641.0000      621.0000  2752047    3.12%
Elapsed time = 346.17 sec. (223530.77 ticks, tree = 950.27 MB, solutions = 40)
  90427 22330      626.3010    69      641.0000      621.0000  2817193    3.12%
  93529 25318      630.6232    84      641.0000      621.0000  2887200    3.12%
  97020 28270      623.4906   108      641.0000      621.0329  2970919    3.11%
 100810 32545      631.2381    64      641.0000      621.0554  3084070    3.11%
 103636 34695      639.2747    55      641.0000      621.0741  3151785    3.11%
 106995 37800      628.2409   120      641.0000      621.1019  3236894    3.10%
 110279 40604      627.1520   128      641.0000      621.1132  3313087    3.10%
 112834 42882      626.3801   132      641.0000      621.1244  3376406    3.10%
 115545 45520      632.0000    69      641.0000      621.1249  3440611    3.10%
 118941 48262      626.3086   110      641.0000      621.1421  3509343    3.10%
Elapsed time = 414.14 sec. (261692.81 ticks, tree = 2299.05 MB, solutions = 40)
Nodefile size = 242.58 MB (225.40 MB after compression)
 122387 51137      633.7935    97      641.0000      621.1573  3597072    3.10%
 126268 55226      626.6834   115      641.0000      621.1835  3697875    3.09%
 129758 57986      625.6556    82      641.0000      621.1959  3764958    3.09%
 133714 62587      631.4021   104      641.0000      621.2097  3891610    3.09%
 137636 66704      626.7000    95      641.0000      621.2329  3981039    3.08%
 141614 69939      632.5707    49      641.0000      621.2465  4061145    3.08%
 145226 72787      624.9933    88      641.0000      621.2577  4142371    3.08%
 149090 77773      627.2037    64      641.0000      621.2669  4264956    3.08%
 153582 81009      630.2115    56      641.0000      621.2758  4340439    3.08%
 157816 84777      629.0143    73      641.0000      621.2758  4419396    3.08%
Elapsed time = 480.82 sec. (299849.84 ticks, tree = 4186.37 MB, solutions = 40)
Nodefile size = 2122.52 MB (1971.35 MB after compression)
 161082 89153      631.4615    69      641.0000      621.2857  4529093    3.08%
 163405 90571      629.2434   108      641.0000      621.2901  4566317    3.07%
 166529 94339      629.6650    90      641.0000      621.3193  4654704    3.07%
 170072 97740      632.0000    73      641.0000      621.3280  4743259    3.07%
 173883 101300      625.7665    83      641.0000      621.3372  4829846    3.07%
 177520 103745      625.1178    77      641.0000      621.3538  4893703    3.06%
 181360 107288      625.4587    74      641.0000      621.3722  4964910    3.06%
 185170 111931      627.5829   106      641.0000      621.3932  5083348    3.06%
 188040 114834      630.7500    54      641.0000      621.4107  5167585    3.06%
 191458 116515      625.8000    82      641.0000      621.4252  5219371    3.05%
Elapsed time = 547.31 sec. (338001.95 ticks, tree = 5809.46 MB, solutions = 40)
Nodefile size = 3754.78 MB (3487.31 MB after compression)
 194871 120715      639.1010    73      641.0000      621.4318  5321853    3.05%
 198373 123839      629.6642    88      641.0000      621.4366  5384327    3.05%
 200937 125750      628.1544    90      641.0000      621.4404  5421775    3.05%
 203411 127933      628.3242    64      641.0000      621.4507  5476349    3.05%
 204561 129925      622.4736   140      641.0000      621.4703  5540972    3.05%
 205775 131083      623.8214    84      641.0000      621.4703  5570763    3.05%
*206164+130853                          640.0000      621.4800             2.89%
 206643 131405      633.2500    74      640.0000      621.4800  5585781    2.89%
 207242 132212        cutoff            640.0000      621.4880  5615555    2.89%
*208466+132061                          633.0000      621.4880             1.82%
*208607+109001                          632.0000      621.4880             1.66%
 208993 98084      627.4436   112      632.0000      621.4880  5646229    1.66%
 210465 99844      625.8883    65      632.0000      621.5000  5712829    1.66%
Elapsed time = 606.92 sec. (376163.30 ticks, tree = 4951.76 MB, solutions = 46)
Nodefile size = 2896.34 MB (2687.06 MB after compression)
 212681 101459      628.2186    78      632.0000      621.5149  5774983    1.66%
 214776 103417      627.9873    85      632.0000      621.5325  5866245    1.66%
 216233 104495      627.4101    49      632.0000      621.5810  5943702    1.65%
 218143 105486      622.6553   130      632.0000      621.6119  5988922    1.64%

GUB cover cuts applied:  151
Clique cuts applied:  20
Cover cuts applied:  25
Implied bound cuts applied:  2
Flow cuts applied:  5
Mixed integer rounding cuts applied:  400
Zero-half cuts applied:  45
Lift and project cuts applied:  27
Gomory fractional cuts applied:  40

Root node processing (before b&c):
  Real time             =    7.56 sec. (8124.20 ticks)
Parallel b&c, 12 threads:
  Real time             =  626.64 sec. (384739.55 ticks)
  Sync time (average)   =   84.28 sec.
  Wait time (average)   =    0.14 sec.
                          ------------
Total (root+branch&cut) =  634.20 sec. (392863.75 ticks)
