Version identifier: 22.1.1.0 | 2022-11-28 | 9160aff4d
CPXPARAM_Read_DataCheck                          1
CPXPARAM_MIP_Cuts_Covers                         1
CPXPARAM_MIP_Cuts_FlowCovers                     1
CPXPARAM_MIP_Cuts_MIRCut                         1
CPXPARAM_TimeLimit                               633
Tried aggregator 1 time.
MIP Presolve eliminated 10 rows and 5 columns.
MIP Presolve modified 35838 coefficients.
Reduced MIP has 10462 rows, 15841 columns, and 86511 nonzeros.
Reduced MIP has 15742 binaries, 0 generals, 0 SOSs, and 0 indicators.
Presolve time = 0.04 sec. (56.44 ticks)
Probing time = 0.01 sec. (8.43 ticks)
Tried aggregator 1 time.
Detecting symmetries...
Reduced MIP has 10462 rows, 15841 columns, and 86511 nonzeros.
Reduced MIP has 15742 binaries, 0 generals, 0 SOSs, and 0 indicators.
Presolve time = 0.04 sec. (47.34 ticks)
Probing time = 0.01 sec. (7.82 ticks)
Clique table members: 51218.
MIP emphasis: balance optimality and feasibility.
MIP search method: dynamic search.
Parallel mode: deterministic, using up to 12 threads.
Root relaxation solution time = 0.22 sec. (250.53 ticks)

        Nodes                                         Cuts/
   Node  Left     Objective  IInf  Best Integer    Best Bound    ItCnt     Gap

      0     0      351.1119   175                    351.1119     3159         
      0     0      405.8291   160                   Cuts: 144     3530         
      0     0      417.0000    81                   Cuts: 563     3885         
      0     0      417.3333   161                    Cuts: 76     4570         
      0     0      417.8571   172                   Cuts: 458     5071         
      0     0      418.1250   151                   Cuts: 626     5157         
Detecting symmetries...
      0     0      418.1562   148                   Cuts: 144     5217         
      0     0      418.1562   148                    Cuts: 48     5221         
      0     0      418.1562   142                  GUBcuts: 1     5223         
*     0+    0                        10687.0000      418.1562            96.09%
*     0+    0                         7476.0000      418.1562            94.41%
Detecting symmetries...
      0     2      418.1562   140     7476.0000      418.1562     5223   94.41%
Elapsed time = 6.76 sec. (6603.82 ticks, tree = 0.02 MB, solutions = 2)
      4     5      418.9444   137     7476.0000      418.1875     5550   94.41%
     18    19      419.5000    35     7476.0000      418.5000     8109   94.40%
     40    18      421.0253   131     7476.0000      418.5000     8352   94.40%
     57    53      423.5000    37     7476.0000      419.0000    13930   94.40%
*    75+    9                         1935.0000      419.0000            78.35%
     75    59      421.1006   140     1935.0000      419.0000    15648   78.35%
    115   100      421.0992   142     1935.0000      419.0000    20173   78.35%
    165   139      422.1984    65     1935.0000      419.0000    23078   78.35%
    211   167      423.7702    98     1935.0000      419.0000    25567   78.35%
    245   205      423.2500   100     1935.0000      419.0000    28848   78.35%
    557   398      431.1248    31     1935.0000      419.0000    41828   78.35%
Elapsed time = 13.01 sec. (9828.21 ticks, tree = 16.14 MB, solutions = 4)
    923   725      442.1931   115     1935.0000      419.0000    62238   78.35%
*  1394+ 1051                         1793.0000      419.0000            76.63%
   1435  1156      441.7677    49     1793.0000      419.0000    79268   76.63%
   1923  1765      451.4534    60     1793.0000      419.0000    95285   76.63%
   2542  2242      543.7331    45     1793.0000      419.0000   108668   76.63%
*  3036+ 2709                         1756.0000      419.0000            76.14%
   3119  2852      472.2445    46     1756.0000      419.0000   126682   76.14%
*  3143+ 2731                         1710.0000      419.0000            75.50%
*  3764+ 3382                          760.0000      419.0000            44.87%
   3829  3386      740.2084    33      760.0000      419.0000   144159   44.87%

Performing restart 1

Repeating presolve.
Tried aggregator 1 time.
MIP Presolve eliminated 1 rows and 1 columns.
MIP Presolve modified 26379 coefficients.
Reduced MIP has 10461 rows, 15840 columns, and 79627 nonzeros.
Reduced MIP has 15741 binaries, 0 generals, 0 SOSs, and 0 indicators.
Presolve time = 0.07 sec. (98.35 ticks)
Tried aggregator 1 time.
Reduced MIP has 10461 rows, 15840 columns, and 79627 nonzeros.
Reduced MIP has 15741 binaries, 0 generals, 0 SOSs, and 0 indicators.
Presolve time = 0.04 sec. (49.49 ticks)
Represolve time = 0.53 sec. (415.19 ticks)
*  3973+    0                          708.0000      419.0000            40.82%
   3973     0      418.7000   159      708.0000     Cuts: 108   161008   40.82%
   3973     0      418.8182   165      708.0000     Cuts: 117   161162   40.82%
   3973     0      418.8182   165      708.0000     Cuts: 450   161199   40.82%
   3973     0      418.8182   163      708.0000      Cuts: 52   161253   40.82%
   3973     0      418.8182   163      708.0000      Cuts: 64   161336   40.82%
   3973     0      418.8182   163      708.0000      Cuts: 38   161364   40.82%
   3973     2      418.8182   163      708.0000      419.0000   161364   40.82%
   3975     4      419.0000   157      708.0000      419.0000   161612   40.82%
   3979     4      421.4000   141      708.0000      419.0000   162013   40.82%
   3986    13      421.8000   124      708.0000      419.5000   164147   40.75%
Elapsed time = 59.70 sec. (51167.78 ticks, tree = 0.02 MB, solutions = 10)
   4021    10      420.0000   159      708.0000      419.5000   163591   40.75%
   4077    67      421.1901   113      708.0000      420.0000   177496   40.68%
   4109   130      422.2737   110      708.0000      420.0000   188660   40.68%
   4203   162      423.3045   137      708.0000      420.0000   192403   40.68%
   4348   275      423.3755   129      708.0000      420.0000   202179   40.68%
   4558   366      420.9772   111      708.0000      420.0000   207665   40.68%
   4798   581      424.6675    79      708.0000      420.0000   217083   40.68%
   5064   863      425.0491    84      708.0000      420.0000   226389   40.68%
   5389  1230      425.3248    78      708.0000      420.0000   237681   40.68%
   5741  1474      427.7071    53      708.0000      420.0000   242967   40.68%
Elapsed time = 83.55 sec. (60729.60 ticks, tree = 100.65 MB, solutions = 10)
   6227  1835      425.6387    59      708.0000      420.0000   251569   40.68%
   6618  2031      429.0891    53      708.0000      420.0000   256529   40.68%
   7065  2524      428.1444    59      708.0000      420.0000   266125   40.68%
   7566  3189      430.8985    60      708.0000      420.0000   276580   40.68%
   8068  3781      429.2867    67      708.0000      420.0000   285229   40.68%
   8608  4072      436.8127    30      708.0000      420.0000   289840   40.68%
   9117  4972      439.5233    30      708.0000      420.0000   298658   40.68%
   9624  5136      657.4758    43      708.0000      420.0000   299901   40.68%
  10112  5850      666.9690    76      708.0000      420.0000   311080   40.68%
  10639  6353      655.3388    55      708.0000      420.0000   317511   40.68%
Elapsed time = 109.60 sec. (70273.21 ticks, tree = 526.36 MB, solutions = 10)
  11106  6737      664.1801    41      708.0000      420.0000   322009   40.68%
  11469  6886      436.4786    49      708.0000      420.0000   326728   40.68%
  11868  7355      440.3339    74      708.0000      420.0000   337291   40.68%
  12289  7859      437.1634    36      708.0000      420.0000   349855   40.68%
  12767  8119      451.7095    79      708.0000      420.0000   357693   40.68%
  13315  8626      429.1762    66      708.0000      420.0000   368073   40.68%
  14064  9138      433.1819    61      708.0000      420.0000   377292   40.68%
  14789  9987      438.4521    82      708.0000      420.0000   388888   40.68%
  15372 10578      452.0445    68      708.0000      420.0000   396295   40.68%
  16101 11297      530.3876    47      708.0000      420.0000   408020   40.68%
Elapsed time = 134.93 sec. (79827.05 ticks, tree = 955.70 MB, solutions = 10)
  16799 11881      439.3082    80      708.0000      420.0000   414464   40.68%
  17495 12956      465.0560    59      708.0000      420.0000   431868   40.68%
  18145 13539      471.1383    67      708.0000      420.0000   442175   40.68%
  18770 13904      451.7087    62      708.0000      420.0000   450161   40.68%
  19493 14470      440.9745    73      708.0000      420.0000   460391   40.68%
  20025 15325      478.0206    51      708.0000      420.0000   472962   40.68%
  20524 15933      524.4710    50      708.0000      420.0000   485142   40.68%
  21039 16502      487.4795    43      708.0000      420.0000   497071   40.68%
  21625 16828      527.9349    62      708.0000      420.0000   504427   40.68%
  22005 17411      425.3465    82      708.0000      420.0000   517456   40.68%
Elapsed time = 159.53 sec. (89378.45 ticks, tree = 1023.64 MB, solutions = 10)
  22415 17923      426.9822    68      708.0000      420.0623   530261   40.67%
  22898 18334      448.4958    65      708.0000      420.0623   538967   40.67%
  23189 18581      500.4658    60      708.0000      420.0623   543749   40.67%
  23457 18847      539.5960    32      708.0000      420.0623   552026   40.67%
  23716 19225      540.7908    34      708.0000      420.0623   565724   40.67%
  24114 19504      541.2236    31      708.0000      420.0623   575088   40.67%
  24447 19564      446.4162    24      708.0000      420.0623   581649   40.67%
  24815 19955      424.0243    54      708.0000      420.0623   590153   40.67%
  25166 20238      429.8442    57      708.0000      420.0623   598950   40.67%
  25568 20773      475.9516    27      708.0000      420.0623   618203   40.67%
Elapsed time = 181.47 sec. (98943.67 ticks, tree = 1136.84 MB, solutions = 10)
  25955 21022      439.2273    42      708.0000      420.0623   624697   40.67%
  26157 21452      442.5721    82      708.0000      420.0623   632800   40.67%
  26394 21553      444.4814    67      708.0000      420.0623   633910   40.67%
  26616 21548      436.9322    42      708.0000      420.0623   638281   40.67%
  26972 21973      430.6032    43      708.0000      420.0623   650752   40.67%
  27270 22091      438.5477    76      708.0000      420.0623   654274   40.67%
  27361 22287      427.7190   123      708.0000      420.0623   662945   40.67%
  27469 22529      424.9988   148      708.0000      420.0623   677415   40.67%
  27628 22604      428.0313    53      708.0000      420.0623   680562   40.67%
  27860 22796      433.4431    88      708.0000      420.0623   690193   40.67%
Elapsed time = 200.79 sec. (108539.22 ticks, tree = 1315.93 MB, solutions = 10)
  27895 22757      443.0040    58      708.0000      420.0623   690219   40.67%
  28007 22859      427.1073    59      708.0000      420.0623   694435   40.67%
  28239 23117      601.3743    52      708.0000      420.0623   694897   40.67%
  28445 23427      546.5791    33      708.0000      420.0623   698472   40.67%
  28717 23730      549.6498    23      708.0000      420.2123   703472   40.65%
  28946 23869      428.6462    57      708.0000      420.2123   708281   40.65%
  29105 23758      436.0391    66      708.0000      420.2907   708477   40.64%
  29272 24250      432.8805    47      708.0000      420.2907   716508   40.64%
  29555 24578      437.1256    39      708.0000      420.2907   724965   40.64%
  29815 24693      444.7980    39      708.0000      420.2907   726013   40.64%
Elapsed time = 216.57 sec. (118149.85 ticks, tree = 1470.78 MB, solutions = 10)
  30204 24847      473.2362    68      708.0000      420.2907   731354   40.64%
  30682 25694      479.4185    56      708.0000      420.5000   744994   40.61%
  31268 26347      477.7578    64      708.0000      420.5000   753609   40.61%
  31711 26495      436.9689    60      708.0000      420.5000   760002   40.61%
  32303 27087      491.3188    41      708.0000      420.5000   770165   40.61%
  32897 27822      436.7333    50      708.0000      420.5000   781689   40.61%
  33666 27826      440.2109    40      708.0000      420.5000   781401   40.61%
* 34364+28955                          660.0000      420.5000            36.29%
  34484 28167      436.9127    41      660.0000      420.5000   788932   36.29%
  34903 28848      438.0174    72      660.0000      421.0647   812735   36.20%
* 35708+29607                          659.0000      421.0708            36.10%
  36911 31234      438.2731    74      659.0000      421.0876   865858   36.10%
Elapsed time = 242.06 sec. (130555.99 ticks, tree = 2060.03 MB, solutions = 12)
Nodefile size = 2.64 MB (2.43 MB after compression)
* 39105+32799                          582.0000      421.1213            27.64%
  39253 33006      429.5817   101      582.0000      421.1213   914979   27.64%
* 41348+33189                          527.0000      421.1875            20.08%
  41509 32983      423.4153   150      527.0000      421.1881   980234   20.08%
* 41708+33507                          514.0000      421.1881            18.06%
  42706 35051      431.1720    83      514.0000      421.1881  1030888   18.06%
  43991 35889      433.4350    61      514.0000      421.1881  1052299   18.06%
  45298 33036      427.5721    91      514.0000      421.1881  1083635   18.06%
  46770 34433      442.1616    35      514.0000      421.1881  1114325   18.06%
* 46980+33296                          477.0000      421.1881            11.70%
  48349 35644      427.3843    13      477.0000      421.1881  1148237   11.70%
  49767 36961      432.7883    42      477.0000      421.1881  1178705   11.70%
  50994 37718      451.4850    50      477.0000      421.1881  1199748   11.70%
  52309 38939      430.3021    88      477.0000      421.1881  1241599   11.70%
Elapsed time = 325.70 sec. (168739.10 ticks, tree = 3105.81 MB, solutions = 17)
Nodefile size = 1046.10 MB (969.16 MB after compression)
  53885 39983      443.2245    20      477.0000      421.1881  1265087   11.70%
  54903 38815      440.6100    84      477.0000      421.1881  1294020   11.70%
  56742 40061      437.7518    36      477.0000      421.1881  1325662   11.70%
  57860 41321        cutoff            477.0000      421.1881  1347553   11.70%
  59046 42980      450.6423    77      477.0000      421.1881  1390955   11.70%
  60409 44030      440.3750    66      477.0000      421.1881  1413457   11.70%
  61746 44984      439.8493    29      477.0000      421.1881  1435815   11.70%
* 62789+45994                          473.0000      421.1881            10.95%
  63087 46521      442.7556    77      473.0000      421.1881  1471123   10.95%
  64441 45038      429.8955    52      473.0000      421.1881  1498223   10.95%
  65896 46517      445.3920    99      473.0000      421.1881  1536062   10.95%
Elapsed time = 406.14 sec. (206913.81 ticks, tree = 3913.71 MB, solutions = 20)
Nodefile size = 1855.13 MB (1735.50 MB after compression)
  67301 48118      454.7493    29      473.0000      421.1881  1572056   10.95%
  68794 48927      435.7402   109      473.0000      421.1881  1587515   10.95%
* 69363+49665                          465.0000      421.1881             9.42%
  70567 48784      434.0437    78      465.0000      421.1881  1637517    9.42%
  72215 49902      450.5387    54      465.0000      421.1881  1657547    9.42%
  73931 50881      441.9414    60      465.0000      421.1881  1680221    9.42%
  75553 53841      424.9385   155      465.0000      421.1881  1731511    9.42%
  76981 55229      428.3505    94      465.0000      421.1881  1763085    9.42%
  78680 56503      428.9565    91      465.0000      421.1881  1795578    9.42%
  80538 58881      429.7028    48      465.0000      421.1881  1840810    9.42%
  82102 60652      446.5591    61      465.0000      421.1881  1878121    9.42%
Elapsed time = 464.59 sec. (245081.98 ticks, tree = 5222.29 MB, solutions = 21)
Nodefile size = 3162.20 MB (2968.63 MB after compression)
* 82477+60702                          448.0000      421.1881             5.98%
  83767 50834      439.3049    67      448.0000      421.1881  1890599    5.98%
  85367 52080      431.2988    90      448.0000      421.1881  1928611    5.98%
  86636 54556      423.1228   121      448.0000      421.1881  1978673    5.98%
  88663 54997      424.7018    70      448.0000      421.1881  1987703    5.98%
  91008 56770      427.0937    48      448.0000      421.1881  2026762    5.98%
  93321 58472      432.7932    60      448.0000      421.1881  2058702    5.98%
  95322 61165      429.6801   142      448.0000      421.1881  2111048    5.98%
  96650 63479      434.5714    49      448.0000      421.1881  2149883    5.98%
* 97972+63649                          446.0000      421.1881             5.56%
  99399 63360      440.9696    43      446.0000      421.1881  2197404    5.56%
 102411 64846      444.4444    16      446.0000      421.1881  2234675    5.56%
Elapsed time = 516.43 sec. (283246.27 ticks, tree = 5677.80 MB, solutions = 40)
Nodefile size = 3615.88 MB (3401.72 MB after compression)
 104886 67174      428.6818    15      446.0000      421.1881  2267032    5.56%
 105835 69645      431.9546    64      446.0000      421.2304  2307872    5.55%
 108600 70485      426.2731    83      446.0000      421.2304  2323771    5.55%

Performing restart 2

Repeating presolve.
Tried aggregator 1 time.
MIP Presolve eliminated 322 rows and 8295 columns.
MIP Presolve modified 4923 coefficients.
Reduced MIP has 10139 rows, 7545 columns, and 79825 nonzeros.
Reduced MIP has 7446 binaries, 0 generals, 0 SOSs, and 0 indicators.
Presolve time = 0.05 sec. (71.81 ticks)
Tried aggregator 1 time.
Reduced MIP has 10139 rows, 7545 columns, and 79825 nonzeros.
Reduced MIP has 7446 binaries, 0 generals, 0 SOSs, and 0 indicators.
Presolve time = 0.03 sec. (42.74 ticks)
Represolve time = 0.86 sec. (720.98 ticks)
 109712     0      419.3087   180      446.0000      Cuts: 75  2391896    5.35%
 109712     0      419.3684   170      446.0000      Cuts: 77  2391984    5.35%
 109712     0      419.3684   171      446.0000      Cuts: 88  2392022    5.35%
 109712     0      419.3684   149      446.0000       Cuts: 4  2392052    5.35%
 109712     0      419.3684   149      446.0000     Cuts: 219  2392109    5.35%
 109712     0      419.3684   169      446.0000      Cuts: 33  2392150    5.35%
 109712     0      419.3684   156      446.0000     Cuts: 168  2392271    5.35%
 109712     0      419.3684   157      446.0000      Cuts: 58  2392315    5.35%
 109712     0      419.3684   148      446.0000      Cuts: 61  2392370    5.35%
 109712     0      419.3684   149      446.0000      Cuts: 39  2392426    5.35%
 109712     0      419.3684   168      446.0000       Cuts: 8  2392448    5.35%
 109712     2      419.3684   168      446.0000      422.1429  2392448    5.35%
 109730    17      420.0355   102      446.0000      422.1429  2398979    5.35%
 109814    70      423.7633   142      446.0000      422.1429  2433490    5.35%
 109960   158      422.1610   154      446.0000      422.1429  2479224    5.35%
 110365   473      427.3710    69      446.0000      422.1429  2516709    5.35%
 111212   963      428.4431    80      446.0000      422.1429  2543092    5.35%

GUB cover cuts applied:  5
Cover cuts applied:  24
Implied bound cuts applied:  3
Flow cuts applied:  2
Mixed integer rounding cuts applied:  169
Zero-half cuts applied:  9
Lift and project cuts applied:  23
Gomory fractional cuts applied:  6

Root node processing (before b&c):
  Real time             =    6.68 sec. (6536.55 ticks)
Parallel b&c, 12 threads:
  Real time             =  626.36 sec. (356509.57 ticks)
  Sync time (average)   =  106.06 sec.
  Wait time (average)   =    0.13 sec.
                          ------------
Total (root+branch&cut) =  633.04 sec. (363046.12 ticks)
