Version identifier: 22.1.1.0 | 2022-11-28 | 9160aff4d
CPXPARAM_Read_DataCheck                          1
CPXPARAM_MIP_Cuts_Covers                         1
CPXPARAM_MIP_Cuts_FlowCovers                     1
CPXPARAM_MIP_Cuts_MIRCut                         1
CPXPARAM_TimeLimit                               388
Tried aggregator 2 times.
MIP Presolve eliminated 138 rows and 856 columns.
MIP Presolve added 6 rows and 0 columns.
MIP Presolve modified 31374 coefficients.
Aggregator did 3 substitutions.
Reduced MIP has 5848 rows, 8056 columns, and 44530 nonzeros.
Reduced MIP has 7982 binaries, 0 generals, 0 SOSs, and 0 indicators.
Presolve time = 0.04 sec. (58.51 ticks)
Probing fixed 1 vars, tightened 0 bounds.
Probing time = 0.04 sec. (12.93 ticks)
Tried aggregator 1 time.
Detecting symmetries...
MIP Presolve eliminated 1 rows and 1 columns.
Reduced MIP has 5847 rows, 8055 columns, and 44525 nonzeros.
Reduced MIP has 7981 binaries, 0 generals, 0 SOSs, and 0 indicators.
Presolve time = 0.02 sec. (24.43 ticks)
Probing time = 0.03 sec. (6.77 ticks)
Clique table members: 13654.
MIP emphasis: balance optimality and feasibility.
MIP search method: dynamic search.
Parallel mode: deterministic, using up to 12 threads.
Root relaxation solution time = 0.03 sec. (52.81 ticks)

        Nodes                                         Cuts/
   Node  Left     Objective  IInf  Best Integer    Best Bound    ItCnt     Gap

      0     0     1057.0140   146                   1057.0140      756         
*     0+    0                         9834.0000     1057.0140            89.25%
*     0+    0                         6775.0000     1057.0140            84.40%
      0     0     1182.8663   153     6775.0000     Cuts: 190     1023   82.54%
      0     0     1206.4695   100     6775.0000     Cuts: 229     1167   82.19%
      0     0     1211.8514   160     6775.0000      Cuts: 88     1275   82.11%
      0     0     1214.8601   154     6775.0000     Cuts: 137     1363   82.07%
*     0+    0                         3591.0000     1214.8601            66.17%
      0     0  -1.00000e+75     0     3591.0000     1214.8601     1363   66.17%
      0     0     1216.9403   162     3591.0000     Cuts: 140     1497   66.11%
Detecting symmetries...
      0     0     1219.3176   148     3591.0000     Cuts: 143     1611   66.05%
      0     0     1222.1949   158     3591.0000      Cuts: 75     1708   65.97%
*     0+    0                         3497.0000     1222.1949            65.05%
      0     0     1225.8861   152     3497.0000      Cuts: 51     1807   64.94%
*     0+    0                         2088.0000     1225.8861            41.29%
      0     0     1225.9818   154     2088.0000      Cuts: 25     1898   41.08%
      0     0     1227.9444    99     2088.0000      Cuts: 20     1970   41.08%
      0     0     1229.9868   127     2088.0000      Cuts: 79     2060   41.08%
      0     0     1230.4375   129     2088.0000     Cuts: 118     2162   41.07%
      0     0     1230.4375   134     2088.0000      Cuts: 45     2203   41.07%
Detecting symmetries...
      0     2     1230.4375   125     2088.0000     1230.4375     2203   41.07%
Elapsed time = 3.43 sec. (3645.37 ticks, tree = 0.02 MB, solutions = 5)
    171   138     1240.0000    72     2088.0000     1232.4667     7505   40.97%
    399   382     1235.2812   116     2088.0000     1232.4667    14783   40.97%
    614   561     1234.4000   101     2088.0000     1232.4667    20400   40.97%
    880   814     1245.8926    71     2088.0000     1232.4667    26944   40.97%
   1048   997     1243.3952    81     2088.0000     1232.4667    33461   40.97%
   1212  1096     1253.5145    72     2088.0000     1232.4667    40510   40.97%
   1376  1239     1295.7468    92     2088.0000     1232.4667    47097   40.97%
   1578  1399     1264.3860    39     2088.0000     1232.4667    55321   40.97%
   1794  1715     1291.1739    40     2088.0000     1232.4667    70870   40.97%
*  2575+ 2162                         2080.0000     1232.4667            40.75%
*  2609  2359      integral     0     2025.0000     1232.4667   102591   39.14%
*  2777  2399      integral     0     2008.0000     1232.4667   103290   38.62%
Elapsed time = 7.87 sec. (6609.10 ticks, tree = 69.65 MB, solutions = 8)
*  2935  2646      integral     0     1919.0000     1232.4667   109426   35.78%
*  3298  2861      integral     0     1894.0000     1232.4667   119632   34.93%
   3794  3333     1254.5301    57     1894.0000     1232.4667   138025   34.93%

Performing restart 1

Repeating presolve.
Tried aggregator 1 time.
MIP Presolve modified 12420 coefficients.
Reduced MIP has 5847 rows, 8055 columns, and 41257 nonzeros.
Reduced MIP has 7981 binaries, 0 generals, 0 SOSs, and 0 indicators.
Presolve time = 0.02 sec. (31.69 ticks)
Tried aggregator 1 time.
Reduced MIP has 5847 rows, 8055 columns, and 41257 nonzeros.
Reduced MIP has 7981 binaries, 0 generals, 0 SOSs, and 0 indicators.
Presolve time = 0.02 sec. (25.92 ticks)
Represolve time = 0.19 sec. (147.51 ticks)
   3898     0     1236.9459   133     1894.0000     Cuts: 144   148576   34.69%
   3898     0     1237.4286   137     1894.0000     Cuts: 104   148720   34.67%
   3898     0     1238.8925   145     1894.0000      Cuts: 71   148880   34.59%
   3898     0     1238.8925   168     1894.0000     Cuts: 161   149027   34.59%
   3898     0     1238.8925   143     1894.0000      Cuts: 81   149109   34.59%
   3898     0     1238.8925   137     1894.0000      Cuts: 52   149155   34.59%
   3898     0     1238.8925   146     1894.0000      Cuts: 19   149195   34.59%
   3898     0     1238.8925   139     1894.0000      Cuts: 15   149235   34.59%
   3898     0     1239.4941   144     1894.0000      Cuts: 18   149324   34.56%
   3898     0     1239.8125   137     1894.0000     Cuts: 417   149482   34.54%
   3898     0     1240.3856   147     1894.0000     Cuts: 360   149674   34.51%
   3898     0     1240.4359   144     1894.0000     Cuts: 117   149734   34.51%
   3898     0     1240.4762   138     1894.0000      Cuts: 44   149825   34.50%
   3898     0     1240.5769   156     1894.0000      Cuts: 55   149888   34.50%
   3898     0     1240.9189   143     1894.0000     Cuts: 137   150037   34.48%
   3898     0     1241.0000   119     1894.0000      Cuts: 88   150086   34.48%
   3898     0     1241.0000   112     1894.0000     Cuts: 113   150186   34.48%
   3898     2     1241.0000    76     1894.0000     1241.0000   150186   34.48%
   3902     5     1244.9341   109     1894.0000     1241.8800   150460   34.43%
   3933    21     1247.1310   103     1894.0000     1242.0000   152150   34.42%
   4043   117     1251.6381   132     1894.0000     1242.0180   163941   34.42%
   4208   258     1253.5448   128     1894.0000     1242.0180   180228   34.42%
   4626   455     1256.1795    56     1894.0000     1242.0180   189684   34.42%
   5294   964     1256.7844    84     1894.0000     1242.0180   203738   34.42%
   6138  1827     1262.1723   107     1894.0000     1242.0180   217340   34.42%
   6915  2641     1284.1081    68     1894.0000     1242.0180   226343   34.42%
Elapsed time = 40.87 sec. (36579.05 ticks, tree = 106.96 MB, solutions = 10)
   7828  3662     1313.5613    47     1894.0000     1242.0180   238146   34.42%
   8868  4437     1732.9638    50     1894.0000     1242.0180   248735   34.42%
   9859  5484     1253.5677    88     1894.0000     1242.0180   263697   34.42%
  10706  6382     1290.3369    62     1894.0000     1242.0180   278361   34.42%
  11799  7469     1310.1489    43     1894.0000     1242.0180   301253   34.42%
  13131  8458     1274.8659    67     1894.0000     1242.0180   316960   34.42%
  14324  9778     1405.4871    52     1894.0000     1242.0180   337300   34.42%
  15689 11050     1314.2154    60     1894.0000     1242.0180   359110   34.42%
  16902 12535     1433.8893    62     1894.0000     1242.0180   386319   34.42%
  18043 13413     1600.0270    51     1894.0000     1242.0180   402466   34.42%
Elapsed time = 58.36 sec. (46121.11 ticks, tree = 175.44 MB, solutions = 10)
  19098 14542     1683.6667    38     1894.0000     1242.0180   431633   34.42%
  19879 15211     1291.0477    76     1894.0000     1242.0180   451370   34.42%
  20833 15911     1263.2284   105     1894.0000     1242.0180   476970   34.42%
  22074 16789     1254.5551   120     1894.0000     1243.2000   498074   34.36%
  23045 18463     1733.3790    59     1894.0000     1243.4189   528864   34.35%
  24108 19454     1302.0627    86     1894.0000     1243.4189   555988   34.35%
  25091 20074     1414.5225    57     1894.0000     1243.4189   570918   34.35%
  26160 20980     1399.1825    51     1894.0000     1243.4189   597040   34.35%
  26972 22142     1259.3514    45     1894.0000     1243.4189   620725   34.35%
  27477 22664     1312.4615    61     1894.0000     1243.4189   636485   34.35%
Elapsed time = 73.32 sec. (55668.74 ticks, tree = 263.70 MB, solutions = 10)
  27898 20084     1426.9369    57     1894.0000     1243.4189   571134   34.35%
  28132 23328     1732.1644    39     1894.0000     1243.4189   649047   34.35%
  28357 23589     1261.6302    75     1894.0000     1243.4858   653336   34.35%
  28546 23881     1251.2349    77     1894.0000     1244.7297   657948   34.28%
  29088 24205     1281.4221    69     1894.0000     1244.7297   664054   34.28%
  29910 25138     1312.1747    80     1894.0000     1244.7297   675246   34.28%
  30819 25789     1312.0000    82     1894.0000     1245.3279   688276   34.25%
  32183 26536     1267.2629    92     1894.0000     1245.3279   700132   34.25%
  33864 28280     1279.8699    83     1894.0000     1245.4015   724990   34.24%
  35009 29723     1279.2974    76     1894.0000     1246.0000   749125   34.21%
Elapsed time = 90.07 sec. (67693.96 ticks, tree = 413.39 MB, solutions = 10)
  36432 30624     1281.3935    56     1894.0000     1246.2363   767547   34.20%
  37363 32437     1268.6809    95     1894.0000     1246.2363   804525   34.20%
  38172 32737     1260.0899    76     1894.0000     1246.2363   811602   34.20%
  38970 33812     1258.9384    82     1894.0000     1246.4237   846294   34.19%
  39962 35122     1276.6419    66     1894.0000     1246.4237   891913   34.19%
  41247 36149     1585.6975    82     1894.0000     1246.4563   919463   34.19%
* 41949+36591                         1792.0000     1246.4563            30.44%
  42152 36056     1266.1647    90     1792.0000     1246.6333   917720   30.43%
  42846 37795     1275.2983    77     1792.0000     1246.6333   947719   30.43%
  43501 38781     1632.3611    58     1792.0000     1246.6333   966431   30.43%
* 43590+38811                         1445.0000     1246.6333            13.73%
* 43673 31912      integral     0     1441.0000     1246.6333   969598   13.49%
* 44035+32244                         1318.0000     1246.6333             5.41%
  44209 32150     1276.5333    93     1318.0000     1246.6333   975407    5.41%
Elapsed time = 105.10 sec. (77254.49 ticks, tree = 582.83 MB, solutions = 14)
  44886 22480     1306.9999    78     1318.0000     1246.6333   985148    5.41%
  45636 22916     1276.5972    87     1318.0000     1246.6333   994229    5.41%
  46465 23543     1279.2476    62     1318.0000     1246.6333  1012031    5.41%
  47366 24672        cutoff           1318.0000     1246.6333  1037356    5.41%
  48484 25463     1312.9189    35     1318.0000     1246.6333  1053176    5.41%
  49532 26169     1258.9301    80     1318.0000     1246.6333  1069101    5.41%
  50645 27469     1283.4247    73     1318.0000     1246.6333  1090570    5.41%
  51447 28133     1254.2455    89     1318.0000     1246.6333  1103624    5.41%
  52448 29540     1269.6360    44     1318.0000     1246.6333  1129020    5.41%
  53567 30024     1258.0336    77     1318.0000     1246.6333  1153028    5.41%
Elapsed time = 118.79 sec. (86799.12 ticks, tree = 763.93 MB, solutions = 34)
  55183 31068     1249.6486    98     1318.0000     1246.6333  1171311    5.41%
  56423 32768     1259.5341    95     1318.0000     1246.6333  1201835    5.41%
* 56600 32029      integral     0     1304.0000     1246.6333  1187178    4.40%
  57715 30578     1255.9337    92     1304.0000     1246.6333  1244612    4.40%
  58977 31013     1302.0000    33     1304.0000     1246.6333  1254938    4.40%
  59830 31216     1259.9000    73     1304.0000     1246.6333  1267976    4.40%
* 60266 33254      integral     0     1279.0000     1246.6333  1309696    2.53%
  61365 19450     1260.7270    73     1279.0000     1246.6333  1318862    2.53%
  62645 20737     1253.4594    80     1279.0000     1246.6333  1356752    2.53%
  63803 20435     1255.1667    70     1279.0000     1246.6333  1349793    2.53%
  64843 22247     1254.8750    89     1279.0000     1246.6333  1404283    2.53%
Elapsed time = 133.53 sec. (96116.66 ticks, tree = 650.27 MB, solutions = 41)
  66210 22926        cutoff           1279.0000     1246.6333  1422127    2.53%
  67509 24725     1267.0000    57     1279.0000     1246.6333  1462862    2.53%
  68637 24440     1265.4269    86     1279.0000     1246.6333  1458314    2.53%
  69463 25460     1263.0000    65     1279.0000     1246.6333  1481908    2.53%
  70482 27574     1259.5017    63     1279.0000     1246.6333  1540756    2.53%
  71259 27655     1259.1039    77     1279.0000     1246.6333  1542161    2.53%
  72062 28697     1271.8803    62     1279.0000     1246.6333  1572966    2.53%
  72984 28923     1268.7441    98     1279.0000     1246.6333  1577188    2.53%
  74095 29601     1272.6249    74     1279.0000     1246.6333  1598968    2.53%
  75266 30635     1272.5382   124     1279.0000     1246.6333  1624897    2.53%
Elapsed time = 149.18 sec. (105662.49 ticks, tree = 1091.29 MB, solutions = 41)
  76322 30826     1265.1163   103     1279.0000     1246.6333  1630829    2.53%
  77198 32163     1263.8251    80     1279.0000     1246.6333  1661707    2.53%
  77734 33595     1264.8378    57     1279.0000     1246.6333  1703329    2.53%
  77982 34142     1258.6609    92     1279.0000     1246.6333  1716328    2.53%
  78304 34635     1254.2681    71     1279.0000     1246.6333  1728732    2.53%
  79337 34814     1256.0177    98     1279.0000     1246.6333  1732045    2.53%
  80654 35210     1258.8597    47     1279.0000     1246.6333  1743780    2.53%
  81882 36732     1267.6626    48     1279.0000     1246.6333  1780690    2.53%
  83116 36927     1267.3051    79     1279.0000     1246.6333  1787806    2.53%
  86517 40733     1265.9888    61     1279.0000     1246.6333  1882182    2.53%
Elapsed time = 168.29 sec. (118074.32 ticks, tree = 1631.86 MB, solutions = 41)
  90486 43760     1271.0161   103     1279.0000     1246.6333  1985369    2.53%
  94313 46720     1259.5435   117     1279.0000     1246.6333  2069423    2.53%

Performing restart 2

Repeating presolve.
Tried aggregator 1 time.
MIP Presolve eliminated 380 rows and 4808 columns.
MIP Presolve modified 5767 coefficients.
Reduced MIP has 5467 rows, 3247 columns, and 34406 nonzeros.
Reduced MIP has 3173 binaries, 0 generals, 0 SOSs, and 0 indicators.
Presolve time = 0.02 sec. (32.35 ticks)
Tried aggregator 1 time.
MIP Presolve eliminated 844 rows and 0 columns.
MIP Presolve modified 6426 coefficients.
Reduced MIP has 4623 rows, 3247 columns, and 29469 nonzeros.
Reduced MIP has 3173 binaries, 0 generals, 0 SOSs, and 0 indicators.
Presolve time = 0.02 sec. (31.59 ticks)
Represolve time = 0.47 sec. (414.15 ticks)
  94434     0     1241.0259   140     1279.0000      Cuts: 88  2121490    2.29%
  94434     0     1241.3077   145     1279.0000      Cuts: 65  2121600    2.29%
  94434     0     1241.3333   135     1279.0000     Cuts: 144  2121724    2.29%
  94434     0     1241.3333   135     1279.0000      Cuts: 86  2121788    2.29%
  94434     0     1241.3333   119     1279.0000      Cuts: 28  2121826    2.29%
  94434     0     1241.3333   124     1279.0000      Cuts: 61  2121875    2.29%
  94434     0     1241.3333   125     1279.0000      Cuts: 19  2121902    2.29%
  94434     0     1241.3333   120     1279.0000      Cuts: 48  2121933    2.29%
  94434     2     1241.3333   115     1279.0000     1249.6923  2121933    2.29%
  94608   128     1248.0978   105     1279.0000     1249.6923  2140191    2.29%
  96048  1099     1246.6127    75     1279.0000     1249.6923  2237868    2.29%
  99167  3885     1252.6145   109     1279.0000     1249.6923  2370124    2.29%
 102652  6770     1256.3029    87     1279.0000     1249.6923  2514263    2.29%
 106695 10303     1268.5663    97     1279.0000     1249.6923  2670517    2.29%
 111378 13806        cutoff           1279.0000     1249.6923  2856234    2.29%
 115104 17102     1261.4794   126     1279.0000     1249.6923  3034686    2.29%
Elapsed time = 224.29 sec. (159832.40 ticks, tree = 34.42 MB, solutions = 53)
 119149 20643     1264.2727    96     1279.0000     1249.6923  3239088    2.29%
 123558 24262     1263.9963   128     1279.0000     1249.6923  3455287    2.29%
 128019 27887        cutoff           1279.0000     1249.6923  3691598    2.29%
 131902 31644     1275.3833    67     1279.0000     1249.6923  3921624    2.29%
*132567 31977      integral     0     1276.0000     1249.6923  3948143    2.06%
 136167 34105     1264.9575   104     1276.0000     1249.6923  4137928    2.06%
 139608 36899     1272.4577    67     1276.0000     1249.6923  4340710    2.06%
 143447 39498        cutoff           1276.0000     1249.8213  4547442    2.05%
*143512+39577                         1274.0000     1249.8213             1.90%
*145303+39180                         1273.0000     1249.9093             1.81%
 146666 40298     1266.9841   102     1273.0000     1250.0202  4727385    1.81%
 150076 42726     1258.6257    97     1273.0000     1250.3057  4911856    1.78%
 153217 45521     1270.2857    42     1273.0000     1250.4348  5155476    1.77%
Elapsed time = 279.49 sec. (197987.60 ticks, tree = 90.05 MB, solutions = 56)
*155858+47673                         1270.0000     1250.6115             1.53%
 155903 47632     1267.1250    86     1270.0000     1250.6170  5333733    1.53%
 158628 45373     1259.3404    76     1270.0000     1250.6947  5487609    1.52%
*159063 45472      integral     0     1268.0000     1250.6947  5513284    1.36%
 161822 43975     1255.1520    83     1268.0000     1250.8887  5735510    1.35%
 164785 45616     1259.7143    85     1268.0000     1251.1259  5907817    1.33%
 168153 47705     1254.3196    67     1268.0000     1251.3559  6149952    1.31%
*171357+48360                         1261.0000     1251.4755             0.76%
 171509 49369     1258.7967    98     1261.0000     1251.5166  6350161    0.75%
 173856 26809     1252.7165    89     1261.0000     1251.7500  6567626    0.73%
 177043 27120    infeasible           1261.0000     1252.0000  6776269    0.71%
 179711 27302     1254.0484    63     1261.0000     1252.3138  7075183    0.69%
 182390 27194     1257.4771    66     1261.0000     1252.8056  7190565    0.65%
Elapsed time = 334.81 sec. (236146.40 ticks, tree = 53.89 MB, solutions = 59)
 184980 26921        cutoff           1261.0000     1253.1207  7509178    0.62%
 188459 26515    infeasible           1261.0000     1253.4658  7657277    0.60%
 190744 25843        cutoff           1261.0000     1253.7500  7891684    0.57%
 194788 25216        cutoff           1261.0000     1254.1466  8070307    0.54%
 196906 23970        cutoff           1261.0000     1254.4545  8304242    0.52%
 200070 22651        cutoff           1261.0000     1254.9102  8536360    0.48%
 202399 21593        cutoff           1261.0000     1255.2023  8684132    0.46%
 205628 20151        cutoff           1261.0000     1255.4160  8873233    0.44%
 208506 18596     1257.2958    72     1261.0000     1255.8114  9049420    0.41%

GUB cover cuts applied:  4
Clique cuts applied:  84
Cover cuts applied:  238
Implied bound cuts applied:  18
Flow cuts applied:  16
Mixed integer rounding cuts applied:  485
Zero-half cuts applied:  71
Lift and project cuts applied:  33
Gomory fractional cuts applied:  50

Root node processing (before b&c):
  Real time             =    3.40 sec. (3626.29 ticks)
Parallel b&c, 12 threads:
  Real time             =  384.62 sec. (270660.99 ticks)
  Sync time (average)   =   46.82 sec.
  Wait time (average)   =    0.11 sec.
                          ------------
Total (root+branch&cut) =  388.01 sec. (274287.28 ticks)
