Version identifier: 22.1.1.0 | 2022-11-28 | 9160aff4d
CPXPARAM_Read_DataCheck                          1
CPXPARAM_MIP_Cuts_Covers                         1
CPXPARAM_MIP_Cuts_FlowCovers                     1
CPXPARAM_MIP_Cuts_MIRCut                         1
CPXPARAM_TimeLimit                               633
Tried aggregator 1 time.
MIP Presolve eliminated 201 rows and 1417 columns.
MIP Presolve modified 55329 coefficients.
Reduced MIP has 10297 rows, 14429 columns, and 80831 nonzeros.
Reduced MIP has 14330 binaries, 0 generals, 0 SOSs, and 0 indicators.
Presolve time = 0.06 sec. (87.02 ticks)
Found incumbent of value 4220.000000 after 0.16 sec. (203.87 ticks)
Probing fixed 1 vars, tightened 0 bounds.
Probing time = 0.06 sec. (17.51 ticks)
Tried aggregator 1 time.
Detecting symmetries...
MIP Presolve eliminated 1 rows and 1 columns.
Reduced MIP has 10296 rows, 14428 columns, and 80826 nonzeros.
Reduced MIP has 14329 binaries, 0 generals, 0 SOSs, and 0 indicators.
Presolve time = 0.03 sec. (44.47 ticks)
Probing time = 0.03 sec. (9.32 ticks)
Clique table members: 11835.
MIP emphasis: balance optimality and feasibility.
MIP search method: dynamic search.
Parallel mode: deterministic, using up to 12 threads.
Root relaxation solution time = 0.06 sec. (89.88 ticks)

        Nodes                                         Cuts/
   Node  Left     Objective  IInf  Best Integer    Best Bound    ItCnt     Gap

*     0+    0                         4220.0000        0.0000           100.00%
      0     0      599.5773   201     4220.0000      599.5773     1289   85.79%
*     0+    0                         3927.0000      599.5773            84.73%
      0     0      628.8612   222     3927.0000     Cuts: 318     1639   83.99%
*     0+    0                         3727.0000      628.8612            83.13%
      0     0      644.6979   174     3727.0000     Cuts: 262     2008   82.70%
      0     0      647.2946   168     3727.0000     Cuts: 191     2235   82.63%
*     0+    0                         2637.0000      647.2946            75.45%
*     0+    0                         2344.0000      647.2946            72.39%
      0     0      648.8642   184     2344.0000     Cuts: 564     2421   72.25%
      0     0      652.2692   166     2344.0000     Cuts: 315     2699   72.17%
Detecting symmetries...
      0     0      652.6905   166     2344.0000     Cuts: 349     2833   72.15%
      0     0      652.7803   169     2344.0000      Cuts: 59     2912   72.15%
      0     0      652.7803   170     2344.0000      Cuts: 65     2967   72.15%
      0     0      652.7803   163     2344.0000      Cuts: 10     3041   72.15%
Detecting symmetries...
      0     2      652.7803   160     2344.0000      652.7834     3041   72.15%
Elapsed time = 4.45 sec. (4415.14 ticks, tree = 0.02 MB, solutions = 5)
     16    16      656.4091   148     2344.0000      652.7834     3975   72.15%
     50     8      655.1897   131     2344.0000      652.7834     3715   72.15%
     94    65      652.7803   165     2344.0000      652.7834     8103   72.15%
    197   139      657.6739   134     2344.0000      652.7834    12049   72.15%
    386   279      656.3846   127     2344.0000      652.7834    15129   72.15%
    522   361      654.1471   157     2344.0000      652.7834    16879   72.15%
    714   516      661.9202   122     2344.0000      652.7834    20962   72.15%
    931   640      661.7500   101     2344.0000      652.7834    24689   72.15%
   1153  1005      660.5833   101     2344.0000      652.7834    31563   72.15%
   1801  1663      662.7619   117     2344.0000      652.7834    49414   72.15%
Elapsed time = 11.37 sec. (7640.82 ticks, tree = 104.50 MB, solutions = 5)
   2387  2128      660.0833   128     2344.0000      652.7834    65613   72.15%
   2884  2636      666.3918   157     2344.0000      652.7834    88897   72.15%
   3435  3248      671.3368   137     2344.0000      652.7834   119186   72.15%
*  3824+ 3633                         2239.0000      652.7834            70.84%
   3830  3526      697.2831   124     2239.0000      652.7834   134328   70.84%
*  3833+ 3633                         2172.0000      652.7834            69.95%
*  3846+ 3649                         2103.0000      652.7834            68.96%
*  3850+ 3649                         2038.0000      652.7834            67.97%
*  4235+ 3932                         1973.0000      652.7834            66.91%
   4355  4089      818.6185    36     1973.0000      652.7834   159158   66.91%
   4996  4771      657.3542   136     1973.0000      652.7834   183490   66.91%
*  5491  5049      integral     0     1178.0000      652.7834   191415   44.59%
   5649  5221      661.2500    72     1178.0000      652.7834   196471   44.59%
*  5660+ 5356                         1150.0000      652.7834            43.24%
   6081  5670      723.1316    74     1150.0000      652.7834   214933   43.24%
   6611  6238      666.5213    90     1150.0000      652.7834   238131   43.24%
*  6621  6106      integral     0      907.0000      652.7834   232748   28.03%
*  7036  6352      integral     0      899.0000      652.7834   247929   27.39%
   7132  6491      659.1167   122      899.0000      652.7834   254503   27.39%
Elapsed time = 31.44 sec. (17192.63 ticks, tree = 508.64 MB, solutions = 17)
   7422  6774      734.8000    39      899.0000      652.7834   266798   27.39%

Performing restart 1

Repeating presolve.
Tried aggregator 1 time.
MIP Presolve modified 23122 coefficients.
Reduced MIP has 10296 rows, 14428 columns, and 74644 nonzeros.
Reduced MIP has 14329 binaries, 0 generals, 0 SOSs, and 0 indicators.
Presolve time = 0.03 sec. (57.42 ticks)
Tried aggregator 1 time.
Reduced MIP has 10296 rows, 14428 columns, and 74644 nonzeros.
Reduced MIP has 14329 binaries, 0 generals, 0 SOSs, and 0 indicators.
Presolve time = 0.03 sec. (46.77 ticks)
Represolve time = 0.40 sec. (326.59 ticks)
   7434     0      654.6733   204      899.0000     Cuts: 268   274988   27.18%
   7434     0      655.3333   162      899.0000     Cuts: 173   275306   27.10%
   7434     0      655.8394   177      899.0000     Cuts: 144   275773   27.05%
   7434     0      656.5000   148      899.0000     Cuts: 120   276031   26.97%
   7434     0      656.8338   195      899.0000     Cuts: 156   276582   26.94%
   7434     0      657.0008   198      899.0000     Cuts: 168   276810   26.92%
   7434     0      657.0008   213      899.0000     Cuts: 494   276958   26.92%
   7434     0      657.1565   187      899.0000      Cuts: 47   277092   26.90%
   7434     0      657.1625   176      899.0000     Cuts: 147   277204   26.90%
   7434     0      657.2500   168      899.0000      Cuts: 89   277306   26.89%
   7434     0      657.5000   168      899.0000      Cuts: 68   277478   26.86%
   7434     0      657.5000   185      899.0000     Cuts: 178   277825   26.86%
   7434     0      657.5000   170      899.0000      Cuts: 40   277936   26.86%
   7434     0      657.5000   179      899.0000      Cuts: 64   278080   26.86%
   7434     0      657.5000   153      899.0000      Cuts: 97   278241   26.86%
   7434     0      657.5000   190      899.0000      Cuts: 54   278365   26.86%
   7434     2      657.5000   141      899.0000      657.5000   278365   26.86%
   7436     4      657.9125   159      899.0000      657.5455   278770   26.86%
   7442     8      658.2821   172      899.0000      657.6136   279290   26.85%
   7467    23      658.5000   170      899.0000      658.0000   281447   26.81%
   7522    53      659.2000   139      899.0000      658.0000   288525   26.81%
   7594   120      663.1893   102      899.0000      658.0000   304282   26.81%
   7753   170      662.9000   115      899.0000      658.0000   312550   26.81%
   7808   314      663.5174   137      899.0000      658.0000   323257   26.81%
   8040   479      660.4288   132      899.0000      658.0000   331831   26.81%
Elapsed time = 81.31 sec. (63238.02 ticks, tree = 18.47 MB, solutions = 17)
   8298   676      663.6267   103      899.0000      658.0000   339230   26.81%
   8628   840      660.5901    99      899.0000      658.0000   345762   26.81%
   8985  1332      664.4313    77      899.0000      658.0000   358939   26.81%
   9441  1727      665.5993   102      899.0000      658.0000   367318   26.81%
   9981  2002      660.9796   126      899.0000      658.0000   372436   26.81%
  10522  2716      666.1976   125      899.0000      658.0000   386021   26.81%
  11036  3296      701.4596    40      899.0000      658.0000   396472   26.81%
  11626  3882      666.1462   135      899.0000      658.0000   404742   26.81%
  12192  4254      662.2379    73      899.0000      658.0000   410615   26.81%
  12857  4833      663.8006    84      899.0000      658.0000   417230   26.81%
Elapsed time = 107.70 sec. (72792.30 ticks, tree = 387.74 MB, solutions = 17)
  13188  5449      692.9230   101      899.0000      658.0000   426540   26.81%
  13280  5613      662.2424   144      899.0000      658.0000   428182   26.81%
  13308  5641      677.2881   140      899.0000      658.0000   428845   26.81%
  13334  5242      663.8126    77      899.0000      658.0000   422604   26.81%
  13606  5935      662.0215   114      899.0000      658.0000   431541   26.81%
  14124  6380      684.5450   116      899.0000      658.0000   437973   26.81%
  14734  7034      670.2112    80      899.0000      658.0000   444490   26.81%
  15397  7351      662.5303   127      899.0000      658.0000   446790   26.81%
  15959  8240      662.5516   109      899.0000      658.0000   458113   26.81%
  16607  8616      669.8755   158      899.0000      658.0000   465850   26.81%
Elapsed time = 129.62 sec. (82821.10 ticks, tree = 631.94 MB, solutions = 17)
  17317  9327      662.8510   108      899.0000      658.0000   472707   26.81%
  18043 10085      667.1521   117      899.0000      658.0000   484641   26.81%
  18757 10448      679.6940    99      899.0000      658.0000   488209   26.81%
  19591 11203      664.8183   104      899.0000      658.0000   499855   26.81%
  20385 12324      668.3322   104      899.0000      658.0000   511506   26.81%
  21079 13233      680.7197    66      899.0000      658.0000   523215   26.81%
  21820 13637      672.4503   126      899.0000      658.0000   525847   26.81%
  22701 14553      672.9627   134      899.0000      658.0000   536070   26.81%
  23668 15149      663.4100    76      899.0000      658.0000   542223   26.81%
  24501 15780      673.1974   109      899.0000      658.0000   550261   26.81%
Elapsed time = 156.63 sec. (92371.52 ticks, tree = 671.67 MB, solutions = 17)
  25513 17407      704.1568    68      899.0000      658.0000   564769   26.81%
  26431 18110      670.2087    80      899.0000      658.0000   569950   26.81%
  27290 19218      669.7266   117      899.0000      658.0000   581041   26.81%
  28269 20209      670.2451    82      899.0000      658.0000   592021   26.81%
  29092 20518      674.7324   131      899.0000      658.0000   596514   26.81%
  29897 21653      676.7945   131      899.0000      658.0000   610542   26.81%
  30914 22142      677.8927   122      899.0000      658.0000   616793   26.81%
  31923 23337      689.1505    78      899.0000      658.0000   630413   26.81%
  32887 23992      671.2925   109      899.0000      658.0000   637048   26.81%
  33828 24941      680.1386   132      899.0000      658.0000   647544   26.81%
Elapsed time = 183.53 sec. (101918.04 ticks, tree = 723.56 MB, solutions = 17)
  34735 26493      713.0391    69      899.0000      658.0000   664592   26.81%
  35748 26941      696.2256    71      899.0000      658.0000   669368   26.81%
  36617 28135      856.5226    83      899.0000      658.0000   682125   26.81%
  37480 28849      699.3375    92      899.0000      658.0000   691867   26.81%
  38341 29312      678.3925    65      899.0000      658.0000   697694   26.81%
  39178 30976      704.1291    76      899.0000      658.0000   722083   26.81%
  40058 31137      710.8274   110      899.0000      658.0000   727175   26.81%
  40935 32847      680.1310   116      899.0000      658.0000   750375   26.81%
  41741 33546      666.6822    51      899.0000      658.0000   764638   26.81%
  42682 34071      687.8689   103      899.0000      658.0000   773620   26.81%
Elapsed time = 209.89 sec. (111461.42 ticks, tree = 781.27 MB, solutions = 17)
  43502 35068      686.7901   135      899.0000      658.0000   794983   26.81%
  44297 35874      669.4375    96      899.0000      658.0000   811764   26.81%
  44960 35994      670.6689    66      899.0000      658.0000   812625   26.81%
* 44998+36666                          885.0000      658.0000            25.65%
* 45027+36613                          861.0000      658.0000            23.58%
* 45034+36613                          859.0000      658.0000            23.40%
* 45126+36613                          834.0000      658.0000            21.10%
  45306 37302      693.7744   115      834.0000      658.0000   839287   21.10%
  45689 37779      695.9820    98      834.0000      658.0000   845545   21.10%
  46061 38246      700.6999    93      834.0000      658.0000   856073   21.10%
  46369 38340      669.9715   115      834.0000      658.0000   863000   21.10%
  46716 38825      718.9555    87      834.0000      658.0000   869497   21.10%
  47104 38887      665.2991   125      834.0000      658.0000   876037   21.10%
  47307 39368      786.5602    69      834.0000      658.0000   884657   21.10%
Elapsed time = 231.17 sec. (121010.05 ticks, tree = 841.36 MB, solutions = 17)
  47466 39652      711.0612   111      834.0000      658.0000   898584   21.10%
  47608 39881      731.1411    97      834.0000      658.0000   915519   21.10%
  47780 39984      666.0708   102      834.0000      658.0000   923175   21.10%
  48006 39993      666.7000   104      834.0000      658.0000   925349   21.10%
  48240 40450      672.1903   103      834.0000      658.0000   954178   21.10%
  48498 40472      673.5175   113      834.0000      658.0000   957055   21.10%
  48821 40819      673.0235    78      834.0000      658.0000   969754   21.10%
  49125 41197      715.8492   106      834.0000      658.0000   987115   21.10%
  49368 41562      672.9854    91      834.0000      658.0000  1001608   21.10%
* 50932+37068                          828.0000      658.0000            20.53%
  50975 43187      678.0958    97      828.0000      658.0000  1051014   20.53%
Elapsed time = 256.04 sec. (133454.25 ticks, tree = 865.13 MB, solutions = 17)
* 51552+37068                          826.0000      658.0000            20.34%
  52786 44638      669.4685   118      826.0000      658.0000  1092294   20.34%
* 53577+37068                          814.0000      658.0000            19.16%
* 53788+36613                          800.0000      658.0000            17.75%
  54270 45887      708.2998    74      800.0000      658.0000  1122028   17.75%
  56334 48039      682.5760    60      800.0000      658.0000  1174122   17.75%
  58212 49679      666.2839   135      800.0000      658.0000  1210263   17.75%
* 58682+36613                          796.0000      658.0000            17.34%
  59847 51248      665.8898   134      796.0000      658.0000  1243992   17.34%
  60858 47500      670.9997   125      796.0000      658.2222  1279474   17.31%
  61968 48183      686.0586   116      796.0000      658.3444  1327209   17.29%
  63280 49749      666.6754   125      796.0000      658.3444  1402946   17.29%
  65091 51234      663.7498   154      796.0000      658.3444  1462949   17.29%
  67089 53312      679.2623   149      796.0000      658.3444  1516857   17.29%
Elapsed time = 327.28 sec. (171620.53 ticks, tree = 1133.69 MB, solutions = 27)
  68249 54161      663.6191   114      796.0000      658.3444  1540481   17.29%
  69865 56324      686.9979   120      796.0000      658.3444  1602841   17.29%
  72402 58155      668.9615   116      796.0000      658.3444  1656360   17.29%
  75118 60514      717.6112    75      796.0000      658.3444  1706137   17.29%
* 75151+61479                          787.0000      658.5909            16.32%
  78169 62188      665.0620   155      787.0000      658.5909  1788714   16.32%
  80944 64329      678.6616    81      787.0000      658.5909  1836319   16.32%
  82183 65683      670.2697    90      787.0000      658.5909  1864331   16.32%
  82444 66732      664.2492   112      787.0000      658.5909  1892619   16.32%

Performing restart 2

Repeating presolve.
Tried aggregator 1 time.
MIP Presolve eliminated 2 rows and 2681 columns.
Reduced MIP has 10294 rows, 11747 columns, and 199256 nonzeros.
Reduced MIP has 11648 binaries, 0 generals, 0 SOSs, and 0 indicators.
Presolve time = 0.05 sec. (79.02 ticks)
Tried aggregator 1 time.
Reduced MIP has 10294 rows, 11747 columns, and 199256 nonzeros.
Reduced MIP has 11648 binaries, 0 generals, 0 SOSs, and 0 indicators.
Presolve time = 0.07 sec. (94.88 ticks)
Represolve time = 1.54 sec. (1103.11 ticks)
  82448     0      658.0000   240      787.0000     Cuts: 186  1937080   16.19%
  82448     0      658.0000   205      787.0000     Cuts: 115  1937373   16.19%
  82448     0      658.0000   221      787.0000     Cuts: 272  1937783   16.19%
  82448     0      658.0000   202      787.0000      Cuts: 31  1938142   16.19%
  82448     0      658.0000   206      787.0000     Cuts: 269  1938532   16.19%
  82448     0      658.0000   215      787.0000      Cuts: 56  1938768   16.19%
  82448     0      658.0000   208      787.0000     Cuts: 273  1939112   16.19%
  82448     0      658.0000   216      787.0000     Cuts: 208  1939446   16.19%
  82448     0      658.0000   218      787.0000      Cuts: 91  1939945   16.19%
  82448     0      658.0000   205      787.0000     Cuts: 152  1940297   16.19%
  82448     0      658.0000   226      787.0000     Cuts: 168  1940570   16.19%
  82448     2      658.0000   129      787.0000      659.5714  1940570   16.19%
  82465    12      667.5000   135      787.0000      659.5714  1944080   16.19%
Elapsed time = 429.86 sec. (254682.74 ticks, tree = 0.02 MB, solutions = 51)
  82560    81      665.1321   123      787.0000      659.5714  1982369   16.19%
  82693   222      663.1250    58      787.0000      659.5714  2005263   16.19%
  82889   359      664.8040    78      787.0000      659.5714  2017650   16.19%
  83297   719      666.4000    47      787.0000      659.5714  2036322   16.19%
  84008  1211      668.7688   113      787.0000      659.5714  2052696   16.19%
  84800  2139      664.0341    90      787.0000      659.5714  2076620   16.19%
  85669  2811      672.4523    47      787.0000      659.5714  2095404   16.19%
  86650  3696      660.7198   139      787.0000      659.5714  2114714   16.19%
  87688  4791      661.4303    73      787.0000      659.5714  2134516   16.19%
  88766  5740      682.7226    75      787.0000      659.5714  2152487   16.19%
Elapsed time = 536.07 sec. (292926.12 ticks, tree = 446.42 MB, solutions = 51)
  89830  6770      704.2494   127      787.0000      659.5714  2171666   16.19%
  90917  7786      675.5430    56      787.0000      659.5714  2193054   16.19%
  91901  8702      669.8746   108      787.0000      659.5714  2218847   16.19%
  92961  9626      691.7857    52      787.0000      659.5714  2242753   16.19%
  94111 10781      737.5754    84      787.0000      659.5714  2274640   16.19%
  95093 11895      677.2193   103      787.0000      659.5714  2310462   16.19%
  96213 12570      661.0000   167      787.0000      659.5714  2337779   16.19%
  97298 13754      684.1462    94      787.0000      659.5714  2369404   16.19%
* 97360+13393                          783.0000      659.5714            15.76%
* 97364+13393                          782.0000      659.5714            15.66%
  97858 14285      663.5031   106      782.0000      659.5714  2383859   15.66%
  99116 15104      673.0886    91      782.0000      659.5714  2399184   15.66%
Elapsed time = 625.56 sec. (331099.69 ticks, tree = 1209.57 MB, solutions = 53)

GUB cover cuts applied:  2
Clique cuts applied:  31
Cover cuts applied:  44
Flow cuts applied:  10
Mixed integer rounding cuts applied:  258
Zero-half cuts applied:  21
Multi commodity flow cuts applied:  4
Lift and project cuts applied:  32
Gomory fractional cuts applied:  53

Root node processing (before b&c):
  Real time             =    4.39 sec. (4379.42 ticks)
Parallel b&c, 12 threads:
  Real time             =  628.64 sec. (330006.61 ticks)
  Sync time (average)   =   75.93 sec.
  Wait time (average)   =    0.37 sec.
                          ------------
Total (root+branch&cut) =  633.02 sec. (334386.03 ticks)
