Version identifier: 22.1.1.0 | 2022-11-28 | 9160aff4d
CPXPARAM_Read_DataCheck                          1
CPXPARAM_MIP_Cuts_Covers                         1
CPXPARAM_MIP_Strategy_NodeSelect                 2
CPXPARAM_MIP_Cuts_FlowCovers                     1
CPXPARAM_MIP_Cuts_MIRCut                         1
CPXPARAM_MIP_Strategy_HeuristicFreq              5
CPXPARAM_TimeLimit                               633
Tried aggregator 1 time.
MIP Presolve eliminated 191 rows and 1412 columns.
MIP Presolve modified 55341 coefficients.
Reduced MIP has 10302 rows, 14434 columns, and 80861 nonzeros.
Reduced MIP has 14335 binaries, 0 generals, 0 SOSs, and 0 indicators.
Presolve time = 0.06 sec. (86.69 ticks)
Found incumbent of value 4220.000000 after 0.14 sec. (188.71 ticks)
Probing time = 0.04 sec. (9.62 ticks)
Tried aggregator 1 time.
Detecting symmetries...
Reduced MIP has 10302 rows, 14434 columns, and 80861 nonzeros.
Reduced MIP has 14335 binaries, 0 generals, 0 SOSs, and 0 indicators.
Presolve time = 0.03 sec. (44.50 ticks)
Probing time = 0.04 sec. (9.51 ticks)
Clique table members: 11836.
MIP emphasis: balance optimality and feasibility.
MIP search method: dynamic search.
Parallel mode: deterministic, using up to 12 threads.
Root relaxation solution time = 0.06 sec. (94.96 ticks)

        Nodes                                         Cuts/
   Node  Left     Objective  IInf  Best Integer    Best Bound    ItCnt     Gap

*     0+    0                         4220.0000        0.0000           100.00%
      0     0      599.5606   194     4220.0000      599.5606     1386   85.79%
*     0+    0                         4192.0000      599.5606            85.70%
      0     0      630.6247   201     4192.0000     Cuts: 257     2166   84.96%
      0     0      645.0902   161     4192.0000     Cuts: 848     2597   84.61%
      0     0      648.1875   119     4192.0000     Cuts: 857     2881   84.54%
*     0+    0                         3107.0000      648.1875            79.14%
*     0+    0                         3070.0000      648.1875            78.89%
      0     0  -1.00000e+75     0     3070.0000      648.1875     2881   78.89%
      0     0      649.4707   171     3070.0000     Cuts: 509     3051   78.84%
*     0+    0                         2650.0000      649.4707            75.49%
      0     0      649.4936   180     2650.0000    Cuts: 1452     3187   75.49%
Detecting symmetries...
      0     0      650.2143   160     2650.0000      Cuts: 19     3259   75.46%
      0     0      650.7000   163     2650.0000     Cuts: 877     3426   75.40%
      0     0      652.7500   159     2650.0000     Cuts: 215     3543   75.37%
      0     0      652.7500   176     2650.0000     Cuts: 172     3658   75.37%
Detecting symmetries...
      0     2      652.7500   162     2650.0000      652.7500     3658   75.37%
Elapsed time = 4.80 sec. (4718.52 ticks, tree = 0.02 MB, solutions = 5)
     40    21      655.0242   169     2650.0000      652.7500     4852   75.37%
     91    77      657.0000    73     2650.0000      652.7500     7856   75.37%
    117   102      657.0000   100     2650.0000      652.7500     9464   75.37%
    165   105      659.0000    97     2650.0000      652.7500    10041   75.37%
    269   225      657.1250    77     2650.0000      652.7500    16343   75.37%
    405   314      652.7500   173     2650.0000      652.7500    20316   75.37%
    504   427      658.3571    86     2650.0000      652.7500    26191   75.37%
    656   472      658.0470   139     2650.0000      652.7500    28315   75.37%
    794   684      658.4375    83     2650.0000      652.7500    38612   75.37%
   1211  1095      657.1250    78     2650.0000      652.7500    57568   75.37%
Elapsed time = 10.58 sec. (7851.30 ticks, tree = 7.44 MB, solutions = 5)
   1580  1432      692.0964    65     2650.0000      652.7500    79197   75.37%
   1905  1769      659.8796   100     2650.0000      652.7500   100795   75.37%
   2189  1969      680.2500    87     2650.0000      652.7500   115257   75.37%
   2433  2289      679.6742   144     2650.0000      652.7500   137967   75.37%
   2845  2539      655.0278   170     2650.0000      652.7500   155548   75.37%
*  3224  2960      integral     0      815.0000      652.7500   180468   19.91%
   3266  3038      670.2747   103      815.0000      652.7500   184664   19.91%
*  3726  3408      integral     0      793.0000      652.7500   199135   17.69%
   3744  3383      669.7000   116      793.0000      652.7500   198228   17.69%
   4283  3956      656.0202    55      793.0000      652.7500   217928   17.69%
   4718  4366      658.0091    67      793.0000      652.7500   233184   17.69%
   5152  4638      658.5192   106      793.0000      652.7500   242621   17.69%
Elapsed time = 30.73 sec. (17407.32 ticks, tree = 216.63 MB, solutions = 7)
   5565  5088      663.5982    81      793.0000      652.7500   261625   17.69%
   5935  5537      665.5138    82      793.0000      652.7500   279687   17.69%

Performing restart 1

Repeating presolve.
Tried aggregator 1 time.
MIP Presolve eliminated 2094 rows and 2160 columns.
MIP Presolve modified 19938 coefficients.
Reduced MIP has 8208 rows, 12274 columns, and 64077 nonzeros.
Reduced MIP has 12175 binaries, 0 generals, 0 SOSs, and 0 indicators.
Presolve time = 0.03 sec. (50.85 ticks)
Tried aggregator 1 time.
Reduced MIP has 8208 rows, 12274 columns, and 64077 nonzeros.
Reduced MIP has 12175 binaries, 0 generals, 0 SOSs, and 0 indicators.
Presolve time = 0.03 sec. (39.96 ticks)
Represolve time = 0.32 sec. (246.23 ticks)
   6104     0      654.4894   172      793.0000      Cuts: 99   297909   17.47%
   6104     0      655.3000   182      793.0000     Cuts: 114   298142   17.36%
   6104     0      655.9245   169      793.0000     Cuts: 136   298374   17.29%
   6104     0      656.0000   184      793.0000      Cuts: 92   298533   17.28%
   6104     0      656.0000   164      793.0000     Cuts: 131   298884   17.28%
   6104     0      656.0000   184      793.0000      Cuts: 64   299036   17.28%
   6104     0      656.0000   118      793.0000      Cuts: 42   299224   17.28%
   6104     0      656.0000   119      793.0000     Cuts: 285   299389   17.28%
   6104     0      656.0000   121      793.0000      Cuts: 45   299551   17.28%
   6104     0      656.0000   116      793.0000      Cuts: 52   299588   17.28%
*  6104+    0                          694.0000      656.0000             5.48%
   6104     0  -1.00000e+75     0      694.0000      656.0000   299588    5.48%

Repeating presolve.
Tried aggregator 1 time.
MIP Presolve eliminated 7 rows and 5585 columns.
MIP Presolve modified 12199 coefficients.
Reduced MIP has 8201 rows, 6689 columns, and 81230 nonzeros.
Reduced MIP has 6590 binaries, 0 generals, 0 SOSs, and 0 indicators.
Presolve time = 0.06 sec. (69.37 ticks)
Tried aggregator 1 time.
MIP Presolve eliminated 485 rows and 0 columns.
MIP Presolve modified 15118 coefficients.
Reduced MIP has 7716 rows, 6689 columns, and 70404 nonzeros.
Reduced MIP has 6590 binaries, 0 generals, 0 SOSs, and 0 indicators.
Presolve time = 0.06 sec. (77.94 ticks)
Represolve time = 0.76 sec. (685.92 ticks)
   6104     0      656.2685   194      694.0000      Cuts: 58   302126    5.44%
   6104     0      656.2685   190      694.0000     Cuts: 285   302320    5.44%
   6104     0      656.2685   183      694.0000     Cuts: 130   302486    5.44%
*  6104+    0                          692.0000      656.2685             5.16%
   6104     0      656.2685   181      692.0000     Cuts: 100   302644    5.16%
   6104     0      656.2685   163      692.0000      Cuts: 53   302725    5.16%
   6104     0      656.2872   176      692.0000     Cuts: 161   302846    5.16%
   6104     0      656.3143   225      692.0000      Cuts: 80   302988    5.16%
   6104     0      656.3179   213      692.0000     Cuts: 123   303102    5.16%
   6104     0      656.3179   209      692.0000      Cuts: 59   303181    5.16%
   6104     0      656.3179   206      692.0000      Cuts: 27   303239    5.16%
   6104     0      656.3264   197      692.0000      Cuts: 70   303336    5.16%
   6104     0      656.3264   211      692.0000      Cuts: 85   303425    5.16%
   6104     2      656.3264   187      692.0000      656.3264   303425    5.16%
   6107     3      658.7500   179      692.0000      656.4872   303831    5.13%
   6117    12      658.5333   104      692.0000      656.6667   306961    5.11%
   6194    40      660.0716    63      692.0000      656.7156   316311    5.10%
   6315   146      659.2841    91      692.0000      656.7156   339109    5.10%
*  6357+  161                          677.0000      656.7156             3.00%
   6623   352      658.6000    90      677.0000      656.7156   357628    3.00%
   7054   689      661.0492    36      677.0000      656.7156   377367    3.00%
   7541   852        cutoff            677.0000      656.7156   393544    3.00%
Elapsed time = 86.26 sec. (70412.45 ticks, tree = 35.96 MB, solutions = 10)
   8087  1368      662.5416    66      677.0000      656.7156   418292    3.00%
   8847  2134      664.3075   104      677.0000      656.7156   441950    3.00%
   9984  3070      660.9216    65      677.0000      656.7156   460911    3.00%
  10527  3496      667.3149    64      677.0000      656.7156   468663    3.00%
  10985  4007      665.0295   102      677.0000      656.7156   487848    3.00%
  11541  4361      665.4765    90      677.0000      656.8030   497536    2.98%
  12080  4960      667.2823    69      677.0000      656.8030   511938    2.98%
  12372  5291      667.2416    85      677.0000      656.8030   518493    2.98%
  12863  5687        cutoff            677.0000      656.8030   529362    2.98%
  13302  6019      668.5718    85      677.0000      656.8030   536711    2.98%
Elapsed time = 103.60 sec. (79978.34 ticks, tree = 365.63 MB, solutions = 10)
  13852  6458      662.5850    81      677.0000      656.8030   547365    2.98%
  14657  7337      670.3997   103      677.0000      656.9600   568396    2.96%
  15532  7697      666.1994    91      677.0000      656.9600   578160    2.96%
* 15818  8174      integral     0      671.0000      656.9600   590890    2.09%
  16296  7741      661.8089   117      671.0000      656.9600   606037    2.09%
  17172  8414      661.8618    72      671.0000      656.9600   622699    2.09%
  17774  8771      658.9611    85      671.0000      656.9600   631925    2.09%
  18306  9455      658.8997    95      671.0000      656.9600   652303    2.09%
  18873 10134      659.3902    43      671.0000      656.9600   679991    2.09%
  19715 10415      660.4185    93      671.0000      656.9600   688856    2.09%
* 20318 11429      integral     0      666.0000      656.9600   714474    1.36%
  20570  7202      658.0000     1      666.0000      656.9600   720506    1.36%
Elapsed time = 120.83 sec. (89528.40 ticks, tree = 428.04 MB, solutions = 12)
  21072  7698      662.0000    13      666.0000      656.9600   739850    1.36%
  21866  8256      661.0000     1      666.0000      656.9600   766177    1.36%
  22438  9015      658.3826    85      666.0000      656.9600   791828    1.36%
  23136  9287      661.0000     3      666.0000      656.9600   800409    1.36%
  24105 10284      658.5044    70      666.0000      656.9600   834321    1.36%
  24824 11185      658.9375    13      666.0000      656.9600   855496    1.36%
  25395 11808      658.5094    46      666.0000      656.9600   875042    1.36%
  25838 12379        cutoff            666.0000      656.9600   897799    1.36%
  26283 12500      658.2403    63      666.0000      656.9600   903875    1.36%
  27155 12899      658.0405    30      666.0000      656.9600   916161    1.36%
Elapsed time = 136.41 sec. (99071.29 ticks, tree = 799.38 MB, solutions = 12)
  28030 13967      661.0000     1      666.0000      656.9600   949812    1.36%
  28780 14432      658.2051    36      666.0000      656.9600   963910    1.36%
  29405 15422      658.7674    43      666.0000      656.9600   993836    1.36%
  30415 15718      658.0000     5      666.0000      656.9600   999314    1.36%
  30968 16768      659.3846    34      666.0000      656.9600  1035792    1.36%
  31844 17625      661.0000     3      666.0000      656.9600  1061657    1.36%
  32737 18383      661.5686    56      666.0000      656.9600  1090837    1.36%
  33413 18972      661.0000     1      666.0000      656.9600  1101918    1.36%
  33973 19379      658.4100   110      666.0000      656.9600  1119715    1.36%
  34521 20183        cutoff            666.0000      656.9600  1143770    1.36%
Elapsed time = 152.97 sec. (108622.25 ticks, tree = 1275.76 MB, solutions = 12)
  35259 20859      661.7632    83      666.0000      656.9600  1168272    1.36%
  36050 21112      658.0000     9      666.0000      656.9600  1177148    1.36%
  36876 22109      661.0000     1      666.0000      656.9600  1210486    1.36%
  37676 22538      658.7059    48      666.0000      656.9600  1228605    1.36%
  38473 23537      661.0000     1      666.0000      656.9600  1255442    1.36%
  39142 23848      661.0000     1      666.0000      656.9600  1270363    1.36%
  39661 24742      659.6452    73      666.0000      656.9600  1296193    1.36%
  40151 25209      660.0000    11      666.0000      656.9600  1311684    1.36%
  40707 25981      658.4828    95      666.0000      656.9600  1340729    1.36%
  41312 26161      658.0000     5      666.0000      656.9600  1347147    1.36%
Elapsed time = 169.15 sec. (118179.76 ticks, tree = 1666.01 MB, solutions = 12)
  42038 26798      659.0169    43      666.0000      656.9600  1361907    1.36%
  42878 27659      661.0000     1      666.0000      656.9600  1390371    1.36%
  43700 27843      661.2148    41      666.0000      656.9600  1396842    1.36%
  44090 28367      660.2500    53      666.0000      656.9600  1418211    1.36%
  44395 29176      660.3100    78      666.0000      656.9600  1447588    1.36%
  44726 29826      658.5741    75      666.0000      656.9600  1467160    1.36%
  45057 29803      660.4000    18      666.0000      656.9600  1468709    1.36%
  45306 30265      661.6471    77      666.0000      656.9600  1484819    1.36%
  45575 30615      663.0539    89      666.0000      656.9600  1497065    1.36%
  45713 30616      658.4156   134      666.0000      656.9600  1497325    1.36%
Elapsed time = 183.85 sec. (127754.37 ticks, tree = 1979.05 MB, solutions = 12)
  46068 30721      658.1997    44      666.0000      656.9600  1503156    1.36%
  46458 31296      661.8593    50      666.0000      656.9600  1522326    1.36%
  46899 31313      663.6667    52      666.0000      656.9600  1524372    1.36%
  47423 31646      661.0000     3      666.0000      656.9600  1537419    1.36%
  48080 32019      661.0000     3      666.0000      656.9600  1560696    1.36%
  48772 32062      658.1429    23      666.0000      656.9600  1559700    1.36%
  49410 32701      663.7299    72      666.0000      656.9600  1583186    1.36%
  50071 33636      658.0375    37      666.0000      656.9600  1614321    1.36%
  50507 34339      660.1333    72      666.0000      656.9600  1639410    1.36%

Performing restart 2

Repeating presolve.
Tried aggregator 1 time.
MIP Presolve eliminated 223 rows and 1520 columns.
MIP Presolve modified 5345 coefficients.
Reduced MIP has 7493 rows, 5169 columns, and 67573 nonzeros.
Reduced MIP has 5070 binaries, 0 generals, 0 SOSs, and 0 indicators.
Presolve time = 0.04 sec. (55.35 ticks)
Tried aggregator 1 time.
MIP Presolve eliminated 182 rows and 0 columns.
MIP Presolve modified 2181 coefficients.
Reduced MIP has 7311 rows, 5169 columns, and 67181 nonzeros.
Reduced MIP has 5070 binaries, 0 generals, 0 SOSs, and 0 indicators.
Presolve time = 0.04 sec. (59.26 ticks)
Represolve time = 0.79 sec. (625.67 ticks)
  51114     0      656.3757   209      666.0000     Cuts: 148  1685504    1.36%
  51114     0      656.3757   241      666.0000     Cuts: 104  1685648    1.36%
  51114     0      656.3757   211      666.0000      Cuts: 67  1685795    1.36%
  51114     0      656.3757   214      666.0000     Cuts: 122  1685919    1.36%
  51114     0      656.3757   192      666.0000      Cuts: 54  1686059    1.36%
  51114     0      656.3757   191      666.0000      Cuts: 97  1686167    1.36%
  51114     0      656.3757   180      666.0000      Cuts: 36  1686259    1.36%
  51114     0      656.3757   198      666.0000      Cuts: 51  1686330    1.36%
  51114     0      656.3757   193      666.0000      Cuts: 40  1686439    1.36%
  51114     0      656.3757   190      666.0000      Cuts: 51  1686515    1.36%
  51114     2      656.3757   179      666.0000      656.9600  1686515    1.36%
Elapsed time = 218.03 sec. (154428.86 ticks, tree = 0.02 MB, solutions = 12)
  51304   127      657.2667   124      666.0000      656.9600  1710983    1.36%
  52103   544      659.1731    45      666.0000      657.0000  1751496    1.35%
  53435  1422      659.5077    48      666.0000      657.0574  1810900    1.34%
  55157  2677      659.3922   100      666.0000      657.0574  1877239    1.34%
  57400  4342      659.1290    44      666.0000      657.0574  1963648    1.34%
  59820  6623      659.0000    16      666.0000      657.0574  2078985    1.34%
  62657  8646      662.0000     3      666.0000      657.0574  2174574    1.34%
  66018 11978      659.4938    78      666.0000      657.0574  2278512    1.34%
  68680 14219      660.0000     3      666.0000      657.0574  2365281    1.34%
  71869 17087      659.6111    53      666.0000      657.0574  2449210    1.34%
Elapsed time = 285.73 sec. (192602.03 ticks, tree = 992.94 MB, solutions = 12)
  75054 19922      659.1630    68      666.0000      657.0574  2541313    1.34%
  78698 23438      659.0000    11      666.0000      657.0574  2653791    1.34%
  82143 26349      659.0000     3      666.0000      657.0574  2760749    1.34%
  85377 29156      659.0706    89      666.0000      657.0574  2863976    1.34%
  88267 32334      662.0000     3      666.0000      657.0574  2991769    1.34%
  92161 35355      659.0000     1      666.0000      657.0574  3078450    1.34%
  94712 38651      662.0000     1      666.0000      657.0574  3201701    1.34%
  95847 39435      662.0000     1      666.0000      657.0574  3237690    1.34%
  97774 40985      659.1111    68      666.0000      657.0574  3282248    1.34%
 100341 42699      660.1087    50      666.0000      657.0574  3337171    1.34%
Elapsed time = 349.62 sec. (230767.64 ticks, tree = 2404.51 MB, solutions = 12)
Nodefile size = 347.17 MB (317.29 MB after compression)
 102621 45637      662.0000     3      666.0000      657.0574  3444386    1.34%
 105253 47449      659.2685    42      666.0000      657.0574  3512035    1.34%
 108603 50575      659.2638    71      666.0000      657.0574  3615424    1.34%
 111527 53329      659.4252    71      666.0000      657.0574  3684805    1.34%
 114718 56894      662.0000     1      666.0000      657.0574  3790985    1.34%
 118287 60178      659.1515    81      666.0000      657.0574  3871789    1.34%
 121335 62500      659.7810    77      666.0000      657.0574  3920075    1.34%
 124740 64398      663.4064    63      666.0000      657.0574  3981568    1.34%
 127746 68898      659.5323    36      666.0000      657.0574  4111008    1.34%
 131440 71851      662.0000     9      666.0000      657.0574  4181884    1.34%
Elapsed time = 418.89 sec. (268928.63 ticks, tree = 3615.40 MB, solutions = 12)
Nodefile size = 1555.48 MB (1414.81 MB after compression)
 134735 74635      659.7143    63      666.0000      657.0574  4250801    1.34%
 138225 78596      659.1434   108      666.0000      657.0574  4361585    1.34%
 141452 81517      659.0000     1      666.0000      657.0574  4433595    1.34%
 144402 83263      662.0425    87      666.0000      657.0574  4493866    1.34%
 147627 87091      659.3698    76      666.0000      657.0574  4603997    1.34%
 150673 89276      659.2686    78      666.0000      657.0574  4668593    1.34%
 153205 93139      662.0000    28      666.0000      657.0574  4814964    1.34%
 154178 94116      659.7343    78      666.0000      657.0574  4859518    1.34%
 156625 95234      662.0000     3      666.0000      657.0574  4900863    1.34%
 159258 98296      659.6296    53      666.0000      657.0574  5045365    1.34%
Elapsed time = 490.42 sec. (307094.54 ticks, tree = 4490.28 MB, solutions = 12)
Nodefile size = 2432.67 MB (2204.77 MB after compression)
 161666 100981      659.3226   119      666.0000      657.0574  5159760    1.34%
 164666 103901      659.5172    36      666.0000      657.0574  5266805    1.34%
 167015 106140      662.0000     3      666.0000      657.0574  5372386    1.34%
 170194 108258      659.1429    32      666.0000      657.0574  5452485    1.34%
 173205 111642      659.4268    50      666.0000      657.0574  5582853    1.34%
 175366 113300      659.0000     4      666.0000      657.0574  5669148    1.34%
 178074 115380      662.0000     1      666.0000      657.0574  5758898    1.34%
 181083 119248      659.0000     3      666.0000      657.0574  5909147    1.34%
 183806 121235      659.7648   117      666.0000      657.0574  5992687    1.34%
 187110 123148      659.9583   100      666.0000      657.0574  6070285    1.34%
Elapsed time = 562.44 sec. (345249.82 ticks, tree = 5180.78 MB, solutions = 12)
Nodefile size = 3120.15 MB (2813.91 MB after compression)
 189685 126195      659.0000     6      666.0000      657.0574  6189752    1.34%
 192075 128962      662.5682    40      666.0000      657.0574  6311743    1.34%
 195035 130926      659.4248    71      666.0000      657.0574  6396777    1.34%
 197709 134582      662.0000     1      666.0000      657.0574  6531389    1.34%
 200044 136023      660.2414    59      666.0000      657.0574  6591476    1.34%
 201446 137708      659.7862    91      666.0000      657.0574  6660983    1.34%
 202845 139085      659.3559    99      666.0000      657.0574  6710276    1.34%
 204939 140945      659.0000     1      666.0000      657.0574  6788469    1.34%
 206704 142616      659.7862    92      666.0000      657.0574  6865333    1.34%
 207456 141897      659.7810    81      666.0000      657.0574  6821545    1.34%
Elapsed time = 634.30 sec. (383477.81 ticks, tree = 5697.48 MB, solutions = 12)
Nodefile size = 3637.04 MB (3270.98 MB after compression)

GUB cover cuts applied:  2
Clique cuts applied:  17
Cover cuts applied:  35
Implied bound cuts applied:  8
Flow cuts applied:  3
Mixed integer rounding cuts applied:  166
Zero-half cuts applied:  23
Lift and project cuts applied:  16
Gomory fractional cuts applied:  43

Root node processing (before b&c):
  Real time             =    4.73 sec. (4673.00 ticks)
Parallel b&c, 12 threads:
  Real time             =  629.58 sec. (378901.42 ticks)
  Sync time (average)   =  201.16 sec.
  Wait time (average)   =    0.22 sec.
                          ------------
Total (root+branch&cut) =  634.30 sec. (383574.42 ticks)
