Version identifier: 22.1.1.0 | 2022-11-28 | 9160aff4d
CPXPARAM_Read_DataCheck                          1
CPXPARAM_MIP_Cuts_Covers                         1
CPXPARAM_MIP_Strategy_NodeSelect                 2
CPXPARAM_MIP_Cuts_FlowCovers                     1
CPXPARAM_MIP_Cuts_MIRCut                         1
CPXPARAM_MIP_Strategy_HeuristicFreq              5
CPXPARAM_TimeLimit                               633
Tried aggregator 1 time.
MIP Presolve eliminated 201 rows and 1417 columns.
MIP Presolve modified 55329 coefficients.
Reduced MIP has 10297 rows, 14429 columns, and 80831 nonzeros.
Reduced MIP has 14330 binaries, 0 generals, 0 SOSs, and 0 indicators.
Presolve time = 0.06 sec. (87.02 ticks)
Found incumbent of value 4220.000000 after 0.16 sec. (203.87 ticks)
Probing fixed 1 vars, tightened 0 bounds.
Probing time = 0.06 sec. (17.51 ticks)
Tried aggregator 1 time.
Detecting symmetries...
MIP Presolve eliminated 1 rows and 1 columns.
Reduced MIP has 10296 rows, 14428 columns, and 80826 nonzeros.
Reduced MIP has 14329 binaries, 0 generals, 0 SOSs, and 0 indicators.
Presolve time = 0.03 sec. (44.47 ticks)
Probing time = 0.03 sec. (9.32 ticks)
Clique table members: 11835.
MIP emphasis: balance optimality and feasibility.
MIP search method: dynamic search.
Parallel mode: deterministic, using up to 12 threads.
Root relaxation solution time = 0.06 sec. (89.88 ticks)

        Nodes                                         Cuts/
   Node  Left     Objective  IInf  Best Integer    Best Bound    ItCnt     Gap

*     0+    0                         4220.0000        0.0000           100.00%
      0     0      599.5773   201     4220.0000      599.5773     1289   85.79%
*     0+    0                         3927.0000      599.5773            84.73%
      0     0      628.8612   222     3927.0000     Cuts: 318     1639   83.99%
*     0+    0                         3727.0000      628.8612            83.13%
      0     0      644.6979   174     3727.0000     Cuts: 262     2008   82.70%
      0     0      647.2946   168     3727.0000     Cuts: 191     2235   82.63%
*     0+    0                         2637.0000      647.2946            75.45%
*     0+    0                         2344.0000      647.2946            72.39%
      0     0      650.7837   189     2344.0000     Cuts: 569     2459   72.24%
      0     0      652.5000   137     2344.0000     Cuts: 278     2673   72.16%
Detecting symmetries...
      0     0      653.1250   152     2344.0000      Cuts: 95     2835   72.14%
      0     0      653.1250   166     2344.0000     Cuts: 920     2954   72.14%
      0     0      653.1250   169     2344.0000      Cuts: 23     3060   72.14%
Detecting symmetries...
      0     2      653.1250   142     2344.0000      653.1250     3060   72.14%
Elapsed time = 4.91 sec. (4788.29 ticks, tree = 0.02 MB, solutions = 5)
      5     4      653.9739   178     2344.0000      653.1250     3291   72.14%
     52    34      655.1250   157     2344.0000      653.1250     4614   72.14%
    179   148      657.2717   123     2344.0000      653.1250     8689   72.14%
    279   225      654.7623   122     2344.0000      653.1250    11941   72.14%
    457   386      654.7623   127     2344.0000      653.1250    16986   72.14%
    602   536      655.1250   163     2344.0000      653.1250    20966   72.14%
    717   623      656.4643   128     2344.0000      653.1250    23089   72.14%
    806   677      657.2717   125     2344.0000      653.1250    25195   72.14%
    877   756      655.1784   146     2344.0000      653.1250    27182   72.14%
   1307  1215      658.2803   114     2344.0000      653.1250    41666   72.14%
Elapsed time = 11.45 sec. (7915.36 ticks, tree = 74.33 MB, solutions = 5)
   1922  1707      657.3664   115     2344.0000      653.1250    55509   72.14%
   2324  2180      658.0012   148     2344.0000      653.1250    73939   72.14%
   2748  2491      658.9844   116     2344.0000      653.1250    90895   72.14%
   3140  2899      659.5330   139     2344.0000      653.1250   107710   72.14%
   3355  3156      658.2814   179     2344.0000      653.1250   126050   72.14%
   3764  3424      705.0505    47     2344.0000      653.1250   140909   72.14%
*  3795+ 3607                         2279.0000      653.1250            71.34%
*  3827+ 3635                         2122.0000      653.1250            69.22%
*  3851+ 3622                         2067.0000      653.1250            68.40%
   4121  3904      657.6452    79     2067.0000      653.1250   164706   68.40%
*  4470  4245      integral     0      756.0000      653.1250   180856   13.61%
   4485  4159    infeasible            756.0000      653.1250   181962   13.61%
   4792  4292      660.8159   185      756.0000      653.1250   191034   13.61%
   5205  4609      662.6895   163      756.0000      653.1250   208942   13.61%
Elapsed time = 31.39 sec. (17473.05 ticks, tree = 334.51 MB, solutions = 12)
   5622  5041      669.6501   154      756.0000      653.1250   225710   13.61%
   6001  5355      662.5215   166      756.0000      653.1250   239093   13.61%
   6537  5715      669.7286   128      756.0000      653.1250   253320   13.61%

Performing restart 1

Repeating presolve.
Tried aggregator 1 time.
MIP Presolve eliminated 4075 rows and 4176 columns.
MIP Presolve modified 17396 coefficients.
Reduced MIP has 6221 rows, 10252 columns, and 52938 nonzeros.
Reduced MIP has 10153 binaries, 0 generals, 0 SOSs, and 0 indicators.
Presolve time = 0.06 sec. (63.61 ticks)
Tried aggregator 1 time.
MIP Presolve modified 342 coefficients.
Reduced MIP has 6221 rows, 10252 columns, and 52930 nonzeros.
Reduced MIP has 10153 binaries, 0 generals, 0 SOSs, and 0 indicators.
Presolve time = 0.04 sec. (55.01 ticks)
Represolve time = 0.30 sec. (269.60 ticks)
   6709     0      655.9435   188      756.0000     Cuts: 166   273900   13.23%
   6709     0      656.5852   200      756.0000     Cuts: 166   274119   13.15%
   6709     0      656.6364   190      756.0000     Cuts: 152   274312   13.14%
   6709     0      656.9813   199      756.0000     Cuts: 122   274613   13.10%
   6709     0      657.1486   185      756.0000     Cuts: 162   274768   13.08%
   6709     0      657.2105   165      756.0000     Cuts: 133   274911   13.07%
   6709     0      657.2105   161      756.0000     Cuts: 110   274989   13.07%
   6709     0      657.2133   165      756.0000      Cuts: 57   275074   13.07%
   6709     0      657.3226   154      756.0000      Cuts: 77   275223   13.05%
   6709     0      657.3846   171      756.0000      Cuts: 99   275325   13.04%
   6709     0      657.3846   166      756.0000      Cuts: 83   275393   13.04%
   6709     0      657.3846   168      756.0000      Cuts: 22   275473   13.04%
   6709     0      657.3846   168      756.0000      Cuts: 45   275569   13.04%
   6709     2      657.3846   157      756.0000      657.3846   275569   13.04%
   6713     6      658.3788   124      756.0000      657.6667   276030   13.01%
   6720    11      659.5000    84      756.0000      657.6667   276834   13.01%
   6743    20      659.5048   137      756.0000      658.0000   278792   12.96%
   6803    62      662.1935   119      756.0000      658.0000   285466   12.96%
   6953   177      662.0029   115      756.0000      658.0000   295628   12.96%
   7051   314      660.1572   146      756.0000      658.0000   304274   12.96%
Elapsed time = 64.00 sec. (49450.84 ticks, tree = 8.44 MB, solutions = 15)
   7335   446      674.7659    90      756.0000      658.0000   309694   12.96%
   7690   809      666.4322    97      756.0000      658.0000   327861   12.96%
   8265  1263      663.8750    63      756.0000      658.0000   346645   12.96%
   9030  1768      666.1367   106      756.0000      658.0000   360188   12.96%
   9949  2707      668.5583   109      756.0000      658.0000   378873   12.96%
  10694  3559      667.2768    60      756.0000      658.0000   391674   12.96%
  11278  4318      667.1298    93      756.0000      658.0000   405607   12.96%
  11889  4762      670.0048    70      756.0000      658.0000   413506   12.96%
  12409  5309      670.1637   104      756.0000      658.0000   422059   12.96%
  13284  5835      684.2442    99      756.0000      658.0000   432489   12.96%
Elapsed time = 82.13 sec. (58994.26 ticks, tree = 296.75 MB, solutions = 15)
  14198  6818      677.4736    95      756.0000      658.0000   447396   12.96%
  14921  7829      698.4547    82      756.0000      658.0000   466268   12.96%
  15611  8473      714.2273    60      756.0000      658.0000   481440   12.96%
  16335  9202      716.1285   101      756.0000      658.0000   499469   12.96%
  16979  9517      697.3096    93      756.0000      658.0000   509090   12.96%
  17394 10128      681.4523    80      756.0000      658.0000   527258   12.96%
  18320 10879      697.3961    69      756.0000      658.0000   548541   12.96%
  18915 11694      729.3070   110      756.0000      658.0000   570217   12.96%
  19569 11930      665.4297   133      756.0000      658.0000   577476   12.96%
  20747 13023      676.4402    56      756.0000      658.0000   599605   12.96%
Elapsed time = 99.08 sec. (68548.17 ticks, tree = 685.05 MB, solutions = 15)
  21852 13935      667.9609    58      756.0000      658.0000   613431   12.96%
  22429 15017      672.4671   117      756.0000      658.0000   627873   12.96%
  23962 15410      687.8563    90      756.0000      658.0000   631924   12.96%
  25390 17886      666.8566   111      756.0000      658.0000   656576   12.96%
  26617 18432      671.7332   114      756.0000      658.0000   661875   12.96%
  28089 19383      673.4478    99      756.0000      658.0000   668029   12.96%
  29725 21742      677.3745    97      756.0000      658.0000   689035   12.96%
  31369 22755      662.8164   103      756.0000      658.0000   695915   12.96%
  32623 23660      662.3832   104      756.0000      658.0000   705753   12.96%
  34153 26160      665.1859    50      756.0000      658.0000   727229   12.96%
Elapsed time = 118.01 sec. (78089.47 ticks, tree = 1035.08 MB, solutions = 15)
  36025 27734      666.7562    78      756.0000      658.0000   740349   12.96%
  37411 28596      675.6814    87      756.0000      658.0000   747564   12.96%
  38971 30025      677.8172    96      756.0000      658.0000   758280   12.96%
  40783 31849      685.7215    94      756.0000      658.0000   771736   12.96%
  41837 33739      671.6335    63      756.0000      658.0000   784797   12.96%
  43970 34513      676.2089   114      756.0000      658.0000   794479   12.96%
  45405 35956      694.2302    98      756.0000      658.0000   808238   12.96%
  46124 38014      685.7111    61      756.0000      658.0000   830306   12.96%
  46758 38998      681.5682    98      756.0000      658.0000   838971   12.96%
* 47243+36235                          749.0000      658.0000            12.15%
  47828 39684      673.7631    94      749.0000      658.0000   844969   12.15%
Elapsed time = 135.76 sec. (87638.54 ticks, tree = 1111.15 MB, solutions = 15)
  48583 40051      688.0076    77      749.0000      658.0000   846871   12.15%
* 48806+36235                          748.0000      658.0000            12.03%
  49118 41126      663.4259    57      748.0000      658.0000   857555   12.03%
* 49402+36235                          747.0000      658.0000            11.91%
  49591 41805      687.1195    72      747.0000      658.0000   874054   11.91%
  50146 42239      680.2022    91      747.0000      658.0000   876954   11.91%
* 50311+36256                          744.0000      658.0000            11.56%
  50882 42787      680.9994    84      744.0000      658.0000   889104   11.56%
  51574 43466      683.7944    74      744.0000      658.0000   898235   11.56%
  52196 44411      687.2359    74      744.0000      658.0000   911519   11.56%
  52637 44986      680.8389    90      744.0000      658.0000   933349   11.56%
* 52658+36235                          741.0000      658.0000            11.20%
* 52676+36235                          738.0000      658.0000            10.84%
  52977 45190      685.8925    90      738.0000      658.0000   934265   10.84%
  53305 45593      691.8475    68      738.0000      658.0000   946256   10.84%
Elapsed time = 150.94 sec. (97207.34 ticks, tree = 1136.28 MB, solutions = 15)
  53517 45722      733.2532    53      738.0000      658.0000   954242   10.84%
  53722 46029      676.2511    85      738.0000      658.0000   959349   10.84%
  53817 44830      676.0660    63      738.0000      658.0000   970552   10.84%
* 53955+36989                          736.0000      658.0000            10.60%
  54066 45117      717.2041    49      736.0000      658.0000   980468   10.60%
  54458 45181      678.3008    78      736.0000      658.0000   982862   10.60%
  55003 45765      666.9408    95      736.0000      658.0000   994525   10.60%
  55709 45917      699.3052    98      736.0000      658.0000  1001150   10.60%
  56136 46815      703.6684    72      736.0000      658.0000  1020218   10.60%
  56421 47406      685.2158    86      736.0000      658.0000  1035886   10.60%
  57086 47358      675.4900    84      736.0000      658.0000  1036051   10.60%
Elapsed time = 165.30 sec. (106784.30 ticks, tree = 1113.46 MB, solutions = 23)
  57982 48160      674.2024   115      736.0000      658.0000  1055791   10.60%
  59320 48915      673.8319    75      736.0000      658.0000  1063223   10.60%
  60404 50017      665.5214   116      736.0000      658.0000  1078832   10.60%
  61237 51375      686.4040    41      736.0000      658.0000  1096747   10.60%
  61932 51893      696.4565    80      736.0000      658.0000  1105391   10.60%
  62351 52728      673.1480    97      736.0000      658.0000  1118770   10.60%
  62997 53013      664.6442    73      736.0000      658.0000  1134184   10.60%
  64004 53523      705.4534    58      736.0000      658.0000  1152232   10.60%
  64915 53685      698.6266    63      736.0000      658.0000  1158915   10.60%

Performing restart 2

Repeating presolve.
Tried aggregator 1 time.
MIP Presolve eliminated 28 rows and 1281 columns.
MIP Presolve modified 24151 coefficients.
Reduced MIP has 6193 rows, 8971 columns, and 153183 nonzeros.
Reduced MIP has 8872 binaries, 0 generals, 0 SOSs, and 0 indicators.
Presolve time = 0.08 sec. (107.05 ticks)
Tried aggregator 1 time.
MIP Presolve eliminated 22 rows and 0 columns.
MIP Presolve modified 30087 coefficients.
Reduced MIP has 6171 rows, 8971 columns, and 134608 nonzeros.
Reduced MIP has 8872 binaries, 0 generals, 0 SOSs, and 0 indicators.
Presolve time = 0.14 sec. (197.34 ticks)
Represolve time = 1.08 sec. (867.03 ticks)
* 65626+    0                          731.0000      658.0000             9.99%
  65626     0      657.4114   215      731.0000     Cuts: 147  1216975    9.99%
  65626     0      657.4114   198      731.0000      Cuts: 92  1217112    9.99%
  65626     0      657.5148   172      731.0000     Cuts: 120  1217275    9.99%
  65626     0      657.5707   173      731.0000     Cuts: 108  1217531    9.99%
  65626     0      657.5915   178      731.0000     Cuts: 118  1217650    9.99%
  65626     0      657.5915   168      731.0000      Cuts: 37  1217683    9.99%
  65626     0      657.6792   207      731.0000      Cuts: 58  1217850    9.99%
  65626     0      657.6792   210      731.0000     Cuts: 155  1217999    9.99%
  65626     0      657.6792   195      731.0000      Cuts: 19  1218027    9.99%
  65626     0      657.6792   193      731.0000      Cuts: 36  1218047    9.99%
  65626     0      657.6792   192      731.0000      Cuts: 24  1218122    9.99%
  65626     0      657.6792   188      731.0000      Cuts: 18  1218177    9.99%

Repeating presolve.
Tried aggregator 1 time.
MIP Presolve eliminated 0 rows and 285 columns.
MIP Presolve modified 27158 coefficients.
Reduced MIP has 6171 rows, 8686 columns, and 208236 nonzeros.
Reduced MIP has 8587 binaries, 0 generals, 0 SOSs, and 0 indicators.
Presolve time = 0.09 sec. (120.86 ticks)
Tried aggregator 1 time.
MIP Presolve modified 549 coefficients.
Reduced MIP has 6171 rows, 8686 columns, and 207808 nonzeros.
Reduced MIP has 8587 binaries, 0 generals, 0 SOSs, and 0 indicators.
Presolve time = 0.10 sec. (135.50 ticks)
Represolve time = 1.10 sec. (886.45 ticks)
  65626     0      657.6792   236      731.0000      Cuts: 76  1220157    9.99%
  65626     0      657.6792   198      731.0000      Cuts: 43  1220273    9.99%
  65626     0      657.6792   208      731.0000      Cuts: 48  1220364    9.99%
  65626     0      657.6792   214      731.0000      Cuts: 37  1220475    9.99%
  65626     0      657.6792   205      731.0000      Cuts: 42  1220594    9.99%
  65626     0      657.6792   212      731.0000      Cuts: 49  1220665    9.99%
  65626     0      657.6792   204      731.0000      Cuts: 38  1220738    9.99%
  65626     0      657.6792   196      731.0000     Cuts: 327  1220819    9.99%
  65626     0      657.6792   202      731.0000      Cuts: 73  1220915    9.99%
  65626     0      657.6792   215      731.0000      Cuts: 49  1221046    9.99%
  65626     2      657.6792   190      731.0000      658.0000  1221046    9.99%
Elapsed time = 214.88 sec. (160006.09 ticks, tree = 0.02 MB, solutions = 29)
  65644    16      658.0000   171      731.0000      658.0000  1223998    9.99%
  65756    12      662.5692    64      731.0000      658.0000  1223362    9.99%
  66234   521      668.5731    88      731.0000      658.0000  1270772    9.99%
  67311  1377      693.2678    61      731.0000      658.0000  1302653    9.99%
  68713  2425      670.7208   128      731.0000      658.0000  1341276    9.99%
  70259  3740      673.9261   120      731.0000      658.0000  1390692    9.99%
  71849  5305      663.3431    89      731.0000      658.2478  1445718    9.95%
  73983  7278      677.4152    73      731.0000      658.2478  1494039    9.95%
  76315  9461      671.5613    66      731.0000      658.2478  1537251    9.95%
  79000 11814      669.1199   140      731.0000      658.2478  1571065    9.95%
Elapsed time = 286.91 sec. (198271.14 ticks, tree = 563.18 MB, solutions = 29)
  81953 14458      679.0048   126      731.0000      658.2478  1606979    9.95%
  85216 17460      679.3631    60      731.0000      658.2478  1642165    9.95%
  88738 21326      660.4164   114      731.0000      658.2478  1694622    9.95%
  91896 24306      668.2970    73      731.0000      658.2478  1727308    9.95%
  94223 26377      672.6359    80      731.0000      658.2478  1763409    9.95%
  96359 29040      673.1328   127      731.0000      658.2478  1870587    9.95%
  98985 30923      670.7021   105      731.0000      658.2478  1936514    9.95%
 102424 34047      705.9459   105      731.0000      658.2478  1988726    9.95%
 105431 37240      675.0473   119      731.0000      658.2478  2048081    9.95%
 107019 39084      670.7381   106      731.0000      658.2478  2089217    9.95%
Elapsed time = 358.72 sec. (236437.13 ticks, tree = 1454.35 MB, solutions = 29)
 109308 41332      664.2678    82      731.0000      658.2478  2124088    9.95%
 111652 43019      668.2884   145      731.0000      658.2478  2157069    9.95%
 114067 45067      677.9716   114      731.0000      658.2478  2189679    9.95%
 116318 47258      664.9463    75      731.0000      658.2478  2213760    9.95%
 119562 49462      698.0012    92      731.0000      658.2478  2240564    9.95%
 122430 52777      676.3101   121      731.0000      658.2478  2284076    9.95%
 125757 55735      675.5829    96      731.0000      658.2478  2322785    9.95%
 129626 59852      678.6239    96      731.0000      658.2478  2375863    9.95%
*130407+59510                          718.0000      658.2478             8.32%
*130699+60418                          690.0000      658.2478             4.60%
 132779 41443      669.1993    73      690.0000      658.2478  2428225    4.60%
 135919 44348      669.6351    87      690.0000      658.2478  2537035    4.60%
Elapsed time = 425.46 sec. (274596.40 ticks, tree = 1106.53 MB, solutions = 31)
 138334 47111      680.0465    68      690.0000      658.2478  2620273    4.60%
 141492 49017      676.1838    72      690.0000      658.2478  2662152    4.60%
 144678 52060      662.5247   120      690.0000      658.2478  2718838    4.60%
 147085 54368      674.9388    49      690.0000      658.2478  2780709    4.60%
 149202 56455      675.9474    99      690.0000      658.2478  2841710    4.60%
 152315 59261      666.9591    96      690.0000      658.2478  2914048    4.60%
 155526 63348      670.4193    81      690.0000      658.2478  3015326    4.60%
 159046 66944      674.7613   118      690.0000      658.2478  3091879    4.60%
 162152 69944      668.8750    58      690.0000      658.2478  3176693    4.60%
 165800 72227      676.7006    65      690.0000      658.2478  3239031    4.60%
Elapsed time = 491.92 sec. (312755.87 ticks, tree = 1228.73 MB, solutions = 31)
 169502 75424      665.2747    77      690.0000      658.2478  3300238    4.60%
 172631 79389      666.5158    93      690.0000      658.2478  3397228    4.60%
 176372 83854      668.6747   109      690.0000      658.2478  3487699    4.60%
 179920 85224      670.0056    78      690.0000      658.2478  3521578    4.60%
 183573 89876      671.7002    84      690.0000      658.2478  3625752    4.60%
 186595 93719      673.7652    87      690.0000      658.2478  3702239    4.60%
 189624 96483      668.7008   106      690.0000      658.2478  3761288    4.60%
 193855 98454      667.3402    76      690.0000      658.2478  3796281    4.60%
 197483 101937      666.6323    60      690.0000      658.2478  3868729    4.60%
 200442 106660      670.5785   105      690.0000      658.2478  3978568    4.60%
Elapsed time = 558.67 sec. (350910.97 ticks, tree = 1371.94 MB, solutions = 31)
 203449 109658      669.5135    92      690.0000      658.2478  4038409    4.60%
 207155 110964      681.6000    91      690.0000      658.2478  4069318    4.60%
 210091 115974      671.0303   104      690.0000      658.2478  4178703    4.60%
 212299 117458      672.9655    84      690.0000      658.2478  4202702    4.60%
*213170+116260                          689.0000      658.2478             4.46%
 214028 118907      680.1552   105      689.0000      658.2478  4225676    4.46%
 215028 119364      664.2790   131      689.0000      658.2478  4270848    4.46%
 216149 120290      669.4995   100      689.0000      658.2478  4284716    4.46%
 218181 122068      665.4777   117      689.0000      658.2478  4324831    4.46%
 221594 124939      680.3329   161      689.0000      658.2478  4371916    4.46%
 224623 127619      670.7294    85      689.0000      658.2478  4438950    4.46%
Elapsed time = 621.40 sec. (389077.51 ticks, tree = 1435.71 MB, solutions = 32)
 228194 131227      672.6541    86      689.0000      658.2478  4515495    4.46%

GUB cover cuts applied:  3
Clique cuts applied:  65
Cover cuts applied:  107
Implied bound cuts applied:  5
Flow cuts applied:  8
Mixed integer rounding cuts applied:  299
Zero-half cuts applied:  39
Lift and project cuts applied:  42
Gomory fractional cuts applied:  51

Root node processing (before b&c):
  Real time             =    4.84 sec. (4746.56 ticks)
Parallel b&c, 12 threads:
  Real time             =  628.18 sec. (390993.01 ticks)
  Sync time (average)   =   52.04 sec.
  Wait time (average)   =    0.15 sec.
                          ------------
Total (root+branch&cut) =  633.02 sec. (395739.57 ticks)
