Version identifier: 22.1.1.0 | 2022-11-28 | 9160aff4d
CPXPARAM_Read_DataCheck                          1
CPXPARAM_MIP_Cuts_Covers                         1
CPXPARAM_MIP_Strategy_NodeSelect                 2
CPXPARAM_MIP_Cuts_FlowCovers                     1
CPXPARAM_MIP_Cuts_MIRCut                         1
CPXPARAM_MIP_Strategy_HeuristicFreq              5
CPXPARAM_TimeLimit                               633
Tried aggregator 1 time.
MIP Presolve eliminated 201 rows and 1417 columns.
MIP Presolve modified 55329 coefficients.
Reduced MIP has 10296 rows, 14429 columns, and 76596 nonzeros.
Reduced MIP has 14330 binaries, 0 generals, 0 SOSs, and 0 indicators.
Presolve time = 0.05 sec. (82.84 ticks)
Probing fixed 1 vars, tightened 0 bounds.
Probing time = 0.06 sec. (17.52 ticks)
Tried aggregator 1 time.
Detecting symmetries...
MIP Presolve eliminated 1 rows and 1 columns.
Reduced MIP has 10295 rows, 14428 columns, and 76591 nonzeros.
Reduced MIP has 14329 binaries, 0 generals, 0 SOSs, and 0 indicators.
Presolve time = 0.03 sec. (42.82 ticks)
Probing time = 0.04 sec. (9.33 ticks)
Clique table members: 11835.
MIP emphasis: balance optimality and feasibility.
MIP search method: dynamic search.
Parallel mode: deterministic, using up to 12 threads.
Root relaxation solution time = 0.19 sec. (216.42 ticks)

        Nodes                                         Cuts/
   Node  Left     Objective  IInf  Best Integer    Best Bound    ItCnt     Gap

      0     0      351.1732   172                    351.1732     2181         
      0     0      415.8571   134                   Cuts: 258     2734         
      0     0      417.0505   150                   Cuts: 185     2997         
      0     0      417.6154   157                    Cuts: 63     3144         
      0     0      418.1250   153                  Cuts: 1060     3785         
      0     0      418.1562   148                   Cuts: 689     4055         
Detecting symmetries...
      0     0      418.1562   148                   Cuts: 148     4079         
      0     0      418.1562   147                   Covers: 1     4082         
Detecting symmetries...
      0     2      418.1562   147                    418.1562     4082         
Elapsed time = 5.81 sec. (5660.80 ticks, tree = 0.02 MB, solutions = 0)
     11    12      418.1562   148                    418.1562     4152         
     24    21      435.1354   115                    418.1562     7698         
     64    36      440.9768   114                    418.1562    14139         
    106    91      437.7088   114                    418.1562    22808         
    116    99      434.0404   100                    418.1562    23811         
    134   110      438.5930    82                    418.1562    25029         
    180   142      438.5101    96                    418.1562    27661         
    227   190      443.5505    94                    418.1562    33519         
    269   194      460.0405   133                    418.1562    34762         
    423   337      464.3872   159                    418.1562    57037         
Elapsed time = 13.14 sec. (8862.66 ticks, tree = 13.96 MB, solutions = 0)
    578   511      450.5202    44                    418.1562    85511         
    707   658      441.1061    21                    418.1562   113893         
    844   737      477.4520    95                    418.1562   133137         
    979   873      472.0488   120                    418.1562   155605         
   1118  1032      527.3054    58                    418.1562   181462         
   1257  1172      486.4489   108                    418.1562   201662         
   1434  1270      449.3135    77                    418.1562   216885         
   1575  1366      499.2104    57                    418.1562   227639         
   1731  1597      524.4311    60                    418.1562   254885         
   1962  1811      521.1314    75                    418.1562   274936         
Elapsed time = 35.44 sec. (18520.05 ticks, tree = 125.29 MB, solutions = 0)
   2164  2024      482.0505    72                    418.1562   294383         
   2388  2164      503.3172    64                    418.1562   307850         
   2627  2451      572.3636    59                    418.1562   337305         
   2908  2611      545.1424    47                    418.1562   353210         
   3265  2895      494.7873    65                    418.1562   378460         
   3517  3148      462.1267    72                    418.1562   401312         
   3783  3462      657.1245    31                    418.1562   424257         
   3937  3596      532.0204    55                    418.1562   436543         

Performing restart 1

Repeating presolve.
Tried aggregator 1 time.
MIP Presolve modified 23122 coefficients.
Reduced MIP has 10295 rows, 14428 columns, and 70409 nonzeros.
Reduced MIP has 14329 binaries, 0 generals, 0 SOSs, and 0 indicators.
Presolve time = 0.03 sec. (54.55 ticks)
Tried aggregator 1 time.
Reduced MIP has 10295 rows, 14428 columns, and 70409 nonzeros.
Reduced MIP has 14329 binaries, 0 generals, 0 SOSs, and 0 indicators.
Presolve time = 0.03 sec. (44.66 ticks)
Represolve time = 0.39 sec. (300.02 ticks)
*  3941+    0                        14298.0000      418.1562            97.08%
*  3941+    0                         8763.0000      418.1562            95.23%
   3941     0      418.9091   177     8763.0000      Cuts: 75   462045   95.22%
   3941     0      418.9091   182     8763.0000     Cuts: 147   462187   95.22%
   3941     0      418.9091   165     8763.0000      Cuts: 46   462228   95.22%
   3941     0      418.9091   165     8763.0000      Cuts: 20   462251   95.22%
   3941     0      418.9091   163     8763.0000       Cuts: 8   462267   95.22%
   3941     0      418.9091   163     8763.0000       Cuts: 3   462270   95.22%
   3941     2      418.9091   163     8763.0000      418.9091   462270   95.22%
   3944     5      421.5000   163     8763.0000      419.0000   463054   95.22%
Elapsed time = 78.35 sec. (57136.42 ticks, tree = 0.02 MB, solutions = 2)
   3951     7      420.0000   139     8763.0000      419.3333   464013   95.21%
   3975    22      423.0916    47     8763.0000      420.0000   468015   95.21%
   3996    35      422.0000    51     8763.0000      420.0000   472281   95.21%
*  3999+   10                         2138.0000      420.0000            80.36%
   4014    70      420.0944   103     2138.0000      420.0000   484185   80.36%
   4078   105      426.0116    90     2138.0000      420.0000   497527   80.36%
   4189   167      423.3236    58     2138.0000      420.0000   502793   80.36%
   4353   221      427.5000    42     2138.0000      420.0000   506899   80.36%
   4551   433      423.8207    99     2138.0000      420.0000   519636   80.36%
   4765   671      427.9588    27     2138.0000      420.0000   531654   80.36%
   5027   796      423.2074   109     2138.0000      420.0000   538375   80.36%
Elapsed time = 98.58 sec. (66902.57 ticks, tree = 40.69 MB, solutions = 3)
   5373  1117      424.8909    75     2138.0000      420.0000   549373   80.36%
   5756  1362      427.3168    87     2138.0000      420.0000   553879   80.36%
   6108  1554      429.5117    87     2138.0000      420.0000   560327   80.36%
*  6269+ 1868                         1911.0000      420.0000            78.02%
   6415  2050      428.4763    94     1911.0000      420.0000   571921   78.02%
*  6540+ 2331                         1883.0000      420.0000            77.70%
   6778  2459      428.9238    62     1883.0000      420.0000   577852   77.70%
   7206  2781      432.3649    36     1883.0000      420.0000   583906   77.70%
   7524  3224      492.1931    57     1883.0000      420.0000   589518   77.70%
   7623  3385      492.7927    53     1883.0000      420.0000   591597   77.70%
   7653  3435      429.7313    60     1883.0000      420.0000   592171   77.70%
*  7960+ 3754                         1723.0000      420.0000            75.62%
   7965  3572      433.2419    62     1723.0000      420.0000   594086   75.62%
Elapsed time = 120.67 sec. (76488.21 ticks, tree = 273.23 MB, solutions = 5)
*  7968+ 3754                         1687.0000      420.0000            75.10%
*  7973+ 3754                         1617.0000      420.0000            74.03%
*  8000+ 3691                         1561.0000      420.0000            73.09%
*  8035+ 3754                         1472.0000      420.0000            71.47%
*  8083+ 3658                         1276.0000      420.0000            67.08%
   8233  4063      429.1630    52     1276.0000      420.0000   599067   67.08%
   8561  4223      436.4823    50     1276.0000      420.0000   600538   67.08%
   8868  4601      440.4829    31     1276.0000      420.0000   603609   67.08%
*  9135+ 3754                         1171.0000      420.0000            64.13%
   9154  5006      437.2262    58     1171.0000      420.0000   606930   64.13%
   9472  5188      441.0839    38     1171.0000      420.0000   608105   64.13%
*  9553+ 3836                         1144.0000      420.0000            63.29%
   9811  5693      440.4545    16     1144.0000      420.0000   612262   63.29%
  10132  6059      444.3061    18     1144.0000      420.0000   614669   63.29%
  10473  6292      462.1627    38     1144.0000      420.0000   615943   63.29%
* 10502+ 3754                         1079.0000      420.0000            61.08%
* 10597+ 3754                         1009.0000      420.0000            58.37%
  10778  6278      456.7268    41     1009.0000      420.0000   615990   58.37%
  11035  6714      465.1044    39     1009.0000      420.0000   618559   58.37%
Elapsed time = 139.81 sec. (86057.06 ticks, tree = 518.67 MB, solutions = 5)
* 11039+ 3691                          855.0000      420.0000            50.88%
  11380  6958      807.9147    49      855.0000      420.0000   621157   50.88%
  11723  7365      485.0331    20      855.0000      420.0000   624750   50.88%
  12044  7673     1280.6667    43      855.0000      420.0000   628215   50.88%
  12356  8096     1472.3997    38      855.0000      420.0000   631826   50.88%
  12691  8307     1244.2273    29      855.0000      420.0000   633618   50.88%
* 12734+ 3691                          762.0000      420.0000            44.88%
  13058  8648      751.0661    28      762.0000      420.0000   637230   44.88%
  13422  8724      825.8687    35      762.0000      420.0000   637835   44.88%
  13762  9556     1733.1892    37      762.0000      420.0000   644093   44.88%
  14006  9655     1588.0190    21      762.0000      420.0000   647575   44.88%
  14116  9560      426.8060    93      762.0000      420.0000   649352   44.88%
Elapsed time = 160.55 sec. (95639.74 ticks, tree = 536.31 MB, solutions = 5)
  14227  9823      425.0404    69      762.0000      420.0000   651979   44.88%
  14297 10092      427.6106   102      762.0000      420.0000   664014   44.88%
  14345 10103      427.7796    82      762.0000      420.0000   665523   44.88%
  14411 10231      428.0900    96      762.0000      420.0000   680227   44.88%
  14486 10242      428.3867    65      762.0000      420.0000   681295   44.88%
  14609 10355      428.8153    66      762.0000      420.0000   694635   44.88%
  14717 10489      422.5867   123      762.0000      420.0000   707369   44.88%
  14865 10635      429.0092    29      762.0000      420.0000   715321   44.88%
  15087 10706      422.9536    65      762.0000      420.0000   718852   44.88%
  15376 10966      437.6665    23      762.0000      420.0000   722214   44.88%
Elapsed time = 181.95 sec. (105303.36 ticks, tree = 568.03 MB, solutions = 5)
  15723 11127      444.8702    41      762.0000      420.0000   724087   44.88%
  16143 11643      457.5382    53      762.0000      420.0000   730601   44.88%
  16499 11704      468.4646    37      762.0000      420.0000   731697   44.88%
  16949 11990      591.3710    36      762.0000      420.0000   735256   44.88%
  17383 11234      709.6710    34      762.0000      420.0000   745211   44.88%
  17865 11108      450.0898    40      762.0000      420.0000   743059   44.88%
  18077 11252      433.0000    35      762.0000      420.0000   748323   44.88%

Performing restart 2

Repeating presolve.
Tried aggregator 1 time.
Reduced MIP has 10295 rows, 14428 columns, and 254236 nonzeros.
Reduced MIP has 14329 binaries, 0 generals, 0 SOSs, and 0 indicators.
Presolve time = 0.06 sec. (92.18 ticks)
Tried aggregator 1 time.
Reduced MIP has 10295 rows, 14428 columns, and 254236 nonzeros.
Reduced MIP has 14329 binaries, 0 generals, 0 SOSs, and 0 indicators.
Presolve time = 0.09 sec. (117.65 ticks)
Represolve time = 1.42 sec. (1078.81 ticks)
* 18085+    0                          519.0000      420.0000            19.08%
  18085     0      419.1111   179      519.0000      Cuts: 94   774496   19.08%
  18085     0      419.1111   160      519.0000      Cuts: 43   774561   19.08%

Repeating presolve.
Tried aggregator 1 time.
MIP Presolve eliminated 1 rows and 4285 columns.
MIP Presolve modified 132803 coefficients.
Reduced MIP has 10294 rows, 10143 columns, and 293344 nonzeros.
Reduced MIP has 10044 binaries, 0 generals, 0 SOSs, and 0 indicators.
Presolve time = 0.18 sec. (290.92 ticks)
Tried aggregator 1 time.
MIP Presolve eliminated 2 rows and 0 columns.
MIP Presolve modified 7699 coefficients.
Reduced MIP has 10292 rows, 10143 columns, and 289449 nonzeros.
Reduced MIP has 10044 binaries, 0 generals, 0 SOSs, and 0 indicators.
Presolve time = 0.17 sec. (247.08 ticks)
Represolve time = 1.27 sec. (1206.85 ticks)
  18085     0      419.1429   151      519.0000     Cuts: 130   777466   19.08%
  18085     0      419.2222   172      519.0000     Cuts: 130   777614   19.08%
  18085     0      419.2222   173      519.0000     Cuts: 121   777661   19.08%
  18085     0      419.2222   172      519.0000      Cuts: 30   777682   19.08%
  18085     0      419.2222   173      519.0000      Cuts: 76   777774   19.08%
  18085     0      419.2222   173      519.0000      Cuts: 32   777842   19.08%
  18085     0      419.2857   167      519.0000      Cuts: 11   777910   19.08%
  18085     2      419.2857   158      519.0000      420.0000   777910   19.08%
  18087     3      419.5000   118      519.0000      420.0000   778336   19.08%
  18092     8      420.0000    56      519.0000      420.0000   780553   19.08%
Elapsed time = 254.30 sec. (183841.18 ticks, tree = 0.02 MB, solutions = 47)
  18109    18      420.0000    43      519.0000      420.0000   782712   19.08%
  18131    27      440.6667   113      519.0000      420.0000   786949   19.08%
  18149    37      420.0445   114      519.0000      420.0000   790465   19.08%
  18166    72      425.0441    57      519.0000      420.0000   810476   19.08%
  18188    85      440.9437   124      519.0000      420.0000   818745   19.08%
  18216   108      420.1502    79      519.0000      420.0000   825284   19.08%
  18244   141      422.8776    89      519.0000      420.0000   830227   19.08%
  18268   144      423.0000    97      519.0000      420.0000   830682   19.08%
  18296   175      425.2973    99      519.0000      420.0000   834885   19.08%
  18522   288      436.0603    92      519.0000      420.0000   847441   19.08%
Elapsed time = 286.63 sec. (196475.63 ticks, tree = 8.34 MB, solutions = 47)
  18979   657      422.8628    99      519.0000      420.0000   868267   19.08%
  19558  1243      425.6849    79      519.0000      420.0000   895183   19.08%
  20247  1928      428.5379    54      519.0000      420.0000   918304   19.08%
  21237  2895      429.8451    69      519.0000      420.0000   940353   19.08%
  22222  3741      433.4859    58      519.0000      420.0000   956907   19.08%
  23243  4847      461.8692    61      519.0000      420.0000   976220   19.08%
  24243  5572      482.4927    57      519.0000      420.0000   999458   19.08%
  25146  6412      436.9244    39      519.0000      420.0000  1027651   19.08%
* 25375+ 6337                          482.0000      420.0000            12.86%
  25956  6642      432.7922    57      482.0000      420.0000  1047080   12.86%
  27498  7571      430.4220    82      482.0000      420.0000  1066384   12.86%
Elapsed time = 386.25 sec. (234673.11 ticks, tree = 600.92 MB, solutions = 48)
  28887  9094      440.5448   105      482.0000      420.0000  1101711   12.86%
  30711 10690      449.6339    53      482.0000      420.0000  1140480   12.86%
  32594 12690      435.7989    85      482.0000      420.0000  1170762   12.86%
  34632 14003      450.3127    34      482.0000      420.0000  1188018   12.86%
  37026 16145      428.5584    91      482.0000      420.0000  1216767   12.86%
  38942 18677      434.1845    66      482.0000      420.0000  1250041   12.86%
  40956 20575      462.0588    50      482.0000      420.0000  1276201   12.86%
  43013 21903      425.1031    92      482.0000      420.0000  1295444   12.86%
  44965 24086      436.0778    95      482.0000      420.0000  1323896   12.86%
  46408 25978      436.0362    73      482.0000      420.0000  1370591   12.86%
Elapsed time = 476.75 sec. (272838.10 ticks, tree = 1624.85 MB, solutions = 48)
  47810 26703      427.7044    52      482.0000      420.0000  1396328   12.86%
  49708 28482      434.4760    56      482.0000      420.0000  1444912   12.86%
  51358 30763      457.9626    44      482.0000      420.0000  1491046   12.86%
  53311 32096      423.0912    62      482.0000      420.0000  1516633   12.86%
  55456 34793      426.9124    33      482.0000      420.0000  1578615   12.86%
  57257 35812      434.0583    63      482.0000      420.0000  1595331   12.86%
  57894 37041      430.7119    65      482.0000      420.0000  1630088   12.86%
  58517 37591      435.8028    68      482.0000      420.0000  1649559   12.86%
  59529 38429      451.3261    32      482.0000      420.0000  1666363   12.86%
  60777 39306      425.3648    45      482.0000      420.0000  1679571   12.86%
Elapsed time = 560.02 sec. (311015.20 ticks, tree = 1922.51 MB, solutions = 48)
  62326 40228      432.0000    27      482.0000      420.0000  1698244   12.86%
  64102 41755      431.7973    67      482.0000      420.0000  1719589   12.86%
  65613 43395      424.1469    67      482.0000      420.0000  1739802   12.86%
* 66253+45157                          481.0000      420.0000            12.68%
* 66264+45157                          480.0000      420.0000            12.50%
* 66874+45216                          479.0000      420.0000            12.32%
  66876 45576      428.1950   129      479.0000      420.0000  1777294   12.32%
* 66890+45106                          471.0000      420.0000            10.83%
* 67122+45575                          467.0000      420.0000            10.06%
* 67179+45106                          463.0000      420.0000             9.29%
  68229 43823      433.3716    53      463.0000      420.0000  1809390    9.29%
* 68499+43626                          461.0000      420.0000             8.89%
* 69368+44387                          451.0000      420.0000             6.87%
  69638 37020      430.4392    84      451.0000      420.0000  1832150    6.87%
* 70504+37099                          447.0000      420.0000             6.04%
* 70529+37097                          446.0000      420.0000             5.83%
  70942 33109      436.2767    52      446.0000      420.0000  1849014    5.83%
* 71367+33407                          445.0000      420.0000             5.62%
  72391 32738      424.3138    97      445.0000      420.0000  1868172    5.62%
  74082 34347      424.6315    80      445.0000      420.0000  1908082    5.62%
* 74341+33430                          439.0000      420.0000             4.33%

GUB cover cuts applied:  4
Clique cuts applied:  15
Cover cuts applied:  15
Implied bound cuts applied:  1
Flow cuts applied:  8
Mixed integer rounding cuts applied:  201
Zero-half cuts applied:  8
Multi commodity flow cuts applied:  2
Lift and project cuts applied:  16
Gomory fractional cuts applied:  7

Root node processing (before b&c):
  Real time             =    5.75 sec. (5610.01 ticks)
Parallel b&c, 12 threads:
  Real time             =  627.29 sec. (342218.18 ticks)
  Sync time (average)   =   55.71 sec.
  Wait time (average)   =    0.12 sec.
                          ------------
Total (root+branch&cut) =  633.04 sec. (347828.19 ticks)
