Version identifier: 22.1.1.0 | 2022-11-28 | 9160aff4d
CPXPARAM_Read_DataCheck                          1
CPXPARAM_MIP_Cuts_Covers                         1
CPXPARAM_MIP_Strategy_NodeSelect                 2
CPXPARAM_MIP_Cuts_FlowCovers                     1
CPXPARAM_MIP_Cuts_MIRCut                         1
CPXPARAM_MIP_Strategy_HeuristicFreq              5
CPXPARAM_TimeLimit                               633
Tried aggregator 1 time.
MIP Presolve eliminated 10 rows and 5 columns.
MIP Presolve modified 35838 coefficients.
Reduced MIP has 10462 rows, 15841 columns, and 86511 nonzeros.
Reduced MIP has 15742 binaries, 0 generals, 0 SOSs, and 0 indicators.
Presolve time = 0.04 sec. (56.44 ticks)
Probing time = 0.01 sec. (8.43 ticks)
Tried aggregator 1 time.
Detecting symmetries...
Reduced MIP has 10462 rows, 15841 columns, and 86511 nonzeros.
Reduced MIP has 15742 binaries, 0 generals, 0 SOSs, and 0 indicators.
Presolve time = 0.03 sec. (47.34 ticks)
Probing time = 0.01 sec. (7.82 ticks)
Clique table members: 51218.
MIP emphasis: balance optimality and feasibility.
MIP search method: dynamic search.
Parallel mode: deterministic, using up to 12 threads.
Root relaxation solution time = 0.22 sec. (250.53 ticks)

        Nodes                                         Cuts/
   Node  Left     Objective  IInf  Best Integer    Best Bound    ItCnt     Gap

      0     0      351.1119   175                    351.1119     3159         
      0     0      405.8291   160                   Cuts: 144     3530         
      0     0      417.0000    81                   Cuts: 563     3885         
      0     0      417.3333   161                    Cuts: 76     4570         
      0     0      417.8571   172                   Cuts: 458     5071         
      0     0      418.1250   151                   Cuts: 626     5157         
Detecting symmetries...
      0     0      418.1562   148                   Cuts: 144     5217         
      0     0      418.1562   148                    Cuts: 48     5221         
      0     0      418.1562   142                  GUBcuts: 1     5223         
*     0+    0                        10687.0000      418.1562            96.09%
*     0+    0                         7476.0000      418.1562            94.41%
Detecting symmetries...
      0     2      418.1562   140     7476.0000      418.1562     5223   94.41%
Elapsed time = 7.16 sec. (6726.82 ticks, tree = 0.02 MB, solutions = 2)
      4     5      418.9444   137     7476.0000      418.1875     5550   94.41%
     10    10      419.5000    59     7476.0000      418.5000     6759   94.40%
     17     8      419.3056   141     7476.0000      418.5000     6478   94.40%
     26    14      420.0279   132     7476.0000      418.5000     8967   94.40%
     32    24      419.0169   137     7476.0000      419.0000    13954   94.40%
*    46+   11                         1368.0000      419.0000            69.37%
     47    44      419.2500   155     1368.0000      419.0000    25813   69.37%
*    54+   11                         1165.0000      419.0000            64.03%
     64    44      423.5000    52     1165.0000      419.0000    26351   64.03%
     81    65      420.0690   122     1165.0000      419.0000    31000   64.03%
     93    75      423.5085   109     1165.0000      419.0000    32310   64.03%
    274   194      426.0000    74     1165.0000      419.0000    45606   64.03%
Elapsed time = 13.30 sec. (9964.07 ticks, tree = 4.08 MB, solutions = 8)
    594   364      433.5747    63     1165.0000      419.0000    60350   64.03%
    903   807      453.4329    98     1165.0000      419.0000    81640   64.03%
   1369  1060      444.0808    25     1165.0000      419.0000    89196   64.03%
   1917  1587      464.2386    54     1165.0000      419.0000   100490   64.03%

Performing restart 1

Repeating presolve.
Tried aggregator 1 time.
MIP Presolve eliminated 1 rows and 1 columns.
MIP Presolve modified 26379 coefficients.
Reduced MIP has 10461 rows, 15840 columns, and 79627 nonzeros.
Reduced MIP has 15741 binaries, 0 generals, 0 SOSs, and 0 indicators.
Presolve time = 0.06 sec. (98.35 ticks)
Tried aggregator 1 time.
Reduced MIP has 10461 rows, 15840 columns, and 79627 nonzeros.
Reduced MIP has 15741 binaries, 0 generals, 0 SOSs, and 0 indicators.
Presolve time = 0.04 sec. (49.49 ticks)
Represolve time = 0.46 sec. (352.84 ticks)
   2154     0      418.9000   168     1165.0000     Cuts: 100   117576   64.03%
   2154     0      419.2727   177     1165.0000     Cuts: 349   117725   64.01%
   2154     0      419.5000   203     1165.0000      Cuts: 99   118326   63.99%
*  2154+    0                          904.0000      419.5000            53.60%
   2154     0  -1.00000e+75     0      904.0000      419.5000   118326   53.60%
   2154     0      419.5000   200      904.0000     Cuts: 307   118615   53.60%
   2154     0      419.5000   194      904.0000      Cuts: 44   118782   53.60%
   2154     0      419.5000   196      904.0000     Cuts: 178   119006   53.60%
   2154     0      419.5000   127      904.0000      Cuts: 11   119042   53.60%
   2154     0      419.5000   197      904.0000     Cuts: 299   119260   53.60%
   2154     0      419.5000   190      904.0000      Cuts: 61   119413   53.60%
   2154     2      419.5000    78      904.0000      419.5000   119413   53.60%
   2158     6      419.5000   169      904.0000      419.5000   119560   53.60%
   2159     7      419.5000   168      904.0000      419.5000   119574   53.60%
   2163     5      431.2287   133      904.0000      419.5000   120321   53.60%
   2168    12      432.5406   141      904.0000      419.5000   122451   53.60%
   2178    23      436.0350   144      904.0000      419.5000   127073   53.60%
Elapsed time = 56.48 sec. (50968.23 ticks, tree = 0.36 MB, solutions = 9)
   2196    28      434.9676   138      904.0000      419.5000   131521   53.60%
   2242    47      436.3839   107      904.0000      419.5000   137801   53.60%
   2322   106      421.4615   141      904.0000      419.5000   160567   53.60%
   2352   186      435.0424   117      904.0000      419.5000   173217   53.60%
   2468   216      436.6320   109      904.0000      419.5000   175036   53.60%
   2626   311      421.1943    49      904.0000      419.5000   181031   53.60%
   2824   539      434.8125   106      904.0000      419.5000   191344   53.60%
   3059   784      439.8959   137      904.0000      419.5000   200267   53.60%
   3300   737      437.2945   134      904.0000      419.5000   198175   53.60%
   3500  1027      440.3756   128      904.0000      419.5000   210065   53.60%
Elapsed time = 79.37 sec. (60624.55 ticks, tree = 68.30 MB, solutions = 9)
   3710  1213      443.2490    94      904.0000      419.5000   215742   53.60%
   3977  1530      454.5971    42      904.0000      419.5000   225033   53.60%
   4252  1698      421.6511    80      904.0000      419.5000   227197   53.60%
*  4478+ 1973                          876.0000      419.5000            52.11%
   4520  2013      437.3720   124      876.0000      419.5000   235315   52.11%
   4838  2526      670.3853    80      876.0000      419.5000   243785   52.11%
   5163  2498      480.2042    49      876.0000      419.5000   243759   52.11%
   5574  2971      671.8602    74      876.0000      419.5000   253334   52.11%
   5997  3167      447.0193    48      876.0000      419.5000   257189   52.11%
   6487  3764      424.3845    69      876.0000      419.5000   264912   52.11%
   6935  4101      430.2824   104      876.0000      419.5000   270130   52.11%
Elapsed time = 106.07 sec. (70187.75 ticks, tree = 332.71 MB, solutions = 10)
   7330  4771      650.2557   108      876.0000      419.5000   279822   52.11%
   7738  5196      650.7198    99      876.0000      419.5000   286219   52.11%
   8215  5685      422.7851    55      876.0000      419.5000   294199   52.11%
   8688  6040      429.2249    89      876.0000      419.5000   300497   52.11%
   9089  6440      430.7776    35      876.0000      419.5000   307387   52.11%
   9427  6794      440.8099    99      876.0000      419.5000   313327   52.11%
   9722  7338      427.2525    57      876.0000      419.5000   329074   52.11%
  10172  7430      439.7114    88      876.0000      419.5000   330445   52.11%
  10751  8180      420.4210    87      876.0000      419.5000   344467   52.11%
  11237  8705      653.2808    82      876.0000      419.5000   350172   52.11%
Elapsed time = 132.18 sec. (79743.86 ticks, tree = 716.22 MB, solutions = 10)
  11800  9118      654.7500    79      876.0000      419.5000   356948   52.11%
  12410  9361      427.5641    55      876.0000      419.5000   358002   52.11%
  12957 10364      442.6185    82      876.0000      419.5000   375113   52.11%
  13522 10682      665.4038    80      876.0000      419.5000   378816   52.11%
  14143 11159      421.8728    79      876.0000      419.5000   384405   52.11%
  14696 11648      669.1785    66      876.0000      419.5000   393135   52.11%
  15275 12609      423.2347    74      876.0000      419.5000   400560   52.11%
* 15353+12432                          784.0000      419.5000            46.49%
  15903 13213      423.4254    81      784.0000      419.5000   408948   46.49%
  16433 13428      427.4594    63      784.0000      419.5000   411269   46.49%
  17295 14000      687.9871    83      784.0000      419.5000   421886   46.49%
Elapsed time = 156.94 sec. (89288.15 ticks, tree = 1050.00 MB, solutions = 11)
  18040 14508      657.1727    32      784.0000      419.5000   427531   46.49%
  18652 15152      444.7563    47      784.0000      419.5000   438234   46.49%
  19256 16622      733.2164    65      784.0000      419.5000   455884   46.49%
* 19588+16204                          678.0000      419.5000            38.13%
* 19659+16197                          550.0000      419.5000            23.73%
  19749 16589      752.4312    81      550.0000      419.5000   456023   23.73%
  20227 11264        cutoff            550.0000      419.5000   468925   23.73%
  20632 11461      435.7726    37      550.0000      419.5000   470116   23.73%
  20957 11488      427.1186   102      550.0000      419.6667   475879   23.70%
  21202 12206      428.0000    81      550.0000      419.6667   502076   23.70%
  21423 12325      424.5444    79      550.0000      419.6667   507744   23.70%
* 21492+12540                          522.0000      419.6667            19.60%
  21599 11582      429.7280    61      522.0000      419.6667   531922   19.60%
Elapsed time = 180.02 sec. (98874.78 ticks, tree = 696.60 MB, solutions = 15)
  21839 11691      422.2340    87      522.0000      419.6667   538849   19.60%
  22165 12063      422.3067    81      522.0000      419.6667   556152   19.60%
  22557 12387      422.4723   125      522.0000      419.6667   569196   19.60%
  23287 12775      452.2802    30      522.0000      419.6667   577004   19.60%
  24132 12994      436.1297    98      522.0000      419.6667   581877   19.60%
  24847 14407      430.4724   144      522.0000      419.6667   606068   19.60%
  25268 14741      424.5643   101      522.0000      419.6667   611998   19.60%
  25764 15211      458.0851    57      522.0000      419.6667   619799   19.60%
  26472 15499      423.9597    93      522.0000      419.6667   621271   19.60%
  27299 16323      424.1901    69      522.0000      419.6667   630003   19.60%
Elapsed time = 204.40 sec. (108424.18 ticks, tree = 1064.58 MB, solutions = 15)
* 27951+16969                          502.0000      419.6667            16.40%
  28085 17426      427.8556    86      502.0000      419.6667   649669   16.40%
  28841 16752      428.7054    36      502.0000      419.6667   651083   16.40%
  29639 17653      424.9718    59      502.0000      419.6667   665647   16.40%
  30152 18219      466.2047    46      502.0000      419.6667   680525   16.40%
  30568 18592      435.2285    71      502.0000      419.6667   688289   16.40%
  30949 19656      429.7749    53      502.0000      419.6667   717397   16.40%
  31454 20085      436.2020    44      502.0000      419.6667   732769   16.40%
  32318 20244      423.7733   105      502.0000      419.6667   734281   16.40%
  33126 20276      448.8043    69      502.0000      419.6667   742806   16.40%
  33888 20817      434.8699    95      502.0000      419.6667   753454   16.40%
Elapsed time = 227.84 sec. (117989.22 ticks, tree = 1166.48 MB, solutions = 18)
  34489 22799      433.0754   121      502.0000      419.6667   783574   16.40%
  35093 23189      432.9052    59      502.0000      419.6667   787843   16.40%
  35762 23867      430.4480    74      502.0000      419.6667   794235   16.40%
* 36011+23903                          498.0000      419.6667            15.73%
  36458 24341      432.3284    65      498.0000      419.6667   806123   15.73%
  37157 24644      438.4324    89      498.0000      419.6667   812025   15.73%
  37701 25248      443.5236    61      498.0000      419.6667   823812   15.73%
  38474 25282      425.1138    90      498.0000      419.6667   827543   15.73%
  39134 26189      430.5887    76      498.0000      419.6667   845934   15.73%
* 39304+27364                          497.0000      419.6667            15.56%
* 39429+27364                          496.0000      419.6667            15.39%
  39500 26393      432.2500    32      496.0000      419.6667   859371   15.39%
* 39526+27631                          495.0000      419.6667            15.22%
* 39702+27631                          492.0000      419.6667            14.70%
* 40521+27542                          491.0000      419.6667            14.53%
* 40646+27542                          488.0000      419.6667            14.00%
  40708 28451      436.7331    60      488.0000      419.6667   908073   14.00%
Elapsed time = 256.88 sec. (130402.49 ticks, tree = 1401.71 MB, solutions = 19)
* 41216+28725                          471.0000      419.6667            10.90%
  41668 25787      425.9645    55      471.0000      419.6667   932098   10.90%
  43227 26578      440.5707    82      471.0000      419.6667   950024   10.90%
* 43954+27771                          457.0000      419.6667             8.17%
  45125 28673      422.6179   122      457.0000      419.6667   986747    8.17%
  46662 26383      426.0905    76      457.0000      419.6667  1003652    8.17%
  48922 28141      431.5340    32      457.0000      419.6667  1029009    8.17%
  50625 30394      431.4783    33      457.0000      419.6667  1071513    8.17%
  51657 31448      424.9552    55      457.0000      419.6667  1091527    8.17%
  53536 32318      429.0651    93      457.0000      419.6667  1123884    8.17%
* 53705+33044                          451.0000      419.6667             6.95%
  55382 31807      428.5656    49      451.0000      419.6667  1186753    6.95%

Performing restart 2

Repeating presolve.
Tried aggregator 1 time.
MIP Presolve eliminated 204 rows and 8059 columns.
MIP Presolve modified 5105 coefficients.
Reduced MIP has 10257 rows, 7781 columns, and 86989 nonzeros.
Reduced MIP has 7682 binaries, 0 generals, 0 SOSs, and 0 indicators.
Presolve time = 0.05 sec. (76.26 ticks)
Tried aggregator 1 time.
Reduced MIP has 10257 rows, 7781 columns, and 86989 nonzeros.
Reduced MIP has 7682 binaries, 0 generals, 0 SOSs, and 0 indicators.
Presolve time = 0.04 sec. (45.83 ticks)
Represolve time = 0.78 sec. (710.77 ticks)
  56087     0      420.0000   160      451.0000      Cuts: 28  1225440    6.87%
  56087     0      420.0000   191      451.0000     Cuts: 126  1225664    6.87%
  56087     0      420.0000   212      451.0000      Cuts: 24  1226421    6.87%
  56087     0      420.0000   125      451.0000       Cuts: 4  1226509    6.87%
  56087     0      420.0000   206      451.0000     Cuts: 436  1227148    6.87%
  56087     0      420.0000   196      451.0000       Cuts: 7  1227668    6.87%
  56087     0      420.0000   194      451.0000     Cuts: 459  1228198    6.87%
  56087     0      420.0000   169      451.0000      Cuts: 21  1228311    6.87%
  56087     0      420.0000   211      451.0000     Cuts: 431  1228719    6.87%
  56087     0      420.0000   182      451.0000     Cuts: 101  1228871    6.87%
  56087     0      420.0000   177      451.0000     Cuts: 106  1229048    6.87%
  56087     2      420.0000   131      451.0000      420.0000  1229048    6.87%
Elapsed time = 354.39 sec. (205065.12 ticks, tree = 0.02 MB, solutions = 48)
  56117    24      420.0000    98      451.0000      420.0000  1240958    6.87%
  56216   116      427.1102   101      451.0000      420.0000  1289950    6.87%
  56360   235      437.2377   125      451.0000      420.0000  1301665    6.87%
  56859   475      422.2913    85      451.0000      420.0000  1319662    6.87%
  57581   973      423.4125    82      451.0000      420.0000  1339508    6.87%
  58515  1866      425.2334    55      451.0000      420.0000  1378519    6.87%
  59625  2702      424.8167    92      451.0000      420.0000  1401860    6.87%
  60930  4072      433.1422   124      451.0000      420.0000  1431683    6.87%
  62298  5164      424.8593   109      451.0000      420.0000  1454124    6.87%
  63968  7019      423.1571   133      451.0000      420.0000  1480158    6.87%
Elapsed time = 455.84 sec. (243386.29 ticks, tree = 498.57 MB, solutions = 48)
  65761  8400      425.8330    46      451.0000      420.0000  1494096    6.87%
  67961 10686      424.7962   108      451.0000      420.0000  1510380    6.87%
  70158 12705      428.5150    87      451.0000      420.0000  1521100    6.87%
  72400 14492      432.4490    32      451.0000      420.0000  1532480    6.87%
  74354 16465      437.5552    46      451.0000      420.0000  1550408    6.87%
  76649 18301      441.8954   110      451.0000      420.0000  1568985    6.87%
  79117 19998      422.7692   138      451.0000      420.0000  1586314    6.87%
  80508 21867      430.7510    90      451.0000      420.0000  1626400    6.87%
  82601 23720      424.3393    86      451.0000      420.0000  1658644    6.87%
  85639 26839      437.2204    96      451.0000      420.0000  1692329    6.87%
Elapsed time = 547.95 sec. (281546.10 ticks, tree = 868.87 MB, solutions = 48)
  87721 28311      423.0443    71      451.0000      420.0000  1718540    6.87%
  89383 30374      428.9747    51      451.0000      420.0000  1767521    6.87%
  91363 31592      435.4116    94      451.0000      420.0000  1797185    6.87%
  92709 33195      425.2632    60      451.0000      420.0000  1818098    6.87%
  93384 33752      423.5069    94      451.0000      420.0000  1826141    6.87%
  95260 34858      438.1636    79      451.0000      420.0000  1841147    6.87%
  96918 36927      433.0843    91      451.0000      420.0000  1857440    6.87%
  98259 38804      425.7885    72      451.0000      420.0000  1874935    6.87%
  99273 39841      426.7271    87      451.0000      420.0000  1889179    6.87%
 100449 40174      440.3224   108      451.0000      420.0000  1900022    6.87%
Elapsed time = 630.42 sec. (319717.99 ticks, tree = 920.81 MB, solutions = 48)

GUB cover cuts applied:  8
Cover cuts applied:  23
Implied bound cuts applied:  6
Flow cuts applied:  12
Mixed integer rounding cuts applied:  213
Zero-half cuts applied:  12
Lift and project cuts applied:  6
Gomory fractional cuts applied:  12

Root node processing (before b&c):
  Real time             =    7.07 sec. (6660.10 ticks)
Parallel b&c, 12 threads:
  Real time             =  625.94 sec. (314804.32 ticks)
  Sync time (average)   =   72.70 sec.
  Wait time (average)   =    0.10 sec.
                          ------------
Total (root+branch&cut) =  633.02 sec. (321464.42 ticks)
