Version identifier: 22.1.1.0 | 2022-11-28 | 9160aff4d
CPXPARAM_Read_DataCheck                          1
CPXPARAM_MIP_Cuts_Covers                         1
CPXPARAM_MIP_Strategy_NodeSelect                 2
CPXPARAM_MIP_Cuts_FlowCovers                     1
CPXPARAM_MIP_Cuts_MIRCut                         1
CPXPARAM_MIP_Strategy_HeuristicFreq              5
CPXPARAM_TimeLimit                               388
Tried aggregator 2 times.
MIP Presolve eliminated 138 rows and 856 columns.
MIP Presolve added 6 rows and 0 columns.
MIP Presolve modified 31374 coefficients.
Aggregator did 3 substitutions.
Reduced MIP has 5848 rows, 8056 columns, and 44530 nonzeros.
Reduced MIP has 7982 binaries, 0 generals, 0 SOSs, and 0 indicators.
Presolve time = 0.04 sec. (58.51 ticks)
Probing fixed 1 vars, tightened 0 bounds.
Probing time = 0.04 sec. (12.93 ticks)
Tried aggregator 1 time.
Detecting symmetries...
MIP Presolve eliminated 1 rows and 1 columns.
Reduced MIP has 5847 rows, 8055 columns, and 44525 nonzeros.
Reduced MIP has 7981 binaries, 0 generals, 0 SOSs, and 0 indicators.
Presolve time = 0.02 sec. (24.43 ticks)
Probing time = 0.02 sec. (6.77 ticks)
Clique table members: 13654.
MIP emphasis: balance optimality and feasibility.
MIP search method: dynamic search.
Parallel mode: deterministic, using up to 12 threads.
Root relaxation solution time = 0.04 sec. (52.81 ticks)

        Nodes                                         Cuts/
   Node  Left     Objective  IInf  Best Integer    Best Bound    ItCnt     Gap

      0     0     1057.0140   146                   1057.0140      756         
*     0+    0                         9834.0000     1057.0140            89.25%
*     0+    0                         6775.0000     1057.0140            84.40%
      0     0     1182.8663   153     6775.0000     Cuts: 190     1023   82.54%
      0     0     1206.4695   100     6775.0000     Cuts: 229     1167   82.19%
      0     0     1211.8514   160     6775.0000      Cuts: 88     1275   82.11%
      0     0     1214.8601   154     6775.0000     Cuts: 137     1363   82.07%
*     0+    0                         3591.0000     1214.8601            66.17%
      0     0  -1.00000e+75     0     3591.0000     1214.8601     1363   66.17%
      0     0     1216.9403   162     3591.0000     Cuts: 140     1497   66.11%
Detecting symmetries...
      0     0     1219.3176   148     3591.0000     Cuts: 143     1611   66.05%
      0     0     1222.1949   158     3591.0000      Cuts: 75     1708   65.97%
*     0+    0                         3497.0000     1222.1949            65.05%
      0     0     1225.8861   152     3497.0000      Cuts: 51     1807   64.94%
*     0+    0                         2088.0000     1225.8861            41.29%
      0     0     1225.9818   154     2088.0000      Cuts: 25     1898   41.16%
      0     0     1227.9444    99     2088.0000      Cuts: 20     1972   41.16%
      0     0     1229.8611   121     2088.0000      Cuts: 79     2056   41.10%
      0     0     1230.4375   125     2088.0000      Cuts: 56     2129   41.07%
      0     0     1230.4375   130     2088.0000     Cuts: 312     2150   41.07%
Detecting symmetries...
      0     2     1230.4375   116     2088.0000     1230.4375     2150   41.07%
Elapsed time = 3.15 sec. (3302.16 ticks, tree = 0.02 MB, solutions = 5)
    165   138     1240.7097    89     2088.0000     1232.4667     7026   40.97%
    362   311     1236.1562   112     2088.0000     1232.4667    12352   40.97%
    624   532     1236.1875    91     2088.0000     1232.4667    18295   40.97%
    902   765     1243.5988    74     2088.0000     1232.4667    26255   40.97%
   1047   927     1247.2757    72     2088.0000     1232.4667    31741   40.97%
   1175  1069     1245.5185    88     2088.0000     1232.4667    38158   40.97%
   1329  1204     1242.9058    74     2088.0000     1232.4667    42953   40.97%
   1566  1383     1278.2536    39     2088.0000     1232.4667    52489   40.97%
   1740  1537     1273.1493    42     2088.0000     1232.4667    57949   40.97%
*  2259  2103      integral     0     1340.0000     1232.4667    96630    8.02%
   2499  2056     1239.6587    92     1340.0000     1232.4667   100540    8.02%
Elapsed time = 7.58 sec. (6417.74 ticks, tree = 16.47 MB, solutions = 6)
   3528  3116     1273.4219    60     1340.0000     1232.4667   139401    8.02%

Performing restart 1

Repeating presolve.
Tried aggregator 1 time.
MIP Presolve eliminated 3554 rows and 3651 columns.
MIP Presolve modified 5418 coefficients.
Reduced MIP has 2293 rows, 4404 columns, and 20172 nonzeros.
Reduced MIP has 4330 binaries, 0 generals, 0 SOSs, and 0 indicators.
Presolve time = 0.02 sec. (19.56 ticks)
Tried aggregator 1 time.
MIP Presolve modified 1771 coefficients.
Reduced MIP has 2293 rows, 4404 columns, and 20115 nonzeros.
Reduced MIP has 4330 binaries, 0 generals, 0 SOSs, and 0 indicators.
Presolve time = 0.02 sec. (21.90 ticks)
Represolve time = 0.09 sec. (84.65 ticks)
   3925     0     1236.9000   132     1340.0000     Cuts: 156   154427    7.69%
   3925     0     1239.2000   136     1340.0000     Cuts: 125   154594    7.52%
   3925     0     1240.0755   145     1340.0000     Cuts: 110   154794    7.46%
   3925     0     1240.4659   143     1340.0000     Cuts: 108   154917    7.43%
   3925     0     1240.8300   142     1340.0000     Cuts: 101   155066    7.40%
   3925     0     1240.9450   148     1340.0000      Cuts: 79   155141    7.39%
   3925     0     1240.9778   140     1340.0000      Cuts: 82   155265    7.39%
   3925     0     1241.0068   155     1340.0000      Cuts: 73   155354    7.39%
   3925     0     1241.0317   161     1340.0000      Cuts: 79   155433    7.39%
   3925     0     1241.0789   158     1340.0000      Cuts: 46   155492    7.38%
   3925     0     1241.0789   158     1340.0000      Cuts: 82   155553    7.38%
   3925     0     1241.0789   158     1340.0000      Cuts: 20   155574    7.38%
   3925     0     1241.0789   164     1340.0000      Cuts: 51   155613    7.38%
   3925     0     1241.0789   157     1340.0000      Cuts: 20   155648    7.38%
   3925     2     1241.0789   156     1340.0000     1241.0789   155648    7.38%
   3971    18     1250.3721   154     1340.0000     1242.0000   157655    7.31%
   4335   313     1253.3236    54     1340.0000     1242.0000   174805    7.31%
   5019   861     1246.9104   123     1340.0000     1242.0953   189279    7.31%
   6234  1926     1305.0843    79     1340.0000     1242.0953   214966    7.31%
   7791  3271     1306.5302    75     1340.0000     1242.0953   246882    7.31%
  10446  5433     1260.7964    67     1340.0000     1242.0953   279468    7.31%
  13390  8056     1310.1410    54     1340.0000     1242.0953   312247    7.31%
  16217 10677     1266.6019    79     1340.0000     1242.0953   353985    7.31%
Elapsed time = 26.40 sec. (23524.65 ticks, tree = 120.50 MB, solutions = 6)
  18295 12996     1293.2174    70     1340.0000     1242.0953   415020    7.31%
  20791 14492     1270.1724   107     1340.0000     1242.0953   449750    7.31%
  24698 18463     1252.1733   132     1340.0000     1242.0953   496371    7.31%
  26980 21030     1273.5714    55     1340.0000     1242.0953   529944    7.31%
  30524 24544     1284.3967    61     1340.0000     1242.0953   574760    7.31%
  32909 27034     1302.9796    52     1340.0000     1242.0953   615479    7.31%
  35489 29136     1279.7422    76     1340.0000     1242.0953   652587    7.31%
  38137 30819     1297.8596    59     1340.0000     1242.0953   677320    7.31%
  40848 34845     1314.3748    41     1340.0000     1242.0953   736788    7.31%
* 42459+35464                         1339.0000     1242.0953             7.24%
  42470 36354     1280.3957    79     1339.0000     1242.0953   760284    7.24%
Elapsed time = 39.53 sec. (33067.53 ticks, tree = 177.00 MB, solutions = 6)
  43693 37609     1275.0641    75     1339.0000     1242.0953   778662    7.24%
  45246 38812     1246.6154   117     1339.0000     1242.0953   800081    7.24%
  46265 40269     1260.3784    67     1339.0000     1242.0953   829692    7.24%
* 46430+35141                         1335.0000     1242.0953             6.96%
  47579 40833     1293.2210    90     1335.0000     1242.0953   839173    6.96%
  50035 43204     1276.6954    52     1335.0000     1242.0953   870102    6.96%
  52175 45609     1303.7025    64     1335.0000     1242.0953   900083    6.96%
  54370 46824     1267.1501    54     1335.0000     1242.0953   922742    6.96%
  55393 48470     1264.6180    59     1335.0000     1242.0953   954216    6.96%
  55405 48120     1267.9406    84     1335.0000     1242.0953   947537    6.96%

Performing restart 2

Repeating presolve.
Tried aggregator 1 time.
MIP Presolve eliminated 4 rows and 223 columns.
MIP Presolve modified 4923 coefficients.
Reduced MIP has 2289 rows, 4181 columns, and 49171 nonzeros.
Reduced MIP has 4107 binaries, 0 generals, 0 SOSs, and 0 indicators.
Presolve time = 0.03 sec. (39.70 ticks)
Tried aggregator 1 time.
MIP Presolve modified 669 coefficients.
Reduced MIP has 2289 rows, 4181 columns, and 49171 nonzeros.
Reduced MIP has 4107 binaries, 0 generals, 0 SOSs, and 0 indicators.
Presolve time = 0.03 sec. (38.67 ticks)
Represolve time = 0.29 sec. (237.42 ticks)
  55406     0     1241.3701   196     1335.0000     Cuts: 117   968753    6.96%
  55406     0     1241.3701   178     1335.0000      Cuts: 63   968870    6.96%
  55406     0     1241.3701   191     1335.0000     Cuts: 149   968986    6.96%
  55406     0     1241.3701   179     1335.0000      Cuts: 38   969095    6.96%
  55406     0     1241.4324   160     1335.0000      Cuts: 61   969181    6.96%
  55406     0     1241.4324   160     1335.0000     Cuts: 104   969272    6.96%
  55406     0     1241.4324   160     1335.0000      Cuts: 56   969365    6.96%
  55406     0     1241.4324   153     1335.0000      Cuts: 48   969449    6.96%
  55406     0     1241.6111   163     1335.0000      Cuts: 38   969534    6.96%
  55406     0     1241.7174   163     1335.0000     Cuts: 224   969665    6.96%
  55406     0     1241.7271   159     1335.0000      Cuts: 72   969780    6.96%
  55406     2     1241.7271   147     1335.0000     1242.0953   969780    6.96%
Elapsed time = 59.09 sec. (50994.43 ticks, tree = 0.02 MB, solutions = 8)
  55485    57     1250.7619    70     1335.0000     1242.0953   976632    6.96%
  55652   199     1269.8730   103     1335.0000     1242.0953   991029    6.96%
  56087   583     1249.5940    54     1335.0000     1242.0953  1020235    6.96%
  56738  1134     1302.1341    45     1335.0000     1242.0953  1060478    6.96%
  57529  1760     1309.4225    68     1335.0000     1242.0953  1097303    6.96%
  58397  2514     1300.7500    73     1335.0000     1242.0953  1138096    6.96%
* 58666+ 2680                         1327.0000     1242.0953             6.40%
  59568  3531     1283.5215    58     1327.0000     1242.3969  1188398    6.38%
  61098  5047     1269.9324    62     1327.0000     1242.3969  1248318    6.38%
  63084  6784     1284.9323    64     1327.0000     1242.3969  1288418    6.38%
  64949  8478     1257.5909    72     1327.0000     1242.3969  1328291    6.38%
Elapsed time = 71.51 sec. (60559.24 ticks, tree = 17.49 MB, solutions = 9)
  67077 10396     1282.2452    72     1327.0000     1242.3969  1389554    6.38%
  69040 12326     1270.8000    60     1327.0000     1242.3969  1460310    6.38%
  71207 14088     1273.1049    82     1327.0000     1242.3969  1505310    6.38%
  73055 16337     1263.3327    97     1327.0000     1242.3969  1568327    6.38%
  75086 17509     1257.6316   105     1327.0000     1242.3969  1595905    6.38%
  76794 19414     1300.8767    37     1327.0000     1242.3969  1670268    6.38%
  78698 21233     1262.4522    81     1327.0000     1242.3969  1733543    6.38%
* 78952+21425                         1272.0000     1242.3969             2.33%
  80526  8088     1269.9945    64     1272.0000     1242.3969  1783491    2.33%
  82171  9226     1252.9955    63     1272.0000     1242.3969  1863704    2.33%
  83712 10543        cutoff           1272.0000     1242.3969  1951273    2.33%
Elapsed time = 85.08 sec. (70101.78 ticks, tree = 21.70 MB, solutions = 10)
  84997 11336     1268.3529    91     1272.0000     1242.3969  2020261    2.33%
  86556 12527     1265.5052    47     1272.0000     1242.3969  2127807    2.33%
  87956 12895        cutoff           1272.0000     1242.3969  2167045    2.33%
  89098 13977     1267.8649    71     1272.0000     1242.3969  2272681    2.33%
  90429 14503     1260.8659   101     1272.0000     1242.3969  2326683    2.33%
  91741 15437        cutoff           1272.0000     1242.3969  2435165    2.33%
  93121 15835     1258.9559    59     1272.0000     1242.3969  2480803    2.33%
  94451 16760     1253.6199    61     1272.0000     1242.3969  2547505    2.33%
  96161 17806        cutoff           1272.0000     1242.3969  2631038    2.33%
  97904 19001     1270.1429    56     1272.0000     1242.3969  2731765    2.33%
Elapsed time = 98.35 sec. (79643.53 ticks, tree = 38.11 MB, solutions = 10)
  99266 19607     1265.1789    83     1272.0000     1242.3969  2783767    2.33%
 100651 20451     1264.4857    94     1272.0000     1242.3969  2858745    2.33%
 102190 21418     1265.5123   116     1272.0000     1242.3969  2951934    2.33%
 103725 22205     1265.5000    53     1272.0000     1242.6667  3043882    2.31%
 104915 22616        cutoff           1272.0000     1242.6667  3080736    2.31%
 105857 23336     1267.3724    89     1272.0000     1242.6667  3146433    2.31%
 107275 24018     1269.3149    96     1272.0000     1242.6667  3228362    2.31%
 108325 24401        cutoff           1272.0000     1242.6667  3275373    2.31%
 109180 24940     1260.6590    58     1272.0000     1242.6667  3367704    2.31%
*109831 24989      integral     0     1271.0000     1242.6667  3394450    2.23%
 110511 24462        cutoff           1271.0000     1242.6667  3431669    2.23%
Elapsed time = 111.79 sec. (89186.75 ticks, tree = 48.61 MB, solutions = 11)
 111711 24871     1265.1231    66     1271.0000     1242.6667  3500159    2.23%
 113038 25123     1265.8145    59     1271.0000     1242.6667  3553086    2.23%
 113775 25656     1264.1435    69     1271.0000     1242.6667  3674023    2.23%
 114760 25748        cutoff           1271.0000     1242.6667  3693686    2.23%
 116157 26463     1265.0000    65     1271.0000     1242.6667  3797508    2.23%
 117318 26629     1269.2310    79     1271.0000     1242.6667  3817297    2.23%
 118422 26982        cutoff           1271.0000     1242.6667  3872725    2.23%
 119946 27795        cutoff           1271.0000     1242.6667  3979729    2.23%
 121557 28497     1256.2450    74     1271.0000     1242.6667  4042475    2.23%
 123125 29121        cutoff           1271.0000     1242.6667  4151237    2.23%
Elapsed time = 125.56 sec. (98729.87 ticks, tree = 57.86 MB, solutions = 11)
 123962 29091     1269.4118    90     1271.0000     1242.6667  4199144    2.23%
 124724 29255     1261.0000    68     1271.0000     1242.6667  4266955    2.23%
 126070 29330        cutoff           1271.0000     1242.6667  4293456    2.23%
 127450 29510     1268.2222    47     1271.0000     1242.6667  4396536    2.23%
*128511+29706                         1269.0000     1242.6667             2.08%
 129113 29843     1265.1799   123     1269.0000     1242.6667  4453918    2.08%
 130768 27117     1253.1945   109     1269.0000     1242.6667  4530525    2.08%
 132397 27381        cutoff           1269.0000     1242.6667  4633394    2.08%
*133878 27256      integral     0     1262.0000     1242.6667  4701798    1.53%
 133957 27433     1264.3030    71     1262.0000     1242.6667  4744330    1.53%
 134911 11135     1255.8436    55     1262.0000     1242.6667  4796055    1.53%
 139934 10945        cutoff           1262.0000     1243.9412  5121889    1.43%
Elapsed time = 143.90 sec. (111140.42 ticks, tree = 20.54 MB, solutions = 14)
 145152 10415     1259.1360   108     1262.0000     1243.9412  5407202    1.43%
 150800  9518     1257.2890   109     1262.0000     1243.9412  5663986    1.43%
*154719+ 8335                         1261.0000     1243.9412             1.35%
 157069  5313        cutoff           1261.0000     1243.9412  5981730    1.35%
 163497  3328        cutoff           1261.0000     1243.9412  6262268    1.35%
 168747  1975     1259.8322   103     1261.0000     1243.9412  6506472    1.35%
 174076  1108     1256.8333    52     1261.0000     1243.9412  6788378    1.35%
 179480   574     1257.1220    99     1261.0000     1243.9412  7072030    1.35%
 185428   234     1255.3333    79     1261.0000     1243.9412  7382417    1.35%
 190213    61     1259.1586    63     1261.0000     1246.3309  7691934    1.16%

GUB cover cuts applied:  8
Clique cuts applied:  74
Cover cuts applied:  159
Implied bound cuts applied:  9
Flow cuts applied:  9
Mixed integer rounding cuts applied:  294
Zero-half cuts applied:  58
Lift and project cuts applied:  40
Gomory fractional cuts applied:  42

Root node processing (before b&c):
  Real time             =    3.12 sec. (3281.21 ticks)
Parallel b&c, 12 threads:
  Real time             =  198.77 sec. (144514.22 ticks)
  Sync time (average)   =   30.64 sec.
  Wait time (average)   =    0.08 sec.
                          ------------
Total (root+branch&cut) =  201.90 sec. (147795.43 ticks)
