Version identifier: 22.1.1.0 | 2022-11-28 | 9160aff4d
CPXPARAM_Read_DataCheck                          1
CPXPARAM_MIP_Cuts_Covers                         1
CPXPARAM_MIP_Strategy_NodeSelect                 2
CPXPARAM_MIP_Cuts_FlowCovers                     1
CPXPARAM_MIP_Cuts_MIRCut                         1
CPXPARAM_MIP_Strategy_HeuristicFreq              5
CPXPARAM_TimeLimit                               633
Tried aggregator 1 time.
MIP Presolve eliminated 10 rows and 5 columns.
MIP Presolve modified 35838 coefficients.
Reduced MIP has 10463 rows, 15841 columns, and 92158 nonzeros.
Reduced MIP has 15742 binaries, 0 generals, 0 SOSs, and 0 indicators.
Presolve time = 0.04 sec. (59.25 ticks)
Probing time = 0.01 sec. (8.47 ticks)
Tried aggregator 1 time.
Detecting symmetries...
Reduced MIP has 10463 rows, 15841 columns, and 92158 nonzeros.
Reduced MIP has 15742 binaries, 0 generals, 0 SOSs, and 0 indicators.
Presolve time = 0.04 sec. (49.55 ticks)
Probing time = 0.01 sec. (7.89 ticks)
Clique table members: 54041.
MIP emphasis: balance optimality and feasibility.
MIP search method: dynamic search.
Parallel mode: deterministic, using up to 12 threads.
Root relaxation solution time = 0.12 sec. (138.71 ticks)

        Nodes                                         Cuts/
   Node  Left     Objective  IInf  Best Integer    Best Bound    ItCnt     Gap

      0     0      563.0000   221                    563.0000     1671         
      0     0      600.5960   216                   Cuts: 179     2398         
      0     0      611.5000   202                   Cuts: 639     2701         
      0     0      614.5000   201                   Cuts: 243     2934         
      0     0      615.7551   229                   Cuts: 245     3454         
      0     0      616.2000   220                   Cuts: 835     4112         
Detecting symmetries...
      0     0      616.2752   235                   Cuts: 481     4492         
      0     0      616.4667   177                   Cuts: 197     4752         
      0     0      616.5833   157                   Cuts: 128     4900         
      0     0      616.7778   182                   Cuts: 543     5069         
      0     0      616.8333   190                   Cuts: 344     5294         
      0     0      616.8333   157                    Cuts: 22     5498         
      0     0      616.8333   163                   Cuts: 457     5652         
*     0+    0                        10805.0000      616.8333            94.29%
*     0+    0                         7473.0000      616.8333            91.75%
*     0+    0                         4033.0000      616.8333            84.71%
*     0+    0                         3311.0000      616.8333            81.37%
*     0+    0                         2715.0000      616.8333            77.28%
*     0+    0                         2510.0000      616.8333            75.42%
      0     0  -1.00000e+75     0     2510.0000      616.8333     5652   75.42%
Detecting symmetries...
      0     2      616.8333   150     2510.0000      616.8333     5652   75.42%
Elapsed time = 7.67 sec. (8099.82 ticks, tree = 0.02 MB, solutions = 6)
     33    29      617.4444   139     2510.0000      616.8333     7061   75.42%
     77    64      617.4792   181     2510.0000      616.8333     9384   75.42%
    149   132      616.9167   133     2510.0000      616.8333    12773   75.42%
    249   186      617.4167   130     2510.0000      616.8333    15910   75.42%
    336   282      616.9167   141     2510.0000      616.8333    20555   75.42%
    446   367      616.9167   137     2510.0000      616.8333    25438   75.42%
    570   409      617.2517   138     2510.0000      616.8333    28318   75.42%
    690   593      618.0000    96     2510.0000      616.8333    38896   75.42%
    791   619      617.6176   173     2510.0000      616.8333    39891   75.42%
   1057   909      617.7871   181     2510.0000      616.8333    57367   75.42%
Elapsed time = 13.58 sec. (11227.71 ticks, tree = 9.02 MB, solutions = 6)
   1299  1156      617.7500    86     2510.0000      616.8333    73750   75.42%
   1591  1491      616.8333   140     2510.0000      616.8333   100537   75.42%
   1806  1744      618.1538   168     2510.0000      616.8333   123780   75.42%
   2069  1947      617.3851   172     2510.0000      616.8333   148601   75.42%
*  2142+ 1985                         2380.0000      616.8333            74.08%
*  2200+ 2082                         1787.0000      616.8333            65.48%
*  2294+ 2130                         1640.0000      616.8333            62.39%
   2359  2244      680.9571    54     1640.0000      616.8333   172857   62.39%
   2678  2452      618.0060   155     1640.0000      616.8333   190645   62.39%
   2932  2752      616.8362   162     1640.0000      616.8333   213248   62.39%
   3250  3003      618.8469    82     1640.0000      616.8333   233395   62.39%
*  3433  3251      integral     0      757.0000      616.8333   246576   18.52%
   3663  3316      708.3628    50      757.0000      616.8333   253667   18.52%
*  3909+ 3548                          733.0000      616.8333            15.85%
   4036  3697      675.5594    52      733.0000      616.8333   277569   15.85%
Elapsed time = 33.10 sec. (20803.96 ticks, tree = 115.44 MB, solutions = 13)
   4350  3877      689.7493    47      733.0000      616.8333   286413   15.85%
   4750  4298      617.4062   183      733.0000      616.8333   305532   15.85%
   5067  4523      645.7671    98      733.0000      616.8333   317521   15.85%
   5365  4765      618.5000   152      733.0000      616.8333   328258   15.85%
   5782  5224      618.5000   152      733.0000      616.8333   346384   15.85%
   5993  5365      624.3388   144      733.0000      616.8333   354762   15.85%

Performing restart 1

Repeating presolve.
Tried aggregator 1 time.
MIP Presolve eliminated 3357 rows and 3445 columns.
MIP Presolve modified 26196 coefficients.
Reduced MIP has 7106 rows, 12396 columns, and 66839 nonzeros.
Reduced MIP has 12297 binaries, 0 generals, 0 SOSs, and 0 indicators.
Presolve time = 0.07 sec. (92.23 ticks)
Tried aggregator 1 time.
MIP Presolve modified 3747 coefficients.
Reduced MIP has 7106 rows, 12396 columns, and 66215 nonzeros.
Reduced MIP has 12297 binaries, 0 generals, 0 SOSs, and 0 indicators.
Presolve time = 0.05 sec. (61.03 ticks)
Represolve time = 0.36 sec. (305.69 ticks)
   5995     0      618.3571   145      733.0000     Cuts: 143   374092   15.64%
   5995     0      618.4190   222      733.0000     Cuts: 161   374469   15.63%
   5995     0      618.4440   226      733.0000     Cuts: 571   374707   15.63%
   5995     0      618.4545   214      733.0000     Cuts: 328   374972   15.63%
   5995     0      618.4545   198      733.0000     Cuts: 103   375212   15.63%
   5995     0      618.5500   183      733.0000      Cuts: 47   375341   15.61%
   5995     0      618.6819   217      733.0000     Cuts: 155   375479   15.60%
   5995     0      618.6819   212      733.0000      Cuts: 86   375628   15.60%
   5995     0      618.6819   195      733.0000      Cuts: 31   375787   15.60%
   5995     0      618.6819   201      733.0000     Cuts: 139   375967   15.60%
   5995     0      618.6926   186      733.0000      Cuts: 47   376133   15.59%
   5995     0      618.6946   196      733.0000      Cuts: 47   376212   15.59%
   5995     0      618.6946   175      733.0000      Cuts: 27   376349   15.59%
   5995     0      618.6946   174      733.0000     Cuts: 126   376427   15.59%
   5995     2      618.6946   158      733.0000      618.6946   376427   15.59%
   5997     4      619.0000   127      733.0000      619.0000   377028   15.55%
   6001     5      619.5568   145      733.0000      619.0000   377525   15.55%
   6021    23      620.0105   156      733.0000      619.4000   381068   15.50%
Elapsed time = 66.78 sec. (51518.43 ticks, tree = 0.15 MB, solutions = 13)
   6066    34      621.0323   184      733.0000      619.4699   384613   15.49%
   6156   107      621.6841    66      733.0000      619.4699   406234   15.49%
   6266   187      625.7769   114      733.0000      619.4699   415982   15.49%
   6436   317      622.5220   134      733.0000      619.4699   431209   15.49%
   6698   454      623.7143    69      733.0000      619.4699   441084   15.49%
   7039   772      623.2951   125      733.0000      619.4699   458622   15.49%
   7452  1143      625.0544   141      733.0000      619.4699   475456   15.49%
   7915  1352      621.1183   154      733.0000      619.5000   484315   15.48%
   8437  1913      630.0212   138      733.0000      619.5000   501698   15.48%
   8941  2702      634.7751    82      733.0000      619.5000   524553   15.48%
Elapsed time = 86.67 sec. (61250.19 ticks, tree = 143.80 MB, solutions = 13)
   9381  3021      622.3735    92      733.0000      619.5000   536525   15.48%
   9702  3456      644.5361    83      733.0000      619.5000   552168   15.48%
  10060  3785      633.4778   108      733.0000      619.5000   564992   15.48%
  10464  4154      658.9798    64      733.0000      619.5000   575788   15.48%
  10758  4505      626.6112   121      733.0000      619.5000   587550   15.48%
  10924  4722      626.0303   114      733.0000      619.5000   597405   15.48%
  11078  4818      629.9262    94      733.0000      619.5000   602381   15.48%
  11095  4220      648.9676    78      733.0000      619.5000   577976   15.48%
  11186  4967      625.5074   105      733.0000      619.5000   607102   15.48%
  11550  5143      624.1407   134      733.0000      619.5000   612646   15.48%
Elapsed time = 106.00 sec. (72441.91 ticks, tree = 293.35 MB, solutions = 13)
  11959  5461      635.1890    70      733.0000      619.5000   616882   15.48%
  12370  6054      628.5828    81      733.0000      619.5000   630007   15.48%
  12809  6233      630.6231   109      733.0000      619.5000   635517   15.48%
  13393  6742      637.4268    74      733.0000      619.5000   651358   15.48%
  13982  7384        cutoff            733.0000      619.5000   668123   15.48%
  14634  7659      634.1342    96      733.0000      619.5000   674710   15.48%
  15638  8510      627.0816   101      733.0000      619.5000   696015   15.48%
  16431  9347      675.7437    82      733.0000      619.5000   711555   15.48%
  17034 10490      631.4300    80      733.0000      619.5000   728031   15.48%
  18064 10600      637.3747   100      733.0000      619.5000   731243   15.48%
Elapsed time = 124.05 sec. (82005.02 ticks, tree = 612.29 MB, solutions = 13)
  18954 11839      669.6904    52      733.0000      619.5000   751165   15.48%
  19606 12713      638.0159    78      733.0000      619.5000   769026   15.48%
  20445 13114      621.4802    96      733.0000      619.5000   776027   15.48%
  21566 14133      635.4159   110      733.0000      619.5000   793942   15.48%
  22625 15064      664.6484    62      733.0000      619.5000   807644   15.48%
  23404 16038      681.2130    79      733.0000      619.5000   824831   15.48%
* 23552+16729                          721.0000      619.5000            14.08%
  24130 17122      636.4716    64      721.0000      619.5000   842834   14.08%
  25425 17601      650.5298    90      721.0000      619.5000   852143   14.08%
  26843 19283      626.0351    78      721.0000      619.5000   874231   14.08%
  27827 19499      633.9223    58      721.0000      619.5000   880681   14.08%
Elapsed time = 143.61 sec. (91551.43 ticks, tree = 1047.28 MB, solutions = 14)
  28483 20732      647.1459    63      721.0000      619.5000   895146   14.08%
  29526 21637      640.5135    60      721.0000      619.5000   906710   14.08%
  31296 23462      638.5663    75      721.0000      619.5000   929048   14.08%
  32677 24518      648.7769    63      721.0000      619.6667   942525   14.05%
  33849 25584      648.4270    89      721.0000      619.6667   951072   14.05%
  34895 27053      661.8820    45      721.0000      619.6667   970735   14.05%
  36052 28519      630.3411    68      721.0000      619.6667   989994   14.05%
  37170 29077      646.7429    64      721.0000      619.6667   996580   14.05%
  37808 30085      634.6442    63      721.0000      619.6667  1012629   14.05%
  38141 30804      626.6391   124      721.0000      619.6667  1028608   14.05%
Elapsed time = 162.87 sec. (101101.03 ticks, tree = 1594.65 MB, solutions = 14)
  38598 31499      644.3290    60      721.0000      619.6667  1047688   14.05%
  39089 31724      631.0979    98      721.0000      619.6667  1058629   14.05%
  39851 32439      657.2562    48      721.0000      619.6667  1080999   14.05%
  40837 32862      633.5196    66      721.0000      619.6667  1088759   14.05%
  42143 33835      656.4677    68      721.0000      619.6667  1116461   14.05%
  43122 35213      660.7886    78      721.0000      619.6667  1141692   14.05%
* 43700+35955                          684.0000      619.6667             9.41%
  43875 36416      631.9644    78      684.0000      619.6667  1164671    9.41%
* 44041+36037                          647.0000      619.6667             4.22%
  44153 36602      625.1268   116      647.0000      619.6667  1169144    4.22%
* 44277+36174                          646.0000      619.6667             4.08%
  44420 37289      667.0926    78      646.0000      619.6667  1180001    4.08%
  44941 37497      641.7931    71      646.0000      619.6667  1185346    4.08%
Elapsed time = 180.31 sec. (110653.13 ticks, tree = 1945.67 MB, solutions = 14)
* 45032+36037                          639.0000      619.6667             3.03%
* 45349+36037                          638.0000      619.6667             2.87%
  45543 38202      694.5382    71      638.0000      619.6667  1197771    2.87%
  46195 38518      646.9376   102      638.0000      619.6667  1202311    2.87%
  46699 38834      631.6827    84      638.0000      619.6667  1205755    2.87%
  47094 39563      628.6233    87      638.0000      619.6667  1216607    2.87%
  47665 40483      640.4524    84      638.0000      619.6667  1230425    2.87%
  48342 40750      667.2815    65      638.0000      619.6667  1237594    2.87%
  48941 40879      671.9197    79      638.0000      619.6667  1238982    2.87%
  49366 41619      633.7326    59      638.0000      619.6667  1252441    2.87%
  49721 42239      643.4440    97      638.0000      619.6667  1256754    2.87%
  51891 44300      652.9865    64      638.0000      619.6667  1289733    2.87%
Elapsed time = 201.81 sec. (123076.39 ticks, tree = 2128.50 MB, solutions = 14)
Nodefile size = 76.85 MB (67.45 MB after compression)
  53938 46124      642.8373    93      638.0000      619.6667  1314626    2.87%
  55920 47948      644.3993    79      638.0000      619.6667  1345049    2.87%
  58317 50273      637.0662    81      638.0000      619.6667  1382695    2.87%
  60334 52452      661.6620    96      638.0000      619.6667  1420296    2.87%
  61825 54356      637.2188    69      638.0000      619.6667  1453989    2.87%
  62698 55467      626.3970    98      638.0000      619.6667  1510915    2.87%
  63267 55977      717.6934    74      638.0000      619.6667  1550419    2.87%
  64840 57023      648.2626    72      638.0000      619.6667  1585958    2.87%
  66358 58308      659.7074    97      638.0000      619.6667  1605262    2.87%
  68321 60395      651.1599    83      638.0000      619.6667  1645683    2.87%
Elapsed time = 264.54 sec. (161238.15 ticks, tree = 2429.18 MB, solutions = 14)
Nodefile size = 373.23 MB (323.09 MB after compression)
  69904 29154      623.8235   119      638.0000      619.6667  1668649    2.87%
  71008 30447      625.8609   134      638.0000      619.6667  1724292    2.87%
  71951 31607      621.4477    72      638.0000      619.6667  1759014    2.87%
  73749 32586      624.4471   131      638.0000      619.6667  1786533    2.87%
  75167 34096      624.2407   130      638.0000      619.6667  1827460    2.87%
  76643 35269      632.3529    89      638.0000      619.6667  1870252    2.87%
  78154 37110      638.0336    70      638.0000      619.6667  1923023    2.87%
  79256 26846      633.5000    47      638.0000      619.6667  1966625    2.87%
  80701 27600      623.1248   152      638.0000      619.6667  2007223    2.87%
  82195 29204      632.6718   103      638.0000      619.6667  2068186    2.87%
Elapsed time = 322.55 sec. (199455.21 ticks, tree = 1342.09 MB, solutions = 30)
Nodefile size = 82.93 MB (71.77 MB after compression)
  83745 30091      622.8000   146      638.0000      619.6667  2108521    2.87%
  85309 31954      623.0622   111      638.0000      619.6667  2186097    2.87%
  86926 32879      631.9989   100      638.0000      619.6667  2231152    2.87%
  88031 34147      634.0846   135      638.0000      619.6667  2305284    2.87%
  89969 35875      629.2303    91      638.0000      619.6667  2370789    2.87%
  92134 36623      629.6094    95      638.0000      619.6667  2401625    2.87%
  93429 39023      629.7354   126      638.0000      619.6667  2486801    2.87%
  94489 39736      628.7671    92      638.0000      619.6667  2516440    2.87%
  96781 41264      633.9581    74      638.0000      619.6667  2572146    2.87%
  97979 42820      627.2692   134      638.0000      619.6667  2619651    2.87%
Elapsed time = 376.25 sec. (237668.22 ticks, tree = 2205.64 MB, solutions = 45)
Nodefile size = 147.61 MB (129.14 MB after compression)

Performing restart 2

Repeating presolve.
Tried aggregator 1 time.
MIP Presolve eliminated 70 rows and 5314 columns.
MIP Presolve modified 4009 coefficients.
Reduced MIP has 7036 rows, 7082 columns, and 67317 nonzeros.
Reduced MIP has 6983 binaries, 0 generals, 0 SOSs, and 0 indicators.
Presolve time = 0.05 sec. (70.46 ticks)
Tried aggregator 1 time.
Reduced MIP has 7036 rows, 7082 columns, and 67317 nonzeros.
Reduced MIP has 6983 binaries, 0 generals, 0 SOSs, and 0 indicators.
Presolve time = 0.03 sec. (36.79 ticks)
Represolve time = 0.45 sec. (440.22 ticks)
  97995     0      618.7397   234      638.0000      Cuts: 69  2654652    2.82%
  97995     0      618.7397   208      638.0000      Cuts: 58  2654892    2.82%
  97995     0      618.7397   215      638.0000      Cuts: 94  2654995    2.82%
  97995     0      618.7397   201      638.0000      Cuts: 39  2655167    2.82%
  97995     0      618.7397   206      638.0000      Cuts: 52  2655285    2.82%
  97995     0      618.7397   205      638.0000      Cuts: 21  2655378    2.82%
  97995     0      618.7397   190      638.0000      Cuts: 55  2655525    2.82%
  97995     0      618.7397   200      638.0000      Cuts: 37  2655627    2.82%
  97995     0      618.7397   192      638.0000      Cuts: 23  2655718    2.82%
  97995     2      618.7397   185      638.0000      620.0000  2655718    2.82%
  98130   105      623.3333    67      638.0000      620.0000  2689780    2.82%
  98515   447      625.0409    88      638.0000      620.0000  2739973    2.82%
  99553  1122        cutoff            638.0000      620.0000  2777016    2.82%
 101125  2437      626.7778   101      638.0000      620.0000  2832019    2.82%
 103134  4356      630.7145   159      638.0000      620.0000  2888628    2.82%
 105534  6091      621.2228   117      638.0000      620.0000  2929651    2.82%
 107803  8337      621.2251   182      638.0000      620.0000  2953728    2.82%
 110253 10689      629.4365   106      638.0000      620.0000  3010591    2.82%
 113361 13199      628.1016    62      638.0000      620.0000  3048022    2.82%
Elapsed time = 465.17 sec. (291932.94 ticks, tree = 741.63 MB, solutions = 45)
 116033 15807      630.2574    91      638.0000      620.0000  3137240    2.82%
 119046 18574      630.0497   113      638.0000      620.0000  3208011    2.82%
 122110 21008      628.2368   159      638.0000      620.0000  3276851    2.82%
 125216 23828      634.2160    79      638.0000      620.0000  3352694    2.82%
 128257 25785      631.5840   112      638.0000      620.0000  3413258    2.82%
 131350 28487        cutoff            638.0000      620.0000  3484589    2.82%
 135316 32855      626.8257    90      638.0000      620.0000  3564009    2.82%
 138990 35576      626.3733    96      638.0000      620.0000  3610596    2.82%
 140980 38568      622.0000    20      638.0000      620.0000  3681761    2.82%
 141765 39328      627.4977    91      638.0000      620.0000  3704135    2.82%
Elapsed time = 541.08 sec. (330232.84 ticks, tree = 2047.22 MB, solutions = 45)
 142736 39903      627.6760   114      638.0000      620.0000  3715257    2.82%
 144735 41550      628.2602   202      638.0000      620.0000  3744348    2.82%
 146945 43986      626.1288   102      638.0000      620.0000  3795085    2.82%
 149523 46260      625.6476   143      638.0000      620.0000  3855182    2.82%
 151610 48131      629.5380   139      638.0000      620.0000  3905778    2.82%
 153777 50065      622.0893    14      638.0000      620.0000  3962586    2.82%
 156353 52099      622.0000    20      638.0000      620.0000  4013770    2.82%
 158049 54595      622.0000     3      638.0000      620.0000  4079109    2.82%
 159601 55956      622.0820    85      638.0000      620.0000  4125050    2.82%
 161330 57174      622.1132   119      638.0000      620.0000  4152085    2.82%
Elapsed time = 606.17 sec. (368400.64 ticks, tree = 2589.96 MB, solutions = 45)
Nodefile size = 538.25 MB (503.19 MB after compression)
*162088 58441      integral     0      636.0000      620.0000  4186137    2.52%
 164669 59044      622.0211    67      636.0000      620.0000  4216848    2.52%
*164715 60110      integral     0      630.0000      620.0000  4239051    1.59%
 167378 50211      622.0000     9      630.0000      620.0000  4327711    1.59%
 170219 52818      622.4931    60      630.0000      620.0000  4398021    1.59%

GUB cover cuts applied:  100
Clique cuts applied:  23
Cover cuts applied:  24
Implied bound cuts applied:  2
Flow cuts applied:  6
Mixed integer rounding cuts applied:  309
Zero-half cuts applied:  30
Lift and project cuts applied:  18
Gomory fractional cuts applied:  35

Root node processing (before b&c):
  Real time             =    7.56 sec. (8013.35 ticks)
Parallel b&c, 12 threads:
  Real time             =  625.47 sec. (376068.17 ticks)
  Sync time (average)   =   86.75 sec.
  Wait time (average)   =    0.15 sec.
                          ------------
Total (root+branch&cut) =  633.03 sec. (384081.52 ticks)
