Version identifier: 22.1.1.0 | 2022-11-28 | 9160aff4d
CPXPARAM_Read_DataCheck                          1
CPXPARAM_MIP_Strategy_VariableSelect             3
CPXPARAM_MIP_Cuts_FlowCovers                     1
CPXPARAM_MIP_Cuts_Implied                        1
CPXPARAM_MIP_Cuts_Gomory                         1
CPXPARAM_MIP_Cuts_MIRCut                         1
CPXPARAM_MIP_Strategy_Search                     1
CPXPARAM_MIP_Strategy_HeuristicFreq              10
CPXPARAM_MIP_Tolerances_MIPGap                   0.0050000000000000001
Legacy callback                                  LD
Lazy constraint(s) or lazy constraint/branch callback is present.
    Disabling dual reductions (CPX_PARAM_REDUCE) in presolve.
    Disabling presolve reductions that prevent crushing forms (CPX_PARAM_PREREFORM).
         Disabling repeat represolve because of lazy constraint/incumbent callback.
Tried aggregator 1 time.
Reduced MIP has 150 rows, 5550 columns, and 11100 nonzeros.
Reduced MIP has 5550 binaries, 0 generals, 0 SOSs, and 0 indicators.
Presolve time = 0.00 sec. (3.52 ticks)
Probing time = 0.00 sec. (3.86 ticks)
Clique table members: 150.
MIP emphasis: balance optimality and feasibility.
MIP search method: traditional branch-and-cut.
Parallel mode: none, using 1 thread.
Root relaxation solution time = 0.00 sec. (2.88 ticks)

        Nodes                                         Cuts/
   Node  Left     Objective  IInf  Best Integer    Best Bound    ItCnt     Gap         Variable B NodeID Parent  Depth

      0     0      758.5000    30                    751.0000       66         
      0     0      760.3000    58                    Fract: 1       70         
      0     0      761.0000    45                     Cuts: 2       74         
*     0+    0                        16514.0000      761.0000            95.39%
      0     2      761.0000    32    16514.0000      761.0000       74   95.39%                        0             0
Elapsed time = 0.51 sec. (414.25 ticks, tree = 0.01 MB, solutions = 1)
     16    18      815.0000    33    16514.0000      762.3333      167   95.38%         x_15_65 U     16     15     15
     30    32      891.0000    16    16514.0000      762.3333      229   95.38%          x_50_3 U     30     29     29
     43    45     1004.1667    22    16514.0000      762.3333      297   95.38%          x_7_36 U     43     42     42
     56    58     1163.8000    23    16514.0000      762.3333      369   95.38%         x_42_18 D     56     55     55
     64    66     1295.0000    16    16514.0000      762.3333      405   95.38%         x_16_23 D     64     63     63
     76    78     1597.2000    23    16514.0000      762.3333      450   95.38%         x_33_57 D     76     75     75
*    80+   80                         1729.0000      762.3333            55.91%
     89    87      806.7500    32     1729.0000      763.7778      551   55.83%         x_74_28 U     89     88      8
     98    96      855.0000    38     1729.0000      763.7778      603   55.83%         x_69_55 U     98     97     17
    100    98      874.6250    52     1729.0000      763.7778      623   55.83%          x_7_43 D    100     99     19
    137   135     1141.2857    22     1729.0000      763.7778      799   55.83%          x_4_25 U    137    136     56
Elapsed time = 3.51 sec. (3794.39 ticks, tree = 0.64 MB, solutions = 2)
    161   155      819.2500    21     1729.0000      764.3333      936   55.79%          x_2_39 U    161    160      7
    178   172      944.0000    14     1729.0000      764.3333     1060   55.79%         x_58_37 D    178    177     24
    202   196     1129.5000    12     1729.0000      764.3333     1162   55.79%         x_65_42 D    202    201     48
    220   214     1326.6000    28     1729.0000      764.3333     1228   55.79%          x_5_34 U    220    219     66
    247   237      875.8000    33     1729.0000      767.0000     1448   55.64%         x_74_28 U    247    246     17
    270   260     1015.5714    41     1729.0000      767.0000     1557   55.64%         x_27_49 D    270    269     40
    281   271     1132.4000    43     1729.0000      767.0000     1611   55.64%         x_17_63 U    281    280     51
    299   289     1293.3333    18     1729.0000      767.0000     1693   55.64%          x_5_34 D    299    298     69
    316   306     1559.7500    25     1729.0000      767.0000     1746   55.64%         x_68_17 U    316    315     86
    330   316      817.0000    43     1729.0000      771.5000     1817   55.38%         x_13_35 D    330    329      9
Elapsed time = 10.36 sec. (14139.66 ticks, tree = 1.96 MB, solutions = 2)
    350   336      909.4000    43     1729.0000      771.5000     1956   55.38%         x_14_13 U    350    349     29
    369   355     1019.3333    16     1729.0000      771.5000     2048   55.38%          x_1_31 D    369    368     48
    387   373     1159.0000    20     1729.0000      771.5000     2108   55.38%         x_54_14 D    387    386     66
    400   386     1325.0000    19     1729.0000      771.5000     2160   55.38%         x_70_33 D    400    399     79
    415   401     1607.6667    23     1729.0000      771.5000     2247   55.38%         x_52_51 U    415    414     94
    431   413      871.0000    40     1729.0000      773.2500     2334   55.28%         x_42_65 D    431    430     14
    449   431      958.7143    34     1729.0000      773.2500     2411   55.28%         x_30_56 U    449    448     31
    465   447     1132.0000    20     1729.0000      773.2500     2498   55.28%          x_20_9 U    465    464     47
    479   461     1285.5000    18     1729.0000      773.2500     2540   55.28%         x_66_49 U    479    478     61
    491   473     1458.0000    16     1729.0000      773.2500     2594   55.28%         x_22_46 D    491    490     73
Elapsed time = 16.13 sec. (24026.18 ticks, tree = 3.47 MB, solutions = 2)
    507   485      863.5000    14     1729.0000      774.0000     2730   55.23%          x_5_34 D    507    506     13
    521   499      959.5000    12     1729.0000      774.0000     2799   55.23%         x_56_66 D    521    520     27
    535   513     1048.7500    24     1729.0000      774.0000     2852   55.23%          x_40_8 U    535    534     41
    549   527     1170.7500    31     1729.0000      774.0000     2916   55.23%         x_69_73 U    549    548     55
*   557   466      integral     0     1353.0000      774.0000     2944   42.79%
    562   469      839.3333    36     1353.0000      774.5000     3005   42.76%         x_42_18 U    562    561     10
    574   481      927.0000    32     1353.0000      774.5000     3119   42.76%          x_1_36 U    574    573     22
    588   495      991.0000    14     1353.0000      774.5000     3177   42.76%           x_4_6 D    588    587     36
    599   506     1139.0000    14     1353.0000      774.5000     3245   42.76%          x_8_24 U    599    598     47
    611   518     1276.5000    18     1353.0000      774.5000     3301   42.76%         x_75_10 D    611    610     59
    627   531      871.5000    18     1353.0000      777.3333     3419   42.55%         x_36_38 U    627    626     15
Elapsed time = 21.82 sec. (34005.14 ticks, tree = 4.35 MB, solutions = 3)
    643   547      964.5000    27     1353.0000      777.3333     3497   42.55%         x_13_12 D    643    642     31
    654   558     1088.0000    19     1353.0000      777.3333     3576   42.55%         x_35_13 D    654    653     42
    666   570     1187.0000    23     1353.0000      777.3333     3606   42.55%         x_33_57 U    666    665     54
    677   580     1338.6667    27     1353.0000      777.3333     3661   42.55%         x_47_45 D    677    676     65
    692   593      893.2500    25     1353.0000      781.5000     3780   42.24%         x_28_63 D    692    691     21
    703   604      979.5000    12     1353.0000      781.5000     3875   42.24%         x_30_56 D    703    702     32
    715   616     1100.0000    10     1353.0000      781.5000     3950   42.24%         x_14_64 U    715    714     44
    729   630     1205.2000    21     1353.0000      781.5000     4032   42.24%         x_73_34 U    729    728     58
    739   640     1338.0000    16     1353.0000      781.5000     4091   42.24%          x_4_27 D    739    738     68
    750   647      876.5000    16     1353.0000      793.6667     4215   41.34%          x_3_38 U    750    749     15
Elapsed time = 27.32 sec. (44032.17 ticks, tree = 5.81 MB, solutions = 3)
    762   659      916.5000    30     1353.0000      793.6667     4292   41.34%         x_37_61 D    762    761     26
    774   671     1027.0000    18     1353.0000      793.6667     4378   41.34%         x_41_42 D    774    773     38
    784   681     1143.2000    27     1353.0000      793.6667     4435   41.34%          x_16_9 U    784    783     48
    795   692     1210.5000    38     1353.0000      793.6667     4474   41.34%         x_36_61 U    795    794     59
    806   702     1319.5000    12     1353.0000      793.6667     4526   41.34%         x_68_17 D    806    805     70
    819   707      853.2500    46     1353.0000      794.0000     4631   41.32%          x_1_31 U    819    818      9
    830   718      890.5000    38     1353.0000      794.0000     4685   41.32%         x_37_54 D    830    829     20
    839   727      955.3333    22     1353.0000      794.0000     4735   41.32%         x_31_71 D    839    838     29
    850   738     1008.5000    24     1353.0000      794.0000     4793   41.32%         x_44_29 U    850    849     40
    860   748     1096.3333    30     1353.0000      794.0000     4842   41.32%         x_18_43 U    860    859     50
Elapsed time = 33.25 sec. (54443.78 ticks, tree = 7.20 MB, solutions = 3)
    870   758     1179.2500    19     1353.0000      794.0000     4882   41.32%         x_61_39 D    870    869     60
    878   766     1331.3333    22     1353.0000      794.0000     4924   41.32%         x_11_40 D    878    877     68
    892   775      872.0000    16     1353.0000      794.3333     5070   41.29%         x_58_37 U    892    891     20
    901   784      928.4706    36     1353.0000      794.3333     5130   41.29%         x_34_38 D    901    900     29
    911   794     1000.6667    14     1353.0000      794.3333     5185   41.29%         x_16_17 U    911    910     39
    920   803     1076.2500    21     1353.0000      794.3333     5235   41.29%         x_51_27 U    920    919     48
    930   813     1143.4444    26     1353.0000      794.3333     5274   41.29%           x_6_4 U    930    929     58
    938   821     1244.8000    22     1353.0000      794.3333     5318   41.29%         x_20_13 D    938    937     66
    949   831     1346.0000    20     1353.0000      794.3333     5394   41.29%          x_5_19 U    949    948     77
    961   839      886.5000    16     1353.0000      794.6667     5522   41.27%         x_50_14 U    961    960     12
Elapsed time = 38.46 sec. (64536.92 ticks, tree = 8.56 MB, solutions = 3)
    972   850      935.1667    40     1353.0000      794.6667     5555   41.27%         x_62_33 D    972    971     23
    982   860     1017.5000    22     1353.0000      794.6667     5596   41.27%         x_14_54 U    982    981     33
    990   868     1094.7500    18     1353.0000      794.6667     5647   41.27%         x_58_50 U    990    989     41
   1000   878     1189.5000    24     1353.0000      794.6667     5728   41.27%         x_65_29 D   1000    999     51
   1008   886     1292.0000    20     1353.0000      794.6667     5771   41.27%         x_65_56 U   1008   1007     59
   1020   894      878.0000    24     1353.0000      795.2857     5904   41.22%          x_9_20 D   1020   1019     10
   1029   903      913.6250    24     1353.0000      795.2857     5947   41.22%          x_2_54 U   1029   1028     19
   1039   913     1008.6667    29     1353.0000      795.2857     6017   41.22%         x_42_18 D   1039   1038     29
   1049   923     1084.3000    37     1353.0000      795.2857     6068   41.22%         x_47_17 U   1049   1048     39
   1058   932     1185.0000    28     1353.0000      795.2857     6119   41.22%          x_64_1 D   1058   1057     48
Elapsed time = 44.18 sec. (74763.67 ticks, tree = 10.04 MB, solutions = 3)
   1064   938     1302.0000    22     1353.0000      795.2857     6154   41.22%         x_50_73 U   1064   1063     54
   1076   943      876.6667    55     1353.0000      801.0000     6284   40.80%           x_8_3 D   1076   1075      6
   1087   954      945.0000    43     1353.0000      801.0000     6368   40.80%         x_16_51 D   1087   1086     17
   1095   962     1016.0000    28     1353.0000      801.0000     6428   40.80%         x_65_29 D   1095   1094     25
   1104   971     1093.0000    14     1353.0000      801.0000     6495   40.80%         x_52_64 U   1104   1103     34
   1113   980     1175.5000    14     1353.0000      801.0000     6549   40.80%          x_53_8 U   1113   1112     43
   1121   988     1227.3333    33     1353.0000      801.0000     6572   40.80%         x_62_20 D   1121   1120     51
   1129   993    infeasible           1353.0000      801.0000     6615   40.80%         x_18_39 U   1129   1128     58
   1143   999      916.5000    24     1353.0000      804.5000     6712   40.54%         x_44_29 U   1143   1142     15
   1152  1008      967.6000    39     1353.0000      804.5000     6784   40.54%         x_36_35 U   1152   1151     24
Elapsed time = 49.80 sec. (85116.16 ticks, tree = 11.36 MB, solutions = 3)
   1161  1017     1014.0000    36     1353.0000      804.5000     6848   40.54%         x_48_18 U   1161   1160     33
   1170  1026     1078.6000    26     1353.0000      804.5000     6924   40.54%          x_7_26 U   1170   1169     42
   1177  1033     1149.3333    19     1353.0000      804.5000     6967   40.54%         x_62_33 D   1177   1176     49
   1184  1040     1277.0000    25     1353.0000      804.5000     7029   40.54%         x_52_43 D   1184   1183     56
   1195  1047      893.2000    60     1353.0000      805.0000     7200   40.50%         x_35_36 U   1195   1194      6
   1204  1056      920.5000    35     1353.0000      805.0000     7269   40.50%         x_54_14 D   1204   1203     14
   1212  1064      980.3000    50     1353.0000      805.0000     7350   40.50%         x_49_27 D   1212   1211     22
   1220  1072     1060.0000    22     1353.0000      805.0000     7443   40.50%         x_36_38 U   1220   1219     29
   1226  1078     1103.8000    25     1353.0000      805.0000     7485   40.50%         x_52_30 U   1226   1225     35
   1253  1103        cutoff           1353.0000      805.0000     7647   40.50%         x_41_15 D   1253   1252     61
Elapsed time = 56.80 sec. (98324.51 ticks, tree = 13.10 MB, solutions = 3)
   1281  1129     1036.5000    29     1353.0000      805.0000     7878   40.50%         x_18_43 U   1281   1280     40
   1307  1150        cutoff           1353.0000      805.0000     8006   40.50%         x_66_29 U   1307   1306     65
   1333  1174     1065.0000    18     1353.0000      806.0000     8314   40.43%         x_13_35 U   1333   1332     36
   1360  1201     1274.7500    23     1353.0000      806.0000     8477   40.43%         x_60_55 U   1360   1359     63
   1389  1226      990.0000    18     1353.0000      807.5714     8731   40.31%         x_49_27 U   1389   1388     35
   1414  1251     1298.0000    21     1353.0000      807.5714     8852   40.31%         x_23_47 D   1414   1413     60
   1444  1276     1029.5000    16     1353.0000      808.0000     9164   40.28%         x_32_48 U   1444   1443     27
   1469  1301     1247.0000    16     1353.0000      808.0000     9303   40.28%         x_17_67 U   1469   1468     52
   1496  1323      982.1111    41     1353.0000      808.5000     9615   40.24%           x_4_6 D   1496   1495     19
   1521  1348     1188.5000    22     1353.0000      808.5000     9784   40.24%         x_29_30 U   1521   1520     44
Elapsed time = 78.50 sec. (137238.76 ticks, tree = 17.97 MB, solutions = 3)
   1548  1371      934.6667    35     1353.0000      808.5000    10047   40.24%         x_11_25 D   1548   1547     16
   1576  1399     1103.3333    16     1353.0000      808.5000    10231   40.24%         x_23_63 U   1576   1575     44
   1602  1422      902.0000    20     1353.0000      808.7500    10462   40.23%         x_33_71 D   1602   1601     14
   1628  1448     1076.6667    37     1353.0000      808.7500    10659   40.23%         x_48_29 U   1628   1627     40
Advanced basis not built.
   1654  1474     1277.3333    43     1353.0000      808.7500    10774   40.23%         x_44_31 U   1654   1653     66
   1687  1502      949.5000    29     1353.0000      809.0000    10997   40.21%         x_29_44 D   1687   1686     27
   1712  1527     1142.6667    20     1353.0000      809.0000    11172   40.21%          x_5_58 D   1712   1711     52
   1735  1550     1334.0000    21     1353.0000      809.0000    11277   40.21%          x_41_2 U   1735   1734     75
Advanced basis not built.
   1760  1572     1047.0000     0     1353.0000      809.0000    11625   40.21%          x_21_1 D   1760   1759     25
   1785  1597     1257.0000    24     1353.0000      809.0000    11794   40.21%         x_58_45 U   1785   1784     50
Elapsed time = 102.63 sec. (176088.94 ticks, tree = 23.56 MB, solutions = 3)
   1810  1616     1023.6667    23     1353.0000      810.0000    12057   40.13%           x_4_6 U   1810   1809     26
Advanced basis not built.
   1831  1637     1193.0000    20     1353.0000      810.0000    12169   40.13%         x_39_45 D   1831   1830     47
   1858  1661     1009.0000    29     1353.0000      810.0000    12392   40.13%          x_24_8 U   1858   1857     21
   1881  1684     1172.5000     8     1353.0000      810.0000    12569   40.13%         x_52_46 U   1881   1880     44
   1904  1701      913.2000    60     1353.0000      810.3333    12763   40.11%         x_21_67 D   1904   1903      7
   1929  1726     1058.7500    37     1353.0000      810.3333    12950   40.11%          x_7_36 U   1929   1928     32
   1949  1746     1283.4286    38     1353.0000      810.3333    13102   40.11%         x_63_16 D   1949   1948     52
   1974  1764      968.0000    18     1353.0000      813.0000    13372   39.91%          x_7_43 U   1974   1973     22
   1995  1785     1148.5000    26     1353.0000      813.0000    13492   39.91%         x_20_45 U   1995   1994     43
   2017  1803     1034.8333    40     1353.0000      813.8000    13690   39.85%         x_42_26 U   2017   2016     32
Elapsed time = 128.53 sec. (214517.06 ticks, tree = 28.71 MB, solutions = 3)
   2036  1822     1201.5000    19     1353.0000      813.8000    13797   39.85%         x_14_13 U   2036   2035     51
*  2037  1516      integral     0     1211.0000      813.8000    13806   32.80%
   2061  1538     1030.6667    26     1211.0000      814.0000    14061   32.78%         x_34_38 D   2061   2060     29
Advanced basis not built.
   2080  1557     1151.4286    28     1211.0000      814.0000    14193   32.78%         x_21_67 D   2080   2079     48
   2104  1578      996.5000    42     1211.0000      815.5000    14452   32.66%         x_12_21 U   2104   2103     21
Advanced basis not built.
   2123  1596     1199.4000    34     1211.0000      815.5000    14619   32.66%         x_37_57 U   2123   2122     40
   2151  1616     1022.7500    31     1211.0000      816.0000    14881   32.62%         x_15_65 U   2151   2150     28
Advanced basis not built.
Advanced basis not built.
   2169  1634     1199.5000    12     1211.0000      816.0000    14968   32.62%         x_43_71 U   2169   2168     46
   2191  1652     1076.6667    18     1211.0000      817.0000    15185   32.54%         x_25_15 U   2191   2190     35
*  2198  1480      integral     0     1158.0000      817.0000    15219   29.45%
   2211  1491      982.3333    58     1158.0000      818.0000    15341   29.36%          x_19_5 U   2211   2210     21
   2231  1511     1127.2500    22     1158.0000      818.0000    15446   29.36%         x_40_52 U   2231   2230     41
Elapsed time = 153.12 sec. (254349.87 ticks, tree = 25.74 MB, solutions = 5)
   2252  1528     1108.5000    30     1158.0000      818.0000    15755   29.36%         x_11_40 U   2252   2251     24
   2275  1546      986.6000    32     1158.0000      819.1667    16017   29.26%          x_8_53 U   2275   2274     17
   2290  1561     1120.0000    30     1158.0000      819.1667    16148   29.26%         x_40_37 D   2290   2289     32
   2312  1576      999.0476    63     1158.0000      819.5000    16368   29.23%         x_69_27 D   2312   2311     20
Advanced basis not built.
   2332  1593        cutoff           1158.0000      819.5000    16650   29.23%          x_7_43 D   2332   2331     37
   2351  1612     1052.3333    32     1158.0000      820.2500    16830   29.17%         x_44_37 D   2351   2350     25
*  2353  1266      integral     0     1074.0000      820.2500    16832   23.63%
   2366  1277      981.1667    48     1074.0000      820.7500    17005   23.58%         x_57_33 U   2366   2365     17
   2380  1291     1045.5000    34     1074.0000      820.7500    17100   23.58%         x_50_34 D   2380   2379     31
   2396  1302     1004.0000    14     1074.0000      824.0000    17289   23.28%         x_74_38 D   2396   2395     17
   2411  1311     1002.6667    70     1074.0000      824.0000    17487   23.28%         x_72_12 U   2411    161      8
Elapsed time = 173.60 sec. (293287.64 ticks, tree = 23.47 MB, solutions = 6)
   2428  1320      965.2500    43     1074.0000      826.0000    17704   23.09%         x_13_35 D   2428   2427      9
   2440  1332     1031.6000    67     1074.0000      826.0000    17785   23.09%          x_2_54 D   2440   2439     21
   2456  1345      992.2000    61     1074.0000      826.6667    18034   23.03%         x_27_51 D   2456   2455     10
   2470  1359     1066.3333    55     1074.0000      826.6667    18188   23.03%         x_18_42 D   2470   2469     24
   2485  1367     1069.5000    33     1074.0000      828.1429    18391   22.89%         x_63_36 U   2485   2484     21
   2503  1380      979.0000    22     1074.0000      829.0000    18692   22.81%         x_42_41 D   2503   2501     16
   2517  1394     1037.0000    58     1074.0000      829.0000    18792   22.81%         x_36_61 U   2517   2516     28
   2531  1405     1011.2667    67     1074.0000      829.5000    18968   22.77%         x_30_15 U   2531   2530     20
   2548  1416     1070.5000    20     1074.0000      829.5000    19105   22.77%         x_36_63 D   2548   2547     34
   2563  1426     1001.3333    43     1074.0000      830.0000    19344   22.72%           x_4_9 U   2563   2562     20
Elapsed time = 192.13 sec. (332652.85 ticks, tree = 27.00 MB, solutions = 6)
   2578  1435     1071.0000    28     1074.0000      830.0000    19457   22.72%         x_36_61 D   2578   2577     33
   2593  1447     1015.5000   114     1074.0000      830.5000    19677   22.67%         x_22_46 U   2593   2592     21
   2608  1457     1013.1429    46     1074.0000      830.5714    19870   22.67%         x_26_40 U   2608   2607     12
   2622  1467      976.9667   113     1074.0000      831.0000    20094   22.63%          x_53_8 N   2622    559      8
   2634  1479     1004.0000    32     1074.0000      831.0000    20207   22.63%         x_15_30 U   2634   2633     18
   2647  1490        cutoff           1074.0000      831.0000    20324   22.63%          x_6_49 D   2647   2646     30
   2661  1499     1060.0000    60     1074.0000      831.5000    20519   22.58%         x_68_14 U   2661   2660     31
   2676  1507     1023.5833   121     1074.0000      833.0000    20873   22.44%         x_36_38 U   2676    163     10
   2689  1519     1064.8000    55     1074.0000      833.0000    20954   22.44%         x_18_42 U   2689   2688     23
   2706  1529     1056.1429    80     1074.0000      833.0000    21188   22.44%          x_5_19 U   2706   2705     27
Elapsed time = 211.60 sec. (372894.48 ticks, tree = 30.29 MB, solutions = 6)
   2721  1535     1054.0000   102     1074.0000      833.0000    21447   22.44%         x_63_36 D   2721   2720     14
   2736  1542      979.0714    97     1074.0000      833.4000    21686   22.40%         x_41_42 U   2736   2735     11
Advanced basis not built.
   2747  1553     1050.7143    35     1074.0000      833.4000    21786   22.40%         x_49_35 U   2747   2746     22
   2762  1563     1027.1818    87     1074.0000      833.5000    22052   22.39%         x_18_39 D   2762   2761     19
   2776  1574     1010.0000    44     1074.0000      833.7143    22305   22.37%          x_19_5 U   2776   2775     13
*  2783  1316      integral     0     1041.0000      833.7143    22350   19.91%
   2791  1323     1024.5000    32     1041.0000      833.8000    22512   19.90%          x_2_22 D   2791   2790     12
*  2807  1178      integral     0     1025.0000      834.4000    22724   18.60%
   2808  1176        cutoff           1025.0000      834.5000    22831   18.59%         x_55_60 D   2808    238      9
   2829  1185     1008.0000    30     1025.0000      836.0000    23332   18.44%         x_39_72 U   2829   2828     10
   2849  1181     1022.1111    94     1025.0000      838.8000    23999   18.17%          x_3_44 N   2849    620      9
   2869  1185     1014.0000    18     1025.0000      840.6667    24495   17.98%         x_15_75 U   2869   2868     15
Elapsed time = 230.10 sec. (412489.38 ticks, tree = 23.40 MB, solutions = 8)
   2893  1185     1023.2500    16     1025.0000      846.3333    24908   17.43%         x_75_26 N   2893   2892     17
   2914  1182        cutoff           1025.0000      847.0000    25379   17.37%         x_53_71 D   2914   2913     13
*  2946  1116      integral     0     1021.0000      854.9091    26658   16.27%
   2947  1115     1020.0000    10     1021.0000      854.9091    26660   16.27%          x_1_21 N   2947   2945      9
*  2953  1096      integral     0     1019.0000      855.0000    26776   16.09%
   2976  1075     1015.7500    84     1019.0000      862.6667    27858   15.34%         x_28_10 N   2976   1015      6
*  2992  1017      integral     0     1015.0000      864.5000    28282   14.83%
*  3006   818      integral     0      996.0000      869.0000    28874   12.75%
   3007   817      994.0000    62      996.0000      869.0000    28876   12.75%         x_57_33 N   3007   3005      5
   3339   486        cutoff            996.0000      933.0000    31344    6.33%          x_8_53 U   3339   2039      8

Implied bound cuts applied:  0
Flow cuts applied:  0
Mixed integer rounding cuts applied:  0
Gomory fractional cuts applied:  2
User cuts applied:  3680

Root node processing (before b&c):
  Real time             =    0.52 sec. (426.22 ticks)
Sequential b&c:
  Real time             =  243.54 sec. (436568.43 ticks)
                          ------------
Total (root+branch&cut) =  244.06 sec. (436994.65 ticks)
