Version identifier: 22.1.1.0 | 2022-11-28 | 9160aff4d
CPXPARAM_Read_DataCheck                          1
CPXPARAM_MIP_Strategy_VariableSelect             3
CPXPARAM_MIP_Cuts_FlowCovers                     1
CPXPARAM_MIP_Cuts_Implied                        1
CPXPARAM_MIP_Cuts_Gomory                         1
CPXPARAM_MIP_Cuts_MIRCut                         1
CPXPARAM_MIP_Strategy_Search                     1
CPXPARAM_MIP_Strategy_HeuristicFreq              10
CPXPARAM_MIP_Tolerances_MIPGap                   0.0050000000000000001
Legacy callback                                  LD
Lazy constraint(s) or lazy constraint/branch callback is present.
    Disabling dual reductions (CPX_PARAM_REDUCE) in presolve.
    Disabling presolve reductions that prevent crushing forms (CPX_PARAM_PREREFORM).
         Disabling repeat represolve because of lazy constraint/incumbent callback.
Tried aggregator 1 time.
Reduced MIP has 100 rows, 2450 columns, and 4900 nonzeros.
Reduced MIP has 2450 binaries, 0 generals, 0 SOSs, and 0 indicators.
Presolve time = 0.00 sec. (1.56 ticks)
Probing time = 0.00 sec. (2.94 ticks)
Clique table members: 100.
MIP emphasis: balance optimality and feasibility.
MIP search method: traditional branch-and-cut.
Parallel mode: none, using 1 thread.
Root relaxation solution time = 0.00 sec. (1.28 ticks)

        Nodes                                         Cuts/
   Node  Left     Objective  IInf  Best Integer    Best Bound    ItCnt     Gap         Variable B NodeID Parent  Depth

      0     0      324.5000    28                    324.0000       49         
      0     0      326.0000    42                     Cuts: 3       50         
      0     0      327.2500    48                     Cuts: 2       53         
      0     0      327.2500    49                     Cuts: 2       54         
*     0+    0                         3618.0000      327.2500            90.95%
      0     2      327.5385    64     3618.0000      327.6667       54   90.94%                        0             0
Elapsed time = 0.25 sec. (229.77 ticks, tree = 0.01 MB, solutions = 1)
     20    22      397.5000    16     3618.0000      327.6667      142   90.94%          x_24_1 D     20     19     20
*    35    35      integral     0      539.0000      327.6667      194   39.21%
     42    41      348.7500    21      539.0000      328.6000      232   39.04%          x_4_46 U     42     41      6
     60    59      389.0000     0      539.0000      328.6000      310   39.04%         x_25_12 D     60     59     24
*    77    73      integral     0      500.0000      328.6000      339   34.28%
     78    73      340.4286    63      500.0000      331.0000      387   33.80%         x_23_46 U     78      1      2
     90    85      363.5000    18      500.0000      331.0000      446   33.80%         x_13_36 U     90     89     14
    104    99      432.0000    27      500.0000      331.0000      522   33.80%         x_33_12 D    104    103     28
    120   112      349.5000    46      500.0000      333.5000      602   33.30%         x_49_19 U    120    119      7
    134   126      377.3333    21      500.0000      333.5000      682   33.30%          x_5_16 U    134    133     21
    148   140      422.0000    19      500.0000      333.5000      728   33.30%          x_50_3 U    148    147     35
*   150   123      integral     0      445.0000      333.5000      732   25.06%
    195   162      365.3889    52      445.0000      336.0000     1061   24.49%          x_3_28 D    195    194     14
Elapsed time = 2.36 sec. (3496.89 ticks, tree = 0.62 MB, solutions = 4)
*   207   148      integral     0      413.0000      336.0000     1125   18.64%
    241   177      388.5000    16      413.0000      338.5000     1339   18.04%          x_14_2 U    241    240     22
    286   214      399.5000    26      413.0000      341.0000     1536   17.43%         x_32_35 D    286    285     26
    328   249      379.0000    20      413.0000      342.3846     1735   17.10%          x_6_37 U    328    327     20
    362   276      391.2500    21      413.0000      342.8750     1887   16.98%         x_42_34 U    362    361     22
    392   300        cutoff            413.0000      343.0000     2037   16.95%          x_16_5 U    392    391     28
    430   323      353.0000    48      413.0000      346.0000     2281   16.22%         x_42_48 U    430    429      4
*   450+  332                          410.0000      346.0000            15.61%
    463   344      381.3333    24      410.0000      346.0000     2453   15.61%          x_6_45 D    463    462     18
    499   374      365.5000    42      410.0000      346.5000     2679   15.49%         x_30_12 U    499    498      9
    528   400      399.0000    14      410.0000      346.5833     2846   15.47%         x_24_15 U    528    527     21
*   551   168      integral     0      369.0000      347.0000     3053    5.96%
    565   169        cutoff            369.0000      347.5000     3256    5.83%          x_7_12 U    565    564      5
Elapsed time = 7.18 sec. (13216.74 ticks, tree = 0.99 MB, solutions = 7)
*   635    80      integral     0      366.0000      356.0000     4019    2.73%

Cover cuts applied:  3
Implied bound cuts applied:  0
Flow cuts applied:  0
Mixed integer rounding cuts applied:  0
Zero-half cuts applied:  2
Gomory fractional cuts applied:  2
User cuts applied:  853

Root node processing (before b&c):
  Real time             =    0.25 sec. (231.08 ticks)
Sequential b&c:
  Real time             =    7.21 sec. (13506.26 ticks)
                          ------------
Total (root+branch&cut) =    7.46 sec. (13737.34 ticks)
