Version identifier: 22.1.1.0 | 2022-11-27 | 9160aff4d
CPXPARAM_Read_DataCheck                          1
CPXPARAM_Threads                                 1
CPXPARAM_MIP_Strategy_HeuristicFreq              -1
CPXPARAM_MIP_Tolerances_MIPGap                   0.0050000000000000001
Tried aggregator 2 times.
MIP Presolve eliminated 35 rows and 282 columns.
MIP Presolve added 18 rows and 0 columns.
MIP Presolve modified 12152 coefficients.
Aggregator did 4 substitutions.
Reduced MIP has 2714 rows, 3661 columns, and 20452 nonzeros.
Reduced MIP has 3612 binaries, 0 generals, 0 SOSs, and 0 indicators.
Presolve time = 0.05 sec. (25.25 ticks)
Probing time = 0.00 sec. (3.86 ticks)
Tried aggregator 1 time.
Detecting symmetries...
Reduced MIP has 2714 rows, 3661 columns, and 20452 nonzeros.
Reduced MIP has 3612 binaries, 0 generals, 0 SOSs, and 0 indicators.
Presolve time = 0.02 sec. (11.38 ticks)
Probing time = 0.02 sec. (3.91 ticks)
Clique table members: 2988.
MIP emphasis: balance optimality and feasibility.
MIP search method: dynamic search.
Parallel mode: none, using 1 thread.
Root relaxation solution time = 0.03 sec. (20.63 ticks)

        Nodes                                         Cuts/
   Node  Left     Objective  IInf  Best Integer    Best Bound    ItCnt     Gap

      0     0      206.9882   114                    206.9882      512         
      0     0      224.1000   108                   Cuts: 134      757         
      0     0      226.2153   107                   Cuts: 110     1003         
      0     0      226.7143    82                    Cuts: 86     1086         
      0     0      226.7455    73                    Cuts: 44     1145         
      0     0      226.7455    80                    Cuts: 16     1177         
Detecting symmetries...
      0     0      226.7455    87                    Cuts: 11     1243         
Detecting symmetries...
      0     2      226.7455    72                    226.7455     1243         
Elapsed time = 0.45 sec. (442.62 ticks, tree = 0.01 MB, solutions = 0)
     31    33      235.7778    30                    226.7455     3180         
     63    65      242.3515    92                    226.7455     5160         
     90    92      227.4777    40                    226.7455     6792         
    113   115      227.7548    38                    226.7455     8988         
    136   138      247.1627    74                    226.7455    11163         
    152   154      242.6381    91                    226.7455    13254         
    192   176      246.8736    45                    226.7455    15043         
    230   214      251.6000    33                    226.7455    17338         
*   261   241      integral     0      302.0000      226.7455    18737   24.92%
    279   253      227.0340    41      302.0000      226.7455    19219   24.92%

Performing restart 1

Repeating presolve.
Tried aggregator 1 time.
MIP Presolve eliminated 434 rows and 450 columns.
MIP Presolve modified 5051 coefficients.
Reduced MIP has 2280 rows, 3211 columns, and 16527 nonzeros.
Reduced MIP has 3162 binaries, 0 generals, 0 SOSs, and 0 indicators.
Presolve time = 0.02 sec. (16.95 ticks)
Tried aggregator 1 time.
MIP Presolve modified 218 coefficients.
Reduced MIP has 2280 rows, 3211 columns, and 16527 nonzeros.
Reduced MIP has 3162 binaries, 0 generals, 0 SOSs, and 0 indicators.
Presolve time = 0.02 sec. (10.56 ticks)
Represolve time = 0.11 sec. (84.56 ticks)
    514     0      226.9888    97      302.0000      Cuts: 58    24610   24.84%
    514     0      227.1455    65      302.0000      Cuts: 75    24690   24.79%
    514     0      227.3391    92      302.0000      Cuts: 67    24834   24.72%
    514     0      227.4176   111      302.0000      Cuts: 74    24960   24.70%
    514     0      227.4603   122      302.0000      Cuts: 75    25031   24.68%
    514     0      227.4603   123      302.0000      Cuts: 88    25119   24.68%
    514     0      227.4603   107      302.0000      Cuts: 32    25163   24.68%
    514     0      227.4807   107      302.0000      Cuts: 66    25242   24.68%
    514     0      227.4807   121      302.0000      Cuts: 54    25300   24.68%
    514     0      227.4807   117      302.0000      Cuts: 29    25349   24.68%
    514     0      227.4807   119      302.0000      Cuts: 35    25392   24.68%
    514     2      227.4807   102      302.0000      227.5217    25392   24.66%
Elapsed time = 8.72 sec. (9159.64 ticks, tree = 0.01 MB, solutions = 1)
    520     8      228.3700    69      302.0000      227.7091    25782   24.60%
    534    22      229.7244    72      302.0000      227.7091    26596   24.60%
    600    75        cutoff            302.0000      227.7091    27912   24.60%
    653   127      229.8075    42      302.0000      227.8169    28827   24.56%
    757   230      233.6390    49      302.0000      227.8169    29516   24.56%
    868   317      257.1064    35      302.0000      227.8169    30116   24.56%
    967   410      231.1711    85      302.0000      228.0000    31459   24.50%
   1116   555      228.2222    58      302.0000      228.0060    33030   24.50%
   1190   626      230.6000    47      302.0000      228.0280    33845   24.49%
   1321   757      234.4258    68      302.0000      228.0280    35033   24.49%
Elapsed time = 16.17 sec. (19001.69 ticks, tree = 1.29 MB, solutions = 1)
   1478   913      237.2584    77      302.0000      228.0280    35531   24.49%
   1622  1053      234.0827    70      302.0000      228.0390    37123   24.49%
   1820  1242      239.3312    68      302.0000      228.0390    38247   24.49%
   2000  1400      232.5777    56      302.0000      228.0553    39956   24.48%
   2240  1640      240.7098    47      302.0000      228.0554    42332   24.48%
   2500  1897      240.9397    49      302.0000      228.0583    45587   24.48%
   2704  2095      230.4000    67      302.0000      228.0751    49046   24.48%
   2982  2365      228.6179    63      302.0000      228.1335    51887   24.46%
   3318  2694      241.8480    70      302.0000      228.1773    56245   24.44%
   3617  2982      255.6387    48      302.0000      228.2012    59245   24.44%
Elapsed time = 23.61 sec. (28763.70 ticks, tree = 5.03 MB, solutions = 1)
   3931  3295      246.6000    51      302.0000      228.2422    62835   24.42%
   4226  3586      237.4319    76      302.0000      228.2446    66563   24.42%
   4517  3877      236.0000    34      302.0000      228.2738    70022   24.41%
   4821  4177      238.7629    47      302.0000      228.3071    71867   24.40%
   5136  4484      235.6812    76      302.0000      228.3238    74434   24.40%
   5536  4881      236.4432    58      302.0000      228.3742    79663   24.38%
   5858  5199      229.7093    80      302.0000      228.3797    82774   24.38%
   6036  5362      234.7557    42      302.0000      228.3907    85855   24.37%
*  6177  5286      integral     0      288.0000      228.3907    87523   20.70%
*  6180  4359      integral     0      269.0000      228.3907    87545   15.10%
   6396  4568      229.4191    84      269.0000      228.4494    89714   15.07%
   6776  4933      237.4639    54      269.0000      228.4685    94134   15.07%
Elapsed time = 31.45 sec. (38339.68 ticks, tree = 8.32 MB, solutions = 3)
   7084  5230      234.6039    68      269.0000      228.5106    98679   15.05%
   7438  5571      232.7619    86      269.0000      228.5307   102926   15.04%
   7799  5916      229.4007   114      269.0000      228.5523   108867   15.04%
   8161  6269      231.8964    63      269.0000      228.5833   113967   15.02%
   8494  6589      238.1556    72      269.0000      228.6105   117812   15.01%
   8829  6910      238.4354    67      269.0000      228.6500   124650   15.00%
   9265  7339      241.6187    61      269.0000      228.6500   128172   15.00%
   9648  7711      240.3874    83      269.0000      228.6594   133838   15.00%
  10137  8180      240.5200    67      269.0000      228.6730   140647   14.99%
  10488  8521      237.3317    31      269.0000      228.7207   144587   14.97%
Elapsed time = 37.95 sec. (47909.90 ticks, tree = 14.51 MB, solutions = 3)
* 10518  2129      integral     0      238.0000      228.7207   145029    3.90%
  10706  2264      233.3983    73      238.0000      228.8419   151117    3.85%

Performing restart 2

Repeating presolve.
Tried aggregator 2 times.
MIP Presolve eliminated 204 rows and 1692 columns.
MIP Presolve modified 6683 coefficients.
Aggregator did 1 substitutions.
Reduced MIP has 2075 rows, 1518 columns, and 12173 nonzeros.
Reduced MIP has 1469 binaries, 0 generals, 0 SOSs, and 0 indicators.
Presolve time = 0.03 sec. (18.31 ticks)
Tried aggregator 1 time.
MIP Presolve eliminated 298 rows and 22 columns.
MIP Presolve modified 1110 coefficients.
Reduced MIP has 1777 rows, 1496 columns, and 11379 nonzeros.
Reduced MIP has 1448 binaries, 0 generals, 0 SOSs, and 0 indicators.
Presolve time = 0.02 sec. (9.65 ticks)
Tried aggregator 1 time.
Reduced MIP has 1777 rows, 1496 columns, and 11379 nonzeros.
Reduced MIP has 1448 binaries, 0 generals, 0 SOSs, and 0 indicators.
Presolve time = 0.02 sec. (6.35 ticks)
Represolve time = 0.20 sec. (152.02 ticks)
  10794     0      227.6189   123      238.0000      Cuts: 72   154698    3.82%
  10794     0      227.6189   116      238.0000      Cuts: 50   154748    3.82%
  10794     0      227.6317   119      238.0000      Cuts: 28   154797    3.82%
  10794     0      227.6335   110      238.0000      Cuts: 43   154834    3.82%
  10794     0      227.7113   103      238.0000      Cuts: 77   154915    3.82%
  10794     0      227.8694    72      238.0000      Cuts: 76   155018    3.82%
  10794     0      227.8711    95      238.0000      Cuts: 71   155087    3.82%
  10794     0      227.8809   112      238.0000      Cuts: 37   155201    3.82%
  10794     0      227.8962    99      238.0000     Cuts: 181   155284    3.82%
  10794     0      227.8962   118      238.0000     Cuts: 155   155347    3.82%
  10794     0      227.8962    96      238.0000      Cuts: 10   155364    3.82%
  10794     0      227.8962   103      238.0000     Cuts: 184   155404    3.82%
  10794     0      227.8964    98      238.0000      Cuts: 17   155446    3.82%
  10794     2      227.8964    98      238.0000      228.9107   155446    3.82%
  10808    16      230.3327    69      238.0000      228.9107   156272    3.82%
  10830    35      228.0661    82      238.0000      228.9107   157567    3.82%
  10857    55      231.7440    51      238.0000      228.9107   159453    3.82%
  10902    75      230.1220    63      238.0000      228.9107   160825    3.82%
  10968   102      231.9667    64      238.0000      228.9107   163558    3.82%
  11012   128      228.7151    89      238.0000      228.9107   165330    3.82%
  11090   166      231.2000    77      238.0000      228.9107   168767    3.82%
  11224   242      231.6229    74      238.0000      228.9107   171974    3.82%
Elapsed time = 46.56 sec. (59783.85 ticks, tree = 0.54 MB, solutions = 4)
  11308   276      233.4975    59      238.0000      228.9107   175027    3.82%
  11392   314      231.7856    55      238.0000      228.9107   178766    3.82%
  11533   390      236.9659    60      238.0000      229.0113   181938    3.78%
  11677   491      233.7187    59      238.0000      229.0955   185300    3.74%
  11785   542      231.0638    91      238.0000      229.2000   189455    3.70%
  11936   642      235.0000    51      238.0000      229.2904   194946    3.66%
  12073   717      230.0796    98      238.0000      229.4090   200794    3.61%
  12243   828      231.6301    47      238.0000      229.5741   205091    3.54%
  12409   928      235.9163    72      238.0000      229.7543   210026    3.46%
* 12595   918      integral     0      236.0000      229.9129   213763    2.58%
  12604   919      229.9333    52      236.0000      229.9333   214656    2.57%
Elapsed time = 53.17 sec. (69387.22 ticks, tree = 1.01 MB, solutions = 5)
  12751   962      234.6984    75      236.0000      230.0873   220544    2.51%
  12940  1045      232.0000    17      236.0000      230.1667   225674    2.47%
  13061  1086      232.1000    60      236.0000      230.2667   232950    2.43%
  13213  1125      234.5487    73      236.0000      230.3711   239053    2.39%
  13365  1165      233.1922    72      236.0000      230.5665   245780    2.30%
  13516  1214      234.2489    56      236.0000      230.7513   253351    2.22%
  13647  1250      234.7649    45      236.0000      230.8542   260526    2.18%
  13828  1322      232.2970    55      236.0000      230.9766   267753    2.13%
  13982  1366      231.1403    63      236.0000      231.0470   274729    2.10%
  14179  1454        cutoff            236.0000      231.1163   282378    2.07%
Elapsed time = 60.64 sec. (79010.59 ticks, tree = 1.62 MB, solutions = 5)
* 14206  1196      integral     0      235.0000      231.1244   283441    1.65%
  14311  1219      233.6961    82      235.0000      231.2000   289522    1.62%
  14424  1228      233.7000    82      235.0000      231.2725   296469    1.59%
  14529  1177      232.9500    68      235.0000      231.4545   303340    1.51%
* 14610   769      integral     0      234.0000      231.5100   306343    1.06%
  14671   744      231.7222    57      234.0000      231.6000   309562    1.03%
* 14687   264      integral     0      233.0000      231.6000   309859    0.60%
  14872   305      231.6000    32      233.0000      231.6000   315413    0.60%
  15098   354      231.6000    26      233.0000      231.6000   322379    0.60%
  15271   363      231.8333    35      233.0000      231.6000   329865    0.60%
  15433   390      231.6000     4      233.0000      231.6000   336646    0.60%
  15648   411      231.6000    44      233.0000      231.6000   345972    0.60%
  15959   430        cutoff            233.0000      231.6000   356317    0.60%
Elapsed time = 68.45 sec. (88699.15 ticks, tree = 0.55 MB, solutions = 8)
  16141   436        cutoff            233.0000      231.6000   363315    0.60%
  16441   458        cutoff            233.0000      231.6000   374090    0.60%
  16662   336        cutoff            233.0000      231.6000   385691    0.60%
  16806   208      232.0000    20      233.0000      231.7333   392628    0.54%
* 16826     1      integral     0      232.0000      231.7333   393070    0.11%

GUB cover cuts applied:  55
Clique cuts applied:  27
Cover cuts applied:  150
Implied bound cuts applied:  22
Flow cuts applied:  2
Mixed integer rounding cuts applied:  60
Zero-half cuts applied:  20
Lift and project cuts applied:  5
Gomory fractional cuts applied:  14

Root node processing (before b&c):
  Real time             =    0.45 sec. (442.87 ticks)
Sequential b&c:
  Real time             =   71.22 sec. (92412.88 ticks)
                          ------------
Total (root+branch&cut) =   71.67 sec. (92855.75 ticks)
