Version identifier: 22.1.1.0 | 2022-11-27 | 9160aff4d
CPXPARAM_Read_DataCheck                          1
CPXPARAM_Threads                                 1
CPXPARAM_MIP_Cuts_Covers                         2
CPXPARAM_MIP_Cuts_FlowCovers                     2
CPXPARAM_MIP_Cuts_MIRCut                         2
CPXPARAM_MIP_Tolerances_MIPGap                   0.0050000000000000001
Legacy callback                                  LD
Warning: Control callbacks may disable some MIP features.
Lazy constraint(s) or lazy constraint/branch callback is present.
    Disabling dual reductions (CPX_PARAM_REDUCE) in presolve.
    Disabling presolve reductions that prevent crushing forms (CPX_PARAM_PREREFORM).
         Disabling repeat represolve because of lazy constraint/incumbent callback.
Tried aggregator 1 time.
Reduced MIP has 100 rows, 2450 columns, and 4900 nonzeros.
Reduced MIP has 2450 binaries, 0 generals, 0 SOSs, and 0 indicators.
Presolve time = 0.00 sec. (1.56 ticks)
Probing time = 0.02 sec. (2.94 ticks)
Clique table members: 100.
MIP emphasis: balance optimality and feasibility.
MIP search method: traditional branch-and-cut.
Parallel mode: none, using 1 thread.
Root relaxation solution time = 0.00 sec. (1.26 ticks)

        Nodes                                         Cuts/
   Node  Left     Objective  IInf  Best Integer    Best Bound    ItCnt     Gap         Variable B NodeID Parent  Depth

      0     0      233.3333    37                    227.0000       48         
      0     0      234.0000    26                     Cuts: 2       50         
      0     0      234.0000    38                 ZeroHalf: 3       51         
      0     0      234.2000    47                 ZeroHalf: 3       56         
      0     2      234.6667    65                    234.6667       56                                 0             0
Elapsed time = 0.70 sec. (254.42 ticks, tree = 0.01 MB, solutions = 0)
     40    42      319.3333    19                    235.2857      254                  x_20_32 U     40     39     31
*    62    62      integral     0      418.0000      235.2857      367   43.71%
     89    87      266.0000    16      418.0000      236.0000      498   43.54%         x_16_36 U     89     88     20
    137   135      308.0000    16      418.0000      236.0000      696   43.54%         x_29_23 D    137    136     51
    160   158      406.0000    14      418.0000      236.0000      775   43.54%         x_21_36 U    160    159     70
*   180+  171                          417.0000      237.3333            43.09%
    194   187      271.2000    40      417.0000      237.3333      908   43.09%         x_50_42 D    194    193     29
    228   221      346.5000    21      417.0000      237.3333     1033   43.09%         x_46_11 N    228    227     63
    259   248      272.5000    32      417.0000      237.3333     1217   43.09%          x_26_3 U    259    258     30
    280   269      310.0000     0      417.0000      237.3333     1275   43.09%          x_48_6 D    280    279     51
    310   299      407.0000    14      417.0000      237.3333     1383   43.09%           x_3_6 U    310    309     81
*   460+  432                          392.0000      238.8824            39.06%
    460   434      295.0000    16      392.0000      238.8824     2097   39.06%         x_17_41 U    460    459     35
Elapsed time = 6.80 sec. (3571.82 ticks, tree = 2.01 MB, solutions = 3)
*   501   413      integral     0      339.0000      238.8824     2245   29.53%
    553   463      309.5000    18      339.0000      239.5000     2463   29.35%          x_30_9 U    553    552     55
    667   566      271.0000    25      339.0000      239.6667     3070   29.30%         x_41_39 U    667    666     27
*   689   455      integral     0      307.0000      239.6667     3141   21.93%
    791   546      280.1667    31      307.0000      240.5455     3662   21.65%          x_5_30 U    791    790     25
*   821   467      integral     0      294.0000      240.5455     3778   18.18%
    953   583      267.0000    70      294.0000      242.0000     4480   17.69%         x_14_46 D    953      5      6
*   980   561      integral     0      290.0000      242.0000     4591   16.55%
*   983   523      integral     0      286.0000      242.0000     4596   15.38%
*  1047   354      integral     0      273.0000      243.7500     5155   10.71%
*  1049   333      integral     0      272.0000      243.7500     5159   10.39%
*  1087   319      integral     0      271.0000      245.0000     5566    9.59%
*  1105   296      integral     0      270.0000      247.0000     5886    8.52%
   1130   305      268.0000    24      270.0000      249.3333     6177    7.65%         x_37_33 D   1130   1129     19
*  1132   289      integral     0      269.0000      249.3333     6191    7.31%
*  1215   140      integral     0      264.0000      253.0000     7043    4.17%

Cover cuts applied:  1
Flow cuts applied:  0
Mixed integer rounding cuts applied:  0
Zero-half cuts applied:  7
User cuts applied:  887

Root node processing (before b&c):
  Real time             =    0.70 sec. (254.65 ticks)
Sequential b&c:
  Real time             =   12.58 sec. (8671.37 ticks)
                          ------------
Total (root+branch&cut) =   13.28 sec. (8926.02 ticks)
