Version identifier: 22.1.1.0 | 2022-11-27 | 9160aff4d
CPXPARAM_Read_DataCheck                          1
CPXPARAM_Threads                                 1
CPXPARAM_MIP_Strategy_NodeSelect                 2
CPXPARAM_MIP_Strategy_HeuristicFreq              5
CPXPARAM_MIP_Tolerances_MIPGap                   0.0050000000000000001
Tried aggregator 2 times.
MIP Presolve eliminated 35 rows and 282 columns.
MIP Presolve added 18 rows and 0 columns.
MIP Presolve modified 12152 coefficients.
Aggregator did 4 substitutions.
Reduced MIP has 2714 rows, 3661 columns, and 20452 nonzeros.
Reduced MIP has 3612 binaries, 0 generals, 0 SOSs, and 0 indicators.
Presolve time = 0.03 sec. (25.25 ticks)
Found incumbent of value 948.000000 after 0.05 sec. (52.19 ticks)
Probing time = 0.02 sec. (3.86 ticks)
Tried aggregator 1 time.
Detecting symmetries...
Reduced MIP has 2714 rows, 3661 columns, and 20452 nonzeros.
Reduced MIP has 3612 binaries, 0 generals, 0 SOSs, and 0 indicators.
Presolve time = 0.03 sec. (11.38 ticks)
Probing time = 0.00 sec. (3.91 ticks)
Clique table members: 2988.
MIP emphasis: balance optimality and feasibility.
MIP search method: dynamic search.
Parallel mode: none, using 1 thread.
Root relaxation solution time = 0.03 sec. (20.63 ticks)

        Nodes                                         Cuts/
   Node  Left     Objective  IInf  Best Integer    Best Bound    ItCnt     Gap

*     0+    0                          948.0000        0.0000           100.00%
      0     0      206.9882   114      948.0000      206.9882      512   78.17%
      0     0      224.1000   108      948.0000     Cuts: 134      757   76.36%
      0     0      226.2153   107      948.0000     Cuts: 110     1003   76.14%
      0     0      226.7143    82      948.0000      Cuts: 86     1086   76.08%
      0     0      226.8000    86      948.0000      Cuts: 45     1154   76.08%
      0     0      226.8000    88      948.0000      Cuts: 61     1198   76.08%
Detecting symmetries...
      0     0      226.8000    74      948.0000      Cuts: 11     1230   76.08%
*     0+    0                          830.0000      226.8000            72.67%
      0     0      226.8000    90      830.0000      Cuts: 49     1300   72.67%
Detecting symmetries...
      0     2      226.8000    67      830.0000      226.8000     1300   72.67%
Elapsed time = 1.55 sec. (1724.60 ticks, tree = 0.01 MB, solutions = 2)
     25    27      226.8000    74      830.0000      226.8000     2021   72.67%
     50    52      226.8000    73      830.0000      226.8000     2824   72.67%
*    55+   55                          292.0000      226.8000            22.33%
     60    62      226.8000    67      292.0000      226.8000     3350   22.33%
     90    92      238.0367    22      292.0000      226.8000     5007   22.33%
    142   138      227.1333    50      292.0000      226.8000     6514   22.33%
    184   178      236.7506    44      292.0000      226.8000     7899   22.33%
*   220+  203                          276.0000      226.8000            17.83%
    235   218      249.6636     6      276.0000      226.8000     9406   17.83%
    286   249      233.3202    49      276.0000      226.8000    10385   17.83%
    361   324      246.9196    44      276.0000      226.8000    10992   17.83%
*   515+  454                          268.0000      226.8000            15.37%
    515   456      227.1923    67      268.0000      226.8000    15789   15.37%
Elapsed time = 4.19 sec. (5171.78 ticks, tree = 0.94 MB, solutions = 5)
    549   490      228.2536    74      268.0000      226.8000    16311   15.37%

Performing restart 1

Repeating presolve.
Tried aggregator 1 time.
MIP Presolve eliminated 1271 rows and 1325 columns.
MIP Presolve modified 3364 coefficients.
Reduced MIP has 1443 rows, 2336 columns, and 11467 nonzeros.
Reduced MIP has 2287 binaries, 0 generals, 0 SOSs, and 0 indicators.
Presolve time = 0.03 sec. (12.95 ticks)
Tried aggregator 1 time.
MIP Presolve modified 539 coefficients.
Reduced MIP has 1443 rows, 2336 columns, and 11462 nonzeros.
Reduced MIP has 2287 binaries, 0 generals, 0 SOSs, and 0 indicators.
Presolve time = 0.00 sec. (9.72 ticks)
Represolve time = 0.08 sec. (55.35 ticks)
    625     0      227.2643   110      268.0000     Cuts: 100    17841   15.20%
    625     0      227.4465   119      268.0000     Cuts: 103    18004   15.13%
    625     0      227.4783    84      268.0000     Cuts: 124    18163   15.12%
    625     0      227.6064   119      268.0000      Cuts: 75    18279   15.07%
    625     0      227.6098   115      268.0000      Cuts: 99    18359   15.07%
    625     0      227.6284   132      268.0000      Cuts: 62    18404   15.06%
    625     0      227.6316   134      268.0000      Cuts: 68    18453   15.06%
    625     0      227.6369   130      268.0000      Cuts: 45    18515   15.06%
    625     0      227.6375   123      268.0000      Cuts: 54    18592   15.06%
    625     0      227.6375   124      268.0000      Cuts: 54    18641   15.06%
    625     0      227.6375   111      268.0000      Cuts: 12    18671   15.06%
    625     0      227.6375   109      268.0000      Cuts: 50    18715   15.06%
    625     0      227.6375   116      268.0000      Cuts: 27    18757   15.06%
    625     0      227.6375   107      268.0000       Cuts: 5    18782   15.06%
*   625+    0                          253.0000      227.6375            10.02%
    625     0  -1.00000e+75     0      253.0000      227.6375    18782   10.02%
    625     2      227.6375   104      253.0000      227.6375    18782   10.02%
    634    11      228.1601    80      253.0000      227.6541    19286   10.02%
    686    63      229.8011    44      253.0000      227.6541    20587   10.02%
    776   130      227.6667    45      253.0000      227.6598    21118   10.02%
    825   176      231.2555    66      253.0000      227.6598    22389   10.02%
    928   269      233.9690    48      253.0000      227.6598    23792   10.02%
   1025   354      236.3047    80      253.0000      227.6598    24684   10.02%
*  1075+  396                          251.0000      227.6598             9.30%
   1141   450      232.4854    71      251.0000      227.6598    27162    9.30%
   1280   571      228.9596    80      251.0000      227.6598    28690    9.30%
Elapsed time = 18.62 sec. (19687.56 ticks, tree = 0.76 MB, solutions = 7)
   1500   767      231.1809    65      251.0000      227.7273    31409    9.27%
   1711   973      229.9089    59      251.0000      227.7273    33633    9.27%
   1922  1158      232.6000    82      251.0000      227.7273    36722    9.27%
*  2125+ 1291                          247.0000      227.7273             7.80%
   2190  1355      229.7617    53      247.0000      227.7500    41337    7.79%
*  2368  1464      integral     0      246.0000      227.7500    43404    7.42%
*  2400+ 1309                          243.0000      227.7500             6.28%
   2495  1402      232.3036    73      243.0000      227.7500    45316    6.28%
*  2560   228      integral     0      232.0000      227.7500    46535    1.83%
   2660   240      228.0453    72      232.0000      228.0000    50992    1.72%
   2795   226      228.6391    63      232.0000      228.2084    56063    1.63%
   2949   193      230.2222    83      232.0000      229.3077    63168    1.16%

GUB cover cuts applied:  40
Clique cuts applied:  15
Cover cuts applied:  38
Implied bound cuts applied:  4
Flow cuts applied:  1
Mixed integer rounding cuts applied:  64
Zero-half cuts applied:  27
Lift and project cuts applied:  7
Gomory fractional cuts applied:  17

Root node processing (before b&c):
  Real time             =    1.55 sec. (1724.89 ticks)
Sequential b&c:
  Real time             =   25.28 sec. (26603.69 ticks)
                          ------------
Total (root+branch&cut) =   26.83 sec. (28328.57 ticks)
