Version identifier: 22.1.1.0 | 2022-11-27 | 9160aff4d
CPXPARAM_Preprocessing_Presolve                  0
CPXPARAM_Read_DataCheck                          1
CPXPARAM_Threads                                 1
CPXPARAM_MIP_Strategy_NodeSelect                 0
CPXPARAM_MIP_Tolerances_MIPGap                   0.0050000000000000001
Legacy callback                                  LD
Warning: Control callbacks may disable some MIP features.
Lazy constraint(s) or lazy constraint/branch callback is present.
    Disabling dual reductions (CPX_PARAM_REDUCE) in presolve.
    Disabling presolve reductions that prevent crushing forms (CPX_PARAM_PREREFORM).
Clique table members: 100.
MIP emphasis: balance optimality and feasibility.
MIP search method: traditional branch-and-cut.
Parallel mode: none, using 1 thread.
Root relaxation solution time = 0.00 sec. (0.72 ticks)

        Nodes                                         Cuts/
   Node  Left     Objective  IInf  Best Integer    Best Bound    ItCnt     Gap         Variable B NodeID Parent  Depth

      0     0      233.3333    37                    227.0000       48         
      0     0      234.0000    26                     Cuts: 2       50         
      0     0      234.0000    38                 ZeroHalf: 3       51         
      0     0      234.2000    47                 ZeroHalf: 3       56         
      0     2      234.6667    65                    234.6667       56                                 0             0
Elapsed time = 0.41 sec. (248.10 ticks, tree = 0.01 MB, solutions = 0)
*    40+   40                          461.0000      235.2857            48.96%
     41    43      359.0000    14      461.0000      235.2857      249   48.96%          x_1_24 D     41     40     41
*    44    44      integral     0      376.0000      235.2857      257   37.42%
*    55    41      integral     0      367.0000      235.2857      289   35.89%
*    71    38      integral     0      366.0000      235.2857      366   35.71%
    146    42        cutoff            366.0000      235.2857      719   35.71%         x_21_37 U    146    145     47
*   158    38      integral     0      361.0000      235.2857      772   34.82%
*   231    40      integral     0      355.0000      235.2857     1143   33.72%
    260    46      246.0000    16      355.0000      236.0000     1306   33.52%           x_1_8 D    260    259      9
    310    87      346.0000    14      355.0000      236.0000     1520   33.52%         x_50_25 D    310    309     51
    380   149      289.0000    22      355.0000      237.3333     1783   33.15%          x_8_44 D    380    379     62
    440   189      254.2500    29      355.0000      238.0000     2009   32.96%         x_38_49 U    440    439     14
    490   239      347.5000    12      355.0000      238.0000     2222   32.96%          x_6_42 D    490    489     64
    563   297      265.6250    31      355.0000      240.5455     2462   32.24%         x_36_31 D    563    562     60
    614   346      344.3333    18      355.0000      240.5455     2620   32.24%          x_6_12 D    614    613    110
*   804   430      integral     0      354.0000      241.2857     3344   31.84%
*   809   426      integral     0      352.0000      241.2857     3363   31.45%
*   817   422      integral     0      351.0000      241.2857     3386   31.26%
*   818   419      integral     0      350.0000      241.2857     3395   31.06%
*   821   408      integral     0      343.0000      241.2857     3405   29.65%
    821   408      343.0000     0      343.0000      241.2857     3405   29.65%         x_11_20 U    821    775     79
Elapsed time = 3.17 sec. (3467.02 ticks, tree = 1.72 MB, solutions = 11)
*   877   378      integral     0      308.0000      241.3333     3660   21.65%
*   961   363      integral     0      286.0000      242.0000     4043   15.38%
   1042   368      272.3333    39      286.0000      242.0000     4546   15.38%          x_19_3 D   1042   1041     21
*  1046   341      integral     0      283.0000      242.0000     4566   14.49%
*  1092   205      integral     0      266.0000      243.3333     4859    8.52%
*  1096   190      integral     0      265.0000      243.3333     4872    8.18%
*  1169   142      integral     0      264.0000      251.0000     5851    4.92%

Cover cuts applied:  1
Zero-half cuts applied:  7
User cuts applied:  552

Root node processing (before b&c):
  Real time             =    0.41 sec. (248.35 ticks)
Sequential b&c:
  Real time             =    3.98 sec. (4725.48 ticks)
                          ------------
Total (root+branch&cut) =    4.39 sec. (4973.83 ticks)
