Version identifier: 22.1.1.0 | 2022-11-27 | 9160aff4d
CPXPARAM_Preprocessing_Presolve                  0
CPXPARAM_Read_DataCheck                          1
CPXPARAM_Threads                                 1
CPXPARAM_MIP_Cuts_Covers                         2
CPXPARAM_MIP_Cuts_FlowCovers                     2
CPXPARAM_MIP_Cuts_MIRCut                         2
CPXPARAM_MIP_Tolerances_MIPGap                   0.0050000000000000001
Legacy callback                                  LD
Warning: Control callbacks may disable some MIP features.
Lazy constraint(s) or lazy constraint/branch callback is present.
    Disabling dual reductions (CPX_PARAM_REDUCE) in presolve.
    Disabling presolve reductions that prevent crushing forms (CPX_PARAM_PREREFORM).
Clique table members: 100.
MIP emphasis: balance optimality and feasibility.
MIP search method: traditional branch-and-cut.
Parallel mode: none, using 1 thread.
Root relaxation solution time = 0.00 sec. (0.72 ticks)

        Nodes                                         Cuts/
   Node  Left     Objective  IInf  Best Integer    Best Bound    ItCnt     Gap         Variable B NodeID Parent  Depth

      0     0      233.3333    37                    227.0000       48         
      0     0      234.0000    26                     Cuts: 2       50         
      0     0      234.0000    38                 ZeroHalf: 3       51         
      0     0      234.2000    47                 ZeroHalf: 3       56         
      0     2      234.6667    65                    234.6667       56                                 0             0
Elapsed time = 1.14 sec. (248.10 ticks, tree = 0.01 MB, solutions = 0)
     40    42      319.3333    19                    235.2857      254                  x_20_32 U     40     39     31
*    62    62      integral     0      418.0000      235.2857      367   43.71%
     89    87      266.0000    16      418.0000      236.0000      498   43.54%         x_16_36 U     89     88     20
    137   135      308.0000    16      418.0000      236.0000      696   43.54%         x_29_23 D    137    136     51
    160   158      406.0000    14      418.0000      236.0000      775   43.54%         x_21_36 U    160    159     70
*   180+  171                          417.0000      237.3333            43.09%
    195   188      271.2500    38      417.0000      237.3333      910   43.09%         x_17_41 U    195    194     30
    229   222      352.5000    21      417.0000      237.3333     1040   43.09%          x_3_39 U    229    228     64
    260   249      277.0000     0      417.0000      237.3333     1219   43.09%         x_22_13 D    260    259     31
    282   271      311.6667    33      417.0000      237.3333     1280   43.09%         x_11_25 D    282    281     53
    311   300      407.5000    16      417.0000      237.3333     1386   43.09%          x_46_4 D    311    310     82
*   460+  432                          392.0000      238.8824            39.06%
    460   434      295.0000    16      392.0000      238.8824     2097   39.06%         x_17_41 U    460    459     35
Elapsed time = 8.88 sec. (3560.10 ticks, tree = 2.01 MB, solutions = 3)
*   501   413      integral     0      339.0000      238.8824     2245   29.53%
    552   462      307.5000    12      339.0000      239.5000     2461   29.35%          x_6_48 U    552    551     54
    664   563      270.3333    46      339.0000      239.6667     3063   29.30%          x_8_12 D    664    663     24
*   689   455      integral     0      307.0000      239.6667     3141   21.93%
    790   545      276.0000    14      307.0000      240.5455     3661   21.65%          x_3_26 U    790    788     24
*   821   467      integral     0      294.0000      240.5455     3778   18.18%
    951   583    infeasible            294.0000      242.0000     4424   17.69%         x_16_19 U    951    950     41
*   980   561      integral     0      290.0000      242.0000     4591   16.55%
*   983   523      integral     0      286.0000      242.0000     4596   15.38%
*  1047   354      integral     0      273.0000      243.7500     5155   10.71%
*  1049   333      integral     0      272.0000      243.7500     5159   10.39%
*  1087   319      integral     0      271.0000      245.0000     5566    9.59%
*  1105   296      integral     0      270.0000      247.0000     5891    8.52%
   1127   304      267.5000    40      270.0000      249.3333     6175    7.65%          x_6_44 D   1127   1125     17
*  1132   289      integral     0      269.0000      249.3333     6196    7.31%
*  1217   140      integral     0      264.0000      253.0000     7038    4.17%

Cover cuts applied:  1
Flow cuts applied:  0
Mixed integer rounding cuts applied:  0
Zero-half cuts applied:  7
User cuts applied:  886

Root node processing (before b&c):
  Real time             =    1.12 sec. (248.30 ticks)
Sequential b&c:
  Real time             =   14.02 sec. (8631.06 ticks)
                          ------------
Total (root+branch&cut) =   15.14 sec. (8879.36 ticks)
