Version identifier: 22.1.1.0 | 2022-11-27 | 9160aff4d
CPXPARAM_Preprocessing_Presolve                  0
CPXPARAM_Read_DataCheck                          1
CPXPARAM_Threads                                 1
CPXPARAM_MIP_Strategy_HeuristicFreq              -1
CPXPARAM_MIP_Tolerances_MIPGap                   0.0050000000000000001
Clique table members: 2706.
MIP emphasis: balance optimality and feasibility.
MIP search method: dynamic search.
Parallel mode: none, using 1 thread.
Root relaxation solution time = 0.03 sec. (21.67 ticks)

        Nodes                                         Cuts/
   Node  Left     Objective  IInf  Best Integer    Best Bound    ItCnt     Gap

      0     0      206.9800   121                    206.9800      793         
      0     0      223.4667   103                   Cuts: 170     1003         
      0     0      226.6500    96                   Cuts: 218     1159         
      0     0      226.6800    79                   Cuts: 132     1229         
      0     0      226.6800    70                    Cuts: 47     1319         
      0     0      226.6800    73                    Cuts: 82     1395         
      0     0      226.6800    55                    Cuts: 12     1409         
      0     0      226.8000    58                    Cuts: 28     1441         
      0     0      226.8000    83                    Cuts: 33     1498         
Detecting symmetries...
      0     2      226.8000    67                    226.8000     1498         
Elapsed time = 0.69 sec. (936.76 ticks, tree = 0.01 MB, solutions = 0)
      2     4      227.8400    79                    227.0000     1694         
      6     7      227.3316    93                    227.2800     1812         
     19    20      227.6287    68                    227.2800     1996         
     38    39      228.5356    87                    227.2800     2222         
     58    59      229.5317    85                    227.2800     2457         
     73    74      229.8912    61                    227.2800     2922         
    106   107      230.9533    56                    227.2800     3412         
    136   137      232.5925    72                    227.2800     4020         
    168   169      248.2100    54                    227.2800     4525         
    316   316      243.9825    60                    227.2800     5855         
Elapsed time = 3.88 sec. (4208.98 ticks, tree = 0.73 MB, solutions = 0)
    488   477      227.7500    48                    227.3000     7131         
    719   707      322.1200    42                    227.3000     9559         
    958   906      972.5133    60                    227.3000    11373         
   1098  1038      338.9565    69                    227.6349    15172         
   1341  1281      235.7005    66                    227.6432    18510         
   1709  1647      232.2659    42                    227.6948    23534         
   2041  1979      236.7143    43                    227.8000    28868         
   2348  2286      244.7340    55                    227.8000    33829         
   2648  2586      235.1962    60                    227.8400    39549         
   2986  2924      242.8241    55                    227.8400    45547         
Elapsed time = 11.50 sec. (13790.40 ticks, tree = 5.91 MB, solutions = 0)
   3283  3215      232.4580    46                    227.9250    50502         
   3509  3439      234.7823    73                    227.9333    54947         
   3831  3761      242.7277    79                    227.9826    59945         
   4222  4151      230.8878    34                    228.0160    65736         
   4602  4529      228.6000    54                    228.0667    72265         
   4852  4779      246.6000    42                    228.0717    79402         
   5180  5102      487.2000    38                    228.0800    85310         
   5567  5483      244.9669    48                    228.1500    92179         
   5949  5863      377.4799    56                    228.1515    98941         
   6328  6242      247.4012    64                    228.2000   105661         
Elapsed time = 17.97 sec. (23362.45 ticks, tree = 12.53 MB, solutions = 0)
   6707  6620      304.2111    77                    228.2000   112199         
   7019  6932      232.1899    65                    228.2000   117687         
   7466  7377      234.6000    34                    228.2291   123807         
   7908  7819      246.9497    72                    228.2644   130453         
   8287  8197      243.0000    31                    228.2970   137179         
   8802  8710      236.8641    72                    228.3014   143988         
   9203  9109      229.3333    56                    228.3300   151437         
   9513  9419      245.6196    59                    228.3300   159014         
   9863  9769      233.1591    66                    228.3435   165389         
  10272 10177      346.1119    84                    228.3506   170915         
Elapsed time = 24.45 sec. (32947.78 ticks, tree = 20.61 MB, solutions = 0)
  10694 10595      338.1634    62                    228.3637   176920         
  11003 10901      234.9961    67                    228.3768   182882         
  11418 11314      230.3111    50                    228.4000   188802         
  11763 11659      239.3451    51                    228.4061   196275         
  12164 12056      362.9000    49                    228.4320   202649         
  12625 12513      278.1794    56                    228.4551   208142         
  13061 12948      347.1164    78                    228.4627   214083         
  13509 13396      289.3479    50                    228.4729   218901         
  13954 13837      335.6333    35                    228.5028   224600         
  14406 14289      235.3364    68                    228.5085   230179         
Elapsed time = 31.12 sec. (42520.41 ticks, tree = 28.70 MB, solutions = 0)
  14907 14786      243.1216    53                    228.5137   236474         
  15384 15260      273.4675    40                    228.5302   242673         
  15849 15723      317.6576    48                    228.5523   248449         
  16229 16103      238.8974    92                    228.5609   253672         
  16654 16524      242.9922    49                    228.6000   260340         
  17002 16872      228.7455    62                    228.6146   266381         
  17356 17223      303.6586    45                    228.6205   273052         
  17805 17672      239.0151    85                    228.6325   278792         
  18216 18081      236.2953    56                    228.6704   284974         
  18694 18556      359.0637    33                    228.6804   291218         
Elapsed time = 38.89 sec. (52102.30 ticks, tree = 37.79 MB, solutions = 0)
  19065 18925      340.6898    56                    228.7094   298246         
  19468 19328      240.9408    52                    228.7258   304421         
  19870 19730      236.0356    80                    228.7333   311015         
  20248 20107      261.6881    60                    228.7392   317395         
  20656 20513      247.7451    76                    228.7500   323203         
  20967 20823      256.8397    45                    228.7521   330176         
  21464 21315      343.2680    54                    228.7718   336503         
  21930 21778      421.8018    41                    228.7837   343403         
  22369 22217      340.7033    29                    228.8000   350310         
  22806 22652      232.1512    76                    228.8000   357059         
Elapsed time = 46.25 sec. (61664.24 ticks, tree = 45.89 MB, solutions = 0)
  23133 22978      349.4514    65                    228.8000   364113         
  23561 23404      363.1485    60                    228.8095   370446         
  24020 23856      237.5293    77                    228.8414   377119         
  24436 24266      239.6196    44                    228.8603   383555         
  24853 24681      245.1204    49                    228.8653   390275         
  25321 25141      405.7000    34                    228.8906   397587         
  25708 25524      362.8423    40                    228.8978   404296         
  26198 26013      376.9525    43                    228.9277   410563         
  26531 26346      280.8836    26                    228.9333   416949         
* 26540 17314      integral     0      301.0000      228.9333   417066   23.94%
  26902 17667      247.7055    59      301.0000      228.9464   423701   23.94%
Elapsed time = 53.34 sec. (71214.88 ticks, tree = 36.00 MB, solutions = 1)
  27338 18095      272.8493    50      301.0000      228.9800   429680   23.93%
  27694 18439      233.6289    68      301.0000      229.0148   435218   23.92%
  28218 18950      229.6784    95      301.0000      229.0295   440419   23.91%
  28485 19191      235.9858    71      301.0000      229.0699   447677   23.90%
  28849 19548      248.8851    58      301.0000      229.0840   453902   23.89%
  29228 19915      257.1916    58      301.0000      229.0949   460219   23.89%
  29677 20352      233.8979    80      301.0000      229.0981   466017   23.89%
  30088 20753      245.9200    40      301.0000      229.1279   472312   23.88%
  30595 21250      242.3709    72      301.0000      229.1373   477965   23.87%
  31031 21675      252.9728    57      301.0000      229.1541   483831   23.87%
Elapsed time = 60.17 sec. (80807.35 ticks, tree = 43.94 MB, solutions = 1)
  31380 21993      239.0049    65      301.0000      229.2019   490088   23.85%
  31803 22399      285.6946    54      301.0000      229.2333   496537   23.84%
  32307 22894      245.0067    71      301.0000      229.2399   501372   23.84%
  32608 23178      256.1000    40      301.0000      229.2455   508861   23.84%
  33164 23722      229.4000    62      301.0000      229.2598   513051   23.83%
  33445 23997      235.2857    50      301.0000      229.2660   519321   23.83%
  33884 24422      291.1100    51      301.0000      229.2708   524549   23.83%
  34271 24800      245.8600    34      301.0000      229.2734   530436   23.83%
  34686 25190      246.3843    83      301.0000      229.2805   535940   23.83%
  36411 26870      235.1333    50      301.0000      229.3000   559965   23.82%
Elapsed time = 68.91 sec. (93280.25 ticks, tree = 54.28 MB, solutions = 1)
  37710 28114      247.8331    63      301.0000      229.3170   587208   23.81%
  39124 29483      249.2311    63      301.0000      229.3356   615417   23.81%
  40693 31020      241.1952    77      301.0000      229.3706   641977   23.80%
  42658 32939      246.4980    58      301.0000      229.3774   664346   23.79%
  44105 34338      234.4504    63      301.0000      229.4000   690486   23.79%
  45689 35877      268.6667    66      301.0000      229.4119   716064   23.78%
* 46950 22723      integral     0      261.0000      229.4353   731004   12.09%
  47283 23030      237.0049    76      261.0000      229.4406   740461   12.09%
* 47906   684      integral     0      232.0000      229.4800   766396    1.09%
  47988   654      230.3750    62      232.0000      229.6024   775829    1.03%
  48255   472        cutoff            232.0000      230.0000   810631    0.86%
  48514   268      230.6223   101      232.0000      230.4640   847486    0.66%
Elapsed time = 96.98 sec. (131498.88 ticks, tree = 3.22 MB, solutions = 3)

GUB cover cuts applied:  39
Clique cuts applied:  12
Cover cuts applied:  396
Implied bound cuts applied:  415
Flow cuts applied:  2
Mixed integer rounding cuts applied:  39
Zero-half cuts applied:  20
Multi commodity flow cuts applied:  1
Lift and project cuts applied:  4
Gomory fractional cuts applied:  16

Root node processing (before b&c):
  Real time             =    0.69 sec. (936.83 ticks)
Sequential b&c:
  Real time             =   97.69 sec. (132289.63 ticks)
                          ------------
Total (root+branch&cut) =   98.38 sec. (133226.46 ticks)
