Version identifier: 22.1.1.0 | 2022-11-27 | 9160aff4d
CPXPARAM_Preprocessing_Presolve                  0
CPXPARAM_Read_DataCheck                          1
CPXPARAM_Threads                                 1
CPXPARAM_MIP_Strategy_NodeSelect                 0
CPXPARAM_MIP_Tolerances_MIPGap                   0.0050000000000000001
Clique table members: 2706.
MIP emphasis: balance optimality and feasibility.
MIP search method: dynamic search.
Parallel mode: none, using 1 thread.
Root relaxation solution time = 0.02 sec. (21.67 ticks)

        Nodes                                         Cuts/
   Node  Left     Objective  IInf  Best Integer    Best Bound    ItCnt     Gap

      0     0      206.9800   121                    206.9800      793         
      0     0      223.4667   103                   Cuts: 170     1003         
      0     0      226.6500    96                   Cuts: 218     1159         
      0     0      226.6800    73                   Cuts: 133     1230         
      0     0      226.7455    64                   Cuts: 127     1321         
      0     0      226.8333    82                   Cuts: 113     1366         
      0     0      226.8333    71                    Cuts: 27     1392         
      0     0      226.8333    78                     Cuts: 4     1412         
*     0+    0                          725.0000      226.8333            68.71%
*     0+    0                          572.0000      226.8333            60.34%
*     0+    0                          446.0000      226.8333            49.14%
*     0+    0                          396.0000      226.8333            42.72%
*     0+    0                          395.0000      226.8333            42.57%
      0     0  -1.00000e+75     0      395.0000      226.8333     1412   42.57%
Detecting symmetries...
      0     2      226.8333    65      395.0000      226.8800     1412   42.56%
Elapsed time = 1.62 sec. (1732.53 ticks, tree = 0.01 MB, solutions = 5)
      1     3      227.0386    70      395.0000      227.0814     1451   42.51%
      5     7      227.6107    64      395.0000      227.1548     1696   42.49%
      8    10      228.5333    74      395.0000      227.1548     1832   42.49%
     13    15      230.1500    73      395.0000      227.1548     2061   42.49%
     22    24      230.6436    77      395.0000      227.1548     2327   42.49%
     39    41      231.6680    70      395.0000      227.1548     2517   42.49%
     56    58      232.8560    67      395.0000      227.1548     2725   42.49%
     75    77      234.5900    43      395.0000      227.1548     3002   42.49%
     97    99      236.2640    51      395.0000      227.1548     3206   42.49%
    198   200      245.3600    41      395.0000      227.1548     3901   42.49%
Elapsed time = 3.95 sec. (4992.16 ticks, tree = 0.46 MB, solutions = 5)
*   255+  240                          380.0000      227.1548            40.22%
    325   238      354.8000    38      380.0000      227.1548     5713   40.22%
    665   233      322.6000    51      380.0000      227.1548    10558   40.22%
    983   211      331.9417    33      380.0000      227.1548    14648   40.22%
   1328   230      350.5307    50      380.0000      227.1548    19171   40.22%
   1695   244      345.8400    42      380.0000      227.1548    23520   40.22%
   1958   289      231.1972    51      380.0000      227.3000    26167   40.18%
*  2000+  293                          273.0000      227.3000            16.74%
   2113   390        cutoff            273.0000      227.4467    27792   16.69%
   2310   425      228.3451    81      273.0000      227.5600    33482   16.64%
   2499   611      234.4800    40      273.0000      227.5600    34330   16.64%
*  2602   568      integral     0      266.0000      227.5600    35973   14.45%
Elapsed time = 10.31 sec. (13982.17 ticks, tree = 1.18 MB, solutions = 8)
   2894   635      258.2442    74      266.0000      227.6800    41693   14.41%
   3257   666      245.5733    55      266.0000      227.6800    48786   14.41%
   3607   620        cutoff            266.0000      227.6800    56514   14.41%
   3977   621        cutoff            266.0000      227.6800    64228   14.41%
   4261   780      240.3265    68      266.0000      227.6831    67177   14.40%
*  4632   991      integral     0      265.0000      227.7086    71369   14.07%
   4663   970      261.0000    29      265.0000      227.7086    72556   14.07%
*  4864   985      integral     0      255.0000      227.7667    74691   10.68%
   5000  1034      253.6000     2      255.0000      227.8000    77024   10.67%
*  6000+  809                          249.0000      227.8000             8.51%
*  6000+  797                          248.0000      227.8000             8.15%
   6000   796      248.0000     0      248.0000      227.8000    79658    8.15%
   6899   829      246.6000     2      248.0000      227.8000    83837    8.15%
   7838   826      246.6000     6      248.0000      227.8000    88246    8.15%
Elapsed time = 17.67 sec. (24225.47 ticks, tree = 1.72 MB, solutions = 12)
   8824   813      246.6000     8      248.0000      227.8000    92315    8.15%
   9731   817        cutoff            248.0000      227.8000    96965    8.15%
* 10000+  735                          245.0000      227.8000             7.02%
  10206   802      241.1620    72      245.0000      227.8400   101961    7.00%
  10522   839        cutoff            245.0000      227.8400   109710    7.00%
  10891   948      243.6000     9      245.0000      227.8400   116018    7.00%
  11328   938      243.6000    17      245.0000      227.8400   118009    7.00%
  12396   928      243.6000    25      245.0000      227.8400   120640    7.00%
  13440   934      243.6000     2      245.0000      227.8400   123807    7.00%
  14325   927        cutoff            245.0000      227.8400   127801    7.00%
  15200   933      243.6000     7      245.0000      227.8400   131797    7.00%
Elapsed time = 24.41 sec. (33787.50 ticks, tree = 1.93 MB, solutions = 13)
  16028   928      243.6000     9      245.0000      227.8400   135631    7.00%
  16742   961      230.1133    63      245.0000      227.8400   138928    7.00%
* 17000+ 1132                          244.0000      227.8638             6.61%
* 17000+  971                          241.0000      227.8638             5.45%
  17000   973      232.7046    48      241.0000      227.8638   141778    5.45%
  17365   919      235.9241    74      241.0000      227.8872   147488    5.44%
  17655  1043      231.0052    68      241.0000      228.0000   151990    5.39%
  18038  1018        cutoff            241.0000      228.0000   159548    5.39%
  18578  1072        cutoff            241.0000      228.0000   167156    5.39%
  19013  1121    infeasible            241.0000      228.0241   174465    5.38%
  19404  1151      239.9110    59      241.0000      228.0560   181314    5.37%
  19722  1179      231.6428   100      241.0000      228.0871   189085    5.36%
Elapsed time = 30.86 sec. (43401.39 ticks, tree = 4.31 MB, solutions = 15)
  20110  1176      231.2690    61      241.0000      228.0871   197501    5.36%
  20478  1244      238.6476    40      241.0000      228.1286   204935    5.34%
* 20614  1133      integral     0      239.0000      228.1286   206948    4.55%
* 20743  1004      integral     0      236.0000      228.1286   208638    3.34%
  20867  1013        cutoff            236.0000      228.1527   211860    3.33%
  21110  1010      234.0784    47      236.0000      228.1527   218720    3.33%
  21396  1012      228.4353    54      236.0000      228.2000   226462    3.31%
  21653  1020      233.5167    82      236.0000      228.2000   234339    3.31%
  22156  1031      234.6000     8      236.0000      228.2000   240202    3.31%
  22726  1052        cutoff            236.0000      228.2083   245864    3.30%
  22976  1082      230.7860    94      236.0000      228.2451   254334    3.29%
* 23000+  668                          233.0000      228.2750             2.03%
  23098   645      230.4902    69      233.0000      228.3200   260227    2.01%
Elapsed time = 37.33 sec. (52978.36 ticks, tree = 2.89 MB, solutions = 18)
  23285   644      229.1190    83      233.0000      228.4163   267659    1.97%
  23455   635      229.2963    64      233.0000      228.6000   275171    1.89%
  23574   638      230.1961    69      233.0000      228.6000   283487    1.89%
  23692   631        cutoff            233.0000      228.6200   291151    1.88%
  23769   622      231.5008    71      233.0000      228.7332   299789    1.83%
  23896   610        cutoff            233.0000      228.8000   307985    1.80%
  24000   610      230.3713    71      233.0000      228.8234   316453    1.79%
  24129   616        cutoff            233.0000      228.8667   324555    1.77%
  24230   602      230.9284    58      233.0000      228.9333   333697    1.75%
  24333   592      231.6734    75      233.0000      229.0436   342471    1.70%
Elapsed time = 44.03 sec. (62733.30 ticks, tree = 2.75 MB, solutions = 18)
  24436   581      231.5051    92      233.0000      229.1583   350814    1.65%
  24481   573      231.8000    45      233.0000      229.2000   360374    1.63%
  24530   558        cutoff            233.0000      229.3232   369926    1.58%
  24591   549      231.4444   124      233.0000      229.3994   378452    1.55%
* 24604   384      integral     0      232.0000      229.4245   380452    1.11%
  24666   329        cutoff            232.0000      229.8364   387630    0.93%
  24806   209        cutoff            232.0000      230.2784   397396    0.74%

GUB cover cuts applied:  33
Clique cuts applied:  11
Cover cuts applied:  397
Implied bound cuts applied:  408
Mixed integer rounding cuts applied:  50
Zero-half cuts applied:  14
Multi commodity flow cuts applied:  4
Lift and project cuts applied:  8
Gomory fractional cuts applied:  14

Root node processing (before b&c):
  Real time             =    1.62 sec. (1732.93 ticks)
Sequential b&c:
  Real time             =   47.20 sec. (67726.91 ticks)
                          ------------
Total (root+branch&cut) =   48.83 sec. (69459.84 ticks)
