Version identifier: 22.1.1.0 | 2022-11-27 | 9160aff4d
CPXPARAM_Read_DataCheck                          1
CPXPARAM_Threads                                 1
CPXPARAM_MIP_Cuts_Covers                         2
CPXPARAM_MIP_Cuts_FlowCovers                     2
CPXPARAM_MIP_Cuts_MIRCut                         2
CPXPARAM_MIP_Strategy_HeuristicFreq              1
CPXPARAM_MIP_Tolerances_MIPGap                   0.0050000000000000001
Tried aggregator 2 times.
MIP Presolve eliminated 35 rows and 282 columns.
MIP Presolve added 18 rows and 0 columns.
MIP Presolve modified 12152 coefficients.
Aggregator did 4 substitutions.
Reduced MIP has 2714 rows, 3661 columns, and 20452 nonzeros.
Reduced MIP has 3612 binaries, 0 generals, 0 SOSs, and 0 indicators.
Presolve time = 0.03 sec. (25.25 ticks)
Found incumbent of value 948.000000 after 0.05 sec. (52.19 ticks)
Probing time = 0.02 sec. (3.86 ticks)
Tried aggregator 1 time.
Detecting symmetries...
Reduced MIP has 2714 rows, 3661 columns, and 20452 nonzeros.
Reduced MIP has 3612 binaries, 0 generals, 0 SOSs, and 0 indicators.
Presolve time = 0.00 sec. (11.38 ticks)
Probing time = 0.00 sec. (3.91 ticks)
Clique table members: 2988.
MIP emphasis: balance optimality and feasibility.
MIP search method: dynamic search.
Parallel mode: none, using 1 thread.
Root relaxation solution time = 0.03 sec. (20.63 ticks)

        Nodes                                         Cuts/
   Node  Left     Objective  IInf  Best Integer    Best Bound    ItCnt     Gap

*     0+    0                          948.0000        0.0000           100.00%
      0     0      206.9882   114      948.0000      206.9882      512   78.17%
      0     0      224.1000   108      948.0000     Cuts: 134      757   76.36%
      0     0      226.2153   107      948.0000     Cuts: 110     1003   76.14%
      0     0      226.7143    82      948.0000      Cuts: 86     1086   76.08%
      0     0      226.8000    86      948.0000      Cuts: 48     1154   76.08%
      0     0      226.8000    88      948.0000      Cuts: 61     1198   76.08%
Detecting symmetries...
      0     0      226.8000    74      948.0000      Cuts: 11     1230   76.08%
*     0+    0                          830.0000      226.8000            72.67%
      0     0      226.8000    90      830.0000      Cuts: 49     1300   72.67%
Detecting symmetries...
      0     2      226.8000    67      830.0000      226.8000     1300   72.67%
Elapsed time = 1.42 sec. (1724.74 ticks, tree = 0.01 MB, solutions = 2)
      2     4      226.8000    69      830.0000      226.8000     1359   72.67%
      7     9      226.8800    71      830.0000      226.8000     1455   72.67%
     20    22      226.8800    89      830.0000      226.8000     1885   72.67%
     26    28      226.8000    64      830.0000      226.8000     2096   72.67%
     33    35      228.6571    72      830.0000      226.8000     2483   72.67%
     47    49      227.4500    35      830.0000      226.8000     2819   72.67%
     66    68      230.6333    39      830.0000      226.8000     3844   72.67%
     84    86      230.4000    17      830.0000      226.8000     4117   72.67%
    110   111      257.8365    51      830.0000      226.8000     4750   72.67%
*   125+  124                          275.0000      226.8000            17.53%
    198   189      244.0229    34      275.0000      226.8000     8255   17.53%
Elapsed time = 3.80 sec. (5104.06 ticks, tree = 1.71 MB, solutions = 3)
    284   269      244.2477    51      275.0000      226.8000    10214   17.53%
    403   382      255.3007    62      275.0000      226.8000    12455   17.53%
    501   472      234.7660    30      275.0000      226.8000    15260   17.53%
*   515+  447                          261.0000      226.8000            13.10%
*   516+  388                          252.0000      226.8000            10.00%
*   516+  349                          247.0000      226.8000             8.18%
    598   422      228.0993    53      247.0000      226.8000    18092    8.18%

Performing restart 1

Repeating presolve.
Tried aggregator 1 time.
MIP Presolve eliminated 1782 rows and 1855 columns.
MIP Presolve modified 2223 coefficients.
Reduced MIP has 932 rows, 1806 columns, and 7733 nonzeros.
Reduced MIP has 1757 binaries, 0 generals, 0 SOSs, and 0 indicators.
Presolve time = 0.00 sec. (7.66 ticks)
Tried aggregator 1 time.
MIP Presolve modified 454 coefficients.
Reduced MIP has 932 rows, 1806 columns, and 7723 nonzeros.
Reduced MIP has 1757 binaries, 0 generals, 0 SOSs, and 0 indicators.
Presolve time = 0.00 sec. (5.81 ticks)
Represolve time = 0.03 sec. (37.41 ticks)
    626     0      227.3284    84      247.0000     Cuts: 137    20207    7.96%
    626     0      227.5433   117      247.0000      Cuts: 88    20312    7.88%
    626     0      227.6160    72      247.0000      Cuts: 94    20405    7.85%
    626     0      227.6664    85      247.0000      Cuts: 69    20500    7.83%
    626     0      227.6664    93      247.0000      Cuts: 69    20571    7.83%
    626     0      227.6664    90      247.0000      Cuts: 27    20617    7.83%
    626     0      227.6664    95      247.0000     Cuts: 114    20720    7.83%
    626     0      227.6664    85      247.0000      Cuts: 45    20784    7.83%
    626     0      227.6664    89      247.0000      Cuts: 44    20863    7.83%
    626     2      227.6664    79      247.0000      227.6664    20863    7.83%
    643    15      232.6000    23      247.0000      227.6678    21594    7.83%
    694    55      234.7621    61      247.0000      227.7565    23384    7.79%
    733    91      232.3434    67      247.0000      227.8000    24141    7.77%
    805   133      229.3402    58      247.0000      227.9333    25421    7.72%
*   826+  104                          236.0000      227.9333             3.42%
    842   117      234.3000    61      236.0000      227.9427    26813    3.41%
Elapsed time = 12.06 sec. (15770.99 ticks, tree = 0.18 MB, solutions = 7)
    926   181      229.2778    69      236.0000      228.0000    29443    3.39%
   1026   257      232.0807    63      236.0000      228.0000    32163    3.39%
   1135   324      229.6885    68      236.0000      228.0956    36308    3.35%
   1249   411      234.6000     2      236.0000      228.1385    39755    3.33%
   1346   473      234.6000    49      236.0000      228.2865    43447    3.27%
   1431   513      230.0834    77      236.0000      228.7431    48211    3.07%
   1538   591      232.5000    62      236.0000      228.9454    51091    2.99%
*  1590+  519                          234.0000      229.0300             2.12%
   1619   531      230.3500    73      234.0000      229.0451    56246    2.12%
   1729   589        cutoff            234.0000      229.1924    61349    2.05%
*  1766   253      integral     0      232.0000      229.2667    63550    1.18%
   1820   249      229.7429    70      232.0000      229.4091    67474    1.12%
Elapsed time = 20.91 sec. (26622.45 ticks, tree = 0.34 MB, solutions = 9)
   1900   210      230.2414    65      232.0000      229.8017    73409    0.95%

GUB cover cuts applied:  44
Clique cuts applied:  21
Cover cuts applied:  83
Implied bound cuts applied:  17
Flow cuts applied:  15
Mixed integer rounding cuts applied:  189
Zero-half cuts applied:  25
Lift and project cuts applied:  11
Gomory fractional cuts applied:  22

Root node processing (before b&c):
  Real time             =    1.42 sec. (1724.90 ticks)
Sequential b&c:
  Real time             =   21.16 sec. (26677.23 ticks)
                          ------------
Total (root+branch&cut) =   22.58 sec. (28402.14 ticks)
