Version identifier: 22.1.1.0 | 2022-11-27 | 9160aff4d
CPXPARAM_Preprocessing_Presolve                  0
CPXPARAM_Read_DataCheck                          1
CPXPARAM_Threads                                 1
CPXPARAM_MIP_Strategy_HeuristicFreq              -1
CPXPARAM_MIP_Tolerances_MIPGap                   0.0050000000000000001
Legacy callback                                  LD
Warning: Control callbacks may disable some MIP features.
Lazy constraint(s) or lazy constraint/branch callback is present.
    Disabling dual reductions (CPX_PARAM_REDUCE) in presolve.
    Disabling presolve reductions that prevent crushing forms (CPX_PARAM_PREREFORM).
Clique table members: 100.
MIP emphasis: balance optimality and feasibility.
MIP search method: traditional branch-and-cut.
Parallel mode: none, using 1 thread.
Root relaxation solution time = 0.00 sec. (0.72 ticks)

        Nodes                                         Cuts/
   Node  Left     Objective  IInf  Best Integer    Best Bound    ItCnt     Gap         Variable B NodeID Parent  Depth

      0     0      233.3333    37                    227.0000       48         
      0     0      233.5000    30                 ZeroHalf: 2       49         
      0     0      233.6667    41                 ZeroHalf: 1       51         
      0     2      233.6667    41                    234.0000       51                                 0             0
Elapsed time = 0.08 sec. (66.93 ticks, tree = 0.01 MB, solutions = 0)
     92    90      277.0000    24                    235.0000      417                   x_39_5 U     92     91     29
*   123   115      integral     0      319.0000      235.0000      540   26.33%
    182   166      250.5000    22      319.0000      236.0000      790   26.02%         x_16_19 U    182    181     16
    279   259      287.6667    16      319.0000      236.0000     1105   26.02%          x_2_27 D    279    278     59
    359   334      269.1000    38      319.0000      237.0000     1425   25.71%         x_25_18 D    359    357     54
    430   383      316.1429    35      319.0000      237.0000     1633   25.71%         x_49_22 D    430    428    113
    519   465      269.0000    10      319.0000      237.2500     1969   25.63%         x_38_49 D    519    518     26
    622   562      285.3333    14      319.0000      238.0000     2276   25.39%         x_26_17 U    622    621     74
    692   619      274.0000    22      319.0000      238.5000     2512   25.24%          x_8_47 D    692    691     32
    762   685      260.0000    26      319.0000      238.5000     2789   25.24%           x_1_2 D    762    760     38
   1016   930      295.1818    36      319.0000      238.6000     3744   25.20%         x_31_25 D   1016   1015     68
Elapsed time = 3.45 sec. (3192.16 ticks, tree = 3.97 MB, solutions = 1)
   1256  1150      265.6667    27      319.0000      241.0000     4595   24.45%         x_38_25 D   1256   1255     55
   1499  1373      273.5000    14      319.0000      241.0000     5439   24.45%         x_20_25 D   1499   1498     50
   1686  1546      265.4286    38      319.0000      244.0000     6209   23.51%         x_14_22 D   1686   1685     21
   1893  1734      291.7143    36      319.0000      244.0000     7074   23.51%          x_5_30 D   1893   1892     42
   2130  1958      308.7143    16      319.0000      244.5000     7906   23.35%         x_36_39 D   2130   2129    133
   2328  2142      291.2857    38      319.0000      245.0000     8708   23.20%         x_31_37 D   2328   2327     83
   2542  2336      272.0000    55      319.0000      245.5000     9655   23.04%          x_44_4 U   2542   2541     51
   2696  2481      304.5000    32      319.0000      245.8000    10204   22.95%         x_11_25 D   2696   2695     61
   2873  2654      314.2500    18      319.0000      245.8333    10974   22.94%          x_28_8 U   2873   2871    143
   3045  2810      288.0000    10      319.0000      246.0000    11744   22.88%         x_49_33 D   3045   3044     64
Elapsed time = 9.80 sec. (12790.09 ticks, tree = 18.65 MB, solutions = 1)
   3237  2992      260.6667    43      319.0000      246.0000    12356   22.88%          x_9_22 D   3237   3236     29
   3405  3146      278.5000    24      319.0000      246.3333    13189   22.78%          x_35_2 D   3405   3404     33
   3583  3314      290.4545    47      319.0000      246.5000    13921   22.73%          x_8_47 D   3583   3582     76
   3738  3458      280.2500    35      319.0000      247.0000    14627   22.57%          x_9_35 D   3738   3737     33
   3865  3575      314.5000    24      319.0000      247.0000    15180   22.57%         x_14_16 D   3865   3864     55
   4047  3743      287.7500    48      319.0000      247.0000    15804   22.57%         x_39_32 D   4047   4046    101
*  4118   841      integral     0      266.0000      247.3333    16032    7.02%
   4222   899        cutoff            266.0000      248.0000    16902    6.77%          x_7_15 U   4222   4220     29
   4410   998      264.5000    45      266.0000      249.3333    18712    6.27%         x_41_39 N   4410   4409     13
   4563  1064      264.0714    80      266.0000      251.0000    20256    5.64%          x_3_19 U   4563    563     16
*  4676   964      integral     0      265.0000      251.7500    21473    5.00%
   4722   960        cutoff            265.0000      252.5000    22092    4.72%          x_44_9 D   4722   4720     10
Elapsed time = 15.72 sec. (22362.85 ticks, tree = 7.98 MB, solutions = 3)
   4949   854      258.8750    48      265.0000      256.0000    24234    3.40%          x_29_5 U   4949   4267      8
   5251   705        cutoff            265.0000      259.2000    25941    2.19%          x_4_34 U   5251   4453      8
   5616   410        cutoff            265.0000      261.8750    27332    1.18%         x_25_50 U   5616   4495      7
*  5774    67      integral     0      264.0000      263.0000    27586    0.38%

Zero-half cuts applied:  3
User cuts applied:  1363

Root node processing (before b&c):
  Real time             =    0.08 sec. (66.97 ticks)
Sequential b&c:
  Real time             =   17.47 sec. (25488.82 ticks)
                          ------------
Total (root+branch&cut) =   17.55 sec. (25555.79 ticks)
