Version identifier: 22.1.1.0 | 2022-11-27 | 9160aff4d
CPXPARAM_Preprocessing_Presolve                  0
CPXPARAM_Read_DataCheck                          1
CPXPARAM_Threads                                 1
CPXPARAM_MIP_Strategy_NodeSelect                 0
CPXPARAM_MIP_Strategy_HeuristicFreq              1
CPXPARAM_MIP_Tolerances_MIPGap                   0.0050000000000000001
Clique table members: 2706.
MIP emphasis: balance optimality and feasibility.
MIP search method: dynamic search.
Parallel mode: none, using 1 thread.
Root relaxation solution time = 0.00 sec. (21.67 ticks)

        Nodes                                         Cuts/
   Node  Left     Objective  IInf  Best Integer    Best Bound    ItCnt     Gap

      0     0      206.9800   121                    206.9800      793         
      0     0      223.4667   103                   Cuts: 170     1003         
      0     0      226.6500    96                   Cuts: 218     1159         
      0     0      226.6810    90                   Cuts: 133     1313         
      0     0      226.6810    86                   Cuts: 254     1376         
      0     0      226.8039    97                    Cuts: 23     1435         
      0     0      226.8857    96                   Cuts: 323     1529         
      0     0      227.1059    75                   Cuts: 137     1602         
      0     0      227.1209    64                    Cuts: 52     1645         
      0     0      227.1210    69                    Cuts: 32     1684         
      0     0      227.1210    77                    Cuts: 11     1708         
Detecting symmetries...
      0     2      227.1210    66                    227.2088     1708         
Elapsed time = 2.00 sec. (2393.62 ticks, tree = 0.01 MB, solutions = 0)
      1     3      227.3333    75                    227.3333     1760         
      3     5      227.3453    97                    227.3453     1814         
      8    10      227.4469    49                    227.3453     1934         
     11    13      227.5300    57                    227.3453     2014         
     14    16      227.5906    74                    227.3453     2051         
     18    20      227.6286    51                    227.3453     2103         
     22    24      227.6468    78                    227.3453     2140         
     27    29      227.6800    83                    227.3453     2251         
     30    32      227.7263    82                    227.3453     2295         
     49    51      228.2886    51                    227.3453     2482         
Elapsed time = 4.72 sec. (6094.64 ticks, tree = 0.16 MB, solutions = 0)
     70    72      228.7074    60                    227.3453     2727         
     97    99      246.7529    71                    227.3453     3515         
    148   150      261.2933    50                    227.3453     4229         
*   162+  162                          428.0000      227.3453            46.88%
    212   214      262.6961    62      428.0000      227.3453     4460   46.88%
*   252+  252                          413.0000      227.3453            44.95%
    282   284      264.5000    48      413.0000      227.3453     4721   44.95%
    357   359      267.0000    44      413.0000      227.3453     4984   44.95%
    429   431      270.6600    55      413.0000      227.3453     5262   44.95%
    545   464      372.3500    37      413.0000      227.3453     6327   44.95%
    731   469      390.3600    43      413.0000      227.3453     8786   44.95%
   1003   452      409.1600    25      413.0000      227.3453    13154   44.95%
Elapsed time = 12.19 sec. (15765.22 ticks, tree = 0.95 MB, solutions = 2)
   1325   460        cutoff            413.0000      227.3453    18061   44.95%
   1502   620      230.6593    73      413.0000      227.4370    19392   44.93%
   1691   809      253.2074    65      413.0000      227.4370    20851   44.93%
   1887  1005      262.1394    81      413.0000      227.4370    21839   44.93%
*  2000+ 1115                          405.0000      227.4370            43.84%
*  2000+ 1113                          390.0000      227.4370            41.68%
   2100  1211      271.5823    68      390.0000      227.4370    22430   41.68%
   2344  1288      361.3441    63      390.0000      227.4370    24710   41.68%
   2667  1582      246.1178    64      390.0000      227.4467    27303   41.68%
*  3000+ 1849                          326.0000      227.4467            30.23%
*  3000+ 1283                          274.0000      227.4467            16.99%
   3042  1292      228.2552    94      274.0000      227.4480    29426   16.99%
*  3474  1508      integral     0      270.0000      227.4480    33164   15.76%
   3506  1534      268.0000     8      270.0000      227.4480    33352   15.76%
*  3552  1444      integral     0      268.0000      227.4480    33537   15.13%
*  3831  1222      integral     0      264.0000      227.4480    39679   13.85%
   3859  1201        cutoff            264.0000      227.4480    41171   13.85%
Elapsed time = 18.95 sec. (25351.42 ticks, tree = 2.43 MB, solutions = 9)
   4498  1195      262.6000     2      264.0000      227.4480    46502   13.85%
   5449  1203      262.6000     2      264.0000      227.4480    48844   13.85%
*  6000+ 1063                          262.0000      227.4480            13.19%
*  6024  1042      integral     0      261.0000      227.4480    50549   12.86%
   6426  1053      259.6000     6      261.0000      227.4480    51579   12.86%
   7466  1058      259.6000     1      261.0000      227.4480    54633   12.86%
*  8000+ 1102                          255.0000      227.5600            10.76%
   8000  1102      255.0000     0      255.0000      227.5600    59344   10.76%
   8485  1380      253.7111    55      255.0000      227.6667    65124   10.72%
   8786  1397        cutoff            255.0000      227.6667    72296   10.72%
   9074  1457        cutoff            255.0000      227.7630    79442   10.68%
   9344  1446      250.2435    65      255.0000      227.7630    85242   10.68%
*  9553  1480      integral     0      254.0000      227.7656    88287   10.33%
  10051  1472      252.6000     8      254.0000      227.7656    89415   10.33%
Elapsed time = 28.39 sec. (35879.60 ticks, tree = 2.93 MB, solutions = 13)
* 11000+ 1302                          250.0000      227.7656             8.89%
  11002  1301      232.8549    57      250.0000      227.7656    91559    8.89%
  11184  1326      229.2233    84      250.0000      227.8347   100209    8.87%
  11626  1685        cutoff            250.0000      227.9492   104916    8.82%
* 12000+ 1371                          244.0000      227.9492             6.58%
  12000  1370      244.0000     0      244.0000      227.9492   112033    6.58%
  12308  1330        cutoff            244.0000      227.9792   121415    6.57%
  12758  1389        cutoff            244.0000      227.9792   128116    6.57%
* 12854  1342      integral     0      243.0000      227.9792   129536    6.18%
  13582  1328      241.6000     2      243.0000      227.9792   132421    6.18%
  14656  1331      241.6000     5      243.0000      227.9792   135567    6.18%
  15564  1329      241.6000     6      243.0000      227.9792   139118    6.18%
  16358  1321      241.6000     8      243.0000      227.9792   143719    6.18%
Elapsed time = 37.08 sec. (45785.12 ticks, tree = 2.61 MB, solutions = 16)
  17177  1319        cutoff            243.0000      227.9792   148206    6.18%
  18012  1320      241.6000     8      243.0000      227.9792   152843    6.18%
* 18595  1227      integral     0      241.0000      227.9792   156900    5.40%
  18668  1287        cutoff            241.0000      228.0000   158025    5.39%
  19001  1269        cutoff            241.0000      228.0000   166046    5.39%
  19275  1281      237.5655    70      241.0000      228.0000   173996    5.39%
  19555  1287        cutoff            241.0000      228.0000   182237    5.39%
  19816  1306      238.0933    73      241.0000      228.0000   190521    5.39%
  20000  1378      229.8415    89      241.0000      228.0000   195980    5.39%
  20322  1401        cutoff            241.0000      228.0000   204039    5.39%
  20602  1393      239.5322    75      241.0000      228.0000   211515    5.39%
Elapsed time = 44.62 sec. (55704.73 ticks, tree = 2.76 MB, solutions = 17)
  20880  1414      236.1121    67      241.0000      228.0200   219571    5.39%
  21200  1440        cutoff            241.0000      228.1220   226261    5.34%
  21548  1428        cutoff            241.0000      228.1333   233128    5.34%
  21826  1457      230.1880    62      241.0000      228.1667   240450    5.33%
  22092  1475      236.5885    64      241.0000      228.1667   248318    5.33%
  22394  1506        cutoff            241.0000      228.2000   255472    5.31%
  22682  1561      235.9434    71      241.0000      228.2019   262417    5.31%
  23000  1592      240.0000    27      241.0000      228.2019   268230    5.31%
  23571  1651      239.6000     7      241.0000      228.2367   273432    5.30%
* 24000+ 1450                          240.0000      228.2367             4.90%
* 24000+ 1381                          239.0000      228.2367             4.50%
  24108  1376      236.7777    76      239.0000      228.2367   277039    4.50%
Elapsed time = 51.56 sec. (65413.24 ticks, tree = 2.72 MB, solutions = 19)
  24526  1375        cutoff            239.0000      228.2367   283312    4.50%
  25344  1393      237.6000     1      239.0000      228.2367   287094    4.50%
* 26000+ 1288                          238.0000      228.2367             4.10%
  26124  1292      236.6000    20      238.0000      228.2367   291015    4.10%
* 27000+ 1134                          236.0000      228.2367             3.29%
  27000  1133      236.0000     0      236.0000      228.2367   293249    3.29%
  27955  1166      234.6000    16      236.0000      228.2367   296388    3.29%
  28960  1158      234.6000     4      236.0000      228.2367   299181    3.29%
  29814  1129      234.3200    83      236.0000      228.3143   302875    3.26%
  30073  1150        cutoff            236.0000      228.4001   309105    3.22%
  30318  1174        cutoff            236.0000      228.4182   315895    3.21%
  30554  1178      232.6000    63      236.0000      228.4291   322896    3.21%
Elapsed time = 59.62 sec. (74977.13 ticks, tree = 2.35 MB, solutions = 21)
  30765  1187        cutoff            236.0000      228.5051   330681    3.18%
  30958  1182      232.8287    85      236.0000      228.6353   337978    3.12%
  31187  1196      234.6784    67      236.0000      228.6384   344381    3.12%
* 31323  1106      integral     0      235.0000      228.6613   347609    2.70%
  31410  1081        cutoff            235.0000      228.6613   351370    2.70%
  31617  1089      228.9000    77      235.0000      228.7177   358243    2.67%
  31849  1127      231.6829    42      235.0000      228.8000   365801    2.64%
  32091  1179      232.7049    31      235.0000      228.8000   371874    2.64%
* 32109   656      integral     0      232.0000      228.8000   372031    1.38%
  32191   638      230.0612    61      232.0000      228.9466   379573    1.32%
  32253   608      229.3893    93      232.0000      229.1205   387459    1.24%
  32347   544      230.5000    51      232.0000      229.3377   395480    1.15%
Elapsed time = 67.02 sec. (84642.26 ticks, tree = 1.12 MB, solutions = 23)
  32466   453      230.0090    81      232.0000      229.6368   403451    1.02%
  32596   344      230.1375   100      232.0000      230.0000   413762    0.86%
  32746   215        cutoff            232.0000      230.2877   423484    0.74%

GUB cover cuts applied:  29
Clique cuts applied:  9
Cover cuts applied:  238
Implied bound cuts applied:  363
Flow cuts applied:  6
Mixed integer rounding cuts applied:  40
Zero-half cuts applied:  16
Multi commodity flow cuts applied:  2
Lift and project cuts applied:  4
Gomory fractional cuts applied:  13

Root node processing (before b&c):
  Real time             =    2.00 sec. (2394.21 ticks)
Sequential b&c:
  Real time             =   67.64 sec. (85950.90 ticks)
                          ------------
Total (root+branch&cut) =   69.64 sec. (88345.11 ticks)
