Version identifier: 22.1.1.0 | 2022-11-27 | 9160aff4d
CPXPARAM_Read_DataCheck                          1
CPXPARAM_Threads                                 1
CPXPARAM_MIP_Cuts_Covers                         2
CPXPARAM_MIP_Cuts_FlowCovers                     2
CPXPARAM_MIP_Cuts_MIRCut                         2
CPXPARAM_MIP_Tolerances_MIPGap                   0.0050000000000000001
Tried aggregator 2 times.
MIP Presolve eliminated 35 rows and 282 columns.
MIP Presolve added 18 rows and 0 columns.
MIP Presolve modified 12152 coefficients.
Aggregator did 4 substitutions.
Reduced MIP has 2714 rows, 3661 columns, and 20452 nonzeros.
Reduced MIP has 3612 binaries, 0 generals, 0 SOSs, and 0 indicators.
Presolve time = 0.02 sec. (25.25 ticks)
Found incumbent of value 948.000000 after 0.06 sec. (52.19 ticks)
Probing time = 0.02 sec. (3.86 ticks)
Tried aggregator 1 time.
Detecting symmetries...
Reduced MIP has 2714 rows, 3661 columns, and 20452 nonzeros.
Reduced MIP has 3612 binaries, 0 generals, 0 SOSs, and 0 indicators.
Presolve time = 0.02 sec. (11.38 ticks)
Probing time = 0.00 sec. (3.91 ticks)
Clique table members: 2988.
MIP emphasis: balance optimality and feasibility.
MIP search method: dynamic search.
Parallel mode: none, using 1 thread.
Root relaxation solution time = 0.02 sec. (20.63 ticks)

        Nodes                                         Cuts/
   Node  Left     Objective  IInf  Best Integer    Best Bound    ItCnt     Gap

*     0+    0                          948.0000        0.0000           100.00%
      0     0      206.9882   114      948.0000      206.9882      512   78.17%
      0     0      224.1000   108      948.0000     Cuts: 134      757   76.36%
      0     0      226.2153   107      948.0000     Cuts: 110     1003   76.14%
      0     0      226.7143    82      948.0000      Cuts: 86     1086   76.08%
      0     0      226.8000    86      948.0000      Cuts: 48     1154   76.08%
      0     0      226.8000    88      948.0000      Cuts: 61     1198   76.08%
Detecting symmetries...
      0     0      226.8000    74      948.0000      Cuts: 11     1230   76.08%
*     0+    0                          830.0000      226.8000            72.67%
*     0+    0                          509.0000      226.8000            55.44%
*     0+    0                          475.0000      226.8000            52.25%
*     0+    0                          274.0000      226.8000            17.23%
      0     0  -1.00000e+75     0      274.0000      226.8000     1230   17.23%
Detecting symmetries...

Repeating presolve.
Tried aggregator 1 time.
MIP Presolve eliminated 1117 rows and 1162 columns.
Reduced MIP has 1597 rows, 2499 columns, and 12943 nonzeros.
Reduced MIP has 2450 binaries, 0 generals, 0 SOSs, and 0 indicators.
Presolve time = 0.00 sec. (6.49 ticks)
Probing time = 0.00 sec. (3.25 ticks)
Cover probing fixed 0 vars, tightened 5 bounds.
Tried aggregator 1 time.
Detecting symmetries...
MIP Presolve modified 252 coefficients.
Reduced MIP has 1597 rows, 2499 columns, and 12943 nonzeros.
Reduced MIP has 2450 binaries, 0 generals, 0 SOSs, and 0 indicators.
Presolve time = 0.02 sec. (7.40 ticks)
Represolve time = 0.03 sec. (28.95 ticks)
Probing time = 0.00 sec. (3.17 ticks)
Cover probing fixed 0 vars, tightened 1 bounds.
Clique table members: 3510.
MIP emphasis: balance optimality and feasibility.
MIP search method: dynamic search.
Parallel mode: none, using 1 thread.
Root relaxation solution time = 0.03 sec. (36.54 ticks)

        Nodes                                         Cuts/
   Node  Left     Objective  IInf  Best Integer    Best Bound    ItCnt     Gap

*     0+    0                          274.0000      226.8000            17.23%
      0     0      226.8000    88      274.0000      226.8000     2116   17.23%
      0     0      226.8000    71      274.0000      Cuts: 40     2172   17.23%
      0     0      226.8000    79      274.0000      Cuts: 48     2253   17.23%
      0     0      226.8000    79      274.0000      Cuts: 15     2313   17.23%
*     0+    0                          271.0000      226.8000            16.31%
      0     0  -1.00000e+75     0      271.0000      226.8000     2313   16.31%
Detecting symmetries...
      0     2      226.8000    68      271.0000      226.8000     2313   16.31%
Elapsed time = 1.83 sec. (1859.41 ticks, tree = 0.01 MB, solutions = 6)
     39    41      231.3206    72      271.0000      226.8000     4276   16.31%
     98   100      239.8000    33      271.0000      226.8000     6901   16.31%
*   110+  110                          269.0000      226.8000            15.69%
*   130+  124                          250.0000      226.8000             9.28%
    190   174      240.0816    44      250.0000      226.8000    10472    9.28%
    280   243      226.8800    73      250.0000      226.8000    12920    9.28%
    391   350      235.0975    50      250.0000      226.8000    16035    9.28%
    458   401      227.8247    58      250.0000      226.8000    18408    9.28%
*   515+  399                          244.0000      226.8000             7.05%
    515   401      227.2688    60      244.0000      226.8000    20466    7.05%
    517   403      226.9923    59      244.0000      226.8000    20610    7.05%
    518   404      226.8800    70      244.0000      226.8000    20748    7.05%

Performing restart 1

Repeating presolve.
Tried aggregator 1 time.
MIP Presolve eliminated 758 rows and 789 columns.
MIP Presolve modified 1983 coefficients.
Reduced MIP has 839 rows, 1710 columns, and 7043 nonzeros.
Reduced MIP has 1661 binaries, 0 generals, 0 SOSs, and 0 indicators.
Presolve time = 0.02 sec. (6.38 ticks)
Tried aggregator 1 time.
MIP Presolve modified 260 coefficients.
Reduced MIP has 839 rows, 1710 columns, and 7037 nonzeros.
Reduced MIP has 1661 binaries, 0 generals, 0 SOSs, and 0 indicators.
Presolve time = 0.00 sec. (5.32 ticks)
Represolve time = 0.05 sec. (31.53 ticks)
    625     0      227.4000   103      244.0000      Cuts: 86    24070    6.80%
    625     0      227.4000   124      244.0000      Cuts: 98    24208    6.80%
    625     0      227.4412    70      244.0000      Cuts: 25    24312    6.79%
    625     0      227.4802    94      244.0000      Cuts: 63    24503    6.77%
    625     0      227.6930    65      244.0000      Cuts: 75    24619    6.68%
    625     0      227.8859    62      244.0000      Cuts: 63    24761    6.60%
    625     0      227.9393   108      244.0000      Cuts: 51    24844    6.58%
    625     0      228.0000    44      244.0000      Cuts: 67    24914    6.56%
    625     0      228.0012   113      244.0000      Cuts: 55    25014    6.56%
    625     0      228.0033   105      244.0000      Cuts: 39    25054    6.56%
    625     0      228.0033   101      244.0000      Cuts: 28    25099    6.56%
    625     0      228.0033   107      244.0000      Cuts: 15    25123    6.56%
    625     0      228.0033   111      244.0000      Cuts: 16    25187    6.56%
    625     2      228.0033   101      244.0000      228.0033    25187    6.56%
Elapsed time = 6.17 sec. (6009.25 ticks, tree = 0.01 MB, solutions = 9)
    656    33      230.0833    63      244.0000      228.0082    26333    6.55%
    729    87      232.6422    91      244.0000      228.0327    28887    6.54%
    825   166      232.9497    81      244.0000      228.0833    30610    6.52%
*   925+  244                          243.0000      228.0997             6.13%
    925   246      232.0163    48      243.0000      228.0997    31901    6.13%
*  1025+  312                          239.0000      228.3041             4.48%
   1110   374      233.7544    76      239.0000      228.4595    35662    4.41%
   1343   556      232.2223    57      239.0000      228.6272    42899    4.34%
   1665   823      231.6778    84      239.0000      228.8182    50233    4.26%
*  1709   643      integral     0      235.0000      228.8182    51007    2.63%
   1891   759      231.2565    52      235.0000      229.0357    57567    2.54%
   2050   827      231.5043    70      235.0000      229.2393    65603    2.45%
Elapsed time = 16.41 sec. (15128.53 ticks, tree = 0.82 MB, solutions = 12)
   2192   885      233.6738    60      235.0000      229.3612    73292    2.40%
*  2345+  236                          232.0000      229.5054             1.08%
   2354   228      230.9167    60      232.0000      229.6296    80005    1.02%
   2523    95      231.0000    58      232.0000      230.5000    90091    0.65%

GUB cover cuts applied:  53
Clique cuts applied:  21
Cover cuts applied:  88
Implied bound cuts applied:  14
Flow cuts applied:  13
Mixed integer rounding cuts applied:  157
Zero-half cuts applied:  18
Lift and project cuts applied:  2
Gomory fractional cuts applied:  17

Root node processing (before b&c):
  Real time             =    1.83 sec. (1859.42 ticks)
Sequential b&c:
  Real time             =   18.19 sec. (16299.69 ticks)
                          ------------
Total (root+branch&cut) =   20.02 sec. (18159.11 ticks)
