Version identifier: 22.1.1.0 | 2022-11-27 | 9160aff4d
CPXPARAM_Read_DataCheck                          1
CPXPARAM_Threads                                 1
CPXPARAM_MIP_Strategy_NodeSelect                 2
CPXPARAM_MIP_Strategy_HeuristicFreq              5
CPXPARAM_MIP_Tolerances_MIPGap                   0.0050000000000000001
Legacy callback                                  LD
Warning: Control callbacks may disable some MIP features.
Lazy constraint(s) or lazy constraint/branch callback is present.
    Disabling dual reductions (CPX_PARAM_REDUCE) in presolve.
    Disabling presolve reductions that prevent crushing forms (CPX_PARAM_PREREFORM).
         Disabling repeat represolve because of lazy constraint/incumbent callback.
Tried aggregator 1 time.
Reduced MIP has 100 rows, 2450 columns, and 4900 nonzeros.
Reduced MIP has 2450 binaries, 0 generals, 0 SOSs, and 0 indicators.
Presolve time = 0.00 sec. (1.56 ticks)
Probing time = 0.02 sec. (2.94 ticks)
Clique table members: 100.
MIP emphasis: balance optimality and feasibility.
MIP search method: traditional branch-and-cut.
Parallel mode: none, using 1 thread.
Root relaxation solution time = 0.00 sec. (1.26 ticks)

        Nodes                                         Cuts/
   Node  Left     Objective  IInf  Best Integer    Best Bound    ItCnt     Gap         Variable B NodeID Parent  Depth

      0     0      233.3333    37                    227.0000       48         
      0     0      234.0000    26                     Cuts: 2       50         
      0     0      234.0000    38                 ZeroHalf: 3       51         
      0     0      234.2000    47                 ZeroHalf: 3       56         
      0     2      234.6667    65                    234.6667       56                                 0             0
Elapsed time = 0.41 sec. (254.42 ticks, tree = 0.01 MB, solutions = 0)
     29    31      302.5000    16                    235.2857      179                  x_37_10 U     29     28     25
*    35+   35                          399.0000      235.2857            41.03%
     50    46      245.5000     8      399.0000      236.0000      270   40.85%         x_43_16 U     50     49      6
     74    70      269.5000    35      399.0000      236.0000      386   40.85%          x_10_7 U     74     72     22
    100    96      300.0000     0      399.0000      236.0000      514   40.85%         x_14_23 U    100     99     43
    125   115      263.0000     0      399.0000      237.3333      644   40.52%          x_1_44 D    125    124     22
    145   135      317.2500    17      399.0000      237.3333      726   40.52%         x_22_20 U    145    144     42
    165   155      366.0000    14      399.0000      237.3333      785   40.52%          x_45_8 U    165    164     62
    200   187      269.0000    34      399.0000      238.0000      972   40.35%         x_50_28 D    200    199     32
    220   207      288.0000    22      399.0000      238.0000     1050   40.35%         x_32_39 U    220    219     52
    272   255      258.6667    50      399.0000      239.2000     1306   40.05%         x_50_37 U    272    271     18
Elapsed time = 4.05 sec. (3612.31 ticks, tree = 1.18 MB, solutions = 1)
    355   338      380.6667    20      399.0000      239.2000     1573   40.05%         x_42_31 D    355    354    101
*   440+  392                          357.0000      240.1250            32.74%
*   446   346      integral     0      313.0000      240.1250     2055   23.28%
    449   348      305.3333    33      313.0000      240.1250     2059   23.28%          x_5_24 D    449    448     66
*   450+  347                          310.0000      240.1250            22.54%
*   455   332      integral     0      306.0000      240.1250     2065   21.53%
    555   423      272.8000    38      306.0000      241.0000     2649   21.24%          x_25_5 D    555    554     20
    655   512      270.3333    38      306.0000      242.0000     3239   20.92%         x_10_18 D    655    654     17
    762   611      297.6000    33      306.0000      242.1429     3811   20.87%          x_34_1 D    762    761     55
    861   698      304.0000    13      306.0000      242.1429     4337   20.87%         x_36_13 D    861    860     40
*   879   390      integral     0      277.0000      242.1429     4491   12.58%
*   940   205      integral     0      267.0000      242.2500     5076    9.27%
*   950   180      integral     0      265.0000      246.0000     5304    7.17%
   1043   131        cutoff            265.0000      251.5000     6409    5.09%         x_24_27 D   1043    175      8
*  1192    22      integral     0      264.0000      262.0000     7362    0.76%

Cover cuts applied:  1
Zero-half cuts applied:  7
User cuts applied:  952

Root node processing (before b&c):
  Real time             =    0.41 sec. (254.57 ticks)
Sequential b&c:
  Real time             =   10.50 sec. (10603.38 ticks)
                          ------------
Total (root+branch&cut) =   10.91 sec. (10857.95 ticks)
