Version identifier: 22.1.1.0 | 2022-11-27 | 9160aff4d
CPXPARAM_Read_DataCheck                          1
CPXPARAM_Threads                                 1
CPXPARAM_MIP_Cuts_Covers                         1
CPXPARAM_MIP_Strategy_NodeSelect                 0
CPXPARAM_MIP_Strategy_HeuristicFreq              1
CPXPARAM_MIP_Tolerances_MIPGap                   0.0050000000000000001
Tried aggregator 2 times.
MIP Presolve eliminated 35 rows and 282 columns.
MIP Presolve added 18 rows and 0 columns.
MIP Presolve modified 12152 coefficients.
Aggregator did 4 substitutions.
Reduced MIP has 2714 rows, 3661 columns, and 20452 nonzeros.
Reduced MIP has 3612 binaries, 0 generals, 0 SOSs, and 0 indicators.
Presolve time = 0.03 sec. (25.25 ticks)
Found incumbent of value 948.000000 after 0.06 sec. (52.19 ticks)
Probing time = 0.02 sec. (3.86 ticks)
Tried aggregator 1 time.
Detecting symmetries...
Reduced MIP has 2714 rows, 3661 columns, and 20452 nonzeros.
Reduced MIP has 3612 binaries, 0 generals, 0 SOSs, and 0 indicators.
Presolve time = 0.02 sec. (11.38 ticks)
Probing time = 0.00 sec. (3.91 ticks)
Clique table members: 2988.
MIP emphasis: balance optimality and feasibility.
MIP search method: dynamic search.
Parallel mode: none, using 1 thread.
Root relaxation solution time = 0.03 sec. (20.63 ticks)

        Nodes                                         Cuts/
   Node  Left     Objective  IInf  Best Integer    Best Bound    ItCnt     Gap

*     0+    0                          948.0000        0.0000           100.00%
      0     0      206.9882   114      948.0000      206.9882      512   78.17%
      0     0      224.1000   108      948.0000     Cuts: 134      757   76.36%
      0     0      226.2153   107      948.0000     Cuts: 110     1003   76.14%
      0     0      226.7143    82      948.0000      Cuts: 86     1086   76.08%
      0     0      226.7833    90      948.0000      Cuts: 45     1153   76.08%
      0     0      226.7833    97      948.0000      Cuts: 55     1190   76.08%
Detecting symmetries...
      0     0      226.7833    95      948.0000      Cuts: 14     1291   76.08%
*     0+    0                          830.0000      226.7833            72.68%
      0     0  -1.00000e+75     0      830.0000      226.7833     1291   72.68%
*     0+    0                          681.0000      226.7833            66.70%
      0     0  -1.00000e+75     0      681.0000      226.7833     1291   66.70%
Detecting symmetries...
      0     2      226.7833    80      681.0000      226.7833     1291   66.70%
Elapsed time = 1.55 sec. (1751.31 ticks, tree = 0.01 MB, solutions = 3)
     10    12      227.8381    49      681.0000      226.7833     1642   66.70%
     20    22      228.0889    25      681.0000      226.7833     1700   66.70%
     27    29      228.1244    30      681.0000      226.7833     1750   66.70%
     36    38      231.8658    44      681.0000      226.7833     1951   66.70%
*    45+   45                          365.0000      226.7833            37.87%
     45    47      234.0450    60      365.0000      226.7833     2416   37.87%
*    50    50      integral     0      244.0000      226.7833     2606    7.06%
     82    48      240.6367    45      244.0000      226.7833     3406    7.06%
    146    48      241.0776    29      244.0000      226.7833     3948    7.06%
*   198    45      integral     0      242.0000      226.7833     4928    6.29%
    205    42        cutoff            242.0000      226.7833     5045    6.29%
    253    50      237.0959    34      242.0000      226.7833     6123    6.29%
    515    98      229.9819    64      242.0000      226.7833     8564    6.29%
Elapsed time = 3.66 sec. (4980.22 ticks, tree = 0.24 MB, solutions = 6)

Performing restart 1

Repeating presolve.
Tried aggregator 2 times.
MIP Presolve eliminated 1939 rows and 2023 columns.
MIP Presolve modified 1811 coefficients.
Aggregator did 1 substitutions.
Reduced MIP has 774 rows, 1637 columns, and 6544 nonzeros.
Reduced MIP has 1588 binaries, 0 generals, 0 SOSs, and 0 indicators.
Presolve time = 0.00 sec. (9.59 ticks)
Tried aggregator 1 time.
MIP Presolve eliminated 5 rows and 22 columns.
MIP Presolve modified 278 coefficients.
Reduced MIP has 769 rows, 1615 columns, and 6469 nonzeros.
Reduced MIP has 1567 binaries, 0 generals, 0 SOSs, and 0 indicators.
Presolve time = 0.00 sec. (4.07 ticks)
Tried aggregator 1 time.
Reduced MIP has 769 rows, 1615 columns, and 6469 nonzeros.
Reduced MIP has 1567 binaries, 0 generals, 0 SOSs, and 0 indicators.
Presolve time = 0.01 sec. (3.91 ticks)
Represolve time = 0.05 sec. (52.25 ticks)
    517     0      227.3285    48      242.0000      Cuts: 95     9697    6.06%
    517     0      227.3316    95      242.0000      Cuts: 52     9763    6.06%
    517     0      227.3752   104      242.0000      Cuts: 62     9834    6.04%
    517     0      227.3752   104      242.0000      Cuts: 80     9894    6.04%
    517     0      227.4927   117      242.0000      Cuts: 27     9963    5.99%
    517     0      227.5694   127      242.0000     Cuts: 128    10058    5.96%
    517     0      227.7485    49      242.0000      Cuts: 81    10180    5.89%
    517     0      227.7486    93      242.0000      Cuts: 81    10275    5.89%
    517     0      227.7486    94      242.0000      Cuts: 59    10378    5.89%
    517     0      227.7486   100      242.0000      Cuts: 67    10492    5.89%
    517     0      227.7486   103      242.0000      Cuts: 30    10517    5.89%
    517     0      227.7486    91      242.0000      Cuts: 33    10572    5.89%
    517     0      227.7486    93      242.0000      Cuts: 36    10609    5.89%
    517     2      227.7486    91      242.0000      227.7486    10609    5.89%
    549    34      229.0477    41      242.0000      227.7939    11095    5.87%
    617    90      232.1631    64      242.0000      227.8947    12494    5.83%
    787   159      228.7397    58      242.0000      227.9058    14340    5.82%
    817   189      229.0259    46      242.0000      227.9058    14478    5.82%
    917   260      231.2222    67      242.0000      227.9192    15592    5.82%
*  1074+  164                          232.0000      228.0000             1.72%
   1140   144      229.7946    64      232.0000      228.0000    18574    1.72%
   1335   116      229.0343    54      232.0000      228.7270    23819    1.41%

GUB cover cuts applied:  16
Clique cuts applied:  11
Cover cuts applied:  7
Implied bound cuts applied:  4
Mixed integer rounding cuts applied:  30
Zero-half cuts applied:  13
Lift and project cuts applied:  8
Gomory fractional cuts applied:  12

Root node processing (before b&c):
  Real time             =    1.55 sec. (1751.39 ticks)
Sequential b&c:
  Real time             =   11.06 sec. (13681.42 ticks)
                          ------------
Total (root+branch&cut) =   12.61 sec. (15432.82 ticks)
