Version identifier: 22.1.1.0 | 2022-11-27 | 9160aff4d
CPXPARAM_Read_DataCheck                          1
CPXPARAM_Threads                                 1
CPXPARAM_MIP_Cuts_Covers                         1
CPXPARAM_MIP_Strategy_NodeSelect                 0
CPXPARAM_MIP_Strategy_HeuristicFreq              1
CPXPARAM_MIP_Tolerances_MIPGap                   0.0050000000000000001
Legacy callback                                  LD
Warning: Control callbacks may disable some MIP features.
Lazy constraint(s) or lazy constraint/branch callback is present.
    Disabling dual reductions (CPX_PARAM_REDUCE) in presolve.
    Disabling presolve reductions that prevent crushing forms (CPX_PARAM_PREREFORM).
         Disabling repeat represolve because of lazy constraint/incumbent callback.
Tried aggregator 1 time.
Reduced MIP has 100 rows, 2450 columns, and 4900 nonzeros.
Reduced MIP has 2450 binaries, 0 generals, 0 SOSs, and 0 indicators.
Presolve time = 0.00 sec. (1.56 ticks)
Probing time = 0.00 sec. (2.94 ticks)
Clique table members: 100.
MIP emphasis: balance optimality and feasibility.
MIP search method: traditional branch-and-cut.
Parallel mode: none, using 1 thread.
Root relaxation solution time = 0.00 sec. (1.26 ticks)

        Nodes                                         Cuts/
   Node  Left     Objective  IInf  Best Integer    Best Bound    ItCnt     Gap         Variable B NodeID Parent  Depth

      0     0      233.3333    37                    227.0000       48         
      0     0      234.0000    26                     Cuts: 2       50         
      0     0      234.0000    38                 ZeroHalf: 3       51         
      0     0      234.2000    47                 ZeroHalf: 3       56         
      0     2      234.6667    65                    234.6667       56                                 0             0
Elapsed time = 0.50 sec. (192.42 ticks, tree = 0.01 MB, solutions = 0)
      9    11      251.0000    22                    235.2857      113                  x_26_42 U      9      8      9
     17    19      278.0000    18                    235.2857      153                  x_39_41 D     17     16     17
     23    25      298.0000    27                    235.2857      182                  x_38_34 D     23     22     23
*    32+   32                          451.0000      235.2857            47.83%
     32    34      315.0000     0      451.0000      235.2857      233   47.83%         x_38_26 D     32     31     32
*    33+   33                          441.0000      235.2857            46.65%
*    35+   35                          342.0000      235.2857            31.20%
*    37    37      integral     0      334.0000      235.2857      240   29.56%
*    39+   35                          333.0000      235.2857            29.34%
     42    32        cutoff            333.0000      235.2857      264   29.34%         x_10_18 U     42     32     33
     63    31      330.3333    17      333.0000      235.2857      435   29.34%         x_48_17 U     63     47     31
*    64    30      integral     0      332.0000      235.2857      438   29.13%
*    68+   29                          331.0000      235.2857            28.92%
*    70    30      integral     0      326.0000      235.2857      452   27.83%
     76    35      260.0000    20      326.0000      236.0000      524   27.61%         x_37_10 U     76     75      7
     80    39      263.1667    60      326.0000      236.0000      555   27.61%         x_11_31 D     80     79     11
     85    44      265.2500    56      326.0000      236.0000      572   27.61%          x_15_7 D     85     84     16
    118    73      319.6667    29      326.0000      236.0000      821   27.61%          x_18_5 D    118    117     46
Elapsed time = 5.16 sec. (3498.48 ticks, tree = 0.33 MB, solutions = 8)
*   138    67      integral     0      321.0000      236.0000      924   26.48%
*   141+   68                          315.0000      236.0000            25.08%
*   157    61      integral     0      314.0000      236.0000     1040   24.84%
    193    85      272.0000     0      314.0000      237.0000     1285   24.52%          x_9_42 D    193    192     16
*   204    78      integral     0      297.0000      237.0000     1320   20.20%
*   218+   74                          293.0000      237.0000            19.11%
*   248+   74                          278.0000      238.7500            14.12%
*   270    35      integral     0      265.0000      238.7500     1746    9.91%
    278    29      262.5000    30      265.0000      256.0000     1871    3.40%          x_6_44 D    278     72      4
*   355     0      integral     0      264.0000      263.5000     2495    0.19%

Cover cuts applied:  0
Mixed integer rounding cuts applied:  1
Zero-half cuts applied:  7
User cuts applied:  597

Root node processing (before b&c):
  Real time             =    0.50 sec. (192.68 ticks)
Sequential b&c:
  Real time             =    6.72 sec. (5572.97 ticks)
                          ------------
Total (root+branch&cut) =    7.22 sec. (5765.65 ticks)
