Version identifier: 22.1.1.0 | 2022-11-27 | 9160aff4d
CPXPARAM_Preprocessing_Presolve                  0
CPXPARAM_Read_DataCheck                          1
CPXPARAM_Threads                                 1
CPXPARAM_MIP_Cuts_Covers                         2
CPXPARAM_MIP_Cuts_FlowCovers                     2
CPXPARAM_MIP_Cuts_MIRCut                         2
CPXPARAM_MIP_Tolerances_MIPGap                   0.0050000000000000001
Clique table members: 2706.
MIP emphasis: balance optimality and feasibility.
MIP search method: dynamic search.
Parallel mode: none, using 1 thread.
Root relaxation solution time = 0.03 sec. (21.67 ticks)

        Nodes                                         Cuts/
   Node  Left     Objective  IInf  Best Integer    Best Bound    ItCnt     Gap

      0     0      206.9800   121                    206.9800      793         
      0     0      223.4667   103                   Cuts: 170     1003         
      0     0      226.6500    96                   Cuts: 223     1159         
      0     0      226.6800    73                   Cuts: 134     1230         
      0     0      226.7455    77                   Cuts: 129     1327         
      0     0      226.8000    78                   Cuts: 117     1392         
      0     0      226.8000    74                    Cuts: 21     1432         
Detecting symmetries...
      0     2      226.8000    62                    226.9095     1432         
Elapsed time = 2.61 sec. (2570.98 ticks, tree = 0.01 MB, solutions = 0)
      1     3      227.0500    79                    227.0500     1482         
      4     6      227.3000    53                    227.1548     1718         
      9    11      227.6736    84                    227.1548     2002         
     16    18      228.4161    90                    227.1548     2136         
     22    24      228.6588    86                    227.1548     2307         
     35    37      229.4667    81                    227.1548     2701         
     42    44      229.6849    92                    227.1548     3107         
     58    60      237.0200    43                    227.1548     3541         
     74    76      238.8800    56                    227.1548     3944         
    151   153      234.6281    80                    227.1548     5140         
Elapsed time = 4.77 sec. (5891.09 ticks, tree = 0.38 MB, solutions = 0)
    258   260      237.1237    82                    227.1548     5772         
    382   384      246.1972    72                    227.1548     6585         
    501   491      228.0581    82                    227.4000     7840         
    630   617      233.7300    56                    227.4000     9927         
    803   786      395.4000    29                    227.4000    11244         
*   810+  788                          689.0000      227.4000            67.00%
*   820+  785                          587.0000      227.4000            61.26%
*   820+  776                          553.0000      227.4000            58.88%
*   830   785      integral     0      519.0000      227.4000    11639   56.18%
*  1000+  941                          518.0000      227.6957            56.04%
   1002   945      228.5961    66      518.0000      227.7755    14320   56.03%
*  1030+  918                          424.0000      227.7755            46.28%
*  1070+  957                          408.0000      227.7755            44.17%
*  1100+  983                          392.0000      227.7755            41.89%
   1184  1069      290.1817    47      392.0000      227.7755    16574   41.89%
*  1202+ 1083                          339.0000      227.7755            32.81%
*  1202+ 1076                          326.0000      227.7755            30.13%
   1360  1226      234.0000    58      326.0000      227.8400    18250   30.11%
   1572  1425      230.3217    37      326.0000      227.8400    20981   30.11%
   1869  1719      255.9000    50      326.0000      227.9295    24512   30.08%
Elapsed time = 10.64 sec. (15512.49 ticks, tree = 3.47 MB, solutions = 10)
*  2000+ 1730                          296.0000      227.9333            23.00%
   2110  1842      236.2843    67      296.0000      227.9333    26865   23.00%
   2426  2143      230.4150    35      296.0000      228.0667    29947   22.95%
   2805  2519      229.2000    77      296.0000      228.0667    33246   22.95%
   3000  2704      275.6938    57      296.0000      228.0667    34790   22.95%
   3368  3071      239.6933    47      296.0000      228.1365    39049   22.93%
   3730  3425      248.9100    59      296.0000      228.2000    43338   22.91%
   4051  3718      255.8342    62      296.0000      228.2000    47301   22.91%
   4420  4076      229.3388    64      296.0000      228.2156    50763   22.90%
*  4643  1978      integral     0      247.0000      228.2286    52726    7.60%
   4785  2110      229.7756    70      247.0000      228.3000    55462    7.57%
   5090  2386      229.7876    75      247.0000      228.3550    60899    7.55%
Elapsed time = 17.50 sec. (25883.95 ticks, tree = 4.98 MB, solutions = 12)
   5412  2670      232.5098    58      247.0000      228.3789    67573    7.54%
   5698  2923      229.3000    56      247.0000      228.4589    74653    7.51%
   5987  3180      230.3076    75      247.0000      228.5730    81527    7.46%
   6269  3436      236.4713    66      247.0000      228.6096    87982    7.45%
   6645  3775      239.1703    70      247.0000      228.6800    94510    7.42%
   6891  3990      235.9063    52      247.0000      228.7490   101426    7.39%
   7197  4266      229.6606    63      247.0000      228.8000   106274    7.37%
   7483  4514      240.9061    44      247.0000      228.8364   113708    7.35%
   7719  4711      235.3333    35      247.0000      228.8891   120593    7.33%
   7970  4923      233.3895    71      247.0000      228.9569   128671    7.30%
Elapsed time = 24.64 sec. (35480.99 ticks, tree = 9.97 MB, solutions = 12)
   8212  5111      229.3394   108      247.0000      229.0179   135231    7.28%
   8460  5322      235.1152    33      247.0000      229.0502   142389    7.27%
   8783  5615      230.4190    92      247.0000      229.0767   149132    7.26%
   9045  5842      232.3822    58      247.0000      229.0983   156101    7.25%
   9342  6104      238.6000    58      247.0000      229.1395   163865    7.23%
   9623  6342      238.6000    46      247.0000      229.2000   171191    7.21%
   9861  6545      232.6484    86      247.0000      229.2000   178884    7.21%
* 10000+ 5961                          243.0000      229.2265             5.67%
  10081  6030      231.5588    73      243.0000      229.2337   184579    5.67%
  10339  6235      232.0627    94      243.0000      229.2663   192655    5.65%
  10557  6399      235.7429    12      243.0000      229.3171   201004    5.63%
Elapsed time = 32.16 sec. (45062.12 ticks, tree = 12.94 MB, solutions = 13)
  10750  6549      235.7368    85      243.0000      229.3366   209472    5.62%
  10974  6742      241.6000    44      243.0000      229.3498   217606    5.62%
  11222  6931        cutoff            243.0000      229.3845   225434    5.60%
  11382  7057      229.8412    95      243.0000      229.4175   234283    5.59%
  11561  7210      235.8000    66      243.0000      229.4497   242392    5.58%
  11735  7340      232.2497    51      243.0000      229.4800   251446    5.56%
  11958  7519      229.5380    81      243.0000      229.4932   260251    5.56%
* 12000+ 5906                          239.0000      229.4932             3.98%
  12035  5923      229.8000    91      239.0000      229.5000   264462    3.97%
  12144  5995      232.8974    92      239.0000      229.5412   274553    3.96%
  12334  6149      232.3946    76      239.0000      229.5577   282081    3.95%
Elapsed time = 39.50 sec. (54737.84 ticks, tree = 12.50 MB, solutions = 14)
  12482  6251      232.3347    61      239.0000      229.5866   291000    3.94%
  12613  6353      233.4848    44      239.0000      229.6000   300051    3.93%
  12751  6462      236.1224    79      239.0000      229.6257   309256    3.92%
  12860  6539      235.8000    64      239.0000      229.6592   318631    3.91%
  13000  6642      229.7137   107      239.0000      229.6644   326615    3.91%
  13111  6712      230.0170   101      239.0000      229.6808   336087    3.90%
  13241  6815      231.8833    69      239.0000      229.6919   345997    3.89%
  13391  6919      233.8041    59      239.0000      229.7083   354983    3.89%
  13479  6968      233.1000    84      239.0000      229.7210   364853    3.88%
  13549  7000      234.0592    67      239.0000      229.7349   374341    3.88%
Elapsed time = 47.12 sec. (64451.59 ticks, tree = 14.23 MB, solutions = 14)
  13622  7036      232.8924   140      239.0000      229.7569   382788    3.87%
  13736  7093      230.2952    93      239.0000      229.7657   392472    3.86%
  13850  7158      232.3781    84      239.0000      229.7747   401833    3.86%
  13972  7238      232.4830    58      239.0000      229.7952   411780    3.85%
  14069  7309      237.3333    53      239.0000      229.8000   418931    3.85%
  14189  7397      234.2000    69      239.0000      229.8073   428527    3.85%
  14280  7450      230.2879   113      239.0000      229.8269   437687    3.84%
  14385  7526      233.6000    92      239.0000      229.8459   448139    3.83%
  14474  7589      232.6000    98      239.0000      229.8549   457416    3.83%
  14547  7638      231.6663    94      239.0000      229.8676   467082    3.82%
Elapsed time = 55.19 sec. (74198.49 ticks, tree = 15.55 MB, solutions = 14)
  14658  7712        cutoff            239.0000      229.8800   476111    3.82%
  14743  7767        cutoff            239.0000      229.8908   485377    3.81%
  14800  7788      233.2402    83      239.0000      229.9082   494061    3.80%
  14930  7884      230.0194    40      239.0000      229.9213   503099    3.80%
  15024  7938      237.2199    81      239.0000      229.9333   512647    3.79%
  15100  7983      236.8000    59      239.0000      229.9380   522361    3.79%
  15191  8040      230.9146    80      239.0000      229.9557   532296    3.78%
  15308  8109      232.1283   110      239.0000      229.9852   541799    3.77%
  15397  8166      230.5712   108      239.0000      229.9976   551488    3.77%
  15490  8230      230.6752    85      239.0000      230.0039   560911    3.76%
Elapsed time = 63.47 sec. (83898.89 ticks, tree = 17.13 MB, solutions = 14)
  15585  8300      238.0000    41      239.0000      230.0092   570658    3.76%
* 15598  7594      integral     0      238.0000      230.0092   570887    3.36%
* 15666  6700      integral     0      237.0000      230.0162   578150    2.95%
  15684  6697      234.4857   150      237.0000      230.0176   580828    2.95%
  15749  6716      232.9892    89      237.0000      230.0369   590426    2.94%
  15838  6752      231.1845    63      237.0000      230.0671   599550    2.93%
  15921  6791      235.0000    95      237.0000      230.0788   609502    2.92%
  16000  6823      233.1184   102      237.0000      230.0941   618836    2.91%
  16067  6829      235.7224    73      237.0000      230.1199   628353    2.90%
  16116  6842      233.3711    49      237.0000      230.1333   637920    2.90%
  16215  6870      231.7510   102      237.0000      230.1737   647722    2.88%
  16529  7048      232.5415   111      237.0000      230.2392   686893    2.85%
Elapsed time = 73.92 sec. (96678.12 ticks, tree = 14.89 MB, solutions = 16)
* 16650  4644      integral     0      235.0000      230.2771   706351    2.01%
  16729  4630      232.5000    97      235.0000      230.3095   723316    2.00%
  16931  4616      233.3000    74      235.0000      230.3848   758786    1.96%
  17090  4592        cutoff            235.0000      230.4553   791339    1.93%
  17297  4572      233.8000   110      235.0000      230.5310   826802    1.90%
  17515  4542      233.1000    55      235.0000      230.6000   862025    1.87%
  17691  4506      233.2455    76      235.0000      230.6646   896756    1.84%
  17872  4424      233.1833    49      235.0000      230.7801   931395    1.80%
  18089  4323      233.0522    67      235.0000      230.9103   965306    1.74%
* 18283     5      integral     0      232.0000      231.0000   985629    0.43%

GUB cover cuts applied:  40
Clique cuts applied:  17
Cover cuts applied:  606
Implied bound cuts applied:  498
Flow cuts applied:  54
Mixed integer rounding cuts applied:  591
Zero-half cuts applied:  17
Multi commodity flow cuts applied:  3
Lift and project cuts applied:  7
Gomory fractional cuts applied:  14

Root node processing (before b&c):
  Real time             =    2.61 sec. (2571.54 ticks)
Sequential b&c:
  Real time             =  100.22 sec. (127130.95 ticks)
                          ------------
Total (root+branch&cut) =  102.83 sec. (129702.48 ticks)
