Version identifier: 22.1.1.0 | 2022-11-27 | 9160aff4d
CPXPARAM_Read_DataCheck                          1
CPXPARAM_Threads                                 1
CPXPARAM_MIP_Cuts_Covers                         1
CPXPARAM_MIP_Strategy_NodeSelect                 2
CPXPARAM_MIP_Cuts_FlowCovers                     1
CPXPARAM_MIP_Cuts_MIRCut                         1
CPXPARAM_MIP_Strategy_HeuristicFreq              5
CPXPARAM_MIP_Tolerances_MIPGap                   0.0050000000000000001
Tried aggregator 2 times.
MIP Presolve eliminated 35 rows and 282 columns.
MIP Presolve added 18 rows and 0 columns.
MIP Presolve modified 12152 coefficients.
Aggregator did 4 substitutions.
Reduced MIP has 2714 rows, 3661 columns, and 20452 nonzeros.
Reduced MIP has 3612 binaries, 0 generals, 0 SOSs, and 0 indicators.
Presolve time = 0.03 sec. (25.25 ticks)
Found incumbent of value 948.000000 after 0.06 sec. (52.19 ticks)
Probing time = 0.02 sec. (3.86 ticks)
Tried aggregator 1 time.
Detecting symmetries...
Reduced MIP has 2714 rows, 3661 columns, and 20452 nonzeros.
Reduced MIP has 3612 binaries, 0 generals, 0 SOSs, and 0 indicators.
Presolve time = 0.02 sec. (11.38 ticks)
Probing time = 0.00 sec. (3.91 ticks)
Clique table members: 2988.
MIP emphasis: balance optimality and feasibility.
MIP search method: dynamic search.
Parallel mode: none, using 1 thread.
Root relaxation solution time = 0.00 sec. (20.63 ticks)

        Nodes                                         Cuts/
   Node  Left     Objective  IInf  Best Integer    Best Bound    ItCnt     Gap

*     0+    0                          948.0000        0.0000           100.00%
      0     0      206.9882   114      948.0000      206.9882      512   78.17%
      0     0      224.1000   108      948.0000     Cuts: 134      757   76.36%
      0     0      226.2153   107      948.0000     Cuts: 110     1003   76.14%
      0     0      226.7143    82      948.0000      Cuts: 86     1086   76.08%
      0     0      226.7833    90      948.0000      Cuts: 48     1153   76.08%
      0     0      226.8000    86      948.0000      Cuts: 56     1194   76.08%
Detecting symmetries...
      0     0      226.8000    72      948.0000      Cuts: 46     1221   76.08%
*     0+    0                          687.0000      226.8000            66.99%
      0     0      226.8000    76      687.0000      Cuts: 12     1242   66.99%
      0     0      226.8000    80      687.0000       Cuts: 4     1249   66.99%
Detecting symmetries...
      0     2      226.8000    65      687.0000      226.8000     1249   66.99%
Elapsed time = 1.64 sec. (1720.77 ticks, tree = 0.01 MB, solutions = 2)
     20    22      231.2750    55      687.0000      226.8000     1885   66.99%
     49    51      230.8408    23      687.0000      226.8000     3477   66.99%
     90    92      237.7041    24      687.0000      226.8000     4638   66.99%
*   121   118      integral     0      283.0000      226.8000     5710   19.86%
    135   130      226.8000    59      283.0000      226.8000     5962   19.86%
    155   150      227.7810    72      283.0000      226.8000     7052   19.86%
    190   185      229.1714    46      283.0000      226.8000     8610   19.86%
    225   213      254.1020    44      283.0000      226.8000     9592   19.86%
    271   248      246.7973    27      283.0000      226.8000    11092   19.86%
    341   312      240.1348    34      283.0000      226.8000    12296   19.86%
*   514+  297                          252.0000      226.8000            10.00%
    515   300      228.4667    63      252.0000      226.8000    17505   10.00%
Elapsed time = 4.27 sec. (4923.85 ticks, tree = 0.67 MB, solutions = 4)

Performing restart 1

Repeating presolve.
Tried aggregator 1 time.
MIP Presolve eliminated 1655 rows and 1725 columns.
MIP Presolve modified 2353 coefficients.
Reduced MIP has 1059 rows, 1936 columns, and 8661 nonzeros.
Reduced MIP has 1887 binaries, 0 generals, 0 SOSs, and 0 indicators.
Presolve time = 0.02 sec. (8.16 ticks)
Tried aggregator 1 time.
MIP Presolve modified 531 coefficients.
Reduced MIP has 1059 rows, 1936 columns, and 8648 nonzeros.
Reduced MIP has 1887 binaries, 0 generals, 0 SOSs, and 0 indicators.
Presolve time = 0.00 sec. (6.95 ticks)
Represolve time = 0.06 sec. (40.19 ticks)
    624     0      227.2659    65      252.0000     Cuts: 110    19698    9.82%
    624     0      227.3771    71      252.0000      Cuts: 78    19824    9.77%
    624     0      227.6667    46      252.0000      Cuts: 65    19962    9.66%
    624     0      227.9677    87      252.0000      Cuts: 47    20061    9.54%
    624     0      228.0000    62      252.0000     Cuts: 122    20185    9.52%
    624     0      228.0000    62      252.0000      Cuts: 78    20328    9.52%
    624     0      228.0000    50      252.0000      Cuts: 27    20394    9.52%
    624     0      228.0000    32      252.0000      Cuts: 61    20468    9.52%
    624     0      228.0000    54      252.0000      Cuts: 50    20608    9.52%
    624     0      228.0015   114      252.0000      Cuts: 15    20690    9.52%
    624     0      228.0015   119      252.0000      Cuts: 56    20760    9.52%
    624     0      228.0015   116      252.0000      Cuts: 15    20794    9.52%
    624     2      228.0015   102      252.0000      228.0015    20794    9.52%
    641    16      228.1891    61      252.0000      228.0031    21173    9.52%
    712    77      228.9685    77      252.0000      228.0941    22718    9.49%
    737   101      230.2340    51      252.0000      228.0941    23006    9.49%
    824   183      231.7717    66      252.0000      228.0941    24589    9.49%
    959   297      235.3843    79      252.0000      228.0941    26231    9.49%
   1133   438      250.1714    42      252.0000      228.0976    29260    9.49%
   1350   631      231.2244    67      252.0000      228.0994    33606    9.48%
   1559   811      233.7102    79      252.0000      228.0994    36466    9.48%
   1798  1017      237.3983    62      252.0000      228.0994    40669    9.48%
Elapsed time = 15.34 sec. (17666.00 ticks, tree = 1.15 MB, solutions = 4)
   2038  1223      235.2208    52      252.0000      228.1829    45896    9.45%
   2324  1482      241.6346    31      252.0000      228.1829    50128    9.45%
   2551  1679      235.7147    73      252.0000      228.2074    55159    9.44%
   2852  1957      231.4796    88      252.0000      228.2226    60085    9.44%
   3175  2259      233.4077    77      252.0000      228.2226    65095    9.44%
   3530  2578      233.0000    81      252.0000      228.2254    70771    9.43%
*  3596  1585      integral     0      240.0000      228.2254    72684    4.91%
   3749  1710      234.6000    85      240.0000      228.3778    76971    4.84%
*  3801  1148      integral     0      237.0000      228.3778    78185    3.64%
   3941  1217      233.8000    46      237.0000      228.5086    83115    3.58%
   4125  1347      233.1046    92      237.0000      228.5203    89154    3.58%
   4332  1460      235.7882    41      237.0000      228.6000    96067    3.54%
Elapsed time = 23.86 sec. (27285.39 ticks, tree = 1.75 MB, solutions = 6)
   4536  1597        cutoff            237.0000      228.6073   103848    3.54%
   4769  1711      232.3134    82      237.0000      228.7731   111704    3.47%
*  4809+ 1401                          236.0000      228.7731             3.06%
   5051  1552      232.3158    92      236.0000      228.9395   120098    2.99%
*  5204+  937                          234.0000      228.9916             2.14%
   5265   957      232.1000    82      234.0000      229.0000   126687    2.14%
*  5470   604      integral     0      233.0000      229.0759   134418    1.68%
*  5488   347      integral     0      232.0000      229.0759   134581    1.26%

GUB cover cuts applied:  40
Clique cuts applied:  16
Cover cuts applied:  11
Implied bound cuts applied:  8
Flow cuts applied:  4
Mixed integer rounding cuts applied:  84
Zero-half cuts applied:  19
Lift and project cuts applied:  9
Gomory fractional cuts applied:  21

Root node processing (before b&c):
  Real time             =    1.64 sec. (1720.97 ticks)
Sequential b&c:
  Real time             =   26.73 sec. (31108.09 ticks)
                          ------------
Total (root+branch&cut) =   28.38 sec. (32829.07 ticks)
