Version identifier: 22.1.1.0 | 2022-11-27 | 9160aff4d
CPXPARAM_Read_DataCheck                          1
CPXPARAM_Threads                                 1
CPXPARAM_MIP_Cuts_Covers                         1
CPXPARAM_MIP_Strategy_NodeSelect                 2
CPXPARAM_MIP_Cuts_FlowCovers                     1
CPXPARAM_MIP_Cuts_MIRCut                         1
CPXPARAM_MIP_Strategy_HeuristicFreq              5
CPXPARAM_MIP_Tolerances_MIPGap                   0.0050000000000000001
Legacy callback                                  LD
Warning: Control callbacks may disable some MIP features.
Lazy constraint(s) or lazy constraint/branch callback is present.
    Disabling dual reductions (CPX_PARAM_REDUCE) in presolve.
    Disabling presolve reductions that prevent crushing forms (CPX_PARAM_PREREFORM).
         Disabling repeat represolve because of lazy constraint/incumbent callback.
Tried aggregator 1 time.
Reduced MIP has 100 rows, 2450 columns, and 4900 nonzeros.
Reduced MIP has 2450 binaries, 0 generals, 0 SOSs, and 0 indicators.
Presolve time = 0.02 sec. (1.56 ticks)
Probing time = 0.00 sec. (2.94 ticks)
Clique table members: 100.
MIP emphasis: balance optimality and feasibility.
MIP search method: traditional branch-and-cut.
Parallel mode: none, using 1 thread.
Root relaxation solution time = 0.00 sec. (1.26 ticks)

        Nodes                                         Cuts/
   Node  Left     Objective  IInf  Best Integer    Best Bound    ItCnt     Gap         Variable B NodeID Parent  Depth

      0     0      233.3333    37                    227.0000       48         
      0     0      234.0000    26                     Cuts: 2       50         
      0     0      234.0000    38                 ZeroHalf: 3       51         
      0     0      234.2000    47                 ZeroHalf: 3       56         
      0     2      234.6667    65                    234.6667       56                                 0             0
Elapsed time = 0.56 sec. (192.42 ticks, tree = 0.01 MB, solutions = 0)
     30    32      313.6667    37                    235.2857      180                  x_18_19 D     30     29     26
*    35+   35                          399.0000      235.2857            41.03%
     50    46      245.5000     8      399.0000      236.0000      270   40.85%         x_43_16 U     50     49      6
     75    71      270.6667    22      399.0000      236.0000      399   40.85%          x_3_19 U     75     74     23
    104    94      241.0000    60      399.0000      237.3333      546   40.52%         x_48_49 U    104      0      1
    125   115      263.0000     0      399.0000      237.3333      644   40.52%          x_1_44 D    125    124     22
    145   135      317.2500    17      399.0000      237.3333      726   40.52%         x_22_20 U    145    144     42
    165   155      366.0000    14      399.0000      237.3333      785   40.52%          x_45_8 U    165    164     62
    200   187      269.0000    34      399.0000      238.0000      972   40.35%         x_50_28 D    200    199     32
    220   207      288.0000    22      399.0000      238.0000     1050   40.35%         x_32_39 U    220    219     52
    275   258      259.0000    43      399.0000      239.2000     1313   40.05%          x_39_5 D    275    274     21
Elapsed time = 4.64 sec. (3520.05 ticks, tree = 1.20 MB, solutions = 1)
    359   339      247.0000    32      399.0000      240.1250     1626   39.82%         x_35_40 D    359     47      4
*   440+  392                          357.0000      240.1250            32.74%
*   446   346      integral     0      313.0000      240.1250     2055   23.28%
*   450+  347                          310.0000      240.1250            22.54%
    454   352      305.5000    12      310.0000      240.1250     2064   22.54%         x_38_12 D    454    453     71
*   455   332      integral     0      306.0000      240.1250     2065   21.53%
    560   428      276.0000    35      306.0000      241.0000     2667   21.24%          x_5_25 D    560    559     25
    660   517      273.6667    22      306.0000      242.0000     3256   20.92%         x_16_19 U    660    658     20
    766   615      298.5000    27      306.0000      242.1429     3819   20.87%         x_27_16 D    766    765     59
    865   698      256.5000    40      306.0000      242.1429     4379   20.87%         x_19_16 D    865    109      7
*   879   390      integral     0      277.0000      242.1429     4491   12.58%
*   915   306      integral     0      272.0000      242.2500     4805   10.94%
*   948   260      integral     0      270.0000      244.5000     5147    9.44%
*   951   178      integral     0      265.0000      246.0000     5256    7.17%
*   991   138      integral     0      264.0000      248.5000     5624    5.87%
   1061    77      262.6000    64      264.0000      255.3333     6037    3.28%          x_4_34 D   1061    635      5

Cover cuts applied:  0
Flow cuts applied:  0
Mixed integer rounding cuts applied:  1
Zero-half cuts applied:  7
User cuts applied:  942

Root node processing (before b&c):
  Real time             =    0.56 sec. (192.58 ticks)
Sequential b&c:
  Real time             =   10.33 sec. (10194.69 ticks)
                          ------------
Total (root+branch&cut) =   10.89 sec. (10387.28 ticks)
