Version identifier: 22.1.1.0 | 2022-11-27 | 9160aff4d
CPXPARAM_Read_DataCheck                          1
CPXPARAM_Threads                                 1
CPXPARAM_MIP_Cuts_Covers                         1
CPXPARAM_MIP_Cuts_FlowCovers                     1
CPXPARAM_MIP_Cuts_MIRCut                         1
CPXPARAM_MIP_Tolerances_MIPGap                   0.0050000000000000001
Legacy callback                                  LD
Warning: Control callbacks may disable some MIP features.
Lazy constraint(s) or lazy constraint/branch callback is present.
    Disabling dual reductions (CPX_PARAM_REDUCE) in presolve.
    Disabling presolve reductions that prevent crushing forms (CPX_PARAM_PREREFORM).
         Disabling repeat represolve because of lazy constraint/incumbent callback.
Tried aggregator 1 time.
Reduced MIP has 100 rows, 2450 columns, and 4900 nonzeros.
Reduced MIP has 2450 binaries, 0 generals, 0 SOSs, and 0 indicators.
Presolve time = 0.00 sec. (1.56 ticks)
Probing time = 0.00 sec. (2.94 ticks)
Clique table members: 100.
MIP emphasis: balance optimality and feasibility.
MIP search method: traditional branch-and-cut.
Parallel mode: none, using 1 thread.
Root relaxation solution time = 0.00 sec. (1.26 ticks)

        Nodes                                         Cuts/
   Node  Left     Objective  IInf  Best Integer    Best Bound    ItCnt     Gap         Variable B NodeID Parent  Depth

      0     0      233.3333    37                    227.0000       48         
      0     0      234.0000    26                     Cuts: 2       50         
      0     0      234.0000    38                 ZeroHalf: 3       51         
      0     0      234.2000    47                 ZeroHalf: 3       56         
      0     2      234.6667    65                    234.6667       56                                 0             0
Elapsed time = 0.48 sec. (192.42 ticks, tree = 0.01 MB, solutions = 0)
     40    42      319.3333    19                    235.2857      254                  x_20_32 U     40     39     31
*    62    62      integral     0      418.0000      235.2857      367   43.71%
     89    87      266.0000    16      418.0000      236.0000      498   43.54%         x_16_36 U     89     88     20
    138   136      311.0000    20      418.0000      236.0000      699   43.54%         x_12_48 D    138    137     52
    160   158      406.0000    14      418.0000      236.0000      775   43.54%         x_21_36 U    160    159     70
*   180+  171                          417.0000      237.3333            43.09%
    195   188      271.2500    38      417.0000      237.3333      910   43.09%         x_17_41 U    195    194     30
    229   222      352.5000    21      417.0000      237.3333     1040   43.09%          x_3_39 U    229    228     64
    260   249      277.0000     0      417.0000      237.3333     1219   43.09%         x_22_13 D    260    259     31
    283   272      316.0000    16      417.0000      237.3333     1288   43.09%          x_7_10 D    283    282     54
    312   299    infeasible            417.0000      237.3333     1391   43.09%          x_19_9 D    312    311     83
*   460+  432                          392.0000      238.8824            39.06%
    460   434      295.0000    16      392.0000      238.8824     2097   39.06%         x_17_41 U    460    459     35
Elapsed time = 5.95 sec. (3472.49 ticks, tree = 2.01 MB, solutions = 3)
*   501   413      integral     0      339.0000      238.8824     2245   29.53%
    553   463      309.5000    18      339.0000      239.5000     2463   29.35%          x_30_9 U    553    552     55
    670   569      272.0000    16      339.0000      239.6667     3077   29.30%         x_38_49 D    670    669     30
*   689   455      integral     0      307.0000      239.6667     3141   21.93%
    796   551      277.2000    23      307.0000      240.5455     3685   21.65%         x_31_42 D    796    794     28
*   821   467      integral     0      294.0000      240.5455     3778   18.18%
    958   588      270.5000    36      294.0000      242.0000     4498   17.69%          x_7_10 D    958    957     11
*   980   561      integral     0      290.0000      242.0000     4591   16.55%
*   983   523      integral     0      286.0000      242.0000     4596   15.38%
*  1047   354      integral     0      273.0000      243.7500     5155   10.71%
*  1049   333      integral     0      272.0000      243.7500     5159   10.39%
*  1087   319      integral     0      271.0000      245.0000     5566    9.59%
*  1105   296      integral     0      270.0000      247.0000     5886    8.52%
*  1132   289      integral     0      269.0000      249.3333     6191    7.31%
   1137   284        cutoff            269.0000      250.6667     6248    6.82%          x_26_3 D   1137     17     14
*  1215   140      integral     0      264.0000      253.0000     7043    4.17%

Cover cuts applied:  0
Flow cuts applied:  0
Mixed integer rounding cuts applied:  1
Zero-half cuts applied:  7
User cuts applied:  887

Root node processing (before b&c):
  Real time             =    0.48 sec. (192.65 ticks)
Sequential b&c:
  Real time             =   12.16 sec. (8608.52 ticks)
                          ------------
Total (root+branch&cut) =   12.64 sec. (8801.17 ticks)
