Version identifier: 22.1.1.0 | 2022-11-27 | 9160aff4d
CPXPARAM_Read_DataCheck                          1
CPXPARAM_Threads                                 1
CPXPARAM_MIP_Cuts_Covers                         2
CPXPARAM_MIP_Cuts_FlowCovers                     2
CPXPARAM_MIP_Cuts_MIRCut                         2
CPXPARAM_MIP_Strategy_HeuristicFreq              1
CPXPARAM_MIP_Tolerances_MIPGap                   0.0050000000000000001
Legacy callback                                  LD
Warning: Control callbacks may disable some MIP features.
Lazy constraint(s) or lazy constraint/branch callback is present.
    Disabling dual reductions (CPX_PARAM_REDUCE) in presolve.
    Disabling presolve reductions that prevent crushing forms (CPX_PARAM_PREREFORM).
         Disabling repeat represolve because of lazy constraint/incumbent callback.
Tried aggregator 1 time.
Reduced MIP has 100 rows, 2450 columns, and 4900 nonzeros.
Reduced MIP has 2450 binaries, 0 generals, 0 SOSs, and 0 indicators.
Presolve time = 0.00 sec. (1.56 ticks)
Probing time = 0.00 sec. (2.94 ticks)
Clique table members: 100.
MIP emphasis: balance optimality and feasibility.
MIP search method: traditional branch-and-cut.
Parallel mode: none, using 1 thread.
Root relaxation solution time = 0.00 sec. (1.26 ticks)

        Nodes                                         Cuts/
   Node  Left     Objective  IInf  Best Integer    Best Bound    ItCnt     Gap         Variable B NodeID Parent  Depth

      0     0      233.3333    37                    227.0000       48         
      0     0      234.0000    26                     Cuts: 2       50         
      0     0      234.0000    38                 ZeroHalf: 3       51         
      0     0      234.2000    47                 ZeroHalf: 3       56         
      0     2      234.6667    65                    234.6667       56                                 0             0
Elapsed time = 0.81 sec. (254.42 ticks, tree = 0.01 MB, solutions = 0)
      9    11      243.0000     0                    235.2857      103                   x_26_3 D      9      7      7
     17    19      260.5000    14                    235.2857      146                  x_17_46 U     17     16     13
*    23+   23                          346.0000      235.2857            32.00%
     24    26      284.0000     0      346.0000      235.2857      157   32.00%         x_13_41 U     24     23     18
*    29+   29                          336.0000      235.2857            29.97%
     31    33      297.0000    27      336.0000      235.2857      194   29.97%         x_14_23 U     31     30     23
*    40    40      integral     0      317.0000      235.2857      242   25.78%
     42    41      248.5000    58      317.0000      236.0000      266   25.55%          x_7_10 U     42     41      3
     47    46      252.2500    52      317.0000      236.0000      290   25.55%         x_27_23 D     47     46      7
     53    52      254.0000    44      317.0000      236.0000      316   25.55%         x_26_17 D     53     51     10
     59    58      264.0000    48      317.0000      236.0000      375   25.55%         x_17_41 D     59     57     14
     66    65      269.0000    46      317.0000      236.0000      411   25.55%          x_32_5 D     66     65     19
     89    88      288.5000    10      317.0000      236.0000      541   25.55%          x_4_46 D     89     88     37
Elapsed time = 7.77 sec. (3527.79 ticks, tree = 0.40 MB, solutions = 3)
*    95    85      integral     0      299.0000      236.0000      578   21.07%
    123   107      278.4000    28      299.0000      237.0000      771   20.74%         x_18_19 D    123    122     23
    169   147      296.3333    16      299.0000      238.7500     1017   20.15%          x_44_9 D    169    168     39
*   203   163      integral     0      294.0000      240.0000     1164   18.37%
    211   170      263.0000     0      294.0000      242.3333     1226   17.57%          x_5_25 D    211    209      9
    261   216      291.6667    38      294.0000      242.3333     1553   17.57%         x_49_31 D    261    259     43
    319   266      276.0000    20      294.0000      243.0000     1872   17.35%         x_31_11 U    319    318     18
    389   324      290.0000    12      294.0000      243.0000     2147   17.35%          x_14_2 D    389    388     37
    449   376      269.1818    43      294.0000      247.0000     2587   15.99%         x_48_30 U    449    447     20
    532   448      266.3333    33      294.0000      249.0000     3045   15.31%         x_13_32 U    532    531     14
    690   589      272.3333    27      294.0000      249.2000     3873   15.24%         x_33_28 D    690    688     13
    834   713      270.6667    60      294.0000      251.0000     4640   14.63%         x_48_30 D    834    833     17
Elapsed time = 17.25 sec. (13131.50 ticks, tree = 5.82 MB, solutions = 5)
*   978   820      integral     0      292.0000      251.0000     5444   14.04%
    979   820      256.5000    64      292.0000      251.8333     5490   13.76%         x_11_40 U    979    133      4
   1142   970      277.0000    32      292.0000      252.2000     6318   13.63%         x_15_48 D   1142   1141     27
   1347  1143        cutoff            292.0000      254.0000     7537   13.01%         x_46_14 U   1347   1346     35
   1530  1309      287.8571    48      292.0000      254.5000     8517   12.84%         x_16_40 D   1530   1529     54
*  1602   605      integral     0      273.0000      254.7500     8990    6.68%
   1703   659      271.5000    42      273.0000      256.0000     9986    6.23%         x_22_13 D   1703   1702     11
*  1727   606      integral     0      272.0000      256.0000    10163    5.88%
*  1747   324      integral     0      267.0000      256.0000    10261    4.12%
*  1808   252      integral     0      266.0000      257.6667    10998    3.13%
*  1862   156      integral     0      265.0000      259.0000    11550    2.26%
   1885   145        cutoff            265.0000      259.6000    11766    2.04%         x_33_28 D   1885    396     12
*  2004     0      integral     0      264.0000      263.2500    12196    0.28%

Cover cuts applied:  1
Flow cuts applied:  0
Mixed integer rounding cuts applied:  0
Zero-half cuts applied:  7
User cuts applied:  1251

Root node processing (before b&c):
  Real time             =    0.81 sec. (254.62 ticks)
Sequential b&c:
  Real time             =   23.38 sec. (18937.95 ticks)
                          ------------
Total (root+branch&cut) =   24.19 sec. (19192.57 ticks)
