Version identifier: 22.1.1.0 | 2022-11-27 | 9160aff4d
CPXPARAM_Read_DataCheck                          1
CPXPARAM_Threads                                 1
CPXPARAM_MIP_Strategy_NodeSelect                 0
CPXPARAM_MIP_Strategy_HeuristicFreq              1
CPXPARAM_MIP_Tolerances_MIPGap                   0.0050000000000000001
Tried aggregator 2 times.
MIP Presolve eliminated 35 rows and 282 columns.
MIP Presolve added 18 rows and 0 columns.
MIP Presolve modified 12152 coefficients.
Aggregator did 4 substitutions.
Reduced MIP has 2714 rows, 3661 columns, and 20452 nonzeros.
Reduced MIP has 3612 binaries, 0 generals, 0 SOSs, and 0 indicators.
Presolve time = 0.02 sec. (25.25 ticks)
Found incumbent of value 948.000000 after 0.05 sec. (52.19 ticks)
Probing time = 0.00 sec. (3.86 ticks)
Tried aggregator 1 time.
Detecting symmetries...
Reduced MIP has 2714 rows, 3661 columns, and 20452 nonzeros.
Reduced MIP has 3612 binaries, 0 generals, 0 SOSs, and 0 indicators.
Presolve time = 0.02 sec. (11.38 ticks)
Probing time = 0.01 sec. (3.91 ticks)
Clique table members: 2988.
MIP emphasis: balance optimality and feasibility.
MIP search method: dynamic search.
Parallel mode: none, using 1 thread.
Root relaxation solution time = 0.02 sec. (20.63 ticks)

        Nodes                                         Cuts/
   Node  Left     Objective  IInf  Best Integer    Best Bound    ItCnt     Gap

*     0+    0                          948.0000        0.0000           100.00%
      0     0      206.9882   114      948.0000      206.9882      512   78.17%
      0     0      224.1000   108      948.0000     Cuts: 134      757   76.36%
      0     0      226.2153   107      948.0000     Cuts: 110     1003   76.14%
      0     0      226.7143    82      948.0000      Cuts: 86     1086   76.08%
      0     0      226.8000    86      948.0000      Cuts: 45     1154   76.08%
      0     0      226.8000    88      948.0000      Cuts: 61     1198   76.08%
Detecting symmetries...
      0     0      226.8000    74      948.0000      Cuts: 11     1230   76.08%
*     0+    0                          830.0000      226.8000            72.67%
      0     0      226.8000    90      830.0000      Cuts: 49     1300   72.67%
Detecting symmetries...
      0     2      226.8000    67      830.0000      226.8000     1300   72.67%
Elapsed time = 1.42 sec. (1724.60 ticks, tree = 0.01 MB, solutions = 2)
      8    10      226.9667    52      830.0000      226.8000     1488   72.67%
     21    23      226.9667    48      830.0000      226.8000     1707   72.67%
     27    29      227.0004    68      830.0000      226.8000     1808   72.67%
     37    39      227.3478    45      830.0000      226.8000     1935   72.67%
     47    49      227.6357    85      830.0000      226.8000     2146   72.67%
     54    56      228.6217    93      830.0000      226.8000     2471   72.67%
     73    75      233.8005    61      830.0000      226.8000     2948   72.67%
     93    95      233.9486    64      830.0000      226.8000     3021   72.67%
    118   120      233.9782    69      830.0000      226.8000     3113   72.67%
    202   204      250.1764    48      830.0000      226.8000     4129   72.67%
Elapsed time = 3.67 sec. (5189.76 ticks, tree = 0.57 MB, solutions = 2)
    288   289      378.1833    63      830.0000      226.8000     5330   72.67%
    454   455      418.8071    63      830.0000      226.8000     7283   72.67%
*   514+  513                          531.0000      226.8000            57.29%
*   515+  514                          501.0000      226.8000            54.73%
*   515+  514                          482.0000      226.8000            52.95%
*   515+  507                          473.0000      226.8000            52.05%
*   515+  492                          466.0000      226.8000            51.33%
*   515+  475                          450.0000      226.8000            49.60%
*   516+  259                          378.0000      226.8000            40.00%
*   516+  253                          360.0000      226.8000            37.00%
*   516+  253                          337.0000      226.8000            32.70%
*   516+  253                          335.0000      226.8000            32.30%
    611   248        cutoff            335.0000      226.8000    10607   32.30%
    988   542      332.4571    39      335.0000      226.8000    18198   32.30%
   1647   653      229.2378    52      335.0000      226.8000    25974   32.30%

Performing restart 1

Repeating presolve.
Tried aggregator 1 time.
MIP Presolve eliminated 13 rows and 14 columns.
MIP Presolve modified 5884 coefficients.
Reduced MIP has 2701 rows, 3647 columns, and 18680 nonzeros.
Reduced MIP has 3598 binaries, 0 generals, 0 SOSs, and 0 indicators.
Presolve time = 0.00 sec. (18.97 ticks)
Tried aggregator 1 time.
Reduced MIP has 2701 rows, 3647 columns, and 18680 nonzeros.
Reduced MIP has 3598 binaries, 0 generals, 0 SOSs, and 0 indicators.
Presolve time = 0.02 sec. (12.00 ticks)
Represolve time = 0.09 sec. (108.39 ticks)
   1654     0      226.9383   109      335.0000      Cuts: 73    27123   32.26%
   1654     0      227.1506   103      335.0000     Cuts: 111    27221   32.19%
   1654     0      227.3203    88      335.0000     Cuts: 104    27301   32.14%
   1654     0      227.5000    60      335.0000      Cuts: 74    27425   32.09%
   1654     0      227.6370    67      335.0000      Cuts: 71    27521   32.05%
   1654     0      227.6370    81      335.0000      Cuts: 27    27558   32.05%
   1654     0      227.8000    87      335.0000      Cuts: 27    27643   32.00%
   1654     0      228.0000    84      335.0000      Cuts: 55    27746   31.94%
   1654     0      228.0000    68      335.0000      Cuts: 70    27870   31.94%
   1654     0      228.0000    46      335.0000      Cuts: 47    27986   31.94%
   1654     0      228.0000    45      335.0000      Cuts: 30    28110   31.94%
   1654     0      228.0000    46      335.0000      Cuts: 39    28163   31.94%
   1654     0      228.0000    51      335.0000      Cuts: 27    28183   31.94%
*  1654+    0                          305.0000      228.0000            25.25%
   1654     0  -1.00000e+75     0      305.0000      228.0000    28183   25.25%
   1654     2      228.0000    15      305.0000      228.0000    28183   25.25%
   1665    13      228.0000   102      305.0000      228.0000    28252   25.25%
   1676    24      228.0000    75      305.0000      228.0000    28292   25.25%
   1685    33      228.0202    58      305.0000      228.0000    28435   25.25%
   1699    47      228.3483    52      305.0000      228.0000    28600   25.25%
Elapsed time = 17.70 sec. (23727.39 ticks, tree = 0.12 MB, solutions = 13)
   1714    61      228.3974    69      305.0000      228.0000    28704   25.25%
   1733    80      228.6667    41      305.0000      228.0000    28882   25.25%
   1755   102      228.9410    77      305.0000      228.0000    29043   25.25%
   1783   130      229.0979    74      305.0000      228.0000    29163   25.25%
   1806   153      230.1362    59      305.0000      228.0000    29334   25.25%
   1831   178      230.9036    68      305.0000      228.0000    29501   25.25%
   1860   207      232.1964    54      305.0000      228.0000    29741   25.25%
   1889   236      232.4303    49      305.0000      228.0000    29843   25.25%
   1918   265      233.3167    60      305.0000      228.0000    30148   25.25%
   1951   298      234.0308    66      305.0000      228.0000    30375   25.25%
Elapsed time = 24.91 sec. (33565.65 ticks, tree = 0.59 MB, solutions = 13)
   1989   336      234.9283    57      305.0000      228.0000    30743   25.25%
   2031   378      236.3264    64      305.0000      228.0000    31025   25.25%
   2083   428      238.1413    57      305.0000      228.0000    31367   25.25%
   2138   480      239.2855    69      305.0000      228.0000    31802   25.25%
   2210   534      281.2415    32      305.0000      228.0000    32379   25.25%
   2310   564      251.6784    41      305.0000      228.0000    34160   25.25%
   2417   570      301.6204    32      305.0000      228.0000    36588   25.25%
*  2488   553      integral     0      298.0000      228.0000    37847   23.49%
   2706   533        cutoff            298.0000      228.0000    42880   23.49%
   3029   511      296.8306    26      298.0000      228.0000    49605   23.49%
   3262   512      279.5646    37      298.0000      228.0000    55148   23.49%
Elapsed time = 32.97 sec. (43177.01 ticks, tree = 1.00 MB, solutions = 14)
   3351   500      288.6769    33      298.0000      228.0000    57315   23.49%
   3423   472        cutoff            298.0000      228.0000    59968   23.49%
   3610   467      295.5833    42      298.0000      228.0000    65601   23.49%
   3836   463        cutoff            298.0000      228.0000    71346   23.49%
   3950   439      299.9375    46      298.0000      228.0000    77349   23.49%
   4170   520      229.2865    52      298.0000      228.0000    80664   23.49%
   4328   678      258.4664    74      298.0000      228.0000    83765   23.49%
   4567   834        cutoff            298.0000      228.0000    88404   23.49%
*  4665   787      integral     0      295.0000      228.0000    94057   22.71%
   4680   775        cutoff            295.0000      228.0000    95547   22.71%
*  4765+  723                          282.0000      228.0000            19.15%
*  4765+  683                          269.0000      228.0000            15.24%
   4895   789      232.4473    78      269.0000      228.0000   100292   15.24%
Elapsed time = 42.28 sec. (52784.80 ticks, tree = 1.47 MB, solutions = 17)
   5174  1016      280.7633    46      269.0000      228.0000   103065   15.24%
   5381  1192      229.4780    76      269.0000      228.0000   106786   15.24%
   5638  1408      228.0224    86      269.0000      228.0000   109272   15.24%
   6059  1829      232.9066    76      269.0000      228.0000   113704   15.24%
   6348  1901      263.7007    39      269.0000      228.0000   119654   15.24%
   6509  1867      252.5672    55      269.0000      228.0000   126342   15.24%
   6651  1838      267.0721    54      269.0000      228.0000   132418   15.24%
   6828  1829        cutoff            269.0000      228.0000   138597   15.24%
   7065  1812      248.9184    35      269.0000      228.0000   146007   15.24%
   7325  1854        cutoff            269.0000      228.0000   153925   15.24%
Elapsed time = 49.91 sec. (62361.74 ticks, tree = 3.44 MB, solutions = 17)
   7427  1791        cutoff            269.0000      228.0000   160856   15.24%
   7542  1763      263.4658    40      269.0000      228.0000   166894   15.24%
   7769  1776      254.0102    57      269.0000      228.0000   171565   15.24%
   8133  1897      229.4461    83      269.0000      228.0000   175971   15.24%
   8468  2153      264.0833    60      269.0000      228.0000   179335   15.24%
   8561  2105      246.4629    76      269.0000      228.0000   185512   15.24%
   8787  2105      264.1103    59      269.0000      228.0000   190472   15.24%
   8966  2076      260.4167    65      269.0000      228.0000   196959   15.24%
   9196  2066    infeasible            269.0000      228.0000   203635   15.24%
   9385  2102      237.2373    59      269.0000      228.0000   208833   15.24%
Elapsed time = 56.58 sec. (71989.27 ticks, tree = 3.98 MB, solutions = 17)
   9740  2315      230.5441    71      269.0000      228.0000   214287   15.24%
  10016  2515      233.1691    77      269.0000      228.0000   218507   15.24%
* 10054+ 2288                          260.0000      228.0000            12.31%
  10100  2336      233.7179    74      260.0000      228.0000   219000   12.31%
* 10154+ 2184                          256.0000      228.0000            10.94%
  10198  2192        cutoff            256.0000      228.0000   220306   10.94%
* 10254+ 1865                          249.0000      228.0000             8.43%
* 10254+ 1417                          241.0000      228.0000             5.39%
  10306  1378      239.7365    70      241.0000      228.0000   223445    5.39%
  10354  1391      228.2711    96      241.0000      228.0000   224724    5.39%
  10592  1431        cutoff            241.0000      228.0000   230844    5.39%
* 10619  1356      integral     0      240.0000      228.0000   231855    5.00%
  10760  1345      235.5167    76      240.0000      228.0000   235434    5.00%
  10974  1343      237.4375    32      240.0000      228.0000   241290    5.00%
  11182  1392      238.1333    55      240.0000      228.0000   246787    5.00%
Elapsed time = 64.55 sec. (81708.27 ticks, tree = 2.69 MB, solutions = 22)
  11261  1375      234.6128    86      240.0000      228.0000   252906    5.00%
  11437  1391        cutoff            240.0000      228.0000   257702    5.00%
  11772  1412      238.8000    24      240.0000      228.0000   262825    5.00%
* 11934+ 1365                          238.0000      228.0000             4.20%
  11934  1367      236.2143    30      238.0000      228.0000   267422    4.20%
* 11935+  611                          232.0000      228.0000             1.72%
  11935   611      232.0000     0      232.0000      228.0000   267441    1.72%
  11936   612      229.5649    53      232.0000      228.0000   267445    1.72%
  12022   613      230.6740    73      232.0000      228.0000   271209    1.72%

Performing restart 2

Repeating presolve.
Tried aggregator 2 times.
MIP Presolve eliminated 905 rows and 2463 columns.
MIP Presolve added 14 rows and 0 columns.
MIP Presolve modified 5984 coefficients.
Aggregator did 7 substitutions.
Reduced MIP has 1803 rows, 1177 columns, and 8658 nonzeros.
Reduced MIP has 1133 binaries, 0 generals, 0 SOSs, and 0 indicators.
Presolve time = 0.03 sec. (22.23 ticks)
Tried aggregator 1 time.
MIP Presolve eliminated 674 rows and 56 columns.
MIP Presolve modified 980 coefficients.
Reduced MIP has 1129 rows, 1121 columns, and 6623 nonzeros.
Reduced MIP has 1079 binaries, 0 generals, 0 SOSs, and 0 indicators.
Presolve time = 0.00 sec. (6.89 ticks)
Tried aggregator 1 time.
MIP Presolve eliminated 29 rows and 0 columns.
Reduced MIP has 1100 rows, 1121 columns, and 6565 nonzeros.
Reduced MIP has 1079 binaries, 0 generals, 0 SOSs, and 0 indicators.
Presolve time = 0.02 sec. (4.08 ticks)
Represolve time = 0.27 sec. (151.84 ticks)
  12045     0      228.0000   128      232.0000      Cuts: 64   273068    1.72%
  12045     0      228.0000   117      232.0000      Cuts: 45   273165    1.72%
  12045     0      228.0000   128      232.0000     Cuts: 137   273309    1.72%
  12045     0      228.0000    84      232.0000      Cuts: 30   273430    1.72%
  12045     0      228.0000   113      232.0000      Cuts: 88   273560    1.72%
  12045     0      228.0000    83      232.0000       Cuts: 5   273601    1.72%
  12045     0      228.0000    87      232.0000      Cuts: 71   273667    1.72%
  12045     0      228.0000    78      232.0000       Cuts: 9   273782    1.72%
  12045     0      228.0000   108      232.0000     Cuts: 135   273937    1.72%
  12045     0      228.0000    50      232.0000      Cuts: 15   273968    1.72%
  12045     0      228.0000   100      232.0000     Cuts: 102   274096    1.72%
  12045     2      228.0000    91      232.0000      228.0000   274096    1.72%
  12077     8      229.5450   119      232.0000      228.0000   275531    1.72%
  12105     4      229.1500    81      232.0000      228.1801   277798    1.65%
Elapsed time = 76.31 sec. (93766.94 ticks, tree = 0.01 MB, solutions = 24)
  12144     1      230.8656    54      232.0000      230.8656   279610    0.49%

GUB cover cuts applied:  25
Clique cuts applied:  10
Cover cuts applied:  9
Implied bound cuts applied:  2
Flow cuts applied:  2
Mixed integer rounding cuts applied:  44
Zero-half cuts applied:  11
Lift and project cuts applied:  6
Gomory fractional cuts applied:  20

Root node processing (before b&c):
  Real time             =    1.42 sec. (1725.07 ticks)
Sequential b&c:
  Real time             =   75.55 sec. (93000.30 ticks)
                          ------------
Total (root+branch&cut) =   76.97 sec. (94725.37 ticks)
