Version identifier: 22.1.1.0 | 2022-11-28 | 9160aff4d
CPXPARAM_Read_DataCheck                          1
CPXPARAM_Threads                                 1
CPXPARAM_MIP_Cuts_Covers                         1
CPXPARAM_MIP_Cuts_FlowCovers                     1
CPXPARAM_MIP_Cuts_MIRCut                         1
CPXPARAM_TimeLimit                               1800
CPXPARAM_MIP_Tolerances_MIPGap                   9.9999999999999995e-07
Legacy callback                                  LD
Warning: Control callbacks may disable some MIP features.
Lazy constraint(s) or lazy constraint/branch callback is present.
    Disabling dual reductions (CPX_PARAM_REDUCE) in presolve.
    Disabling presolve reductions that prevent crushing forms (CPX_PARAM_PREREFORM).
         Disabling repeat represolve because of lazy constraint/incumbent callback.
Tried aggregator 1 time.
Reduced MIP has 100 rows, 2450 columns, and 4900 nonzeros.
Reduced MIP has 2450 binaries, 0 generals, 0 SOSs, and 0 indicators.
Presolve time = 0.00 sec. (1.56 ticks)
Probing time = 0.00 sec. (2.94 ticks)
Clique table members: 100.
MIP emphasis: balance optimality and feasibility.
MIP search method: traditional branch-and-cut.
Parallel mode: none, using 1 thread.
Root relaxation solution time = 0.00 sec. (1.27 ticks)

        Nodes                                         Cuts/
   Node  Left     Objective  IInf  Best Integer    Best Bound    ItCnt     Gap         Variable B NodeID Parent  Depth

      0     0      281.0000    18                    268.0000       42         
      0     2      282.5000    36                    282.5000       42                                 0             0
Elapsed time = 0.16 sec. (81.84 ticks, tree = 0.01 MB, solutions = 0)
     50    52      414.0000     0                    283.2500      259                  x_46_17 U     50     49     39
*    83    83      integral     0      663.0000      283.2500      416   57.28%
     90    88      287.6667    35      663.0000      284.0000      477   57.16%          x_4_46 D     90     89      6
    139   137      330.5000    16      663.0000      284.0000      714   57.16%          x_38_2 D    139    138     37
    160   158      358.5000    36      663.0000      284.0000      799   57.16%         x_25_37 D    160    159     52
    185   183      453.5000    16      663.0000      284.0000      888   57.16%         x_19_47 U    185    184     71
    215   213      627.6667    17      663.0000      284.0000      980   57.16%          x_50_9 D    215    214     97
    250   244      350.0000    10      663.0000      285.0000     1114   57.01%          x_7_18 D    250    249     35
    269   263      398.5000    14      663.0000      285.0000     1186   57.01%          x_2_43 U    269    268     54
    280   274      543.0000     0      663.0000      285.0000     1227   57.01%         x_35_24 U    280    279     65
*   285   270      integral     0      598.0000      285.0000     1246   52.34%
*   371   324      integral     0      486.0000      286.0000     1663   41.15%
    401   353      337.4000    25      486.0000      286.0000     1842   41.15%         x_45_31 D    401    400     33
Elapsed time = 5.62 sec. (3314.52 ticks, tree = 1.64 MB, solutions = 3)
    520   462      313.6667    23      486.0000      286.4000     2275   41.07%         x_13_39 U    520    519     43
    630   568      360.0000    28      486.0000      287.5000     2792   40.84%         x_35_43 U    630    629     48
    740   672      356.3333    28      486.0000      288.0000     3301   40.74%         x_10_47 D    740    739     65
    870   798      404.0000    12      486.0000      289.0000     3770   40.53%          x_3_38 U    870    869     96
    986   911      410.5000    22      486.0000      289.0000     4275   40.53%         x_13_39 U    986    985     92
   1087  1009      386.5000    16      486.0000      289.0000     4844   40.53%         x_45_28 U   1087   1085     57
*  1136  1006      integral     0      456.0000      289.0000     5062   36.62%
   1182  1047      369.0000    18      456.0000      289.0000     5289   36.62%          x_4_29 D   1182   1181     50
*  1201   976      integral     0      426.0000      289.0000     5337   32.16%
   1306  1073      323.6667    54      426.0000      289.5000     5946   32.04%         x_36_40 U   1306   1305      8
   1427  1191      355.2500    39      426.0000      289.7500     6489   31.98%          x_8_50 D   1427   1426     25
   1531  1291      375.1667    35      426.0000      289.8889     7183   31.95%         x_41_24 D   1531   1530     53
Elapsed time = 15.05 sec. (12953.54 ticks, tree = 10.11 MB, solutions = 5)
*  1545  1198      integral     0      406.0000      289.8889     7245   28.60%
   1645  1291      327.4000    56      406.0000      291.6000     7699   28.18%          x_36_2 D   1645   1644      9
*  1708  1339      integral     0      405.0000      291.6000     7971   28.00%
*  1733   768      integral     0      354.0000      292.2000     8155   17.46%
   1763   790        cutoff            354.0000      292.3333     8360   17.42%          x_4_17 D   1763   1762     34
*  1797   612      integral     0      341.0000      292.6800     8702   14.17%
*  1882   630      integral     0      340.0000      297.5000     9902   12.50%
   1908   646        cutoff            340.0000      298.0000    10205   12.35%          x_19_5 D   1908      9     10
*  1985   541      integral     0      336.0000      300.0000    10945   10.71%
*  1996   433      integral     0      332.0000      300.6667    11113    9.44%
*  2004   392      integral     0      331.0000      302.0000    11424    8.76%
   2360    42    infeasible            331.0000      328.0000    12487    0.91%         x_31_35 D   2360   1154     23
*  2377     0      integral     0      329.0000      329.0000    12579    0.00%

Cover cuts applied:  0
Flow cuts applied:  0
Mixed integer rounding cuts applied:  0
User cuts applied:  1225

Root node processing (before b&c):
  Real time             =    0.16 sec. (82.08 ticks)
Sequential b&c:
  Real time             =   17.31 sec. (16776.76 ticks)
                          ------------
Total (root+branch&cut) =   17.47 sec. (16858.85 ticks)
