Version identifier: 22.1.1.0 | 2022-11-28 | 9160aff4d
CPXPARAM_Read_DataCheck                          1
CPXPARAM_Threads                                 1
CPXPARAM_MIP_Strategy_NodeSelect                 2
CPXPARAM_MIP_Strategy_HeuristicFreq              -1
CPXPARAM_TimeLimit                               1800
CPXPARAM_MIP_Tolerances_MIPGap                   9.9999999999999995e-07
Legacy callback                                  LD
Warning: Control callbacks may disable some MIP features.
Lazy constraint(s) or lazy constraint/branch callback is present.
    Disabling dual reductions (CPX_PARAM_REDUCE) in presolve.
    Disabling presolve reductions that prevent crushing forms (CPX_PARAM_PREREFORM).
         Disabling repeat represolve because of lazy constraint/incumbent callback.
Tried aggregator 1 time.
Reduced MIP has 100 rows, 2450 columns, and 4900 nonzeros.
Reduced MIP has 2450 binaries, 0 generals, 0 SOSs, and 0 indicators.
Presolve time = 0.00 sec. (1.56 ticks)
Probing time = 0.01 sec. (2.94 ticks)
Clique table members: 100.
MIP emphasis: balance optimality and feasibility.
MIP search method: traditional branch-and-cut.
Parallel mode: none, using 1 thread.
Root relaxation solution time = 0.00 sec. (1.27 ticks)

        Nodes                                         Cuts/
   Node  Left     Objective  IInf  Best Integer    Best Bound    ItCnt     Gap         Variable B NodeID Parent  Depth

      0     0      281.0000    18                    268.0000       42         
      0     2      281.0000    18                    281.0000       42                                 0             0
Elapsed time = 0.05 sec. (26.01 ticks, tree = 0.01 MB, solutions = 0)
*    67    67      integral     0      646.0000      282.0000      292   56.35%
*    70    68      integral     0      636.0000      282.0000      303   55.66%
     71    68      627.3333    12      636.0000      282.0000      306   55.66%         x_12_49 D     71     69     57
    165   160      452.0000    18      636.0000      282.0000      694   55.66%          x_14_7 U    165    164     80
    245   236      497.3333    25      636.0000      282.4000     1011   55.60%         x_30_14 U    245    244     80
*   250   233      integral     0      549.0000      282.4000     1027   48.56%
    344   326      429.6667    28      549.0000      282.5000     1343   48.54%         x_34_23 D    344    343     96
    439   415      387.0000    17      549.0000      283.0000     1774   48.45%         x_13_15 U    439    438     81
    497   467      311.6667    34      549.0000      283.7500     2073   48.32%         x_47_15 D    497    495     24
    573   543      381.7500    23      549.0000      283.7500     2359   48.32%         x_25_22 D    573    572     87
    618   579        cutoff            549.0000      283.7500     2525   48.32%         x_23_11 U    618    615    123
    730   691      397.0000    14      549.0000      283.7500     2941   48.32%         x_43_17 D    730    729    122
    991   928      381.4000    26      549.0000      284.0000     3779   48.27%         x_35_33 D    991    990    117
Elapsed time = 5.76 sec. (3156.18 ticks, tree = 4.12 MB, solutions = 3)
   1277  1204      314.5000    36      549.0000      284.0000     4910   48.27%          x_2_43 U   1277   1276     69
   1457  1384      427.2500    23      549.0000      284.0000     5581   48.27%         x_32_19 D   1457   1456    214
   1602  1518      530.0000    14      549.0000      284.0000     6168   48.27%          x_9_16 D   1602   1601    112
   1887  1789      348.2500    32      549.0000      284.0000     7260   48.27%         x_28_41 D   1887   1886     92
   2070  1953      351.4000    24      549.0000      284.0000     7830   48.27%         x_16_23 D   2070   2069     54
   2254  2132      348.0000    12      549.0000      285.0000     8695   48.09%         x_42_39 D   2254   2253     52
   2370  2244      531.0000    21      549.0000      285.0000     9147   48.09%         x_43_40 D   2370   2369    146
   2530  2398      517.6667    22      549.0000      285.0000     9798   48.09%         x_20_44 D   2530   2529    161
   2742  2593      427.5000    42      549.0000      285.0000    10524   48.09%          x_9_15 D   2742   2741    186
   2903  2749      495.4000    27      549.0000      285.0000    11222   48.09%         x_35_24 U   2903   2902    135
Elapsed time = 15.68 sec. (12774.05 ticks, tree = 19.23 MB, solutions = 3)
   3132  2971      424.0000    28      549.0000      285.0000    11951   48.09%         x_37_34 D   3132   3131    212
   3261  3094      351.2500    33      549.0000      285.0000    12501   48.09%         x_28_45 U   3261   3259     71
   3386  3217      526.0000    18      549.0000      285.0000    12906   48.09%         x_17_49 D   3386   3385    184
   3571  3396      539.0000    22      549.0000      285.0000    13504   48.09%         x_26_23 D   3571   3570    213
   3726  3540    infeasible            549.0000      285.0000    14203   48.09%          x_6_40 U   3726   3724    154
   3924  3734      343.6667    16      549.0000      285.0000    14961   48.09%          x_2_43 U   3924   3923     71
   4087  3893      325.8333    33      549.0000      285.0000    15699   48.09%         x_48_22 D   4087   4085     36
   4197  4003      374.5172    47      549.0000      285.0000    16318   48.09%         x_23_30 D   4197   4195    126
   4279  4085      476.5000    10      549.0000      285.0000    16692   48.09%         x_36_37 U   4279   4277    192
   4497  4299      434.4444    36      549.0000      285.0000    17555   48.09%         x_39_40 D   4497   4496    223
Elapsed time = 21.40 sec. (22440.93 ticks, tree = 37.52 MB, solutions = 3)
   4606  4398      535.3333    24      549.0000      285.0000    17816   48.09%         x_36_15 D   4606   4605    331
   4810  4599      499.5000    18      549.0000      285.0000    18497   48.09%          x_1_31 D   4810   4809    202
   4939  4717      414.2857    28      549.0000      285.0000    18938   48.09%          x_48_7 D   4939   4938    104
   5087  4859      326.6667    30      549.0000      285.0000    19312   48.09%          x_42_9 U   5087   5086     32
   5251  5021        cutoff            549.0000      285.0000    19784   48.09%         x_12_49 U   5251   5250    196
   5337  5103      353.0000    16      549.0000      285.0000    20444   48.09%         x_28_41 D   5337   5336     84
*  5373  4690      integral     0      491.0000      285.0000    20613   41.96%
   5397  4712      334.1429    35      491.0000      285.0000    20763   41.96%         x_28_35 D   5397   5396     41
   5479  4790      310.3125    67      491.0000      285.0000    21053   41.96%         x_31_45 D   5479   5478     10
   5621  4931      484.5000    12      491.0000      285.0000    21631   41.96%         x_13_26 D   5621   5620    152
   5758  5064      414.7500    28      491.0000      285.0000    22052   41.96%         x_24_35 D   5758   5757    143
Elapsed time = 26.32 sec. (32065.56 ticks, tree = 50.10 MB, solutions = 4)
   5892  5191      382.5000    32      491.0000      285.0000    22578   41.96%         x_16_23 D   5892   5891     78
   5991  5284      335.6667    22      491.0000      285.0000    23096   41.96%          x_6_42 U   5991   5990     43
   6051  5338      352.6667    32      491.0000      285.4286    23424   41.87%         x_11_20 D   6051   6050     36
   6173  5460      469.5000    41      491.0000      285.4286    23823   41.87%         x_49_12 D   6173   6172    158
   6264  5546      440.0000    12      491.0000      285.4286    24321   41.87%          x_15_2 U   6264   6263     85
   6368  5646      389.4286    28      491.0000      285.4286    24849   41.87%          x_6_25 D   6368   6367     88
   6467  5741      463.1429    36      491.0000      285.4286    25119   41.87%         x_10_18 D   6467   6465    185
   6562  5826      330.1429    46      491.0000      285.4286    25572   41.87%         x_19_18 D   6562    109     32
   6656  5918    infeasible            491.0000      285.4286    25930   41.87%         x_25_50 D   6656   6655    108
   6776  6036      442.6667    28      491.0000      285.4286    26391   41.87%         x_18_20 U   6776   6775    148
Elapsed time = 31.06 sec. (41701.34 ticks, tree = 66.18 MB, solutions = 4)
   6890  6147      386.0000    12      491.0000      285.4286    26822   41.87%         x_15_50 D   6890   6889     86
   6974  6229        cutoff            491.0000      285.4286    27022   41.87%           x_9_5 D   6974   6973    170
   7074  6324      410.4444    37      491.0000      285.8182    27519   41.79%         x_20_46 D   7074   7073    107
   7206  6452      336.3333    39      491.0000      285.8182    27937   41.79%           x_6_2 D   7206   7205     45
   7355  6601      432.6667    21      491.0000      285.8182    28393   41.79%         x_20_34 D   7355   7354    194
   7435  6673      344.6667    27      491.0000      285.8182    28721   41.79%         x_29_27 D   7435   7433     50
   7500  6738      384.3333    17      491.0000      285.8182    29023   41.79%         x_34_19 U   7500   7499    101
   7567  6805      434.0000    35      491.0000      285.8182    29342   41.79%         x_31_17 U   7567   7565    151
   7647  6881      426.0000    20      491.0000      285.8182    29731   41.79%          x_40_6 D   7647   7646     91
   7730  6955      322.5000    46      491.0000      285.8182    30003   41.79%         x_46_47 U   7730   7729     18
Elapsed time = 35.54 sec. (51355.15 ticks, tree = 82.88 MB, solutions = 4)
   7846  7071      423.0000    18      491.0000      285.8182    30401   41.79%         x_11_21 D   7846   7845    134
   7924  7145      326.0000    10      491.0000      285.8182    30730   41.79%         x_22_26 D   7924   7923     20
   8030  7251      403.2857    32      491.0000      285.8182    31075   41.79%         x_34_26 D   8030   8029    126
   8117  7327      313.0000    46      491.0000      285.8182    31332   41.79%          x_3_44 U   8117    170      6
   8222  7432      402.0000    22      491.0000      285.8182    31671   41.79%          x_22_5 D   8222   8221    111
   8291  7494      356.6667    39      491.0000      286.0000    31915   41.75%         x_15_50 D   8291   8289     43
   8336  7539      428.3333    20      491.0000      286.0000    32168   41.75%          x_50_8 U   8336   8334     72
   8405  7602    infeasible            491.0000      286.0000    32520   41.75%          x_42_1 D   8405   8404     96
   8536  7731      412.6667    14      491.0000      286.0000    33009   41.75%          x_24_2 D   8536   8535    134
   8610  7798      487.5000    16      491.0000      286.0000    33287   41.75%         x_34_18 D   8610   8609    206
Elapsed time = 40.56 sec. (61026.14 ticks, tree = 99.55 MB, solutions = 4)
   8703  7889      412.1667    47      491.0000      286.0000    33617   41.75%          x_41_8 D   8703   8702    101
   8822  8004      344.6667    25      491.0000      286.0000    34075   41.75%         x_12_46 D   8822   8821     53
   8904  8086      396.8000    34      491.0000      286.0000    34323   41.75%         x_22_23 D   8904   8903    135
   8968  8146      368.5000    27      491.0000      286.0000    34578   41.75%          x_6_40 U   8968   8966     43
*  8995  5280      integral     0      394.0000      286.0000    34697   27.41%
   9034  5311        cutoff            394.0000      286.0000    34958   27.41%         x_46_47 U   9034   9033     59
   9100  5368      335.0000    18      394.0000      292.0000    35318   25.89%          x_8_41 D   9100   9099     15
   9188  5451      338.5000    16      394.0000      292.0000    35725   25.89%         x_50_42 D   9188   9187     33
   9252  5507      381.4000    43      394.0000      292.0000    36040   25.89%         x_17_23 D   9252   9251     42
   9303  5548      322.0000    33      394.0000      292.0000    36318   25.89%          x_7_18 D   9303   9302     16
   9362  5606      391.0000    18      394.0000      292.0000    36504   25.89%         x_25_28 D   9362   9361     75
Elapsed time = 44.85 sec. (70673.31 ticks, tree = 72.81 MB, solutions = 5)
   9418  5660      369.2500    24      394.0000      292.0000    36772   25.89%         x_50_15 D   9418   9417     64
   9490  5729      362.5000    38      394.0000      292.0000    37073   25.89%          x_7_40 D   9490   9489     60
   9558  5794      352.2500    27      394.0000      292.0000    37398   25.89%          x_4_46 U   9558   9556     26
   9600  5836      384.0000    22      394.0000      292.0000    37585   25.89%          x_26_8 D   9600   9599     59
   9645  5866      329.4000    45      394.0000      293.0000    37863   25.63%          x_6_42 U   9645   9644     12
   9710  5931      372.0000    23      394.0000      293.0000    38059   25.63%         x_28_35 D   9710   9709     77
   9768  5985      352.6667    22      394.0000      293.0000    38342   25.63%         x_41_28 D   9768   9767     37
   9843  6053      349.0000    32      394.0000      293.0000    38680   25.63%         x_14_18 D   9843   9842     37
   9922  6121      380.8571    28      394.0000      293.0000    39014   25.63%         x_47_49 U   9922   9920     57
*  9966  5643      integral     0      385.0000      293.0000    39205   23.90%
   9977  5650      329.2500    42      385.0000      293.0000    39326   23.90%          x_7_20 U   9977   9976     22
Elapsed time = 48.97 sec. (80333.71 ticks, tree = 77.65 MB, solutions = 6)
  10050  5719      334.0000     8      385.0000      293.0000    39738   23.90%         x_22_26 U  10050  10049     31
  10127  5792      331.0000    58      385.0000      293.0000    40044   23.90%          x_7_20 U  10127  10126     15
  10200  5859      372.6250    61      385.0000      293.0000    40406   23.90%          x_35_4 U  10200  10199     47
  10254  5904      360.3333    33      385.0000      293.0000    40698   23.90%         x_41_37 D  10254  10253     49
  10339  5985      359.5556    41      385.0000      293.0000    41096   23.90%         x_43_27 D  10339  10338     52
  10404  6046      351.0000    24      385.0000      293.0000    41426   23.90%          x_22_5 D  10404  10403     57
  10474  6106      351.6000    41      385.0000      293.0000    41752   23.90%         x_41_14 D  10474  10473     32
  10537  6165      341.7500    29      385.0000      293.0000    42129   23.90%         x_24_26 D  10537  10536     23
* 10561  5472      integral     0      374.0000      293.0000    42232   21.66%
  10578  5487      350.7500    51      374.0000      293.0000    42365   21.66%         x_32_37 U  10578  10577     30
* 10755  5485      integral     0      372.0000      293.0000    43370   21.24%
* 10767  3005      integral     0      344.0000      293.0000    43497   14.83%
* 10789  2191      integral     0      336.0000      294.6667    43716   12.30%
  10857  2189        cutoff            336.0000      296.0000    44881   11.90%         x_31_45 U  10857  10855     12
Elapsed time = 54.28 sec. (92835.99 ticks, tree = 27.54 MB, solutions = 10)
  11186  2063      331.5000    47      336.0000      300.7500    49831   10.49%         x_38_11 N  11186   7908      5
* 11316  1871      integral     0      335.0000      302.5714    51619    9.68%
  11834  1414        cutoff            335.0000      311.3333    54201    7.06%         x_45_49 U  11834   8793     25
* 12008   939      integral     0      333.0000      313.0000    54789    6.01%
* 12225   623      integral     0      332.0000      315.0000    55136    5.12%
* 12768    25      integral     0      329.0000      325.0000    55644    1.22%

User cuts applied:  2978

Root node processing (before b&c):
  Real time             =    0.05 sec. (26.28 ticks)
Sequential b&c:
  Real time             =   60.12 sec. (102445.25 ticks)
                          ------------
Total (root+branch&cut) =   60.17 sec. (102471.53 ticks)
