Version identifier: 22.1.1.0 | 2022-11-28 | 9160aff4d
CPXPARAM_Read_DataCheck                          1
CPXPARAM_Threads                                 1
CPXPARAM_MIP_Strategy_NodeSelect                 0
CPXPARAM_MIP_Tolerances_MIPGap                   0.0050000000000000001
Tried aggregator 2 times.
MIP Presolve eliminated 119 rows and 429 columns.
MIP Presolve added 28 rows and 0 columns.
MIP Presolve modified 13373 coefficients.
Aggregator did 5 substitutions.
Reduced MIP has 2644 rows, 3520 columns, and 19038 nonzeros.
Reduced MIP has 3471 binaries, 0 generals, 0 SOSs, and 0 indicators.
Presolve time = 0.04 sec. (24.60 ticks)
Found incumbent of value 1430.000000 after 0.08 sec. (51.51 ticks)
Probing time = 0.01 sec. (3.80 ticks)
Tried aggregator 1 time.
Detecting symmetries...
Reduced MIP has 2644 rows, 3520 columns, and 19038 nonzeros.
Reduced MIP has 3471 binaries, 0 generals, 0 SOSs, and 0 indicators.
Presolve time = 0.02 sec. (10.78 ticks)
Probing time = 0.01 sec. (3.86 ticks)
Clique table members: 2794.
MIP emphasis: balance optimality and feasibility.
MIP search method: dynamic search.
Parallel mode: none, using 1 thread.
Root relaxation solution time = 0.03 sec. (21.43 ticks)

        Nodes                                         Cuts/
   Node  Left     Objective  IInf  Best Integer    Best Bound    ItCnt     Gap

*     0+    0                         1430.0000        0.0000           100.00%
      0     0      293.8281   101     1430.0000      293.8281      525   79.45%
      0     0      315.8500    91     1430.0000     Cuts: 127      647   77.91%
      0     0      317.1612    51     1430.0000      Cuts: 85      736   77.82%
      0     0      319.1000    47     1430.0000      Cuts: 44      874   77.69%
      0     0      319.6157    91     1430.0000      Cuts: 65     1002   77.65%
      0     0      319.7250    51     1430.0000      Cuts: 51     1064   77.64%
Detecting symmetries...
      0     0      320.1000    62     1430.0000      Cuts: 94     1251   77.62%
      0     0      320.1000    51     1430.0000      Cuts: 54     1361   77.62%
*     0+    0                          720.0000      320.1000            55.54%
*     0+    0                          554.0000      320.1000            42.22%
      0     0  -1.00000e+75     0      554.0000      320.1000     1361   42.22%
      0     0      320.1000    49      554.0000      Cuts: 12     1381   42.22%
      0     0      320.1000    22      554.0000       Cuts: 6     1383   42.22%
      0     0      320.1000    50      554.0000      Cuts: 36     1445   42.22%
*     0+    0                          515.0000      320.1000            37.84%
      0     0  -1.00000e+75     0      515.0000      320.1000     1445   37.84%
Detecting symmetries...
      0     2      320.1000    49      515.0000      320.1000     1445   37.84%
Elapsed time = 1.39 sec. (1033.85 ticks, tree = 0.01 MB, solutions = 4)
     78    80      320.1713    85      515.0000      320.1000     1795   37.84%
    121   123      320.8891    92      515.0000      320.1000     2111   37.84%
    180   182      357.6714    53      515.0000      320.1000     3586   37.84%
    303   300      493.2263    44      515.0000      320.1000     5488   37.84%
*   319+  288                          481.0000      320.1000            33.45%
    410   379      320.6574    83      481.0000      320.1000     6125   33.45%
    454   423      324.4564    73      481.0000      320.1000     6409   33.45%

Performing restart 1

Repeating presolve.
Tried aggregator 1 time.
MIP Presolve modified 5191 coefficients.
Reduced MIP has 2644 rows, 3520 columns, and 17564 nonzeros.
Reduced MIP has 3471 binaries, 0 generals, 0 SOSs, and 0 indicators.
Presolve time = 0.02 sec. (14.08 ticks)
Tried aggregator 1 time.
Reduced MIP has 2644 rows, 3520 columns, and 17564 nonzeros.
Reduced MIP has 3471 binaries, 0 generals, 0 SOSs, and 0 indicators.
Presolve time = 0.02 sec. (11.41 ticks)
Represolve time = 0.17 sec. (89.51 ticks)
    456     0      320.2667    86      481.0000      Cuts: 33     7297   33.42%
    456     0      320.6000    59      481.0000      Cuts: 80     7413   33.35%
    456     0      320.6000    69      481.0000      Cuts: 49     7550   33.35%
    456     0      320.6000    68      481.0000      Cuts: 25     7698   33.35%
    456     0      320.6000    65      481.0000      Cuts: 31     7816   33.35%
    456     0      320.6000    58      481.0000      Cuts: 11     7999   33.35%
    456     0      320.6000    63      481.0000     Cuts: 191     8159   33.35%
    456     2      320.6000    45      481.0000      320.6000     8159   33.35%
    462     8      320.6189    82      481.0000      320.6000     8316   33.35%
    468    14      320.7415    78      481.0000      320.6000     8379   33.35%
    482    27      322.2598    29      481.0000      320.6000     8714   33.35%
Elapsed time = 12.07 sec. (10127.42 ticks, tree = 0.07 MB, solutions = 5)
    535    78      333.1222    34      481.0000      320.6000     9241   33.35%
*   556+   96                          464.0000      320.6000            30.91%
    633   144      368.7647    35      464.0000      320.6000     9624   30.91%
*   656+  126                          395.0000      320.6000            18.84%
*   702   110      integral     0      376.0000      320.6000    10259   14.73%
*   708    96      integral     0      351.0000      320.6000    10291    8.66%
    796   169      330.2232    44      351.0000      320.6000    11892    8.66%
    966   205      321.0257    82      351.0000      320.6767    15763    8.64%
*  1056+  259                          345.0000      320.6767             7.05%
   1056   261      326.2968    69      345.0000      320.6767    16768    7.05%
   1244   320      325.3859    81      345.0000      320.7349    21602    7.03%
*  1424   439      integral     0      344.0000      320.7349    23834    6.76%
   1504   516      326.0898    59      344.0000      320.7649    24471    6.75%
   1869   498        cutoff            344.0000      320.7649    30388    6.75%
   2166   589      340.0082    42      344.0000      320.8103    36448    6.74%
Elapsed time = 23.15 sec. (19527.29 ticks, tree = 1.07 MB, solutions = 11)
   2261   608      339.5000     3      344.0000      320.8103    38977    6.74%
*  2281   496      integral     0      336.0000      320.8103    39056    4.52%
   2482   542      328.3885    62      336.0000      320.9333    43496    4.48%
   2729   627      327.1938    85      336.0000      321.1069    48915    4.43%
   2934   683        cutoff            336.0000      321.2306    55520    4.40%
   3048   693      324.9403    81      336.0000      321.2835    59457    4.38%
   3301   745      334.6918    38      336.0000      321.3434    65181    4.36%
   3464   778        cutoff            336.0000      321.4437    69795    4.33%
   3716   839      321.9245    84      336.0000      321.6000    75158    4.29%
   3915   896        cutoff            336.0000      321.6000    81112    4.29%
   4127   941      333.7518    49      336.0000      321.7675    87820    4.24%
Elapsed time = 35.60 sec. (29161.99 ticks, tree = 1.69 MB, solutions = 12)
   4423  1056        cutoff            336.0000      321.8604    94041    4.21%
   4581  1059      335.9333    58      336.0000      321.9017   100213    4.20%
*  4796+ 1031                          335.0000      321.9580             3.89%
   4799  1032      329.5917    53      335.0000      321.9952   106234    3.88%
   5001  1059        cutoff            335.0000      322.1170   111380    3.85%
   5193  1109      329.6268    87      335.0000      322.2250   118041    3.81%
   5364  1121      329.3500    56      335.0000      322.3431   123859    3.78%
   5543  1141      327.9106    76      335.0000      322.3723   129637    3.77%
   5724  1148      333.6000    26      335.0000      322.4936   135716    3.73%
   5908  1196        cutoff            335.0000      322.5806   141830    3.71%
   6087  1229      323.2795    63      335.0000      322.6000   147774    3.70%
Elapsed time = 47.94 sec. (38835.01 ticks, tree = 2.35 MB, solutions = 13)
   6304  1251      327.1000    71      335.0000      322.6000   153161    3.70%
   6530  1299        cutoff            335.0000      322.6000   158074    3.70%
   6702  1332      328.1870    93      335.0000      322.6000   163668    3.70%
   6887  1352      333.8551    35      335.0000      322.6000   168678    3.70%
   7025  1362      330.3531    58      335.0000      322.6000   174707    3.70%
   7215  1371      327.3365    38      335.0000      322.6000   180123    3.70%
   7420  1416      331.8109    62      335.0000      322.6381   186180    3.69%
   7582  1409      333.6000    44      335.0000      322.6914   191027    3.67%
   7807  1470      329.6000    78      335.0000      322.7712   196575    3.65%
   7948  1514      332.6408    58      335.0000      322.7952   201171    3.64%
Elapsed time = 60.42 sec. (48522.19 ticks, tree = 2.95 MB, solutions = 13)
   8109  1564      331.0796    48      335.0000      322.8449   206536    3.63%
   8302  1583      332.6000    66      335.0000      322.8916   211928    3.61%
   8489  1580      331.9333    77      335.0000      322.9640   217502    3.59%
   8687  1608      333.2667    54      335.0000      323.0068   222553    3.58%
   8928  1627        cutoff            335.0000      323.0658   228586    3.56%
   9146  1644        cutoff            335.0000      323.1000   234528    3.55%
   9313  1651        cutoff            335.0000      323.1000   241974    3.55%
   9516  1698      332.8545    29      335.0000      323.1204   247995    3.55%
   9517  1697        cutoff            335.0000      323.1204   247997    3.55%

Performing restart 2

Repeating presolve.
Tried aggregator 2 times.
MIP Presolve eliminated 231 rows and 2092 columns.
MIP Presolve modified 7092 coefficients.
Aggregator did 1 substitutions.
Reduced MIP has 2412 rows, 1427 columns, and 13857 nonzeros.
Reduced MIP has 1378 binaries, 0 generals, 0 SOSs, and 0 indicators.
Presolve time = 0.03 sec. (21.29 ticks)
Tried aggregator 1 time.
MIP Presolve eliminated 626 rows and 20 columns.
MIP Presolve modified 3161 coefficients.
Reduced MIP has 1786 rows, 1407 columns, and 10754 nonzeros.
Reduced MIP has 1359 binaries, 0 generals, 0 SOSs, and 0 indicators.
Presolve time = 0.02 sec. (13.70 ticks)
Tried aggregator 1 time.
Reduced MIP has 1786 rows, 1407 columns, and 10754 nonzeros.
Reduced MIP has 1359 binaries, 0 generals, 0 SOSs, and 0 indicators.
Presolve time = 0.01 sec. (6.01 ticks)
Represolve time = 0.20 sec. (115.22 ticks)
   9519     0      320.6000    46      335.0000      Cuts: 14   248791    3.55%
   9519     0      320.6000    67      335.0000      Cuts: 97   248929    3.55%
   9519     0      320.6000    59      335.0000      Cuts: 10   249023    3.55%
   9519     0      320.6000    61      335.0000     Cuts: 111   249181    3.55%
   9519     0      320.6000    22      335.0000      Cuts: 39   249215    3.55%
   9519     0      320.6000    64      335.0000      Cuts: 61   249314    3.55%
   9519     0      320.6000    47      335.0000      Cuts: 41   249501    3.55%
   9519     0      320.6000    47      335.0000      Cuts: 53   249577    3.55%
   9519     0      320.6020    84      335.0000      Cuts: 18   249706    3.55%
   9519     0      320.6031    97      335.0000      Cuts: 40   249754    3.55%
   9519     2      320.6031    84      335.0000      323.1204   249754    3.55%
Elapsed time = 75.38 sec. (59904.09 ticks, tree = 0.01 MB, solutions = 13)
   9579    60      326.7244    19      335.0000      323.1204   250181    3.55%
   9609    57      330.0441    31      335.0000      323.1204   251454    3.55%
   9628    60      324.6561    51      335.0000      323.1204   252268    3.55%
   9662    53      324.3368    81      335.0000      323.1204   254786    3.55%
   9703    44      332.1000    84      335.0000      323.1204   257236    3.55%
   9752    36      330.6000    71      335.0000      323.1204   259188    3.55%
*  9838    53      integral     0      334.0000      323.1204   260209    3.26%
   9852    65      330.7888    54      334.0000      323.1204   260806    3.26%
   9892    66      331.5361    49      334.0000      323.1204   262530    3.26%
   9919    69      329.2260    61      334.0000      323.1204   263391    3.26%
   9991    77      330.1090    57      334.0000      323.1204   265332    3.26%
Elapsed time = 86.32 sec. (69920.94 ticks, tree = 0.25 MB, solutions = 14)
  10103    82      328.0657    88      334.0000      323.1204   268325    3.26%
  10274    91        cutoff            334.0000      323.1204   271610    3.26%
  10381   102      329.5655    68      334.0000      323.1204   274512    3.26%
  10504    90        cutoff            334.0000      323.1204   278942    3.26%
  10636    89      329.8542    59      334.0000      323.1204   283074    3.26%
  10756    89      326.7508    68      334.0000      323.1204   287855    3.26%
  10899    87      326.6000    28      334.0000      323.1204   293017    3.26%
  11037    90      325.1634    82      334.0000      323.1204   297455    3.26%
  11166   103      330.6000    37      334.0000      323.1204   302241    3.26%
  11356   115        cutoff            334.0000      323.1204   308247    3.26%
Elapsed time = 97.52 sec. (79528.20 ticks, tree = 0.41 MB, solutions = 14)
  11539   119      331.2875    50      334.0000      323.1204   314439    3.26%
  11722   142      331.1047    37      334.0000      323.1204   320234    3.26%
  11897   161      329.2707    48      334.0000      323.1204   326630    3.26%
  12045   178      331.7694    76      334.0000      323.1204   332823    3.26%
  12243   193      332.7489    42      334.0000      323.1204   338725    3.26%
  12424   203      332.3500    72      334.0000      323.1204   348236    3.26%
  12557   208      332.2625    75      334.0000      323.1204   355695    3.26%
  12723   221        cutoff            334.0000      323.1204   361957    3.26%
  12908   233      330.4333    81      334.0000      323.1204   368928    3.26%
  13059   244      325.6370    79      334.0000      323.1204   375271    3.26%
Elapsed time = 108.97 sec. (89114.66 ticks, tree = 0.61 MB, solutions = 14)
  13228   244        cutoff            334.0000      323.1204   383251    3.26%
  13393   245      327.9333    46      334.0000      323.1204   390587    3.26%
  13559   259      331.6410    63      334.0000      323.1204   398027    3.26%
  13742   265        cutoff            334.0000      323.1204   404422    3.26%
  13945   273      329.8412    71      334.0000      323.1204   411154    3.26%
  14123   299      331.1000    38      334.0000      323.1382   419736    3.25%
  14296   309      331.2095    83      334.0000      323.1714   426532    3.24%
  14427   345      325.7945    65      334.0000      323.6000   433139    3.11%
  14612   357      330.0551    49      334.0000      323.6000   440385    3.11%
  15407   482        cutoff            334.0000      323.8577   471834    3.04%
Elapsed time = 124.27 sec. (101583.33 ticks, tree = 1.03 MB, solutions = 14)
  16009   492      330.6000    37      334.0000      324.1204   493029    2.96%
* 16536   479      integral     0      333.0000      324.2923   511940    2.61%
  16612   484      324.3500    77      333.0000      324.3500   516985    2.60%
  17201   516      330.7175    54      333.0000      324.6000   546059    2.52%
  17758   554        cutoff            333.0000      324.8007   576825    2.46%
  18261   582      325.7607    68      333.0000      325.1455   608650    2.36%
  18901   608      327.6000    84      333.0000      325.6025   642387    2.22%
  19337   611      331.9738    60      333.0000      326.3500   668395    2.00%
  19928   626      330.0286    82      333.0000      326.7415   698878    1.88%
  20438   545      327.8952    90      333.0000      327.6000   729514    1.62%
  20881   560      329.6000    63      333.0000      327.8363   758437    1.55%
Elapsed time = 170.94 sec. (139804.09 ticks, tree = 1.11 MB, solutions = 15)
  21338   492      330.8519   101      333.0000      328.4781   788950    1.36%
  21711   435      330.3500    41      333.0000      329.1000   818512    1.17%
  22093   260      330.9193   106      333.0000      330.6000   853759    0.72%

GUB cover cuts applied:  3
Clique cuts applied:  57
Cover cuts applied:  326
Implied bound cuts applied:  36
Flow cuts applied:  6
Mixed integer rounding cuts applied:  104
Zero-half cuts applied:  30
Lift and project cuts applied:  2
Gomory fractional cuts applied:  29

Root node processing (before b&c):
  Real time             =    1.39 sec. (1034.24 ticks)
Sequential b&c:
  Real time             =  185.09 sec. (151039.13 ticks)
                          ------------
Total (root+branch&cut) =  186.48 sec. (152073.37 ticks)
