Version identifier: 22.1.1.0 | 2022-11-28 | 9160aff4d
CPXPARAM_Preprocessing_Presolve                  0
CPXPARAM_Read_DataCheck                          1
CPXPARAM_Threads                                 1
CPXPARAM_MIP_Cuts_Covers                         2
CPXPARAM_MIP_Cuts_FlowCovers                     2
CPXPARAM_MIP_Cuts_MIRCut                         2
CPXPARAM_TimeLimit                               3600
CPXPARAM_MIP_Tolerances_MIPGap                   0.0050000000000000001
Clique table members: 2718.
MIP emphasis: balance optimality and feasibility.
MIP search method: dynamic search.
Parallel mode: none, using 1 thread.
Root relaxation solution time = 0.02 sec. (18.00 ticks)

        Nodes                                         Cuts/
   Node  Left     Objective  IInf  Best Integer    Best Bound    ItCnt     Gap

      0     0      293.8100    97                    293.8100      609         
      0     0      316.1500    86                   Cuts: 210      763         
      0     0      319.1000    45                   Cuts: 166      888         
      0     0      319.1259    63                   Cuts: 138     1062         
      0     0      319.1497    95                   Cuts: 216     1129         
      0     0      319.6000    36                    Cuts: 25     1202         
      0     0      319.6440    97                    Cuts: 69     1323         
      0     0      319.6444    98                   Cuts: 311     1400         
      0     0      319.8308    96                    Cuts: 16     1473         
      0     0      319.8308   101                   Cuts: 649     1594         
*     0+    0                         1950.0000      319.8308            83.60%
*     0+    0                          576.0000      319.8308            44.47%
      0     0  -1.00000e+75     0      576.0000      319.8308     1594   44.47%
Detecting symmetries...
      0     2      319.8308    78      576.0000      319.8500     1594   44.47%
Elapsed time = 2.30 sec. (1961.15 ticks, tree = 0.01 MB, solutions = 2)
      1     3      319.9319    74      576.0000      319.9333     1614   44.46%
      7     9      320.7904    95      576.0000      320.0286     1772   44.44%
     10    12      324.6166    61      576.0000      320.0286     1938   44.44%
     23    25      321.6064    74      576.0000      320.0286     2381   44.44%
     35    37      322.1333    48      576.0000      320.0286     3030   44.44%
     50    52      323.1719    57      576.0000      320.0286     3225   44.44%
     70    72      324.2242    59      576.0000      320.0286     3658   44.44%
     89    90      363.7000    40      576.0000      320.0286     4147   44.44%
    117   116      404.1329    43      576.0000      320.0286     4572   44.44%
    239   223      321.1423    69      576.0000      320.1000     6914   44.43%
Elapsed time = 5.68 sec. (5283.37 ticks, tree = 0.57 MB, solutions = 2)
    329   313      330.4697    22      576.0000      320.1000     8809   44.43%
    446   430      341.7500    28      576.0000      320.1000     9802   44.43%
    568   547      321.9904    39      576.0000      320.6000    11650   44.34%
    768   747      368.4579    46      576.0000      320.6931    14465   44.32%
*   840+  696                          410.0000      320.7411            21.77%
    962   820      353.7733    37      410.0000      320.7411    17685   21.77%
   1178  1009      323.8231    82      410.0000      320.7645    20535   21.76%
   1488  1289      329.7200    34      410.0000      320.7747    23780   21.76%
   1780  1580      351.2752    47      410.0000      320.8665    27299   21.74%
*  2000+ 1406                          366.0000      320.9062            12.32%
   2000  1408      325.7399    45      366.0000      320.9062    31993   12.32%
   2276  1662      329.4991    45      366.0000      321.0535    37137   12.28%
Elapsed time = 15.61 sec. (14916.85 ticks, tree = 3.41 MB, solutions = 4)
*  2368  1535      integral     0      357.0000      321.0535    37702   10.07%
   2679  1819      330.2667    26      357.0000      321.1000    43948   10.06%
   3017  2132      327.3451    70      357.0000      321.1429    50048   10.04%
   3388  2477      327.8823    34      357.0000      321.1975    57355   10.03%
   3767  2831      336.6129    46      357.0000      321.2200    64268   10.02%
   4000  3049      334.7153    52      357.0000      321.2600    69770   10.01%
*  4080+ 3022                          355.0000      321.2697             9.50%
*  4121  1556      integral     0      336.0000      321.2697    72294    4.38%
   4268  1647        cutoff            336.0000      321.4032    79959    4.34%
   4520  1839      322.1635    85      336.0000      321.6447    87160    4.27%
   4770  2034      330.0583    35      336.0000      321.8484    95108    4.21%
   5027  2229        cutoff            336.0000      321.9139   101770    4.19%
Elapsed time = 26.73 sec. (24151.91 ticks, tree = 4.55 MB, solutions = 7)
   5217  2354      330.1052    42      336.0000      322.0537   110157    4.15%
   5440  2512      327.2198    42      336.0000      322.2420   118528    4.09%
   5678  2682      324.5820    59      336.0000      322.4119   126257    4.04%
   5868  2820      328.5977    40      336.0000      322.6000   134520    3.99%
*  6000+ 2745                          335.0000      322.6000             3.70%
   6010  2754      322.9632    69      335.0000      322.6000   140142    3.70%
   6196  2871      327.6238    56      335.0000      322.7169   148795    3.67%
   6469  3072      323.0700    61      335.0000      322.8633   157228    3.62%
   6768  3307      327.8449    62      335.0000      322.9709   164538    3.59%
   6990  3461      329.9980    40      335.0000      323.0564   172145    3.57%
   7204  3603      326.1805    86      335.0000      323.1231   180497    3.55%
Elapsed time = 39.03 sec. (33755.58 ticks, tree = 7.39 MB, solutions = 8)
   7389  3729      329.0089    85      335.0000      323.1858   188629    3.53%
   7555  3833      331.3583    61      335.0000      323.2529   196929    3.51%
   7806  4016      325.9279    53      335.0000      323.3401   204817    3.48%
   7963  4094      327.8449    52      335.0000      323.4205   213203    3.46%
   8077  4157      327.4264    38      335.0000      323.4918   219229    3.44%
   8242  4265      326.8617    58      335.0000      323.6000   228616    3.40%
   8444  4438      327.6000    57      335.0000      323.6000   237032    3.40%
   8644  4596      329.0037    95      335.0000      323.6354   245671    3.39%
   8842  4735      325.1784    64      335.0000      323.6962   254150    3.37%
   9000  4856      325.3976    61      335.0000      323.7569   260770    3.36%
Elapsed time = 51.20 sec. (43402.10 ticks, tree = 10.26 MB, solutions = 8)
   9157  4958      332.7429    44      335.0000      323.8041   269049    3.34%
   9300  5048      329.7936    81      335.0000      323.8375   278139    3.33%
   9484  5165      324.0914    73      335.0000      323.8840   287512    3.32%
   9729  5356      333.2667    65      335.0000      323.9151   296149    3.31%
   9885  5447      327.7176    83      335.0000      323.9654   305442    3.29%
  10000  5525      332.1676    36      335.0000      323.9806   311057    3.29%
  10145  5619      326.8506    64      335.0000      324.0259   319407    3.28%
  10300  5730      330.1185    83      335.0000      324.0488   327525    3.27%
  10380  5763      325.1586    55      335.0000      324.1000   336677    3.25%
  10482  5832      326.3082    67      335.0000      324.1306   345598    3.24%
Elapsed time = 64.02 sec. (53059.53 ticks, tree = 12.28 MB, solutions = 8)
  10647  5953      327.0439    36      335.0000      324.1414   353304    3.24%
  10736  6004      326.8474    46      335.0000      324.1540   361773    3.24%
  10820  6046      328.2569    87      335.0000      324.1800   370463    3.23%
  10923  6105      332.0167    84      335.0000      324.2430   379146    3.21%
  11000  6138      328.9901    63      335.0000      324.2699   387817    3.20%
  11054  6165      328.2541    84      335.0000      324.2885   396088    3.20%
  11130  6187      330.1790    87      335.0000      324.3365   404562    3.18%
  11203  6226      331.8657    68      335.0000      324.3490   413006    3.18%
  11292  6264      329.1351    61      335.0000      324.4187   421616    3.16%
  11384  6317      326.8857    65      335.0000      324.4534   431484    3.15%
Elapsed time = 77.21 sec. (63481.27 ticks, tree = 13.39 MB, solutions = 8)
  11457  6351      331.1000    48      335.0000      324.5121   440727    3.13%
  11552  6400      328.6879   102      335.0000      324.5324   449558    3.12%
  11636  6436        cutoff            335.0000      324.5790   458636    3.11%
  11730  6473      333.7318    68      335.0000      324.5960   467377    3.11%
  11805  6521      324.9952    58      335.0000      324.6000   475581    3.10%
  11925  6613        cutoff            335.0000      324.6000   484077    3.10%
* 12000+ 6425                          334.0000      324.6000             2.81%
  12006  6432      328.4288    50      334.0000      324.6000   489898    2.81%
  12067  6458      328.7195    41      334.0000      324.6000   497968    2.81%
  12166  6531      326.3400    45      334.0000      324.6000   506561    2.81%
  12226  6559      325.4163    80      334.0000      324.6166   515420    2.81%
Elapsed time = 89.46 sec. (73264.53 ticks, tree = 13.94 MB, solutions = 9)
  12276  6586      328.8870    80      334.0000      324.6370   525215    2.80%
  12370  6627      329.7319    70      334.0000      324.6568   533710    2.80%
  12425  6651        cutoff            334.0000      324.6634   541778    2.80%
  12467  6659      327.6799   109      334.0000      324.6784   549872    2.79%
  12504  6662        cutoff            334.0000      324.6996   559097    2.78%
  12538  6675      329.8551    46      334.0000      324.7140   567919    2.78%
  12582  6686      326.3707    69      334.0000      324.7356   576022    2.77%
  12652  6713      328.7200   113      334.0000      324.7673   584583    2.76%
  12694  6704      328.0445    82      334.0000      324.7777   593046    2.76%
  12731  6700    infeasible            334.0000      324.8100   600946    2.75%
Elapsed time = 102.25 sec. (83091.28 ticks, tree = 14.26 MB, solutions = 9)
  12794  6715        cutoff            334.0000      324.8308   609124    2.75%
  12826  6713      330.7340    82      334.0000      324.8464   617229    2.74%
  12885  6738      328.6477   143      334.0000      324.8539   626462    2.74%
  12943  6749      325.2037    71      334.0000      324.8738   634017    2.73%
  13023  6790      327.7837    74      334.0000      324.8857   642568    2.73%
  13074  6803      331.6951    67      334.0000      324.8940   651094    2.73%
  13151  6839      328.4750    72      334.0000      324.9180   660927    2.72%
  13197  6850      332.6612    79      334.0000      324.9759   669067    2.70%
  13266  6875    infeasible            334.0000      325.0027   677343    2.69%
  13496  6954        cutoff            334.0000      325.0987   709443    2.67%
Elapsed time = 118.05 sec. (95698.23 ticks, tree = 14.82 MB, solutions = 9)
  13696  7036      328.9877    67      334.0000      325.1325   740855    2.65%
  13900  7076      330.3755    67      334.0000      325.2176   774495    2.63%
  14147  7090      329.8027    84      334.0000      325.3334   809814    2.59%
  14339  7071      329.6000    44      334.0000      325.4320   842012    2.57%
  14535  7028      327.9460    89      334.0000      325.5627   876376    2.53%
  14715  7066      328.0000   103      334.0000      325.6000   908462    2.51%
  14913  7145      331.1000    44      334.0000      325.6508   940565    2.50%
  15122  7154      332.9333    67      334.0000      325.7176   969998    2.48%
  15390  7288      330.1727    66      334.0000      325.7569  1001604    2.47%
  15618  7340      330.4750    68      334.0000      325.8308  1033591    2.45%
Elapsed time = 166.64 sec. (134268.32 ticks, tree = 15.95 MB, solutions = 9)
  15844  7394      331.9914    76      334.0000      325.9065  1065943    2.42%
  16020  7435      329.4133    60      334.0000      325.9437  1094832    2.41%
  16206  7457        cutoff            334.0000      326.0000  1123663    2.40%
  16386  7448      332.1508    47      334.0000      326.0892  1153604    2.37%
  16577  7428      326.4706    92      334.0000      326.1135  1184806    2.36%
  16810  7471      328.1000    56      334.0000      326.1873  1215001    2.34%
  17010  7512      327.3393   110      334.0000      326.2459  1243232    2.32%
  17180  7470      331.1000    49      334.0000      326.3305  1274355    2.30%
  17354  7398      331.9488    68      334.0000      326.4125  1304563    2.27%
  17563  7325      328.9333    26      334.0000      326.5224  1334887    2.24%
Elapsed time = 216.06 sec. (172655.13 ticks, tree = 16.13 MB, solutions = 9)
  17756  7283      327.2250   105      334.0000      326.5876  1363509    2.22%
  17940  7335      329.1000    58      334.0000      326.6000  1393017    2.22%
  18108  7406      328.9333    54      334.0000      326.6022  1421335    2.21%
  18256  7374      331.3500    80      334.0000      326.6578  1450569    2.20%
  18428  7358        cutoff            334.0000      326.7176  1479315    2.18%
  18637  7332      328.0313    85      334.0000      326.8199  1508690    2.15%
  18819  7314        cutoff            334.0000      326.8800  1536939    2.13%
  18985  7292      331.1714    76      334.0000      326.9366  1564362    2.11%
  19184  7309      332.1221    72      334.0000      326.9878  1591454    2.10%
  19410  7322      332.0751    69      334.0000      327.0477  1619603    2.08%
Elapsed time = 252.15 sec. (211107.24 ticks, tree = 16.81 MB, solutions = 9)
  19591  7306      328.9786    42      334.0000      327.1000  1646982    2.07%
  19807  7193      331.6000    83      334.0000      327.1714  1675995    2.04%
  20003  7138      329.7429    70      334.0000      327.2348  1704353    2.03%
  20243  7108      332.9724    72      334.0000      327.3074  1733526    2.00%
  20454  7043      329.8500    71      334.0000      327.3736  1761206    1.98%
  20641  6961      332.2667    31      334.0000      327.4557  1789051    1.96%
  20867  6838        cutoff            334.0000      327.5694  1817006    1.93%
  21002  6826      329.2327    48      334.0000      327.6000  1839228    1.92%
  21171  6825      329.7667    89      334.0000      327.6000  1866640    1.92%
  21312  6853      329.9662    84      334.0000      327.6000  1893632    1.92%
Elapsed time = 292.04 sec. (249456.31 ticks, tree = 16.12 MB, solutions = 9)
  21502  6846      331.9832    36      334.0000      327.6505  1920981    1.90%
  21679  6817        cutoff            334.0000      327.7059  1948311    1.88%
  21851  6793        cutoff            334.0000      327.7533  1976142    1.87%
  22071  6766      331.4862    80      334.0000      327.8125  2002974    1.85%
  22289  6704      329.2667   143      334.0000      327.8751  2032387    1.83%
  22450  6641        cutoff            334.0000      327.9158  2060598    1.82%
  22660  6580      331.0636    57      334.0000      327.9747  2086827    1.80%
  22839  6508      328.2108    62      334.0000      328.0615  2113406    1.78%
  23041  6464      329.6000   137      334.0000      328.1000  2142290    1.77%
  23192  6450      328.8470   100      334.0000      328.1425  2168819    1.75%
Elapsed time = 338.90 sec. (287871.38 ticks, tree = 15.19 MB, solutions = 9)
  23413  6385        cutoff            334.0000      328.2122  2196672    1.73%
  23613  6271      332.6410    64      334.0000      328.2875  2224002    1.71%
  23859  6119      332.1692    71      334.0000      328.3944  2251874    1.68%
  24081  6006        cutoff            334.0000      328.5059  2277993    1.64%
  24344  5897        cutoff            334.0000      328.6000  2305726    1.62%
  24508  5831      330.1088    50      334.0000      328.6000  2332129    1.62%
  24640  5858      330.3393   127      334.0000      328.6000  2357053    1.62%
  24758  5828      329.7562   138      334.0000      328.6397  2383144    1.60%
  24966  5712        cutoff            334.0000      328.7220  2409979    1.58%
  25152  5633      330.1576    78      334.0000      328.7823  2434625    1.56%
Elapsed time = 375.61 sec. (326276.41 ticks, tree = 13.87 MB, solutions = 9)
  25350  5540      331.7790    74      334.0000      328.8635  2460971    1.54%
  25550  5478      331.9061    55      334.0000      328.9230  2486695    1.52%
  25790  5365      331.4070    65      334.0000      328.9681  2513185    1.51%
  26116  5228      331.3697    82      334.0000      329.0932  2541225    1.47%
  26248  5221      332.3103    82      334.0000      329.1026  2568949    1.47%
  26563  4970        cutoff            334.0000      329.2592  2596922    1.42%
  26798  4853        cutoff            334.0000      329.3500  2622783    1.39%
  26996  4769      331.6000    75      334.0000      329.4227  2648338    1.37%
  27193  4665        cutoff            334.0000      329.4988  2674349    1.35%
  27468  4504      331.2667    58      334.0000      329.6000  2701687    1.32%
Elapsed time = 406.48 sec. (364680.68 ticks, tree = 10.92 MB, solutions = 9)
  27623  4440        cutoff            334.0000      329.6000  2727785    1.32%
  27739  4438      331.5490    88      334.0000      329.6000  2753782    1.32%
  27916  4334      331.6343    72      334.0000      329.6615  2779664    1.30%
  28146  4209        cutoff            334.0000      329.7633  2806820    1.27%
  28447  4050      332.1051    93      334.0000      329.8500  2834255    1.24%
  28766  3876        cutoff            334.0000      329.9499  2861702    1.21%
  29081  3677      331.9042   107      334.0000      330.0666  2889622    1.18%
  29341  3499        cutoff            334.0000      330.1293  2916378    1.16%
  29615  3302        cutoff            334.0000      330.2266  2942480    1.13%
  29894  3094      330.7592    90      334.0000      330.3508  2970785    1.09%
Elapsed time = 437.78 sec. (403098.05 ticks, tree = 7.71 MB, solutions = 9)
  30299  2771        cutoff            334.0000      330.6000  2997333    1.02%
* 30325  1906      integral     0      333.0000      330.6000  2999068    0.72%
  30548  1764        cutoff            333.0000      330.6270  3024536    0.71%
  30990  1368        cutoff            333.0000      330.9215  3048329    0.62%

GUB cover cuts applied:  56
Clique cuts applied:  26
Cover cuts applied:  786
Implied bound cuts applied:  618
Flow cuts applied:  244
Mixed integer rounding cuts applied:  2433
Zero-half cuts applied:  7
Gomory fractional cuts applied:  11

Root node processing (before b&c):
  Real time             =    2.30 sec. (1961.41 ticks)
Sequential b&c:
  Real time             =  446.58 sec. (416554.09 ticks)
                          ------------
Total (root+branch&cut) =  448.88 sec. (418515.50 ticks)
