Version identifier: 22.1.1.0 | 2022-11-28 | 9160aff4d
CPXPARAM_Read_DataCheck                          1
CPXPARAM_Threads                                 1
CPXPARAM_MIP_Strategy_HeuristicFreq              -1
CPXPARAM_TimeLimit                               3600
CPXPARAM_MIP_Tolerances_MIPGap                   0.0050000000000000001
Tried aggregator 2 times.
MIP Presolve eliminated 119 rows and 429 columns.
MIP Presolve added 28 rows and 0 columns.
MIP Presolve modified 13373 coefficients.
Aggregator did 5 substitutions.
Reduced MIP has 2644 rows, 3520 columns, and 19038 nonzeros.
Reduced MIP has 3471 binaries, 0 generals, 0 SOSs, and 0 indicators.
Presolve time = 0.03 sec. (24.60 ticks)
Probing time = 0.01 sec. (3.80 ticks)
Tried aggregator 1 time.
Detecting symmetries...
Reduced MIP has 2644 rows, 3520 columns, and 19038 nonzeros.
Reduced MIP has 3471 binaries, 0 generals, 0 SOSs, and 0 indicators.
Presolve time = 0.02 sec. (10.78 ticks)
Probing time = 0.01 sec. (3.86 ticks)
Clique table members: 2794.
MIP emphasis: balance optimality and feasibility.
MIP search method: dynamic search.
Parallel mode: none, using 1 thread.
Root relaxation solution time = 0.02 sec. (21.43 ticks)

        Nodes                                         Cuts/
   Node  Left     Objective  IInf  Best Integer    Best Bound    ItCnt     Gap

      0     0      293.8281   101                    293.8281      525         
      0     0      315.8500    91                   Cuts: 127      647         
      0     0      317.1612    51                    Cuts: 85      736         
      0     0      319.1000    47                    Cuts: 44      874         
      0     0      319.6157    92                    Cuts: 65     1014         
      0     0      319.6274    87                    Cuts: 48     1054         
Detecting symmetries...
      0     0      319.6275    89                    Cuts: 18     1095         
      0     0      319.6275    92                     Cuts: 7     1126         
Detecting symmetries...
      0     2      319.6275    82                    319.6275     1126         
Elapsed time = 0.58 sec. (412.10 ticks, tree = 0.01 MB, solutions = 0)
     65    55      321.8500    32                    319.6275     2664         
    109    99      350.4727    55                    319.6275     4802         
    171   160      378.9639    25                    319.6275     7307         
*   194   181      integral     0      458.0000      319.6275     8262   30.21%
    265   228      322.3953    56      458.0000      319.6275     9573   30.21%
    349   311      325.1137    83      458.0000      319.6275    12024   30.21%

Performing restart 1

Repeating presolve.
Tried aggregator 1 time.
MIP Presolve eliminated 14 rows and 14 columns.
MIP Presolve modified 5177 coefficients.
Reduced MIP has 2630 rows, 3506 columns, and 17494 nonzeros.
Reduced MIP has 3457 binaries, 0 generals, 0 SOSs, and 0 indicators.
Presolve time = 0.02 sec. (14.20 ticks)
Tried aggregator 1 time.
Reduced MIP has 2630 rows, 3506 columns, and 17494 nonzeros.
Reduced MIP has 3457 binaries, 0 generals, 0 SOSs, and 0 indicators.
Presolve time = 0.02 sec. (11.34 ticks)
Represolve time = 0.17 sec. (86.84 ticks)
    453     0      319.7333    91      458.0000      Cuts: 56    14639   30.19%
    453     0      319.8091    88      458.0000      Cuts: 64    14731   30.17%
    453     0      319.9548   106      458.0000      Cuts: 97    14800   30.14%
    453     0      319.9548    97      458.0000      Cuts: 67    14872   30.14%
    453     0      320.0000    94      458.0000      Cuts: 82    14948   30.13%
    453     0      320.1741   105      458.0000     Cuts: 174    15091   30.09%
    453     0      320.3143    44      458.0000     Cuts: 138    15177   30.06%
    453     0      320.5535    64      458.0000      Cuts: 39    15295   30.01%
    453     0      320.5787   108      458.0000      Cuts: 73    15398   30.00%
    453     0      320.5842    94      458.0000      Cuts: 99    15462   30.00%
    453     0      320.5842    94      458.0000      Cuts: 62    15505   30.00%
    453     0      320.5842   111      458.0000      Cuts: 10    15546   30.00%
    453     0      320.5842    92      458.0000       Cuts: 9    15574   30.00%
    453     0      320.5842    98      458.0000       Cuts: 8    15588   30.00%
    453     0      320.5842    96      458.0000       Cuts: 7    15609   30.00%
    453     2      320.5842    96      458.0000      320.5842    15609   30.00%
    454     3      320.5842    96      458.0000      320.5842    15610   30.00%
    460     9      320.6152    82      458.0000      320.5842    15684   30.00%
    466    15      322.8259    58      458.0000      320.5842    15959   30.00%
    479    28      323.0711    42      458.0000      320.5842    16433   30.00%
Elapsed time = 14.48 sec. (11035.26 ticks, tree = 0.09 MB, solutions = 1)
    544    92      353.8784    34      458.0000      320.5842    17862   30.00%
    614   137      324.8131    58      458.0000      320.6000    19880   30.00%
    748   269      395.9946    47      458.0000      320.6000    21315   30.00%
    858   348      325.8586    55      458.0000      320.6173    23726   30.00%
   1013   501      364.0308    34      458.0000      320.6173    26036   30.00%
   1061   539      320.9727    77      458.0000      320.6490    26415   29.99%
   1237   693      324.6000    62      458.0000      320.6621    29010   29.99%
   1382   838      357.3296    58      458.0000      320.6621    34345   29.99%
   1513   968      333.2243    36      458.0000      320.6950    37402   29.98%
   1661  1113      323.6000    50      458.0000      320.7501    40406   29.97%
Elapsed time = 25.45 sec. (20763.60 ticks, tree = 2.17 MB, solutions = 1)
   1855  1286      320.8253    87      458.0000      320.7706    43724   29.96%
   2060  1491      323.9497    86      458.0000      320.7814    47285   29.96%
   2255  1684      320.9556    64      458.0000      320.8000    50944   29.96%
   2497  1924      333.6982    79      458.0000      320.8253    57281   29.95%
   2711  2137      367.3931    66      458.0000      320.8530    62100   29.94%
   2975  2399      379.7777    30      458.0000      320.9070    66644   29.93%
   3208  2619      425.0157    51      458.0000      320.9689    70088   29.92%
   3405  2801      322.6000    31      458.0000      321.0145    76915   29.91%
   3782  3169      347.9222    59      458.0000      321.0699    81595   29.90%
*  3939  3323      integral     0      455.0000      321.0750    84386   29.43%
*  3956  3300      integral     0      430.0000      321.0750    84578   25.33%
Elapsed time = 37.60 sec. (30497.05 ticks, tree = 6.18 MB, solutions = 3)
   4161  3496      356.4318    42      430.0000      321.1207    88188   25.32%
   4508  3822      386.6258    50      430.0000      321.1612    93445   25.31%
   4726  4023      324.0441    66      430.0000      321.2204    98472   25.30%
   5008  4297      333.1646    33      430.0000      321.2441   101949   25.29%
   5327  4588      342.7935    49      430.0000      321.2784   107351   25.28%
   5776  5035      357.6944    37      430.0000      321.3900   113188   25.26%
   6099  5357      328.9051    67      430.0000      321.4145   117370   25.25%
   6365  5623      345.9465    60      430.0000      321.4158   123863   25.25%
   6655  5904      325.6000    31      430.0000      321.4390   127458   25.25%
   7055  6302      325.4402    95      430.0000      321.4571   130974   25.24%
Elapsed time = 49.86 sec. (40396.15 ticks, tree = 11.67 MB, solutions = 3)
   7255  6497      321.6000    27      430.0000      321.4586   136452   25.24%
   7523  6757      345.5345    47      430.0000      321.4785   142814   25.24%
   7783  7001      389.3750     8      430.0000      321.4923   147268   25.23%
   8143  7352      326.4326    50      430.0000      321.5421   151478   25.22%
   8346  7555      334.9712    45      430.0000      321.5612   156833   25.22%
   8655  7861      325.1000    65      430.0000      321.5656   161620   25.22%
   8949  8153      336.2210    36      430.0000      321.5842   166912   25.21%
   9302  8493      324.2386    66      430.0000      321.6628   172213   25.19%

Performing restart 2

Repeating presolve.
Tried aggregator 1 time.
MIP Presolve eliminated 2 rows and 214 columns.
MIP Presolve modified 47930 coefficients.
Reduced MIP has 2628 rows, 3292 columns, and 45582 nonzeros.
Reduced MIP has 3243 binaries, 0 generals, 0 SOSs, and 0 indicators.
Presolve time = 0.07 sec. (60.02 ticks)
Tried aggregator 1 time.
MIP Presolve modified 2371 coefficients.
Reduced MIP has 2628 rows, 3292 columns, and 43387 nonzeros.
Reduced MIP has 3243 binaries, 0 generals, 0 SOSs, and 0 indicators.
Presolve time = 0.06 sec. (40.32 ticks)
Represolve time = 0.75 sec. (374.58 ticks)
   9513     0      320.5842   112      430.0000      Cuts: 35   174681   25.19%
   9513     0      320.5842   103      430.0000      Cuts: 89   174768   25.19%
   9513     0      320.5842   102      430.0000      Cuts: 99   174835   25.19%
   9513     0      320.5842   110      430.0000      Cuts: 30   174906   25.19%
   9513     0      320.5842   102      430.0000      Cuts: 36   174967   25.19%
   9513     0      320.5842   102      430.0000     Cuts: 117   175023   25.19%
   9513     0      320.5842    97      430.0000      Cuts: 17   175045   25.19%
   9513     0      320.5842   101      430.0000      Cuts: 70   175090   25.19%
   9513     0      320.5842   111      430.0000      Cuts: 95   175151   25.19%
   9513     2      320.5842    98      430.0000      321.6628   175151   25.19%
   9526    15      321.6227    75      430.0000      321.6628   175562   25.19%
Elapsed time = 70.22 sec. (55441.74 ticks, tree = 0.03 MB, solutions = 3)
   9538    27      325.5178    48      430.0000      321.6628   176288   25.19%
   9550    39      331.8591    45      430.0000      321.6628   177054   25.19%
*  9588    69      integral     0      340.0000      321.6628   177758    5.39%
   9595    75      320.8160    39      340.0000      321.6628   178135    5.39%
   9633   101      321.3584    53      340.0000      321.6628   179874    5.39%
   9659   115      322.6714    83      340.0000      321.6628   181375    5.39%
   9705   150      323.5528    30      340.0000      321.6628   182062    5.39%
   9770   189      323.4729    82      340.0000      321.6628   183048    5.39%
   9805   201      324.7519    78      340.0000      321.6628   184335    5.39%
   9863   231      327.2012    55      340.0000      321.6628   185462    5.39%
   9932   246      330.5128    51      340.0000      321.6628   186480    5.39%
Elapsed time = 80.67 sec. (65339.46 ticks, tree = 1.19 MB, solutions = 4)
  10004   262      335.6000    43      340.0000      321.6628   187780    5.39%
  10055   306      331.9811    37      340.0000      321.6628   189952    5.39%
  10148   348      327.8723    39      340.0000      321.6628   191115    5.39%
  10248   404      328.5447    42      340.0000      321.6628   192149    5.39%
  10323   456      321.7146    51      340.0000      321.6628   194907    5.39%
* 10377   442      integral     0      336.0000      321.6628   195377    4.27%
  10432   468      323.4519    75      336.0000      321.6628   197760    4.27%
  10531   531      327.0926    69      336.0000      321.7363   200430    4.25%
  10641   609      327.5696    61      336.0000      321.8941   203025    4.20%
  10767   687      333.1000    41      336.0000      322.0643   205689    4.15%
  10853   718      323.8656    65      336.0000      322.2000   208260    4.11%
Elapsed time = 90.95 sec. (75060.75 ticks, tree = 6.41 MB, solutions = 5)
  10989   797      324.1000    78      336.0000      322.2810   210737    4.08%
  11103   861      325.4249    73      336.0000      322.3205   214138    4.07%
  11226   933      332.7250    79      336.0000      322.3547   216264    4.06%
  11368  1031      324.7090    67      336.0000      322.4571   219745    4.03%
  11487  1086      326.8493    71      336.0000      322.5787   222816    3.99%
  11597  1130      325.4111    76      336.0000      322.6000   225426    3.99%
  11730  1211        cutoff            336.0000      322.6625   227523    3.97%
  11835  1246      325.6000    59      336.0000      322.7429   229831    3.95%
  11968  1320      327.2000    71      336.0000      322.7976   232393    3.93%
  12095  1373      329.3832    41      336.0000      322.8248   234309    3.92%
Elapsed time = 101.72 sec. (84670.63 ticks, tree = 16.21 MB, solutions = 5)
  12194  1418      328.8686    50      336.0000      322.9301   236392    3.89%
  12307  1463      327.7993    55      336.0000      322.9750   238020    3.88%
  12418  1531      326.1458    63      336.0000      323.0508   239974    3.85%
  12530  1589      326.1000    46      336.0000      323.1455   242483    3.83%
  12640  1636      334.0000    45      336.0000      323.3221   245909    3.77%
  12753  1686      325.5315    59      336.0000      323.3569   247794    3.76%
  12907  1800      332.9750    53      336.0000      323.4125   250864    3.75%
  13056  1872      330.6000    55      336.0000      323.4763   254754    3.73%
  13181  1937      333.8812    61      336.0000      323.5673   259421    3.70%
  13317  2011      323.8500    67      336.0000      323.6000   263769    3.69%
Elapsed time = 112.78 sec. (94283.93 ticks, tree = 27.38 MB, solutions = 5)
  13457  2123      334.4750    50      336.0000      323.6000   265927    3.69%
  13622  2240      325.9333    44      336.0000      323.6570   268826    3.67%
  13763  2328      331.3778    53      336.0000      323.7346   273526    3.65%
* 13958  2379      integral     0      335.0000      323.8092   277766    3.34%
  13972  2389      327.5551    59      335.0000      323.8245   278278    3.34%
  14144  2484      324.3500    60      335.0000      323.9333   284090    3.30%
  14291  2570      326.2177    59      335.0000      324.1000   290177    3.25%
  14432  2659      325.7297    39      335.0000      324.1517   295548    3.24%
  14562  2739      331.1368    88      335.0000      324.2406   300688    3.21%
  14657  2785        cutoff            335.0000      324.3020   305767    3.19%
  15168  3121      331.2250    35      335.0000      324.4773   323548    3.14%
Elapsed time = 127.59 sec. (106762.31 ticks, tree = 31.76 MB, solutions = 6)
  15646  3395      331.8647    74      335.0000      324.6880   343264    3.08%
  16114  3629        cutoff            335.0000      324.8342   361752    3.03%
  16625  3952      329.0615    73      335.0000      324.9484   378993    3.00%
  16859  4005      331.1556    85      335.0000      325.0017   396599    2.98%
  17203  4188      325.6000    60      335.0000      325.1000   416957    2.96%
  17799  4546        cutoff            335.0000      325.2269   434186    2.92%
  18300  4835      333.0675    76      335.0000      325.4027   452906    2.86%
  18644  4977      331.6047    67      335.0000      325.5088   467302    2.83%
  19023  5184      327.4647    57      335.0000      325.6000   480352    2.81%
  19429  5401      331.7215    48      335.0000      325.6502   496791    2.79%
Elapsed time = 172.93 sec. (144998.91 ticks, tree = 59.52 MB, solutions = 6)
  19816  5590      327.1197    85      335.0000      325.7297   514999    2.77%
  20141  5746      328.1335   101      335.0000      325.7882   532488    2.75%
  20505  5951      330.1000    56      335.0000      325.8671   551395    2.73%
  20817  6085        cutoff            335.0000      325.9801   570376    2.69%
  21170  6218        cutoff            335.0000      326.0421   588902    2.67%
  21523  6401      328.2974    84      335.0000      326.1000   604877    2.66%
  21911  6609      329.7882    67      335.0000      326.1102   623611    2.65%
  22329  6771      327.6000    46      335.0000      326.1890   644479    2.63%
  22763  6994      330.9989    50      335.0000      326.2650   662271    2.61%
  23283  7256        cutoff            335.0000      326.3369   684171    2.59%
Elapsed time = 218.51 sec. (183347.68 ticks, tree = 80.59 MB, solutions = 6)
  23650  7399      333.7520    89      335.0000      326.4078   706085    2.56%
  24010  7544      332.2800    90      335.0000      326.4889   729543    2.54%
  24358  7636      332.4543    51      335.0000      326.6000   750021    2.51%
  25003  8059      327.8251    54      335.0000      326.6000   778000    2.51%
  25333  8192        cutoff            335.0000      326.6794   799598    2.48%
  25559  8210      332.7809    71      335.0000      326.7153   818995    2.47%
  25841  8285      328.8099    81      335.0000      326.7759   837813    2.45%
  26170  8404      330.0000    54      335.0000      326.8042   853103    2.45%
  26377  8400      329.2667    64      335.0000      326.8708   870109    2.43%
  26687  8511      328.1652    53      335.0000      326.9167   887824    2.41%
Elapsed time = 247.90 sec. (221715.57 ticks, tree = 87.24 MB, solutions = 6)
  26930  8553      332.3474    48      335.0000      326.9906   907130    2.39%
  27225  8575      332.7458    58      335.0000      327.0536   924217    2.37%
  27557  8622      327.8043   102      335.0000      327.1000   943877    2.36%
  27836  8751      333.8969    61      335.0000      327.1222   965670    2.35%
  28121  8830        cutoff            335.0000      327.1691   986201    2.34%
  28517  8958      329.9996    61      335.0000      327.2408  1009140    2.32%
  28765  9021      333.9333    53      335.0000      327.2836  1026447    2.30%
  29064  9072      328.0406    59      335.0000      327.3335  1042221    2.29%
* 29210  8491      integral     0      334.0000      327.3486  1047404    1.99%
  29430  8535      329.1822    57      334.0000      327.3679  1058011    1.99%
  29658  8506      332.6334    64      334.0000      327.4099  1073798    1.97%
Elapsed time = 276.12 sec. (260021.60 ticks, tree = 92.65 MB, solutions = 7)
  29874  8430      330.0981    89      334.0000      327.4942  1093960    1.95%
  30115  8349      329.9516    60      334.0000      327.5842  1113175    1.92%
  30404  8444      329.5330    52      334.0000      327.6000  1130589    1.92%
  30631  8523      332.4571    72      334.0000      327.6000  1148785    1.92%
  30959  8413      330.6260    97      334.0000      327.6769  1169028    1.89%
  31263  8368      331.5167   101      334.0000      327.7438  1188213    1.87%
  31437  8344        cutoff            334.0000      327.7655  1207634    1.87%
  31663  8331      332.1069    72      334.0000      327.7989  1226875    1.86%
  31884  8336        cutoff            334.0000      327.8496  1246658    1.84%
  32149  8322      332.4682    84      334.0000      327.9125  1266070    1.82%
Elapsed time = 304.87 sec. (298468.85 ticks, tree = 91.05 MB, solutions = 7)
  32385  8278      329.3989    86      334.0000      327.9696  1281612    1.81%
  32619  8229      331.3274    77      334.0000      328.0241  1298655    1.79%
  32843  8151      332.7119    61      334.0000      328.0807  1317758    1.77%
  33078  8202      330.0069    56      334.0000      328.1000  1334583    1.77%
  33283  8262        cutoff            334.0000      328.1177  1352775    1.76%
  33583  8186      332.4462    65      334.0000      328.2003  1373649    1.74%
  33849  8154      332.2728    69      334.0000      328.2477  1391911    1.72%
  34125  8123      332.1000    74      334.0000      328.3065  1409972    1.70%
  34387  8100      330.2009    70      334.0000      328.3555  1430609    1.69%
  34626  8039      331.9955    47      334.0000      328.4189  1449433    1.67%
Elapsed time = 334.11 sec. (336860.69 ticks, tree = 88.15 MB, solutions = 7)
  34784  8066        cutoff            334.0000      328.4275  1466043    1.67%
  34952  8008        cutoff            334.0000      328.4799  1482419    1.65%
  35156  7961        cutoff            334.0000      328.5267  1499176    1.64%
  35419  7877      330.8000    66      334.0000      328.6000  1517231    1.62%
  35631  7902        cutoff            334.0000      328.6000  1533159    1.62%
  35875  7973      329.4594    74      334.0000      328.6000  1548912    1.62%
  36111  7993      331.2518    89      334.0000      328.6287  1568121    1.61%
  36336  7904        cutoff            334.0000      328.6781  1586882    1.59%
  36623  7857      331.3808    49      334.0000      328.7370  1606411    1.58%
  36867  7769        cutoff            334.0000      328.8133  1626459    1.55%
Elapsed time = 362.94 sec. (375082.23 ticks, tree = 85.18 MB, solutions = 7)
  37129  7684      330.1000    78      334.0000      328.8704  1647869    1.54%
  37450  7584      329.4048    49      334.0000      328.9538  1670771    1.51%
  37768  7472        cutoff            334.0000      329.0339  1691768    1.49%
  38084  7319      329.1000    40      334.0000      329.1000  1709138    1.47%
* 38267  6166      integral     0      333.0000      329.1000  1719630    1.17%
  38359  6122      331.7875    25      333.0000      329.1258  1725907    1.16%
  38654  5927      330.6000    39      333.0000      329.2520  1745796    1.13%
  38961  5720        cutoff            333.0000      329.3500  1765057    1.10%
  39365  5413      331.7000    66      333.0000      329.4742  1786090    1.06%
  39698  5211      331.5063    62      333.0000      329.6000  1803694    1.02%
  39903  5147      330.6000    69      333.0000      329.6000  1823799    1.02%
Elapsed time = 392.64 sec. (413401.30 ticks, tree = 56.00 MB, solutions = 8)
  40142  5036      331.8824    84      333.0000      329.6432  1843470    1.01%
  40568  4758      331.1000    60      333.0000      329.7540  1867047    0.97%
  41047  4416        cutoff            333.0000      329.8999  1891114    0.93%
  41367  4224      330.1000    55      333.0000      329.9767  1914816    0.91%
  41805  3908      331.6000    77      333.0000      330.1000  1941297    0.87%
  42299  3532      330.7125    67      333.0000      330.2667  1966171    0.82%
  42790  3156      332.6000    48      333.0000      330.4267  1987919    0.77%
  43230  2826      331.0247    44      333.0000      330.6000  2007787    0.72%
  43490  2696      330.6000    65      333.0000      330.6000  2028776    0.72%
  43925  2356      331.1872   113      333.0000      330.7803  2047727    0.67%
Elapsed time = 421.05 sec. (451907.48 ticks, tree = 27.11 MB, solutions = 8)
  44498  1880    infeasible            333.0000      330.9846  2067765    0.61%
  45025  1468        cutoff            333.0000      331.1917  2086981    0.54%

GUB cover cuts applied:  3
Clique cuts applied:  73
Cover cuts applied:  472
Implied bound cuts applied:  7
Flow cuts applied:  3
Mixed integer rounding cuts applied:  173
Zero-half cuts applied:  22
Lift and project cuts applied:  11
Gomory fractional cuts applied:  25

Root node processing (before b&c):
  Real time             =    0.58 sec. (412.64 ticks)
Sequential b&c:
  Real time             =  427.26 sec. (460707.96 ticks)
                          ------------
Total (root+branch&cut) =  427.83 sec. (461120.61 ticks)
