Version identifier: 22.1.1.0 | 2022-11-28 | 9160aff4d
CPXPARAM_Read_DataCheck                          1
CPXPARAM_Threads                                 1
CPXPARAM_MIP_Strategy_NodeSelect                 2
CPXPARAM_MIP_Strategy_HeuristicFreq              5
CPXPARAM_TimeLimit                               1800
CPXPARAM_MIP_Tolerances_MIPGap                   9.9999999999999995e-07
Tried aggregator 2 times.
MIP Presolve eliminated 119 rows and 429 columns.
MIP Presolve added 28 rows and 0 columns.
MIP Presolve modified 13373 coefficients.
Aggregator did 5 substitutions.
Reduced MIP has 2644 rows, 3520 columns, and 19038 nonzeros.
Reduced MIP has 3471 binaries, 0 generals, 0 SOSs, and 0 indicators.
Presolve time = 0.02 sec. (24.60 ticks)
Found incumbent of value 1430.000000 after 0.04 sec. (51.51 ticks)
Probing time = 0.01 sec. (3.80 ticks)
Tried aggregator 1 time.
Detecting symmetries...
Reduced MIP has 2644 rows, 3520 columns, and 19038 nonzeros.
Reduced MIP has 3471 binaries, 0 generals, 0 SOSs, and 0 indicators.
Presolve time = 0.01 sec. (10.78 ticks)
Probing time = 0.01 sec. (3.86 ticks)
Clique table members: 2794.
MIP emphasis: balance optimality and feasibility.
MIP search method: dynamic search.
Parallel mode: none, using 1 thread.
Root relaxation solution time = 0.01 sec. (21.43 ticks)

        Nodes                                         Cuts/
   Node  Left     Objective  IInf  Best Integer    Best Bound    ItCnt     Gap

*     0+    0                         1430.0000        0.0000           100.00%
      0     0      293.8281   101     1430.0000      293.8281      525   79.45%
      0     0      315.8500    91     1430.0000     Cuts: 127      647   77.91%
      0     0      317.1612    51     1430.0000      Cuts: 85      736   77.82%
      0     0      319.1000    47     1430.0000      Cuts: 44      874   77.69%
      0     0      319.6157    91     1430.0000      Cuts: 65     1002   77.65%
      0     0      319.7250    51     1430.0000      Cuts: 51     1064   77.64%
Detecting symmetries...
      0     0      320.1000    62     1430.0000      Cuts: 94     1251   77.62%
      0     0      320.1000    51     1430.0000      Cuts: 54     1361   77.62%
*     0+    0                          720.0000      320.1000            55.54%
*     0+    0                          554.0000      320.1000            42.22%
      0     0  -1.00000e+75     0      554.0000      320.1000     1361   42.22%
      0     0      320.1000    49      554.0000      Cuts: 12     1381   42.22%
      0     0      320.1000    22      554.0000       Cuts: 6     1383   42.22%
      0     0      320.1000    50      554.0000      Cuts: 36     1445   42.22%
Detecting symmetries...
      0     2      320.1000    49      554.0000      320.1000     1445   42.22%
Elapsed time = 0.86 sec. (1036.41 ticks, tree = 0.01 MB, solutions = 3)
     19    21      320.6000    12      554.0000      320.1000     2360   42.22%
     39    41      320.6222    31      554.0000      320.1000     2860   42.22%
     60    62      320.6222    29      554.0000      320.1000     3839   42.22%
    101   103      321.4000    64      554.0000      320.1000     5233   42.22%
    125   127      371.7456    47      554.0000      320.1000     6880   42.22%
    185   187      384.3474    58      554.0000      320.1000     7969   42.22%
*   228   223      integral     0      538.0000      320.1000     8876   40.50%
    250   243      320.1000    37      538.0000      320.1000     9158   40.50%
    267   260      320.8500    36      538.0000      320.1000     9597   40.50%
    305   298      320.2000    56      538.0000      320.1000    10952   40.50%
*   328+  319                          519.0000      320.1000            38.32%
    403   396      331.2218    71      519.0000      320.1000    15648   38.32%
Elapsed time = 3.85 sec. (4227.94 ticks, tree = 0.93 MB, solutions = 5)
*   453+  442                          500.0000      320.1000            35.98%
*   454+  419                          424.0000      320.1000            24.50%
*   455+  420                          423.0000      320.1000            24.33%
    455   422      323.1398    88      423.0000      320.1000    18023   24.33%

Performing restart 1

Repeating presolve.
Tried aggregator 1 time.
MIP Presolve eliminated 324 rows and 336 columns.
MIP Presolve modified 4707 coefficients.
Reduced MIP has 2320 rows, 3184 columns, and 15920 nonzeros.
Reduced MIP has 3135 binaries, 0 generals, 0 SOSs, and 0 indicators.
Presolve time = 0.02 sec. (13.11 ticks)
Tried aggregator 1 time.
Reduced MIP has 2320 rows, 3184 columns, and 15920 nonzeros.
Reduced MIP has 3135 binaries, 0 generals, 0 SOSs, and 0 indicators.
Presolve time = 0.01 sec. (10.30 ticks)
Represolve time = 0.13 sec. (79.35 ticks)
    565     0      320.1714    62      423.0000      Cuts: 48    21326   24.31%
    565     0      320.6000   113      423.0000      Cuts: 82    21427   24.21%
    565     0      320.6000    77      423.0000     Cuts: 119    21627   24.21%
    565     0      320.6000    55      423.0000      Cuts: 85    21741   24.21%
    565     0      320.6000    63      423.0000      Cuts: 96    21819   24.21%
    565     0      320.6000    53      423.0000      Cuts: 14    21900   24.21%
    565     0      320.6000    73      423.0000      Cuts: 54    22012   24.21%
    565     0      320.7489    98      423.0000      Cuts: 34    22137   24.17%
    565     0      320.8348    61      423.0000     Cuts: 105    22206   24.15%
    565     0      320.8348    46      423.0000      Cuts: 52    22265   24.15%
    565     0      320.8348    48      423.0000      Cuts: 54    22438   24.15%
    565     0      320.8348    55      423.0000      Cuts: 16    22518   24.15%
*   565+    0                          380.0000      320.8348            15.57%
*   565+    0                          375.0000      320.8348            14.44%

Repeating presolve.
Tried aggregator 1 time.
MIP Presolve eliminated 1 rows and 941 columns.
MIP Presolve modified 25163 coefficients.
Reduced MIP has 2319 rows, 2243 columns, and 23747 nonzeros.
Reduced MIP has 2194 binaries, 0 generals, 0 SOSs, and 0 indicators.
Presolve time = 0.04 sec. (31.60 ticks)
Tried aggregator 1 time.
MIP Presolve eliminated 96 rows and 0 columns.
MIP Presolve modified 6067 coefficients.
Reduced MIP has 2223 rows, 2243 columns, and 22058 nonzeros.
Reduced MIP has 2194 binaries, 0 generals, 0 SOSs, and 0 indicators.
Presolve time = 0.04 sec. (30.17 ticks)
Represolve time = 0.30 sec. (166.91 ticks)
    565     0      320.8348    60      375.0000      Cuts: 76    23079   14.44%
    565     0      320.8470    60      375.0000      Cuts: 27    23150   14.44%
    565     0      320.8652    69      375.0000     Cuts: 129    23305   14.44%
    565     0      321.0000    63      375.0000      Cuts: 96    23385   14.40%
    565     0      321.0000    75      375.0000      Cuts: 63    23461   14.40%
    565     0      321.0000    62      375.0000      Cuts: 29    23491   14.40%
    565     0      321.0000    77      375.0000      Cuts: 77    23548   14.40%
    565     0      321.0000    76      375.0000      Cuts: 32    23585   14.40%
    565     2      321.0000    66      375.0000      321.0167    23585   14.40%
    574    10      325.1000    75      375.0000      321.0792    24446   14.38%
    612    46      357.9834    62      375.0000      321.0792    25817   14.38%
*   665+   88                          364.0000      321.1295            11.78%
    665    90      334.0063    45      364.0000      321.1295    27777   11.78%
    758   172      321.3211    65      364.0000      321.1295    29565   11.78%
    845   259      324.9267    44      364.0000      321.1295    31710   11.78%
*   865+  225                          336.0000      321.1295             4.43%
    887   232      321.6126   103      336.0000      321.1295    32124    4.43%
    995   306      329.9369    69      336.0000      321.1295    37165    4.43%
   1088   380      327.9453    48      336.0000      321.4116    42067    4.34%
Elapsed time = 28.46 sec. (23618.92 ticks, tree = 0.57 MB, solutions = 12)
   1150   431      327.7377    69      336.0000      321.4116    46710    4.34%
   1345   573      327.4151    31      336.0000      321.4316    49139    4.34%
   1474   677      322.5677    90      336.0000      321.4976    52755    4.32%
   1672   851      325.5500   100      336.0000      321.5048    56064    4.31%
   1808   940      327.6894    57      336.0000      321.5582    60363    4.30%
   1985  1094      325.2161    75      336.0000      321.6211    64111    4.28%
   2198  1267      329.6317   100      336.0000      321.6357    67334    4.28%
   2410  1438      330.5010    59      336.0000      321.7231    71451    4.25%
   2600  1589      332.9333    35      336.0000      321.7865    76145    4.23%
   2816  1757      327.3985    71      336.0000      321.8429    81690    4.21%
Elapsed time = 40.60 sec. (33351.25 ticks, tree = 2.40 MB, solutions = 12)
*  2888  1768      integral     0      335.0000      321.8429    82141    3.93%
   3062  1876      328.6000    55      335.0000      321.9120    88021    3.91%
   3226  1983      330.1529    56      335.0000      322.0000    93872    3.88%
   3340  2035      327.2095    55      335.0000      322.1484    99419    3.84%
   3494  2127      330.1833    53      335.0000      322.2734   105061    3.80%
   3639  2193      327.8152    88      335.0000      322.6000   112345    3.70%
   3795  2295      330.3500    53      335.0000      322.6000   117370    3.70%
   4015  2473      327.1106    24      335.0000      322.7778   122702    3.65%
   4171  2581      328.7274    82      335.0000      322.9112   127900    3.61%
   4354  2667      329.8227    36      335.0000      322.9600   135709    3.59%
Elapsed time = 51.82 sec. (42323.25 ticks, tree = 3.65 MB, solutions = 13)
   4548  2713        cutoff            335.0000      323.0445   142990    3.57%
   4665  2785      326.5209    54      335.0000      323.0720   146721    3.56%
   4787  2852      331.6526    53      335.0000      323.1000   153124    3.55%
   4960  2953      330.6546    84      335.0000      323.1233   159327    3.55%
   5100  3012        cutoff            335.0000      323.1867   166369    3.53%
   5221  3086      332.0167    77      335.0000      323.3031   171809    3.49%
   5335  3132      331.8762    49      335.0000      323.3218   178210    3.49%
   5504  3199      333.6000    67      335.0000      323.3977   184990    3.46%
   5665  3280      333.0444    62      335.0000      323.4778   192579    3.44%
   5830  3355      330.7633    60      335.0000      323.5074   199902    3.43%
Elapsed time = 63.66 sec. (52419.79 ticks, tree = 4.54 MB, solutions = 13)
   5965  3387      330.7429    74      335.0000      323.6000   207557    3.40%
*  6083  3282      integral     0      334.0000      323.6000   210755    3.11%
   6137  3296        cutoff            334.0000      323.6000   213946    3.11%
   6292  3372      331.3857    68      334.0000      323.6417   222114    3.10%
   6436  3421      332.3000    26      334.0000      323.7027   228591    3.08%
   6562  3426      332.8500    71      334.0000      323.8950   235785    3.03%
   6709  3456      326.3500    88      334.0000      323.9539   242325    3.01%
   6829  3474      328.1000    86      334.0000      324.0361   249032    2.98%
   6926  3491      329.1844    62      334.0000      324.1000   255329    2.96%
   7103  3592        cutoff            334.0000      324.1236   261590    2.96%
   7245  3578        cutoff            334.0000      324.1833   268109    2.94%
Elapsed time = 72.32 sec. (62042.94 ticks, tree = 4.84 MB, solutions = 14)
   7368  3601      329.5358    95      334.0000      324.2549   275154    2.92%
   7522  3628      329.3243    51      334.0000      324.3117   282917    2.90%
   7625  3600      330.9500    73      334.0000      324.3375   289576    2.89%
   7728  3607      332.3500    77      334.0000      324.3721   296757    2.88%
   7832  3608      334.6263    68      334.0000      324.3857   303523    2.88%
   7971  3579        cutoff            334.0000      324.4251   311080    2.87%
   8094  3500      331.9509    81      334.0000      324.4251   318694    2.87%
   8178  3457      332.6374    73      334.0000      324.5513   325545    2.83%
   8263  3444      327.8811    83      334.0000      324.6589   331749    2.80%
   8440  3518        cutoff            334.0000      324.7570   338336    2.77%
Elapsed time = 81.45 sec. (71634.63 ticks, tree = 4.82 MB, solutions = 14)
   8535  3461      328.8500    52      334.0000      324.7570   345126    2.77%
   8633  3429      328.1833    73      334.0000      324.8650   351192    2.74%
   8743  3421      329.0432    74      334.0000      324.9333   358866    2.71%
   8875  3450      330.9505    59      334.0000      325.0119   365867    2.69%
   9019  3442      328.7478    46      334.0000      325.1000   373125    2.66%
   9150  3472      329.1000    55      334.0000      325.1015   379803    2.66%
   9265  3452      332.8878    54      334.0000      325.1577   386606    2.65%
   9390  3412      331.8679    50      334.0000      325.2736   394202    2.61%
   9516  3363      329.2000    56      334.0000      325.3837   401155    2.58%
   9625  3374      331.6000    33      334.0000      325.4588   407948    2.56%
Elapsed time = 95.04 sec. (82176.25 ticks, tree = 4.62 MB, solutions = 14)
   9626  3373        cutoff            334.0000      325.4588   407965    2.56%
   9810  3327        cutoff            334.0000      325.6000   415447    2.51%
   9961  3322      330.0461    74      334.0000      325.6000   423527    2.51%
  10149  3302        cutoff            334.0000      325.6000   431182    2.51%
  10405  3374      329.9799    65      334.0000      325.7095   437805    2.48%
  10900  3598      330.2330    84      334.0000      325.8007   443291    2.45%
  11463  3858      331.6000    20      334.0000      325.9291   449422    2.42%
  11661  3942      330.8017    56      334.0000      325.9493   455461    2.41%
  11665  3943      331.4571    75      334.0000      325.9493   455644    2.41%
  11867  4003      332.6000     2      334.0000      326.0468   461599    2.38%
Elapsed time = 108.92 sec. (93320.89 ticks, tree = 5.60 MB, solutions = 14)
  12141  4069      329.1000    70      334.0000      326.1000   467142    2.37%
  12330  4150      331.2667    48      334.0000      326.1071   472993    2.36%
  12525  4194      332.6000    21      334.0000      326.1484   478736    2.35%
  12900  4348      330.3083    53      334.0000      326.2003   484230    2.34%
  13070  4350      328.8210    88      334.0000      326.2667   490456    2.32%
  13190  4397        cutoff            334.0000      326.2952   496457    2.31%
  13342  4402      329.7360    56      334.0000      326.3500   502970    2.29%
  13493  4418      330.6000   110      334.0000      326.3986   509157    2.28%
  13693  4452      332.6000     2      334.0000      326.4570   514986    2.26%
  14397  4566      329.4134    65      334.0000      326.6000   538071    2.22%
Elapsed time = 124.03 sec. (105900.23 ticks, tree = 6.59 MB, solutions = 14)
  15186  4569      332.6000    16      334.0000      326.7324   563042    2.18%
  16032  4612      332.6000    46      334.0000      326.8581   589056    2.14%
  16678  4662      331.2825    50      334.0000      326.9777   615210    2.10%
  17291  4673      332.6000    29      334.0000      327.0420   641492    2.08%
  17995  4700      330.1526    86      334.0000      327.1032   672083    2.06%
  18444  4693      332.0759    47      334.0000      327.1714   690918    2.04%

Performing restart 2

Repeating presolve.
Tried aggregator 2 times.
MIP Presolve eliminated 40 rows and 838 columns.
MIP Presolve modified 881 coefficients.
Aggregator did 1 substitutions.
Reduced MIP has 2182 rows, 1404 columns, and 16964 nonzeros.
Reduced MIP has 1355 binaries, 0 generals, 0 SOSs, and 0 indicators.
Presolve time = 0.03 sec. (16.83 ticks)
Tried aggregator 1 time.
MIP Presolve eliminated 94 rows and 20 columns.
MIP Presolve modified 762 coefficients.
Reduced MIP has 2088 rows, 1384 columns, and 16509 nonzeros.
Reduced MIP has 1336 binaries, 0 generals, 0 SOSs, and 0 indicators.
Presolve time = 0.02 sec. (12.04 ticks)
Tried aggregator 1 time.
Reduced MIP has 2088 rows, 1384 columns, and 16509 nonzeros.
Reduced MIP has 1336 binaries, 0 generals, 0 SOSs, and 0 indicators.
Presolve time = 0.01 sec. (8.25 ticks)
Represolve time = 0.27 sec. (152.32 ticks)
  18689     0      321.0567   135      334.0000      Cuts: 39   703363    2.04%
  18689     0      321.0567   131      334.0000      Cuts: 56   703423    2.04%
  18689     0      321.0567    92      334.0000      Cuts: 32   703458    2.04%
  18689     0      321.0567   112      334.0000      Cuts: 37   703521    2.04%
  18689     0      321.0567   110      334.0000      Cuts: 22   703620    2.04%
  18689     0      321.0567   130      334.0000      Cuts: 15   703775    2.04%
  18689     0      321.0567   101      334.0000      Cuts: 81   703835    2.04%
  18689     0      321.0567    96      334.0000      Cuts: 41   703880    2.04%
  18689     0      321.0567    76      334.0000      Cuts: 15   703931    2.04%
  18689     0      321.0567    61      334.0000     Cuts: 110   703975    2.04%
  18689     0      321.0567    77      334.0000      Cuts: 22   704038    2.04%
  18689     0      321.0567    65      334.0000      Cuts: 12   704085    2.04%
  18689     0      321.0567   108      334.0000     Cuts: 178   704179    2.04%
  18689     2      321.0567    59      334.0000      327.2000   704179    2.04%
  18786    75      326.0885    40      334.0000      327.2000   709230    2.04%
  18889   127      325.9038    89      334.0000      327.2000   714329    2.04%
  19236   341      329.2800    83      334.0000      327.2000   725821    2.04%
Elapsed time = 170.25 sec. (144766.69 ticks, tree = 0.34 MB, solutions = 14)
  19577   487      330.4507    72      334.0000      327.2000   742909    2.04%
  19955   706        cutoff            334.0000      327.2000   762762    2.04%
  20357   888      330.7006    60      334.0000      327.2000   787024    2.04%
  20684  1011      328.0559    57      334.0000      327.2000   811419    2.04%
  21031  1144      332.9333    37      334.0000      327.2000   837033    2.04%
  21349  1227      331.6981    83      334.0000      327.2000   864284    2.04%
  21680  1320      329.8500    74      334.0000      327.2000   887454    2.04%
  22015  1338      329.3143    65      334.0000      327.2000   912691    2.04%
  22367  1366      328.5167    73      334.0000      327.2000   940428    2.04%
  22697  1366      329.7166    96      334.0000      327.2000   968303    2.04%
Elapsed time = 213.27 sec. (183091.41 ticks, tree = 1.48 MB, solutions = 14)
  22992  1345      328.9750    62      334.0000      327.2000   997189    2.04%
  23391  1485      330.1000    94      334.0000      327.2000  1024792    2.04%
  23837  1632      326.6000   103      334.0000      327.2000  1042363    2.04%
  24254  1747      332.6000    39      334.0000      327.2000  1060216    2.04%
  24571  1743      326.7575    65      334.0000      327.2000  1081795    2.04%
  24968  1863      328.8481    71      334.0000      327.2000  1112639    2.04%
  25224  1792      332.6158    62      334.0000      327.2000  1140019    2.04%
* 25259+ 1456                          333.0000      327.2000             1.74%
  25580  1564        cutoff            333.0000      327.2000  1167505    1.74%
  25962  1638      330.4353    95      333.0000      327.2000  1193453    1.74%
  26345  1608      329.8286    66      333.0000      327.2989  1219197    1.71%
Elapsed time = 259.26 sec. (221355.86 ticks, tree = 2.96 MB, solutions = 15)
  26794  1592        cutoff            333.0000      327.4682  1251747    1.66%
  27214  1535      331.6000    57      333.0000      327.5865  1284327    1.63%
  27429  1548      329.2000    51      333.0000      327.6000  1307629    1.62%
  27732  1503        cutoff            333.0000      327.7258  1333645    1.58%
  28106  1446      331.7237   102      333.0000      327.8568  1366319    1.54%
  28494  1359        cutoff            333.0000      327.9546  1395818    1.52%
  28736  1289      329.2880   102      333.0000      328.0347  1421495    1.49%
  28919  1233      330.6588    76      333.0000      328.1000  1443099    1.47%
  29104  1162      330.4959    96      333.0000      328.1475  1465387    1.46%
  29309  1114      330.7364   112      333.0000      328.2250  1488112    1.43%
Elapsed time = 304.65 sec. (259838.13 ticks, tree = 2.49 MB, solutions = 15)
  29592   957      329.3500   100      333.0000      328.4202  1521359    1.38%
  29858   871      330.9636    80      333.0000      328.6000  1548837    1.32%
  30185   730        cutoff            333.0000      328.6359  1577744    1.31%
  30489   537      331.1000    61      333.0000      328.9887  1605877    1.20%
  30811   321        cutoff            333.0000      329.4000  1633050    1.08%
  31051   191      331.3805   130      333.0000      329.6000  1658189    1.02%

GUB cover cuts applied:  2
Clique cuts applied:  62
Cover cuts applied:  444
Implied bound cuts applied:  11
Flow cuts applied:  5
Mixed integer rounding cuts applied:  105
Zero-half cuts applied:  19
Lift and project cuts applied:  20
Gomory fractional cuts applied:  33

Root node processing (before b&c):
  Real time             =    0.86 sec. (1036.80 ticks)
Sequential b&c:
  Real time             =  334.95 sec. (285930.55 ticks)
                          ------------
Total (root+branch&cut) =  335.81 sec. (286967.35 ticks)
