Version identifier: 22.1.1.0 | 2022-11-28 | 9160aff4d
CPXPARAM_Read_DataCheck                          1
CPXPARAM_Threads                                 1
CPXPARAM_MIP_Strategy_NodeSelect                 0
CPXPARAM_MIP_Strategy_HeuristicFreq              10
CPXPARAM_TimeLimit                               1800
CPXPARAM_MIP_Tolerances_MIPGap                   9.9999999999999995e-07
Tried aggregator 2 times.
MIP Presolve eliminated 119 rows and 429 columns.
MIP Presolve added 28 rows and 0 columns.
MIP Presolve modified 13373 coefficients.
Aggregator did 5 substitutions.
Reduced MIP has 2644 rows, 3520 columns, and 19038 nonzeros.
Reduced MIP has 3471 binaries, 0 generals, 0 SOSs, and 0 indicators.
Presolve time = 0.03 sec. (24.60 ticks)
Found incumbent of value 1430.000000 after 0.08 sec. (51.51 ticks)
Probing time = 0.01 sec. (3.80 ticks)
Tried aggregator 1 time.
Detecting symmetries...
Reduced MIP has 2644 rows, 3520 columns, and 19038 nonzeros.
Reduced MIP has 3471 binaries, 0 generals, 0 SOSs, and 0 indicators.
Presolve time = 0.02 sec. (10.78 ticks)
Probing time = 0.01 sec. (3.86 ticks)
Clique table members: 2794.
MIP emphasis: balance optimality and feasibility.
MIP search method: dynamic search.
Parallel mode: none, using 1 thread.
Root relaxation solution time = 0.02 sec. (21.43 ticks)

        Nodes                                         Cuts/
   Node  Left     Objective  IInf  Best Integer    Best Bound    ItCnt     Gap

*     0+    0                         1430.0000        0.0000           100.00%
      0     0      293.8281   101     1430.0000      293.8281      525   79.45%
      0     0      315.8500    91     1430.0000     Cuts: 127      647   77.91%
      0     0      317.1612    51     1430.0000      Cuts: 85      736   77.82%
      0     0      319.1000    47     1430.0000      Cuts: 44      874   77.69%
      0     0      319.6157    91     1430.0000      Cuts: 65     1002   77.65%
      0     0      319.7250    51     1430.0000      Cuts: 51     1064   77.64%
Detecting symmetries...
      0     0      320.1000    62     1430.0000      Cuts: 94     1251   77.62%
      0     0      320.1000    51     1430.0000      Cuts: 54     1361   77.62%
*     0+    0                          720.0000      320.1000            55.54%
*     0+    0                          554.0000      320.1000            42.22%
      0     0  -1.00000e+75     0      554.0000      320.1000     1361   42.22%
      0     0      320.1000    49      554.0000      Cuts: 12     1381   42.22%
      0     0      320.1000    22      554.0000       Cuts: 6     1383   42.22%
      0     0      320.1000    50      554.0000      Cuts: 36     1445   42.22%
Detecting symmetries...
      0     2      320.1000    49      554.0000      320.1000     1445   42.22%
Elapsed time = 1.30 sec. (1036.41 ticks, tree = 0.01 MB, solutions = 3)
     99   101      320.7199    87      554.0000      320.1000     2050   42.22%
    138   140      327.5878    63      554.0000      320.1000     2545   42.22%
    193   194      370.4868    56      554.0000      320.1000     3896   42.22%
    261   259      445.0526    26      554.0000      320.1000     4774   42.22%
    404   333    infeasible            554.0000      320.1000     5958   42.22%
    580   319      536.3542    47      554.0000      320.1000     7030   42.22%
    743   337      532.9366    28      554.0000      320.1000     8148   42.22%
*   830+  314                          539.0000      320.1000            40.61%
*   845   320      integral     0      520.0000      320.1000     8850   38.44%
*   885   324      integral     0      514.0000      320.1000     9008   37.72%
    910   317      504.1222    20      514.0000      320.1000     9116   37.72%
   1068   312        cutoff            514.0000      320.1000     9952   37.72%
*  1195   296      integral     0      506.0000      320.1000    10652   36.74%
   1636   312      502.5000     3      506.0000      320.1000    14360   36.74%
Elapsed time = 4.47 sec. (4164.69 ticks, tree = 0.56 MB, solutions = 7)
*  2068   330      integral     0      499.0000      320.1000    16152   35.85%
   2278   324        cutoff            499.0000      320.1000    16965   35.85%
*  2325   323      integral     0      488.0000      320.1000    17221   34.41%
   2893   294    infeasible            488.0000      320.1000    21148   34.41%
*  3222   300      integral     0      487.0000      320.1000    24629   34.27%
*  3240   294      integral     0      486.0000      320.1000    24676   34.14%

Performing restart 1

Repeating presolve.
Tried aggregator 1 time.
MIP Presolve modified 5191 coefficients.
Reduced MIP has 2644 rows, 3520 columns, and 17564 nonzeros.
Reduced MIP has 3471 binaries, 0 generals, 0 SOSs, and 0 indicators.
Presolve time = 0.02 sec. (14.08 ticks)
Tried aggregator 1 time.
Reduced MIP has 2644 rows, 3520 columns, and 17564 nonzeros.
Reduced MIP has 3471 binaries, 0 generals, 0 SOSs, and 0 indicators.
Presolve time = 0.01 sec. (11.41 ticks)
Represolve time = 0.16 sec. (103.82 ticks)
   3353     0      320.6000    77      486.0000      Cuts: 30    25962   34.03%
   3353     0      320.6000    61      486.0000      Cuts: 82    26130   34.03%
   3353     0      320.6000    50      486.0000      Cuts: 70    26262   34.03%
   3353     0      320.6000    53      486.0000      Cuts: 74    26454   34.03%
   3353     0      320.6000    51      486.0000      Cuts: 12    26521   34.03%
   3353     0      320.6000    56      486.0000      Cuts: 22    26588   34.03%
   3353     0      320.6000    46      486.0000      Cuts: 23    26604   34.03%
   3353     0      320.6000    56      486.0000      Cuts: 15    26657   34.03%
*  3353+    0                          419.0000      320.6000            23.48%
*  3353+    0                          396.0000      320.6000            19.04%
   3353     0  -1.00000e+75     0      396.0000      320.6000    26657   19.04%
   3353     2      320.6000    39      396.0000      320.6000    26657   19.04%
   3373    22      320.8313    56      396.0000      320.6000    27047   19.04%
   3406    55      320.8903    78      396.0000      320.6000    27190   19.04%
   3459   107      322.2011    37      396.0000      320.6000    27534   19.04%
*  3463+  109                          361.0000      320.6000            11.19%
   3533   181      323.8299    49      361.0000      320.6000    27842   11.19%
   3613   258      325.2819    20      361.0000      320.6000    28239   11.19%
   3737   290        cutoff            361.0000      320.6000    30161   11.19%
   3933   256        cutoff            361.0000      320.6000    36306   11.19%
Elapsed time = 23.36 sec. (20937.60 ticks, tree = 0.54 MB, solutions = 14)
   4200   251      344.3066    53      361.0000      320.6000    41839   11.19%
   4432   259      359.6000     3      361.0000      320.6000    44424   11.19%
   5001   255        cutoff            361.0000      320.6000    45694   11.19%
   5661   262    infeasible            361.0000      320.6000    47024   11.19%
   6334   262        cutoff            361.0000      320.6000    48213   11.19%
   6973   250      359.6000     5      361.0000      320.6000    49228   11.19%
   7603   252      359.6000     4      361.0000      320.6000    50202   11.19%
   8244   260      359.6000     1      361.0000      320.6000    51319   11.19%
   8817   241      359.6000     5      361.0000      320.6000    53003   11.19%
   9052   233      351.5336    41      361.0000      320.6000    58573   11.19%
Elapsed time = 38.10 sec. (30498.21 ticks, tree = 0.50 MB, solutions = 14)
   9189   223      346.6036    59      361.0000      320.6000    64967   11.19%
   9410   209      358.9333    29      361.0000      320.6000    71893   11.19%
   9662   260        cutoff            361.0000      320.6000    77149   11.19%
   9956   217        cutoff            361.0000      320.6000    84318   11.19%
* 10117   231      integral     0      356.0000      320.6000    88562    9.94%
  10755   221      354.6000     2      356.0000      320.6000    90325    9.94%
  11420   225      354.6000     7      356.0000      320.6000    91962    9.94%
  12079   225    infeasible            356.0000      320.6000    93412    9.94%
* 12413+  198                          355.0000      320.6000             9.69%
* 12413+  184                          336.0000      320.6000             4.58%
  12413   184    infeasible            336.0000      320.6000    94183    4.58%
  12961   163      334.6000     1      336.0000      320.6000    96750    4.58%
Elapsed time = 53.41 sec. (41739.59 ticks, tree = 0.38 MB, solutions = 17)
  13565   168    infeasible            336.0000      320.6000    97940    4.58%
  14203   164      334.6000     6      336.0000      320.6000    99073    4.58%
  14887   158      334.6000     5      336.0000      320.6000   100259    4.58%
  15581   151      334.6000     4      336.0000      320.6000   101400    4.58%
  16123   129        cutoff            336.0000      320.6000   104031    4.58%
  16276    93      333.9333    22      336.0000      320.6000   110883    4.58%
  16346    91      324.0122    35      336.0000      320.6000   115229    4.58%
  16586    80        cutoff            336.0000      320.6000   121965    4.58%
  16784    81      327.8250    48      336.0000      320.6000   128729    4.58%
  17008    85        cutoff            336.0000      320.6000   135333    4.58%
Elapsed time = 66.51 sec. (51335.96 ticks, tree = 0.21 MB, solutions = 17)
  17200    82        cutoff            336.0000      320.6000   140869    4.58%
  17352    83      332.7582    28      336.0000      320.6000   147081    4.58%
  17513    84      334.8500    37      336.0000      320.6000   152663    4.58%
  17729    93      333.7267    54      336.0000      320.6000   158554    4.58%
  17837    72      328.2088    28      336.0000      320.6000   163491    4.58%
  18022   116        cutoff            336.0000      320.6000   169302    4.58%
  18262    94      327.0200    36      336.0000      320.6000   174385    4.58%
  18493   105        cutoff            336.0000      320.6000   180625    4.58%
  18633    89        cutoff            336.0000      320.6000   188016    4.58%
  18783    83      331.3143    50      336.0000      320.6000   194583    4.58%
Elapsed time = 77.96 sec. (60933.20 ticks, tree = 0.20 MB, solutions = 17)
  18953    74        cutoff            336.0000      320.6000   201744    4.58%
  19070    70      330.6329    57      336.0000      320.6000   208550    4.58%
  19233    70        cutoff            336.0000      320.6000   215150    4.58%
  19440    77      333.6625    48      336.0000      320.6000   221753    4.58%
  19579    70        cutoff            336.0000      320.6000   228862    4.58%
  19780    89      331.2473    48      336.0000      320.6000   234971    4.58%
  19990    69      329.8165    85      336.0000      320.6000   241627    4.58%
  20223    67        cutoff            336.0000      320.6000   246997    4.58%
  20400    74        cutoff            336.0000      320.6000   253973    4.58%
  20585    72      332.6000    24      336.0000      320.6000   260227    4.58%
Elapsed time = 89.44 sec. (70542.60 ticks, tree = 0.18 MB, solutions = 17)
  20776    68      336.5424    59      336.0000      320.6000   266826    4.58%
  20997    74        cutoff            336.0000      320.6000   273353    4.58%
  21223    76      334.2327    19      336.0000      320.6000   279972    4.58%
  21426    77      333.0375    25      336.0000      320.6000   286725    4.58%
  21581    77        cutoff            336.0000      320.6000   295062    4.58%
  21740    64      332.9469    47      336.0000      320.6000   301991    4.58%
  21933    87      331.0139    56      336.0000      320.6000   307380    4.58%
  22168    88        cutoff            336.0000      320.6000   312617    4.58%
  22327    71        cutoff            336.0000      320.6000   318069    4.58%
  22519    67      332.9292    57      336.0000      320.6000   324232    4.58%
Elapsed time = 101.06 sec. (80170.85 ticks, tree = 0.17 MB, solutions = 17)
  22723    75      332.7981    37      336.0000      320.6000   330308    4.58%
  22905    61      334.6269    77      336.0000      320.6000   336369    4.58%
  23056    75      333.3742    43      336.0000      320.6000   340899    4.58%
  23337    64        cutoff            336.0000      320.6000   345865    4.58%
  23553   100      331.0876    61      336.0000      320.6000   350518    4.58%
* 23653+   92                          335.0000      320.6000             4.30%
  23653    93      330.7738    47      335.0000      320.6000   353259    4.30%
  23892    67      329.8486    42      335.0000      320.6000   359186    4.30%
  24137    82      329.4193    66      335.0000      320.6000   365034    4.30%
  24353    66      331.9075    44      335.0000      320.6000   370294    4.30%
  24594    69      330.8682    60      335.0000      320.6000   376820    4.30%
Elapsed time = 113.22 sec. (90325.70 ticks, tree = 0.18 MB, solutions = 18)
  24763    72      327.0513    50      335.0000      320.6000   382868    4.30%
* 24816    84      integral     0      334.0000      320.6000   383336    4.01%
  24968    61        cutoff            334.0000      320.6000   389407    4.01%
  25154    59      332.4408    38      334.0000      320.6000   396375    4.01%
  25273    63      332.2244    59      334.0000      320.6000   402687    4.01%
  25413    60      332.4549    65      334.0000      320.6000   409053    4.01%
  25597    66      331.5000    37      334.0000      320.6000   415232    4.01%
  25771    57      332.1570    67      334.0000      320.6000   422074    4.01%
  25942    59      332.9333    37      334.0000      320.6000   428418    4.01%
  26137    54      329.7107    48      334.0000      320.6000   435966    4.01%
  26723    48      329.4289    94      334.0000      320.6000   456027    4.01%
Elapsed time = 127.54 sec. (102767.63 ticks, tree = 0.15 MB, solutions = 19)
  27321    42      330.6408    53      334.0000      320.6000   481434    4.01%
  27992    42      329.9553    74      334.0000      320.6000   507772    4.01%
  28586    40      328.1313    55      334.0000      320.6000   535724    4.01%
  29110    35      324.6040    64      334.0000      320.6000   556551    4.01%
  29936    40        cutoff            334.0000      320.6000   581181    4.01%
  31283    47      330.7767    28      334.0000      320.6000   597131    4.01%
  31924    39      331.1309    59      334.0000      320.6000   626131    4.01%
  32657    36        cutoff            334.0000      320.6000   653054    4.01%
  33647    33        cutoff            334.0000      320.6000   677972    4.01%
  34516    42      329.9349    44      334.0000      320.6000   695421    4.01%
Elapsed time = 172.50 sec. (140957.56 ticks, tree = 0.14 MB, solutions = 19)
  35130    33      332.6822    61      334.0000      320.6000   722165    4.01%
  36194    33      330.8667    74      334.0000      320.6000   741622    4.01%
  37466    31        cutoff            334.0000      320.6000   758468    4.01%
  38256    44      332.6000     5      334.0000      320.6000   779770    4.01%
  39308    37      332.6000    20      334.0000      320.6000   799093    4.01%

Performing restart 2

Repeating presolve.
Tried aggregator 1 time.
MIP Presolve eliminated 319 rows and 2105 columns.
MIP Presolve modified 6642 coefficients.
Reduced MIP has 2325 rows, 1415 columns, and 13567 nonzeros.
Reduced MIP has 1366 binaries, 0 generals, 0 SOSs, and 0 indicators.
Presolve time = 0.02 sec. (17.35 ticks)
Tried aggregator 2 times.
MIP Presolve eliminated 541 rows and 2 columns.
MIP Presolve modified 3143 coefficients.
Aggregator did 1 substitutions.
Reduced MIP has 1783 rows, 1412 columns, and 10788 nonzeros.
Reduced MIP has 1363 binaries, 0 generals, 0 SOSs, and 0 indicators.
Presolve time = 0.03 sec. (18.06 ticks)
Represolve time = 0.13 sec. (89.90 ticks)
  40033     0      320.6000    62      334.0000      Cuts: 70   805320    4.01%
  40033     0      320.6000    44      334.0000     Cuts: 106   805407    4.01%
  40033     0      320.6000    53      334.0000      Cuts: 64   805508    4.01%
  40033     0      320.6000    19      334.0000       Cuts: 2   805513    4.01%
  40033     0      320.6000    56      334.0000      Cuts: 33   805621    4.01%
  40033     0      320.6000    45      334.0000      Cuts: 21   805702    4.01%
  40033     0      320.6000    54      334.0000     Cuts: 100   805764    4.01%
  40033     0      320.6288   100      334.0000       Cuts: 6   805960    4.00%
  40033     0      320.6307   113      334.0000     Cuts: 158   806007    4.00%
  40033     0      320.7053    92      334.0000      Cuts: 55   806079    3.98%
  40033     0      320.7092   103      334.0000      Cuts: 79   806146    3.98%
  40033     0      320.7145   103      334.0000      Cuts: 31   806187    3.98%
  40033     0      320.7155   100      334.0000      Cuts: 26   806211    3.98%

Repeating presolve.
Tried aggregator 1 time.
MIP Presolve eliminated 50 rows and 23 columns.
MIP Presolve modified 521 coefficients.
Reduced MIP has 1733 rows, 1389 columns, and 15042 nonzeros.
Reduced MIP has 1341 binaries, 0 generals, 0 SOSs, and 0 indicators.
Presolve time = 0.01 sec. (9.79 ticks)
Tried aggregator 1 time.
Reduced MIP has 1733 rows, 1389 columns, and 15042 nonzeros.
Reduced MIP has 1341 binaries, 0 generals, 0 SOSs, and 0 indicators.
Presolve time = 0.01 sec. (7.62 ticks)
Represolve time = 0.12 sec. (68.46 ticks)
  40033     0      320.7335   106      334.0000     Cuts: 104   806840    3.97%
  40033     0      320.7413    95      334.0000     Cuts: 100   806908    3.97%
  40033     0      320.7446   103      334.0000      Cuts: 66   806987    3.97%
  40033     0      320.7454   113      334.0000      Cuts: 77   807049    3.97%
  40033     0      320.7468    97      334.0000      Cuts: 50   807100    3.97%
  40033     0      320.7514   109      334.0000      Cuts: 34   807155    3.97%
  40033     0      320.7523   104      334.0000      Cuts: 57   807212    3.97%
  40033     0      320.7523   106      334.0000      Cuts: 34   807244    3.97%
  40033     0      320.7523   110      334.0000      Cuts: 21   807282    3.97%
  40033     0      320.7523   120      334.0000      Cuts: 43   807344    3.97%
  40033     0      320.7523   103      334.0000      Cuts: 10   807362    3.97%
  40033     0      320.7523   103      334.0000      Cuts: 84   807394    3.97%
  40033     0      320.7523   103      334.0000      Cuts: 11   807403    3.97%
  40033     0      320.7523   115      334.0000      Cuts: 24   807447    3.97%
  40033     2      320.7523   106      334.0000      320.7682   807447    3.96%
  40121    19      331.9594    48      334.0000      320.8312   813900    3.94%
  40833    52      332.6000     8      334.0000      320.8312   822374    3.94%
  41535    20      331.8847    57      334.0000      320.8312   832911    3.94%
  42150    39      332.3447    61      334.0000      320.8312   848739    3.94%
Elapsed time = 222.79 sec. (183199.00 ticks, tree = 0.05 MB, solutions = 19)
  42643    26      326.2753    44      334.0000      320.8312   866342    3.94%
  43367    21      330.6417    50      334.0000      320.8312   889789    3.94%
  44207    17      327.8271    75      334.0000      320.8312   915898    3.94%
  44973    22      329.4451    55      334.0000      320.8312   939434    3.94%
  45798    16      330.0056    65      334.0000      320.8312   970454    3.94%
  47003    49      332.6000     8      334.0000      320.8312   996405    3.94%
  48321    17      331.5404    72      334.0000      320.8312  1009374    3.94%
  48768    22      329.8360    52      334.0000      320.8312  1023157    3.94%
  49520    18      330.6000    40      334.0000      320.8312  1050496    3.94%
  51282    36        cutoff            334.0000      320.8312  1068331    3.94%
Elapsed time = 267.17 sec. (221427.89 ticks, tree = 0.06 MB, solutions = 19)
  51873    14      330.6000    39      334.0000      320.8312  1082986    3.94%
  52533    32      325.8061    30      334.0000      320.8312  1104744    3.94%
  53327    16        cutoff            334.0000      320.8312  1134497    3.94%
  54118    22      325.0430    78      334.0000      320.8312  1166241    3.94%
  54974    14      328.3059    66      334.0000      320.8312  1193349    3.94%
  55734    26      330.9186    59      334.0000      320.8312  1221750    3.94%
  56488     9      330.2667    29      334.0000      320.8312  1252280    3.94%
  57429    12      327.3754    77      334.0000      320.8312  1285353    3.94%
  58154    15      328.7055    57      334.0000      320.8312  1312630    3.94%
  58984    10        cutoff            334.0000      320.8312  1341495    3.94%
Elapsed time = 301.09 sec. (259657.58 ticks, tree = 0.02 MB, solutions = 19)
  59845    14        cutoff            334.0000      320.8312  1370753    3.94%
  60707    18      330.6000    59      334.0000      320.8312  1403593    3.94%
  61422     9      331.1365    40      334.0000      320.8312  1429087    3.94%
  62266     8      332.8500    60      334.0000      321.9750  1459205    3.60%
  63073     9        cutoff            334.0000      321.9750  1491287    3.60%
  64024     7      327.2875    90      334.0000      322.6000  1522033    3.41%
* 64620    66      integral     0      333.0000      322.6000  1539126    3.12%
  66294    12      331.6377    48      333.0000      322.6000  1556386    3.12%
  66655    36      328.0789    64      333.0000      322.6000  1570282    3.12%
  67461     8      331.4629    70      333.0000      322.6000  1598877    3.12%
Elapsed time = 328.11 sec. (296923.08 ticks, tree = 0.01 MB, solutions = 20)
  68160     6      328.6000    95      333.0000      324.2735  1631223    2.62%
  68842     6      331.6993    75      333.0000      324.6000  1658201    2.52%

GUB cover cuts applied:  5
Clique cuts applied:  30
Cover cuts applied:  98
Implied bound cuts applied:  4
Flow cuts applied:  3
Mixed integer rounding cuts applied:  61
Zero-half cuts applied:  28
Lift and project cuts applied:  24
Gomory fractional cuts applied:  24

Root node processing (before b&c):
  Real time             =    1.30 sec. (1036.92 ticks)
Sequential b&c:
  Real time             =  334.46 sec. (306641.70 ticks)
                          ------------
Total (root+branch&cut) =  335.76 sec. (307678.62 ticks)
