Version identifier: 22.1.1.0 | 2022-11-28 | 9160aff4d
CPXPARAM_Read_DataCheck                          1
CPXPARAM_Threads                                 1
CPXPARAM_MIP_Strategy_NodeSelect                 2
CPXPARAM_MIP_Strategy_HeuristicFreq              5
CPXPARAM_TimeLimit                               3600
CPXPARAM_MIP_Tolerances_MIPGap                   0.0050000000000000001
Tried aggregator 2 times.
MIP Presolve eliminated 119 rows and 429 columns.
MIP Presolve added 28 rows and 0 columns.
MIP Presolve modified 13373 coefficients.
Aggregator did 5 substitutions.
Reduced MIP has 2644 rows, 3520 columns, and 19038 nonzeros.
Reduced MIP has 3471 binaries, 0 generals, 0 SOSs, and 0 indicators.
Presolve time = 0.03 sec. (24.60 ticks)
Found incumbent of value 1430.000000 after 0.08 sec. (51.51 ticks)
Probing time = 0.01 sec. (3.80 ticks)
Tried aggregator 1 time.
Detecting symmetries...
Reduced MIP has 2644 rows, 3520 columns, and 19038 nonzeros.
Reduced MIP has 3471 binaries, 0 generals, 0 SOSs, and 0 indicators.
Presolve time = 0.02 sec. (10.78 ticks)
Probing time = 0.01 sec. (3.86 ticks)
Clique table members: 2794.
MIP emphasis: balance optimality and feasibility.
MIP search method: dynamic search.
Parallel mode: none, using 1 thread.
Root relaxation solution time = 0.03 sec. (21.43 ticks)

        Nodes                                         Cuts/
   Node  Left     Objective  IInf  Best Integer    Best Bound    ItCnt     Gap

*     0+    0                         1430.0000        0.0000           100.00%
      0     0      293.8281   101     1430.0000      293.8281      525   79.45%
      0     0      315.8500    91     1430.0000     Cuts: 127      647   77.91%
      0     0      317.1612    51     1430.0000      Cuts: 85      736   77.82%
      0     0      319.1000    47     1430.0000      Cuts: 44      874   77.69%
      0     0      319.6157    91     1430.0000      Cuts: 65     1002   77.65%
      0     0      319.7250    51     1430.0000      Cuts: 51     1064   77.64%
Detecting symmetries...
      0     0      320.1000    62     1430.0000      Cuts: 94     1251   77.62%
      0     0      320.1000    51     1430.0000      Cuts: 54     1361   77.62%
*     0+    0                          720.0000      320.1000            55.54%
*     0+    0                          554.0000      320.1000            42.22%
      0     0  -1.00000e+75     0      554.0000      320.1000     1361   42.22%
      0     0      320.1000    49      554.0000      Cuts: 12     1381   42.22%
      0     0      320.1000    22      554.0000       Cuts: 6     1383   42.22%
      0     0      320.1000    50      554.0000      Cuts: 36     1445   42.22%
Detecting symmetries...
      0     2      320.1000    49      554.0000      320.1000     1445   42.22%
Elapsed time = 1.36 sec. (1036.41 ticks, tree = 0.01 MB, solutions = 3)
     19    21      320.6000    12      554.0000      320.1000     2360   42.22%
     39    41      320.6222    31      554.0000      320.1000     2860   42.22%
     60    62      320.6222    29      554.0000      320.1000     3839   42.22%
    101   103      321.4000    64      554.0000      320.1000     5233   42.22%
    125   127      371.7456    47      554.0000      320.1000     6880   42.22%
    185   187      384.3474    58      554.0000      320.1000     7969   42.22%
*   228   223      integral     0      538.0000      320.1000     8876   40.50%
    250   243      320.1000    37      538.0000      320.1000     9158   40.50%
    267   260      320.8500    36      538.0000      320.1000     9597   40.50%
    305   298      320.2000    56      538.0000      320.1000    10952   40.50%
*   328+  319                          519.0000      320.1000            38.32%
    403   396      331.2218    71      519.0000      320.1000    15648   38.32%
Elapsed time = 4.56 sec. (4227.94 ticks, tree = 0.93 MB, solutions = 5)
*   453+  442                          500.0000      320.1000            35.98%
*   454+  419                          424.0000      320.1000            24.50%
*   455+  420                          423.0000      320.1000            24.33%
    455   422      323.1398    88      423.0000      320.1000    18023   24.33%

Performing restart 1

Repeating presolve.
Tried aggregator 1 time.
MIP Presolve eliminated 324 rows and 336 columns.
MIP Presolve modified 4707 coefficients.
Reduced MIP has 2320 rows, 3184 columns, and 15920 nonzeros.
Reduced MIP has 3135 binaries, 0 generals, 0 SOSs, and 0 indicators.
Presolve time = 0.02 sec. (13.11 ticks)
Tried aggregator 1 time.
Reduced MIP has 2320 rows, 3184 columns, and 15920 nonzeros.
Reduced MIP has 3135 binaries, 0 generals, 0 SOSs, and 0 indicators.
Presolve time = 0.01 sec. (10.30 ticks)
Represolve time = 0.15 sec. (79.35 ticks)
    565     0      320.1714    62      423.0000      Cuts: 48    21326   24.31%
    565     0      320.6000   113      423.0000      Cuts: 82    21427   24.21%
    565     0      320.6000    77      423.0000     Cuts: 119    21627   24.21%
    565     0      320.6000    55      423.0000      Cuts: 85    21741   24.21%
    565     0      320.6000    63      423.0000      Cuts: 96    21819   24.21%
    565     0      320.6000    53      423.0000      Cuts: 14    21900   24.21%
    565     0      320.6000    73      423.0000      Cuts: 54    22012   24.21%
    565     0      320.7489    98      423.0000      Cuts: 34    22137   24.17%
    565     0      320.8348    61      423.0000     Cuts: 105    22206   24.15%
    565     0      320.8348    46      423.0000      Cuts: 52    22265   24.15%
    565     0      320.8348    48      423.0000      Cuts: 54    22438   24.15%
    565     0      320.8348    55      423.0000      Cuts: 16    22518   24.15%
*   565+    0                          380.0000      320.8348            15.57%
*   565+    0                          375.0000      320.8348            14.44%

Repeating presolve.
Tried aggregator 1 time.
MIP Presolve eliminated 1 rows and 941 columns.
MIP Presolve modified 25163 coefficients.
Reduced MIP has 2319 rows, 2243 columns, and 23747 nonzeros.
Reduced MIP has 2194 binaries, 0 generals, 0 SOSs, and 0 indicators.
Presolve time = 0.04 sec. (31.60 ticks)
Tried aggregator 1 time.
MIP Presolve eliminated 96 rows and 0 columns.
MIP Presolve modified 6067 coefficients.
Reduced MIP has 2223 rows, 2243 columns, and 22058 nonzeros.
Reduced MIP has 2194 binaries, 0 generals, 0 SOSs, and 0 indicators.
Presolve time = 0.05 sec. (30.17 ticks)
Represolve time = 0.35 sec. (166.91 ticks)
    565     0      320.8348    60      375.0000      Cuts: 76    23079   14.44%
    565     0      320.8470    60      375.0000      Cuts: 27    23150   14.44%
    565     0      320.8652    69      375.0000     Cuts: 129    23305   14.44%
    565     0      321.0000    63      375.0000      Cuts: 96    23385   14.40%
    565     0      321.0000    75      375.0000      Cuts: 63    23461   14.40%
    565     0      321.0000    62      375.0000      Cuts: 29    23491   14.40%
    565     0      321.0000    77      375.0000      Cuts: 77    23548   14.40%
    565     0      321.0000    76      375.0000      Cuts: 32    23585   14.40%
    565     2      321.0000    66      375.0000      321.0167    23585   14.40%
    574    10      325.1000    75      375.0000      321.0792    24446   14.38%
    612    46      357.9834    62      375.0000      321.0792    25817   14.38%
*   665+   88                          364.0000      321.1295            11.78%
    665    90      334.0063    45      364.0000      321.1295    27777   11.78%
    758   172      321.3211    65      364.0000      321.1295    29565   11.78%
    845   259      324.9267    44      364.0000      321.1295    31710   11.78%
*   865+  225                          336.0000      321.1295             4.43%
    887   232      321.6126   103      336.0000      321.1295    32124    4.43%
    995   306      329.9369    69      336.0000      321.1295    37165    4.43%
   1088   380      327.9453    48      336.0000      321.4116    42067    4.34%
Elapsed time = 29.12 sec. (23618.92 ticks, tree = 0.57 MB, solutions = 12)
   1150   431      327.7377    69      336.0000      321.4116    46710    4.34%
   1345   573      327.4151    31      336.0000      321.4316    49139    4.34%
   1474   677      322.5677    90      336.0000      321.4976    52755    4.32%
   1672   851      325.5500   100      336.0000      321.5048    56064    4.31%
   1808   940      327.6894    57      336.0000      321.5582    60363    4.30%
   1985  1094      325.2161    75      336.0000      321.6211    64111    4.28%
   2198  1267      329.6317   100      336.0000      321.6357    67334    4.28%
   2410  1438      330.5010    59      336.0000      321.7231    71451    4.25%
   2600  1589      332.9333    35      336.0000      321.7865    76145    4.23%
   2816  1757      327.3985    71      336.0000      321.8429    81690    4.21%
Elapsed time = 42.07 sec. (33351.25 ticks, tree = 2.40 MB, solutions = 12)
*  2888  1768      integral     0      335.0000      321.8429    82141    3.93%
   3062  1876      328.6000    55      335.0000      321.9120    88021    3.91%
   3226  1983      330.1529    56      335.0000      322.0000    93872    3.88%
   3340  2035      327.2095    55      335.0000      322.1484    99419    3.84%
   3494  2127      330.1833    53      335.0000      322.2734   105061    3.80%
   3639  2193      327.8152    88      335.0000      322.6000   112345    3.70%
   3795  2295      330.3500    53      335.0000      322.6000   117370    3.70%
   4015  2473      327.1106    24      335.0000      322.7778   122702    3.65%
   4171  2581      328.7274    82      335.0000      322.9112   127900    3.61%
   4354  2667      329.8227    36      335.0000      322.9600   135709    3.59%
Elapsed time = 54.11 sec. (42323.25 ticks, tree = 3.65 MB, solutions = 13)
   4548  2713        cutoff            335.0000      323.0445   142990    3.57%
   4665  2785      326.5209    54      335.0000      323.0720   146721    3.56%
   4787  2852      331.6526    53      335.0000      323.1000   153124    3.55%
   4960  2953      330.6546    84      335.0000      323.1233   159327    3.55%
   5100  3012        cutoff            335.0000      323.1867   166369    3.53%
   5221  3086      332.0167    77      335.0000      323.3031   171809    3.49%
   5335  3132      331.8762    49      335.0000      323.3218   178210    3.49%
   5504  3199      333.6000    67      335.0000      323.3977   184990    3.46%
   5665  3280      333.0444    62      335.0000      323.4778   192579    3.44%
   5830  3355      330.7633    60      335.0000      323.5074   199902    3.43%
Elapsed time = 68.06 sec. (52419.79 ticks, tree = 4.54 MB, solutions = 13)
   5965  3387      330.7429    74      335.0000      323.6000   207557    3.40%
*  6083  3282      integral     0      334.0000      323.6000   210755    3.11%
   6137  3296        cutoff            334.0000      323.6000   213946    3.11%
   6292  3372      331.3857    68      334.0000      323.6417   222114    3.10%
   6436  3421      332.3000    26      334.0000      323.7027   228591    3.08%
   6562  3426      332.8500    71      334.0000      323.8950   235785    3.03%
   6709  3456      326.3500    88      334.0000      323.9539   242325    3.01%
   6829  3474      328.1000    86      334.0000      324.0361   249032    2.98%
   6926  3491      329.1844    62      334.0000      324.1000   255329    2.96%
   7103  3592        cutoff            334.0000      324.1236   261590    2.96%
   7245  3578        cutoff            334.0000      324.1833   268109    2.94%
Elapsed time = 80.98 sec. (62042.94 ticks, tree = 4.84 MB, solutions = 14)
   7368  3601      329.5358    95      334.0000      324.2549   275154    2.92%
   7522  3628      329.3243    51      334.0000      324.3117   282917    2.90%
   7625  3600      330.9500    73      334.0000      324.3375   289576    2.89%
   7728  3607      332.3500    77      334.0000      324.3721   296757    2.88%
   7832  3608      334.6263    68      334.0000      324.3857   303523    2.88%
   7971  3579        cutoff            334.0000      324.4251   311080    2.87%
   8094  3500      331.9509    81      334.0000      324.4251   318694    2.87%
   8178  3457      332.6374    73      334.0000      324.5513   325545    2.83%
   8263  3444      327.8811    83      334.0000      324.6589   331749    2.80%
   8440  3518        cutoff            334.0000      324.7570   338336    2.77%
Elapsed time = 93.68 sec. (71634.63 ticks, tree = 4.82 MB, solutions = 14)
   8535  3461      328.8500    52      334.0000      324.7570   345126    2.77%
   8633  3429      328.1833    73      334.0000      324.8650   351192    2.74%
   8743  3421      329.0432    74      334.0000      324.9333   358866    2.71%
   8875  3450      330.9505    59      334.0000      325.0119   365867    2.69%
   9019  3442      328.7478    46      334.0000      325.1000   373125    2.66%
   9150  3472      329.1000    55      334.0000      325.1015   379803    2.66%
   9265  3452      332.8878    54      334.0000      325.1577   386606    2.65%
   9390  3412      331.8679    50      334.0000      325.2736   394202    2.61%
   9516  3363      329.2000    56      334.0000      325.3837   401155    2.58%
   9625  3374      331.6000    33      334.0000      325.4588   407948    2.56%
Elapsed time = 107.72 sec. (82174.85 ticks, tree = 4.62 MB, solutions = 14)
   9626  3373        cutoff            334.0000      325.4588   407965    2.56%
   9810  3327        cutoff            334.0000      325.6000   415447    2.51%
   9957  3322        cutoff            334.0000      325.6000   423767    2.51%
  10092  3338        cutoff            334.0000      325.8007   430998    2.45%
  10250  3386      332.1000    86      334.0000      326.0225   439424    2.39%
  10368  3398        cutoff            334.0000      326.1000   447077    2.37%
  10511  3438        cutoff            334.0000      326.1484   452722    2.35%
  10565  3446      330.1046    61      334.0000      326.2339   457214    2.33%
  10666  3471      331.6000    46      334.0000      326.2952   463611    2.31%
  10791  3495      329.9333   107      334.0000      326.3567   468963    2.29%
Elapsed time = 122.51 sec. (93671.14 ticks, tree = 4.79 MB, solutions = 14)
  10868  3487      330.4571    78      334.0000      326.4910   475645    2.25%
  10970  3505      327.0819    52      334.0000      326.6000   482769    2.22%
  11058  3537      330.8500    51      334.0000      326.6000   488545    2.22%
  11170  3566      327.5703    74      334.0000      326.6204   494387    2.21%
  11290  3549      330.4000    94      334.0000      326.7137   501163    2.18%
  11417  3567      331.7216    73      334.0000      326.7725   507798    2.16%
  11521  3562      328.6000    84      334.0000      326.8500   513900    2.14%
  11610  3566      328.2905    67      334.0000      326.8775   519912    2.13%
  11700  3567      329.2268    67      334.0000      326.9571   526361    2.11%
  12035  3560      331.6000    61      334.0000      327.1000   552036    2.07%
Elapsed time = 138.21 sec. (106272.77 ticks, tree = 4.89 MB, solutions = 14)
  12375  3591      330.7312    84      334.0000      327.2495   575486    2.02%
  12665  3570      331.6643    50      334.0000      327.4571   598042    1.96%
  12934  3554      328.2000    59      334.0000      327.6000   624521    1.92%
  13226  3557      331.1000    60      334.0000      327.7322   651784    1.88%
  13598  3505      329.5541    83      334.0000      327.9564   686102    1.81%
  13991  3467      331.7354    31      334.0000      328.1041   717978    1.77%
  14382  3398      332.8177    41      334.0000      328.2998   746482    1.71%
  14785  3362      329.8870    55      334.0000      328.5085   774847    1.64%
  15115  3354      332.9478    32      334.0000      328.6000   803471    1.62%
  15447  3259      332.2062    45      334.0000      328.7997   833277    1.56%
Elapsed time = 186.25 sec. (144880.88 ticks, tree = 4.58 MB, solutions = 14)
  15776  3180      330.6000    60      334.0000      328.9916   862099    1.50%
  15982  3111      330.8197    92      334.0000      329.1000   882162    1.47%
  16264  3064      332.6000    60      334.0000      329.1865   911138    1.44%
  16690  2970      332.0583    68      334.0000      329.3500   941298    1.39%
  17134  2822      330.6000    54      334.0000      329.6000   974670    1.32%
  17520  2715        cutoff            334.0000      329.7133  1007558    1.28%
  17943  2571      332.5048    53      334.0000      329.9333  1041903    1.22%
  18416  2379        cutoff            334.0000      330.1503  1079019    1.15%
  18969  2157      331.3859    84      334.0000      330.4818  1113978    1.05%
* 19202  1502      integral     0      333.0000      330.5951  1122804    0.72%
  19551  1284      330.8167    72      333.0000      330.7613  1146624    0.67%
Elapsed time = 230.08 sec. (183242.79 ticks, tree = 1.94 MB, solutions = 15)

GUB cover cuts applied:  4
Clique cuts applied:  62
Cover cuts applied:  327
Implied bound cuts applied:  14
Flow cuts applied:  1
Mixed integer rounding cuts applied:  95
Zero-half cuts applied:  34
Lift and project cuts applied:  15
Gomory fractional cuts applied:  46

Root node processing (before b&c):
  Real time             =    1.36 sec. (1036.93 ticks)
Sequential b&c:
  Real time             =  230.99 sec. (185094.98 ticks)
                          ------------
Total (root+branch&cut) =  232.35 sec. (186131.91 ticks)
