Version identifier: 22.1.1.0 | 2022-11-28 | 9160aff4d
CPXPARAM_Read_DataCheck                          1
CPXPARAM_Threads                                 1
CPXPARAM_MIP_Cuts_Covers                         2
CPXPARAM_MIP_Cuts_FlowCovers                     2
CPXPARAM_MIP_Cuts_MIRCut                         2
CPXPARAM_TimeLimit                               3600
CPXPARAM_MIP_Tolerances_MIPGap                   0.0050000000000000001
Tried aggregator 2 times.
MIP Presolve eliminated 119 rows and 429 columns.
MIP Presolve added 28 rows and 0 columns.
MIP Presolve modified 13373 coefficients.
Aggregator did 5 substitutions.
Reduced MIP has 2644 rows, 3520 columns, and 19038 nonzeros.
Reduced MIP has 3471 binaries, 0 generals, 0 SOSs, and 0 indicators.
Presolve time = 0.03 sec. (24.60 ticks)
Found incumbent of value 1430.000000 after 0.08 sec. (51.51 ticks)
Probing time = 0.01 sec. (3.80 ticks)
Tried aggregator 1 time.
Detecting symmetries...
Reduced MIP has 2644 rows, 3520 columns, and 19038 nonzeros.
Reduced MIP has 3471 binaries, 0 generals, 0 SOSs, and 0 indicators.
Presolve time = 0.02 sec. (10.78 ticks)
Probing time = 0.01 sec. (3.86 ticks)
Clique table members: 2794.
MIP emphasis: balance optimality and feasibility.
MIP search method: dynamic search.
Parallel mode: none, using 1 thread.
Root relaxation solution time = 0.02 sec. (21.43 ticks)

        Nodes                                         Cuts/
   Node  Left     Objective  IInf  Best Integer    Best Bound    ItCnt     Gap

*     0+    0                         1430.0000        0.0000           100.00%
      0     0      293.8281   101     1430.0000      293.8281      525   79.45%
      0     0      315.8500    91     1430.0000     Cuts: 127      647   77.91%
      0     0      317.1612    51     1430.0000      Cuts: 85      737   77.82%
      0     0      319.1000    47     1430.0000      Cuts: 44      875   77.69%
      0     0      319.6157    91     1430.0000      Cuts: 63     1003   77.65%
      0     0      319.7250    51     1430.0000      Cuts: 57     1069   77.64%
Detecting symmetries...
      0     0      320.1000    59     1430.0000     Cuts: 146     1198   77.62%
      0     0      320.1000    53     1430.0000      Cuts: 43     1233   77.62%
*     0+    0                          623.0000      320.1000            48.62%
      0     0  -1.00000e+75     0      623.0000      320.1000     1233   48.62%
Detecting symmetries...
      0     2      320.1000    45      623.0000      320.1000     1233   48.62%
Elapsed time = 0.74 sec. (563.19 ticks, tree = 0.01 MB, solutions = 2)
     37    39      323.5112    65      623.0000      320.1000     2553   48.62%
    102   104      345.8167    49      623.0000      320.1000     3926   48.62%
*   131   129      integral     0      384.0000      320.1000     4912   16.64%
    171   168      325.1340    64      384.0000      320.1000     6340   16.64%
    251   242      320.7296    61      384.0000      320.1000     8274   16.64%
    358   347      368.6418    54      384.0000      320.1000     9908   16.64%
    441   408      352.5000    28      384.0000      320.1000    12128   16.64%
*   455+  418                          382.0000      320.1000            16.20%
*   455+  411                          379.0000      320.1000            15.54%
*   455+  370                          369.0000      320.1000            13.25%
    455   372      320.6367    66      369.0000      320.1000    12424   13.25%

Performing restart 1

Repeating presolve.
Tried aggregator 1 time.
MIP Presolve eliminated 1333 rows and 1397 columns.
MIP Presolve modified 2591 coefficients.
Reduced MIP has 1311 rows, 2123 columns, and 9942 nonzeros.
Reduced MIP has 2074 binaries, 0 generals, 0 SOSs, and 0 indicators.
Presolve time = 0.02 sec. (10.71 ticks)
Tried aggregator 1 time.
MIP Presolve modified 1099 coefficients.
Reduced MIP has 1311 rows, 2123 columns, and 9913 nonzeros.
Reduced MIP has 2074 binaries, 0 generals, 0 SOSs, and 0 indicators.
Presolve time = 0.02 sec. (11.09 ticks)
Represolve time = 0.09 sec. (48.21 ticks)
    565     0      320.6000    53      369.0000      Cuts: 35    14874   13.12%
    565     0      320.6000   101      369.0000      Cuts: 79    15051   13.12%
    565     0      320.6000    73      369.0000      Cuts: 33    15133   13.12%
    565     0      320.6000    61      369.0000     Cuts: 102    15272   13.12%
    565     0      320.6000    76      369.0000      Cuts: 88    15504   13.12%
    565     0      320.6000    55      369.0000      Cuts: 17    15597   13.12%
    565     0      320.6000    56      369.0000      Cuts: 78    15714   13.12%
    565     0      320.6000    43      369.0000      Cuts: 28    15786   13.12%
    565     0      320.6000    80      369.0000      Cuts: 58    15988   13.12%
*   565+    0                          367.0000      320.6000            12.64%
    565     0  -1.00000e+75     0      367.0000      320.6000    15988   12.64%
    565     2      320.6000    11      367.0000      320.6000    15988   12.64%
    571     8      320.6164    85      367.0000      320.6000    16268   12.64%
    605    42      321.6413    61      367.0000      320.6000    17007   12.64%
Elapsed time = 8.31 sec. (6511.60 ticks, tree = 0.09 MB, solutions = 7)
    710   144      326.3853    43      367.0000      320.6000    18387   12.64%
*   765+  187                          355.0000      320.6000             9.69%
    785   201      329.7506    25      355.0000      320.6000    18687    9.69%
    865   262      325.2465    57      355.0000      320.6000    19816    9.69%
*   965+  327                          350.0000      320.6000             8.40%
    965   328      331.6741    60      350.0000      320.6000    20510    8.40%
   1294   626      324.2364    52      350.0000      320.6000    22938    8.40%
   1682   969      322.1909    81      350.0000      320.7506    26422    8.36%
   2040  1301      330.2853    29      350.0000      320.8233    30707    8.34%
   2435  1656      327.4588    52      350.0000      320.9885    33996    8.29%
   2865  2059      341.6957    48      350.0000      321.0158    38311    8.28%
   3355  2516      332.7152    42      350.0000      321.3104    43612    8.20%
Elapsed time = 21.11 sec. (16996.44 ticks, tree = 18.60 MB, solutions = 9)
   3891  3015      324.9553    66      350.0000      321.6000    47856    8.11%
   4319  3419      339.6496    64      350.0000      321.6000    52639    8.11%
   4806  3883      327.6000    36      350.0000      321.6578    56826    8.10%
   5217  4271      328.8396    70      350.0000      321.7675    61485    8.07%
   5652  4684      326.7695    59      350.0000      321.8646    65573    8.04%
   6075  5082      337.9761    64      350.0000      321.9629    69934    8.01%
   6536  5494      325.1000    50      350.0000      322.0354    74391    7.99%
   6960  5890      324.2667    60      350.0000      322.0786    80285    7.98%
   7473  6377      326.7002    74      350.0000      322.1000    84742    7.97%
   7965  6836      337.4121    44      350.0000      322.1236    90867    7.96%
Elapsed time = 34.98 sec. (26743.89 ticks, tree = 59.19 MB, solutions = 9)
   8425  7261      323.6000    57      350.0000      322.2096    95905    7.94%
   8927  7732      335.0111    34      350.0000      322.3149   101396    7.91%
   9313  8078      323.2673    72      350.0000      322.6000   107496    7.83%
*  9625+ 8145                          347.0000      322.6000             7.03%
*  9625+ 7357                          342.0000      322.6000             5.67%
   9625  7359      330.7870    63      342.0000      322.6000   112413    5.67%

Performing restart 2

Repeating presolve.
Tried aggregator 1 time.
MIP Presolve eliminated 20 rows and 550 columns.
MIP Presolve modified 1997 coefficients.
Reduced MIP has 1291 rows, 1573 columns, and 14147 nonzeros.
Reduced MIP has 1524 binaries, 0 generals, 0 SOSs, and 0 indicators.
Presolve time = 0.02 sec. (12.46 ticks)
Tried aggregator 1 time.
MIP Presolve eliminated 1 rows and 0 columns.
MIP Presolve modified 432 coefficients.
Reduced MIP has 1290 rows, 1573 columns, and 14142 nonzeros.
Reduced MIP has 1524 binaries, 0 generals, 0 SOSs, and 0 indicators.
Presolve time = 0.02 sec. (12.29 ticks)
Represolve time = 0.14 sec. (69.69 ticks)
   9735     0      320.6000    67      342.0000      Cuts: 90   115420    5.67%
   9735     0      320.6000    36      342.0000      Cuts: 49   115644    5.67%
   9735     0      320.6100   143      342.0000      Cuts: 52   115872    5.67%
   9735     0      320.6620   103      342.0000     Cuts: 151   115960    5.67%
   9735     0      320.6716   109      342.0000      Cuts: 88   116035    5.67%
   9735     0      320.6729   116      342.0000      Cuts: 34   116094    5.67%
   9735     0      320.6818   108      342.0000      Cuts: 32   116140    5.67%
   9735     0      320.6818   103      342.0000     Cuts: 177   116228    5.67%
   9735     0      320.6818   103      342.0000      Cuts: 25   116271    5.67%
   9735     2      320.6818    96      342.0000      322.6000   116271    5.67%
   9766    33      329.1865    37      342.0000      322.6000   117159    5.67%
   9793    56      332.6251    29      342.0000      322.6000   118536    5.67%
   9834    88      322.7062    68      342.0000      322.6000   119442    5.67%
   9892   122      325.6000    57      342.0000      322.6000   120544    5.67%
   9959   164      330.5054    31      342.0000      322.6000   122409    5.67%
Elapsed time = 53.79 sec. (40588.02 ticks, tree = 0.30 MB, solutions = 11)
  10047   211      322.7209    52      342.0000      322.6000   124679    5.67%
  10178   285      326.9139    48      342.0000      322.6000   125909    5.67%
  10285   347      331.4092    44      342.0000      322.6000   127852    5.67%
  10377   395      322.1510    85      342.0000      322.6000   131159    5.67%
  10506   482      328.1000    53      342.0000      322.6000   134984    5.67%
  10669   574      328.1000    43      342.0000      322.6000   138797    5.67%
  10855   704      338.4988    54      342.0000      322.6000   143411    5.67%
  11019   826      330.1761    44      342.0000      322.6000   147559    5.67%
  11241  1010      333.7083    43      342.0000      322.6103   151628    5.67%
  11403  1105        cutoff            342.0000      322.6944   157338    5.64%
Elapsed time = 66.22 sec. (50257.86 ticks, tree = 1.16 MB, solutions = 11)
  11595  1255      327.1000    53      342.0000      322.8038   163225    5.61%
  11789  1409      333.9894    46      342.0000      322.8708   169311    5.59%
  11997  1575      327.6000    87      342.0000      322.9200   175979    5.58%
  12201  1742      338.0198    89      342.0000      322.9750   182370    5.56%
  12339  1831      327.1000    77      342.0000      323.1000   188674    5.53%
  12506  1963      326.5933    69      342.0000      323.1020   193232    5.53%
  12683  2109      325.8497    33      342.0000      323.1319   198220    5.52%
  12873  2252      327.7932    89      342.0000      323.2346   205191    5.49%
  13075  2402      326.9301    70      342.0000      323.3021   211281    5.47%
  13304  2588      330.9177    74      342.0000      323.3416   216804    5.46%
Elapsed time = 78.60 sec. (60046.65 ticks, tree = 2.75 MB, solutions = 11)
  13467  2708      329.1000    59      342.0000      323.4125   223346    5.43%
  13704  2897      335.9100    33      342.0000      323.4750   231074    5.42%
  13866  3001      327.8371    39      342.0000      323.6000   237586    5.38%
  14120  3186      340.7286    31      342.0000      323.9075   245575    5.29%
  14276  3283      328.9750    97      342.0000      324.2000   254446    5.20%
  14454  3422      325.1000    54      342.0000      324.2969   261230    5.18%
  14706  3622      325.8000    93      342.0000      324.5245   267328    5.11%
  14829  3731      327.1334    81      342.0000      324.6000   272582    5.09%
  14940  3812      325.9750    87      342.0000      324.6000   276253    5.09%
  15035  3880      337.3448    64      342.0000      324.6000   280447    5.09%
Elapsed time = 91.42 sec. (70136.96 ticks, tree = 3.95 MB, solutions = 11)
  15209  4028      329.9665    33      342.0000      324.6432   286240    5.08%
  15411  4179      324.8407    57      342.0000      324.7187   294606    5.05%
  15558  4290      337.6000     3      342.0000      324.7645   302771    5.04%
  15714  4413      332.6729    49      342.0000      324.8715   309789    5.01%
  15877  4534      328.9750    92      342.0000      324.9214   316415    4.99%
  16050  4684      331.1670    77      342.0000      324.9333   323346    4.99%
  16212  4821      338.7099    34      342.0000      324.9513   330255    4.99%
  16390  4950      336.9847    50      342.0000      325.0375   338857    4.96%
  16546  5043      334.3793    44      342.0000      325.1833   349727    4.92%
  16713  5178      330.3500    67      342.0000      325.2353   357244    4.90%
Elapsed time = 103.84 sec. (79795.78 ticks, tree = 5.31 MB, solutions = 11)
  16870  5274      333.9916    81      342.0000      325.3308   367830    4.87%
  17037  5394      331.4891    79      342.0000      325.4155   376798    4.85%
  17253  5556      332.4000    44      342.0000      325.5221   384991    4.82%
  17445  5706      326.6312    56      342.0000      325.6000   393635    4.80%
  17710  5933      333.6581    72      342.0000      325.6000   400926    4.80%
  17927  6123      328.2500    70      342.0000      325.6000   406313    4.80%
  18095  6253      325.9333    53      342.0000      325.6143   415458    4.79%
  18261  6385      334.9402    65      342.0000      325.6632   424091    4.78%
  18415  6499      335.7469    80      342.0000      325.7575   431946    4.75%
  18578  6625      332.4000    77      342.0000      325.7895   440217    4.74%
Elapsed time = 116.44 sec. (89385.34 ticks, tree = 6.70 MB, solutions = 11)
  18751  6753      327.4150    77      342.0000      325.8214   448872    4.73%
  18925  6878      331.9394    73      342.0000      325.8500   456323    4.72%
  19035  6978      330.5767    44      342.0000      325.8585   460842    4.72%
  19174  7075      335.8099    67      342.0000      325.8857   467563    4.71%
  19347  7207      330.4789    53      342.0000      325.9210   477299    4.70%
  19515  7346      337.6000     2      342.0000      325.9402   485251    4.70%
  19625  7428      333.8619    56      342.0000      325.9642   491105    4.69%
  19721  7486      332.2394    46      342.0000      325.9838   498079    4.68%
  19890  7619      328.2818    95      342.0000      326.0032   504958    4.68%
  20379  7984      333.3625    84      342.0000      326.1000   532063    4.65%
Elapsed time = 133.49 sec. (102631.04 ticks, tree = 8.28 MB, solutions = 11)
  20963  8422      326.4750    62      342.0000      326.2151   566148    4.62%
  21617  8953      330.4015   102      342.0000      326.2759   599517    4.60%
  22174  9356      334.6000    39      342.0000      326.3945   634967    4.56%
  22535  9609      331.7794    63      342.0000      326.5125   662108    4.53%
  23091 10009      332.6000    81      342.0000      326.6000   703397    4.50%
  23574 10360      327.6238   121      342.0000      326.6000   738375    4.50%
  24135 10819      339.6000     6      342.0000      326.6246   775431    4.50%
* 24148 10604      integral     0      341.0000      326.6246   776177    4.22%
  24635 10938      329.9812    58      341.0000      326.7389   814651    4.18%
  25137 11298      331.7910    58      341.0000      326.7979   855176    4.16%
  25579 11566      332.8218    83      341.0000      326.8721   898173    4.14%
Elapsed time = 183.64 sec. (141501.86 ticks, tree = 12.45 MB, solutions = 12)
  26040 11876      327.0828    70      341.0000      326.9287   938994    4.13%
  26504 12205      335.7272    71      341.0000      326.9922   981958    4.11%
  26789 12386      330.7667    64      341.0000      327.0503  1008281    4.09%
  27157 12644      337.6000    68      341.0000      327.1000  1040905    4.08%
  27439 12856      331.9588    45      341.0000      327.1000  1072179    4.08%
  27798 13099      333.3997   109      341.0000      327.1527  1107355    4.06%
* 28021 12834      integral     0      340.0000      327.1632  1126233    3.78%
  28206 12947      336.4000    92      340.0000      327.1970  1146724    3.77%
  28598 13184      327.4468    62      340.0000      327.2543  1185274    3.75%
  29059 13496      338.8187    61      340.0000      327.3075  1228306    3.73%
  29460 13759      332.6000    45      340.0000      327.3704  1269187    3.71%
Elapsed time = 231.91 sec. (180009.88 ticks, tree = 14.94 MB, solutions = 13)
  29731 13916      335.1283    66      340.0000      327.4253  1302657    3.70%
  29935 14019      332.7790    74      340.0000      327.4640  1338028    3.69%
  30237 14175      333.1456    64      340.0000      327.5550  1367605    3.66%
  30514 14328      328.4800   111      340.0000      327.6000  1392757    3.65%
  30841 14561      333.2667    75      340.0000      327.6000  1426438    3.65%
* 30944  8891      integral     0      335.0000      327.6000  1432120    2.21%
  31087  8901      332.4889    60      335.0000      327.6590  1457133    2.19%
  31290  8904      329.2000    67      335.0000      327.7519  1484328    2.16%
  31476  8910      328.3294    78      335.0000      327.8500  1512553    2.13%
* 31615+ 7036                          334.0000      327.9229             1.82%
  31737  7122        cutoff            334.0000      327.9333  1543951    1.82%
  31864  7138      329.2667    58      334.0000      327.9854  1562353    1.80%
Elapsed time = 280.18 sec. (219051.25 ticks, tree = 8.37 MB, solutions = 15)
  32063  7095      330.1000    84      334.0000      328.1000  1587366    1.77%
  32189  7125      329.6000    41      334.0000      328.1120  1612212    1.76%
  32387  7048      329.8500    72      334.0000      328.2667  1636271    1.72%
  32533  7026      330.1000    76      334.0000      328.3500  1662240    1.69%
  32703  7001      331.1000    57      334.0000      328.4333  1687623    1.67%
  32954  6981      332.2170    45      334.0000      328.5850  1714079    1.62%
  33121  6980      329.6000    58      334.0000      328.6000  1741233    1.62%
  33368  6976      330.9182    87      334.0000      328.6939  1771051    1.59%
  33553  6945      331.3500    51      334.0000      328.7705  1798052    1.57%
  33763  6905      330.6000    48      334.0000      328.8500  1826611    1.54%
Elapsed time = 329.59 sec. (257392.17 ticks, tree = 8.23 MB, solutions = 15)
  33995  6848      331.6637    84      334.0000      328.9333  1855128    1.52%
  34231  6797        cutoff            334.0000      329.0427  1882590    1.48%
  34382  6746      331.3500    88      334.0000      329.1000  1907271    1.47%
  34551  6675      330.6000    55      334.0000      329.1957  1931412    1.44%
  34715  6624      332.8500    92      334.0000      329.2585  1954876    1.42%
  34886  6571      330.8500    97      334.0000      329.3301  1979049    1.40%
  35069  6503      332.6000    58      334.0000      329.4021  2002198    1.38%
  35285  6411      332.9681    85      334.0000      329.5362  2026849    1.34%
  35485  6328      329.7718   112      334.0000      329.6000  2050257    1.32%
  35656  6309      330.1000    59      334.0000      329.6000  2077896    1.32%
Elapsed time = 379.04 sec. (295805.37 ticks, tree = 7.69 MB, solutions = 15)
  35842  6266      332.9125    76      334.0000      329.6405  2106691    1.31%
  36104  6149      331.6000   127      334.0000      329.7667  2137573    1.27%
  36326  6060        cutoff            334.0000      329.8516  2164619    1.24%
  36571  5913      331.9692    64      334.0000      329.9698  2193787    1.21%
  36855  5736      331.1000    58      334.0000      330.1000  2221917    1.17%
  37049  5622      331.2620    86      334.0000      330.1526  2249458    1.15%
  37310  5453      332.4750    77      334.0000      330.2667  2274337    1.12%
  37538  5313      337.6000   101      334.0000      330.3505  2299219    1.09%
  37813  5110      330.7360   111      334.0000      330.5052  2322496    1.05%
  38071  4943      331.6000    92      334.0000      330.6000  2347438    1.02%
Elapsed time = 428.16 sec. (334186.62 ticks, tree = 6.17 MB, solutions = 15)
* 38285+ 2813                          333.0000      330.6000             0.72%
  38287  2817      331.6000    64      333.0000      330.6000  2372616    0.72%
  38764  2432        cutoff            333.0000      330.8451  2398255    0.65%
  39240  2014      331.2666   109      333.0000      331.0684  2423240    0.58%

GUB cover cuts applied:  22
Clique cuts applied:  59
Cover cuts applied:  478
Implied bound cuts applied:  21
Flow cuts applied:  105
Mixed integer rounding cuts applied:  984
Zero-half cuts applied:  22
Lift and project cuts applied:  5
Gomory fractional cuts applied:  27

Root node processing (before b&c):
  Real time             =    0.74 sec. (563.61 ticks)
Sequential b&c:
  Real time             =  438.66 sec. (348033.07 ticks)
                          ------------
Total (root+branch&cut) =  439.39 sec. (348596.67 ticks)
