Version identifier: 22.1.1.0 | 2022-11-28 | 9160aff4d
CPXPARAM_Read_DataCheck                          1
CPXPARAM_Threads                                 1
CPXPARAM_MIP_Strategy_NodeSelect                 0
CPXPARAM_MIP_Strategy_HeuristicFreq              1
CPXPARAM_TimeLimit                               3600
CPXPARAM_MIP_Tolerances_MIPGap                   0.0050000000000000001
Tried aggregator 2 times.
MIP Presolve eliminated 119 rows and 429 columns.
MIP Presolve added 28 rows and 0 columns.
MIP Presolve modified 13373 coefficients.
Aggregator did 5 substitutions.
Reduced MIP has 2644 rows, 3520 columns, and 19038 nonzeros.
Reduced MIP has 3471 binaries, 0 generals, 0 SOSs, and 0 indicators.
Presolve time = 0.03 sec. (24.60 ticks)
Found incumbent of value 1430.000000 after 0.08 sec. (51.51 ticks)
Probing time = 0.01 sec. (3.80 ticks)
Tried aggregator 1 time.
Detecting symmetries...
Reduced MIP has 2644 rows, 3520 columns, and 19038 nonzeros.
Reduced MIP has 3471 binaries, 0 generals, 0 SOSs, and 0 indicators.
Presolve time = 0.02 sec. (10.78 ticks)
Probing time = 0.01 sec. (3.86 ticks)
Clique table members: 2794.
MIP emphasis: balance optimality and feasibility.
MIP search method: dynamic search.
Parallel mode: none, using 1 thread.
Root relaxation solution time = 0.02 sec. (21.43 ticks)

        Nodes                                         Cuts/
   Node  Left     Objective  IInf  Best Integer    Best Bound    ItCnt     Gap

*     0+    0                         1430.0000        0.0000           100.00%
      0     0      293.8281   101     1430.0000      293.8281      525   79.45%
      0     0      315.8500    91     1430.0000     Cuts: 127      647   77.91%
      0     0      317.1612    51     1430.0000      Cuts: 85      736   77.82%
      0     0      319.1000    47     1430.0000      Cuts: 44      874   77.69%
      0     0      319.6157    91     1430.0000      Cuts: 65     1002   77.65%
      0     0      319.7250    51     1430.0000      Cuts: 51     1064   77.64%
Detecting symmetries...
      0     0      320.1000    62     1430.0000      Cuts: 94     1251   77.62%
      0     0      320.1000    51     1430.0000      Cuts: 54     1361   77.62%
*     0+    0                          720.0000      320.1000            55.54%
*     0+    0                          554.0000      320.1000            42.22%
      0     0  -1.00000e+75     0      554.0000      320.1000     1361   42.22%
      0     0      320.1000    49      554.0000      Cuts: 12     1381   42.22%
      0     0      320.1000    22      554.0000       Cuts: 6     1383   42.22%
      0     0      320.1000    50      554.0000      Cuts: 36     1445   42.22%
Detecting symmetries...
      0     2      320.1000    49      554.0000      320.1000     1445   42.22%
Elapsed time = 1.32 sec. (1036.41 ticks, tree = 0.01 MB, solutions = 3)
      5     7      320.1284    76      554.0000      320.1000     1487   42.22%
     15    17      320.1284    74      554.0000      320.1000     1506   42.22%
     26    28      320.1284    77      554.0000      320.1000     1536   42.22%
     30    32      320.1284    77      554.0000      320.1000     1549   42.22%
     35    37      320.1284    80      554.0000      320.1000     1567   42.22%
     42    44      320.1284    78      554.0000      320.1000     1611   42.22%
     48    50      320.1284    75      554.0000      320.1000     1621   42.22%
     59    61      321.7574    80      554.0000      320.1000     1793   42.22%
     70    72      331.1993    60      554.0000      320.1000     2406   42.22%
    227   151        cutoff            554.0000      320.1000     4844   42.22%
Elapsed time = 4.85 sec. (4403.71 ticks, tree = 0.28 MB, solutions = 3)
*   291+  158                          533.0000      320.1000            39.94%
*   391+  149                          479.0000      320.1000            33.17%
    651   139      477.8571    12      479.0000      320.1000     9294   33.17%
*   652   138      integral     0      468.0000      320.1000     9307   31.60%
*   726   134      integral     0      463.0000      320.1000    10298   30.86%
    932   220      324.3881    61      463.0000      320.1000    12964   30.86%

Performing restart 1

Repeating presolve.
Tried aggregator 1 time.
MIP Presolve eliminated 5 rows and 5 columns.
MIP Presolve modified 5185 coefficients.
Reduced MIP has 2639 rows, 3515 columns, and 17539 nonzeros.
Reduced MIP has 3466 binaries, 0 generals, 0 SOSs, and 0 indicators.
Presolve time = 0.02 sec. (14.23 ticks)
Tried aggregator 1 time.
Reduced MIP has 2639 rows, 3515 columns, and 17539 nonzeros.
Reduced MIP has 3466 binaries, 0 generals, 0 SOSs, and 0 indicators.
Presolve time = 0.01 sec. (11.38 ticks)
Represolve time = 0.16 sec. (94.36 ticks)
    957     0      320.6000    95      463.0000      Cuts: 50    14206   30.76%
    957     0      320.6000    62      463.0000     Cuts: 102    14353   30.76%
    957     0      320.6000    73      463.0000     Cuts: 110    14472   30.76%
    957     0      320.6000    43      463.0000      Cuts: 27    14541   30.76%
    957     0      320.6000    78      463.0000     Cuts: 110    14659   30.76%
    957     0      320.6000    74      463.0000      Cuts: 61    14865   30.76%
    957     0      320.6000    20      463.0000       Cuts: 2    14941   30.76%
    957     0      320.6000    61      463.0000      Cuts: 32    15051   30.76%
*   957+    0                          385.0000      320.6000            16.73%
    957     0  -1.00000e+75     0      385.0000      320.6000    15051   16.73%

Repeating presolve.
Tried aggregator 1 time.
MIP Presolve eliminated 45 rows and 1057 columns.
MIP Presolve modified 33980 coefficients.
Reduced MIP has 2594 rows, 2458 columns, and 32835 nonzeros.
Reduced MIP has 2409 binaries, 0 generals, 0 SOSs, and 0 indicators.
Presolve time = 0.06 sec. (40.00 ticks)
Tried aggregator 1 time.
MIP Presolve eliminated 65 rows and 0 columns.
MIP Presolve modified 10576 coefficients.
Reduced MIP has 2529 rows, 2458 columns, and 26419 nonzeros.
Reduced MIP has 2409 binaries, 0 generals, 0 SOSs, and 0 indicators.
Presolve time = 0.06 sec. (38.23 ticks)
Represolve time = 0.32 sec. (191.02 ticks)
    957     0      320.6073    93      385.0000      Cuts: 99    15671   16.73%
    957     0      320.6209   112      385.0000      Cuts: 36    15734   16.72%
    957     0      320.6209   115      385.0000      Cuts: 85    15802   16.72%
    957     0      320.6491    98      385.0000      Cuts: 44    15864   16.71%
    957     0      320.7140    95      385.0000      Cuts: 62    15973   16.70%
    957     0      320.7162    98      385.0000      Cuts: 80    16019   16.70%
    957     0      320.7187   100      385.0000      Cuts: 66    16064   16.70%
    957     0      320.7187   101      385.0000      Cuts: 53    16099   16.70%
    957     0      320.7187   101      385.0000      Cuts: 25    16128   16.70%
    957     0      320.7187   103      385.0000      Cuts: 24    16159   16.70%
    957     2      320.7187    95      385.0000      320.7217    16159   16.70%
    969    13      321.0037    90      385.0000      320.8009    16306   16.68%
    978    22      321.4881    72      385.0000      320.8009    16537   16.68%
    994    37      322.0135    46      385.0000      320.8009    16842   16.68%
   1032    75      322.9076    65      385.0000      320.8009    17102   16.68%
   1059   102      323.8294    55      385.0000      320.8009    17266   16.68%
   1091   134      325.0436    47      385.0000      320.8009    17494   16.68%
   1114   157      326.4830    58      385.0000      320.8009    17765   16.68%
Elapsed time = 34.23 sec. (27307.59 ticks, tree = 0.28 MB, solutions = 8)
   1148   191      329.4869    36      385.0000      320.8009    17973   16.68%
   1190   233      333.1755    34      385.0000      320.8009    18173   16.68%
*  1229+  268                          376.0000      320.8009            14.68%
   1242   282      337.8902    41      376.0000      320.8009    18356   14.68%
   1299   321      353.3529    36      376.0000      320.8009    18609   14.68%
*  1371   314      integral     0      362.0000      320.8009    20293   11.38%
   1393   335      329.9001    62      362.0000      320.8573    20999   11.37%
   1488   429      333.2832    70      362.0000      320.8573    21690   11.37%
   1588   519      335.5088    38      362.0000      320.8573    22117   11.37%
   1774   517        cutoff            362.0000      320.8573    24368   11.37%
   2039   495      348.4401    53      362.0000      320.8573    30005   11.37%
   2277   499      322.8225    62      362.0000      320.8769    34354   11.36%
Elapsed time = 45.88 sec. (36947.21 ticks, tree = 0.78 MB, solutions = 10)
   2504   724      330.4000    32      362.0000      320.8769    35525   11.36%
*  2608   776      integral     0      360.0000      320.8769    35930   10.87%
*  2708+  817                          351.0000      321.0783             8.52%
   2749   855      335.7655    39      351.0000      321.0783    37116    8.52%
   2986   886      346.8759    38      351.0000      321.1072    41345    8.52%
   3235   959        cutoff            351.0000      321.1383    45464    8.51%
   3500   952      339.1018    57      351.0000      321.1383    51126    8.51%
   3731   961      346.7674    58      351.0000      321.1383    56154    8.51%
   4048  1115      327.5824    16      351.0000      321.4750    61113    8.41%
   4344  1214      347.1722    27      351.0000      321.5025    66010    8.40%
   4613  1305      325.6000    98      351.0000      321.6000    72156    8.38%
   4982  1502      325.1929    34      351.0000      321.6000    77263    8.38%
Elapsed time = 58.60 sec. (46551.71 ticks, tree = 2.21 MB, solutions = 12)
   5265  1719      334.7862    52      351.0000      321.6000    80451    8.38%
   5551  1909      344.6143    32      351.0000      321.6169    82752    8.37%
   5839  2050        cutoff            351.0000      321.7084    85863    8.35%
   6090  2070      347.6714    31      351.0000      321.7301    92443    8.34%
   6281  2051      343.5298    50      351.0000      321.7301    96868    8.34%
   6558  2169      324.1000    38      351.0000      321.7839   101231    8.32%
   6865  2338        cutoff            351.0000      321.8627   108216    8.30%
   7104  2328      344.8188    53      351.0000      321.8627   113378    8.30%
   7453  2396      342.0286    58      351.0000      321.8949   119700    8.29%
   7733  2427      339.7643    42      351.0000      321.9127   125742    8.29%
Elapsed time = 71.01 sec. (56135.35 ticks, tree = 3.59 MB, solutions = 12)
   8004  2440      327.1693    59      351.0000      321.9354   130821    8.28%
   8368  2588      348.7418    53      351.0000      321.9464   136857    8.28%
   8632  2608        cutoff            351.0000      322.0067   143280    8.26%
   8921  2754        cutoff            351.0000      322.0148   149821    8.26%
   9116  2824      326.3500    60      351.0000      322.1000   155661    8.23%
*  9187  2575      integral     0      343.0000      322.1000   156688    6.09%
   9424  2650        cutoff            343.0000      322.1004   161659    6.09%
   9676  2690      339.3979    47      343.0000      322.1882   168806    6.07%
*  9895  2383      integral     0      338.0000      322.2693   172588    4.65%
   9967  2387      334.8192    60      338.0000      322.4516   174809    4.60%
* 10017+ 2022                          335.0000      322.4516             3.75%
  10017  2022      335.0000     0      335.0000      322.4516   176069    3.75%

Performing restart 2

Repeating presolve.
Tried aggregator 1 time.
MIP Presolve eliminated 123 rows and 1019 columns.
MIP Presolve modified 964 coefficients.
Reduced MIP has 2406 rows, 1439 columns, and 19108 nonzeros.
Reduced MIP has 1390 binaries, 0 generals, 0 SOSs, and 0 indicators.
Presolve time = 0.02 sec. (15.05 ticks)
Tried aggregator 1 time.
MIP Presolve eliminated 14 rows and 1 columns.
MIP Presolve modified 976 coefficients.
Reduced MIP has 2392 rows, 1438 columns, and 19015 nonzeros.
Reduced MIP has 1389 binaries, 0 generals, 0 SOSs, and 0 indicators.
Presolve time = 0.03 sec. (15.44 ticks)
Represolve time = 0.18 sec. (99.97 ticks)
  10127     0      320.7305   108      335.0000     Cuts: 162   180286    3.70%
  10127     0      320.7391    98      335.0000      Cuts: 57   180347    3.70%
  10127     0      320.7391    98      335.0000      Cuts: 95   180409    3.70%
  10127     0      320.7391   108      335.0000      Cuts: 50   180474    3.70%
  10127     0      320.7391   101      335.0000      Cuts: 63   180551    3.70%
  10127     0      320.7391    91      335.0000      Cuts: 93   180620    3.70%
  10127     0      320.7391   101      335.0000      Cuts: 62   180676    3.70%
  10127     0      320.7391    98      335.0000      Cuts: 19   180694    3.70%
  10127     0      320.7391    98      335.0000      Cuts: 23   180747    3.70%

Repeating presolve.
Tried aggregator 1 time.
MIP Presolve eliminated 92 rows and 24 columns.
MIP Presolve modified 64 coefficients.
Reduced MIP has 2300 rows, 1414 columns, and 19595 nonzeros.
Reduced MIP has 1366 binaries, 0 generals, 0 SOSs, and 0 indicators.
Presolve time = 0.02 sec. (9.90 ticks)
Tried aggregator 1 time.
Reduced MIP has 2300 rows, 1414 columns, and 19595 nonzeros.
Reduced MIP has 1366 binaries, 0 generals, 0 SOSs, and 0 indicators.
Presolve time = 0.02 sec. (9.51 ticks)
Represolve time = 0.15 sec. (81.45 ticks)
  10127     0      320.7391   104      335.0000     Cuts: 146   181314    3.70%
  10127     0      320.7391   100      335.0000      Cuts: 71   181431    3.70%
  10127     0      320.7391   106      335.0000      Cuts: 63   181532    3.70%
  10127     0      320.7391    95      335.0000      Cuts: 46   181583    3.70%
  10127     0      320.7391   105      335.0000     Cuts: 176   181688    3.70%
  10127     0      320.7391   101      335.0000     Cuts: 108   181771    3.70%
  10127     0      320.7391   107      335.0000      Cuts: 51   181860    3.70%
  10127     0      320.7391    95      335.0000      Cuts: 91   181919    3.70%
  10127     0      320.7391   100      335.0000      Cuts: 98   182004    3.70%
  10127     2      320.7391    94      335.0000      322.6000   182004    3.70%
Elapsed time = 93.12 sec. (71805.53 ticks, tree = 0.01 MB, solutions = 15)
  10144    18      321.8372    51      335.0000      322.6000   182459    3.70%
  10177    46      323.0457    43      335.0000      322.6000   182745    3.70%
  10211    33        cutoff            335.0000      322.6000   184776    3.70%
  10227    30      332.8465    38      335.0000      322.6000   185884    3.70%
  10256    28      332.2632    30      335.0000      322.6000   186958    3.70%
  10286    22        cutoff            335.0000      322.6000   188613    3.70%
  10312    23      321.7000    71      335.0000      322.6000   189795    3.70%
  10327    32      327.8976    67      335.0000      322.6000   190815    3.70%
  10354    30      329.4856    70      335.0000      322.6000   192383    3.70%
  10386    28      334.6000    41      335.0000      322.6000   194509    3.70%
Elapsed time = 105.31 sec. (82872.15 ticks, tree = 0.09 MB, solutions = 15)
  10411    29      327.7292    57      335.0000      322.6000   196709    3.70%
  10453    35      328.6440    76      335.0000      322.6000   198217    3.70%
  10516    36      322.9993    72      335.0000      322.6000   200686    3.70%
  10574    49      331.1504    36      335.0000      322.6000   202713    3.70%
  10639    37      327.2800    60      335.0000      322.6000   205482    3.70%
  10677    37      331.1614    93      335.0000      322.6000   206718    3.70%
  10752    39      330.3774    58      335.0000      322.6000   209142    3.70%
  10836    36      332.6000    58      335.0000      322.6000   210444    3.70%
  10892    78      324.4608    61      335.0000      322.6000   211926    3.70%
  10974    98      322.8568    75      335.0000      322.6000   214308    3.70%
Elapsed time = 116.48 sec. (92646.82 ticks, tree = 0.13 MB, solutions = 15)
  11061   112      332.9333    54      335.0000      322.6000   217054    3.70%
  11143   125      328.6000    49      335.0000      322.6000   219911    3.70%
  11244   126      330.9369    78      335.0000      322.6000   223870    3.70%
  11356   142        cutoff            335.0000      322.6000   227593    3.70%
  11442   136      325.2639    66      335.0000      322.6000   232688    3.70%
  11550   166      333.2190    57      335.0000      322.6000   235384    3.70%
  11637   170      330.6000    43      335.0000      322.6000   240819    3.70%
  11754   174      326.8849    89      335.0000      322.6000   244847    3.70%
  11911   189        cutoff            335.0000      322.6000   248595    3.70%
  12048   200      327.0195    63      335.0000      322.6000   252914    3.70%
Elapsed time = 127.89 sec. (102280.25 ticks, tree = 0.22 MB, solutions = 15)
  12213   194      329.9333    55      335.0000      322.6000   258447    3.70%
  12394   197      329.1000    34      335.0000      322.6000   265098    3.70%
  12509   216      326.7920    59      335.0000      322.6000   270092    3.70%
  12648   225      333.3917    30      335.0000      322.6000   275642    3.70%
  12857   324      325.5199    52      335.0000      322.6000   281316    3.70%
  13066   302        cutoff            335.0000      322.6000   288596    3.70%
  13219   299      324.6059    60      335.0000      322.6000   296149    3.70%
  13362   317      325.9333    72      335.0000      322.6000   303008    3.70%
  13485   321      330.6000    59      335.0000      322.6000   310015    3.70%
  14043   398      329.9746    76      335.0000      322.6000   335126    3.70%
Elapsed time = 142.83 sec. (114808.79 ticks, tree = 0.44 MB, solutions = 15)
  14702   521        cutoff            335.0000      322.6000   363007    3.70%
  15271   549      329.6317    52      335.0000      323.0557   393728    3.57%
  15882   780      333.6000    28      335.0000      323.8784   418661    3.32%
  16443   802      334.4056    63      335.0000      324.0822   448312    3.26%
  16777   816      330.2909    53      335.0000      324.1000   469082    3.25%
  17174   846      333.6000    40      335.0000      324.1293   492235    3.24%
  17548   868      327.9032    71      335.0000      324.3282   517087    3.19%
  17904   867      325.2825   101      335.0000      324.6000   542140    3.10%
  18289   913      331.3341    73      335.0000      325.1058   568032    2.95%
  18686   909        cutoff            335.0000      325.2000   592635    2.93%
Elapsed time = 188.90 sec. (153153.74 ticks, tree = 1.04 MB, solutions = 15)
  19038   925        cutoff            335.0000      325.3500   621294    2.88%
  19431   980      326.8762    74      335.0000      325.6000   648430    2.81%
  19871   993      326.6000    67      335.0000      325.6000   673966    2.81%
  20280  1056      332.0147    75      335.0000      325.7472   702008    2.76%
  20564  1070      329.9750    61      335.0000      325.8987   729084    2.72%
  20791  1066      332.1000    41      335.0000      326.1000   754323    2.66%
  21054  1086      330.8938    41      335.0000      326.2667   777212    2.61%
  21408  1177      327.6365    50      335.0000      326.3500   805426    2.58%
  21782  1229        cutoff            335.0000      326.6000   831202    2.51%
  22250  1241      333.0947    20      335.0000      326.6000   859448    2.51%
Elapsed time = 233.65 sec. (191387.67 ticks, tree = 1.47 MB, solutions = 15)
  22599  1258      327.1000    35      335.0000      326.6415   887596    2.50%
  22856  1284      333.0375    69      335.0000      326.7135   911338    2.47%
  23105  1349      333.6000    50      335.0000      326.8000   934377    2.45%
  23333  1347      328.1084   125      335.0000      326.8510   951563    2.43%
  23541  1354        cutoff            335.0000      326.9305   973514    2.41%
  23769  1365      332.2667    68      335.0000      326.9544   996624    2.40%
  24010  1390      333.8650    57      335.0000      327.0286  1022220    2.38%
  24210  1428      330.6711    45      335.0000      327.0882  1049458    2.36%
  24542  1513      331.3837    66      335.0000      327.1920  1078076    2.33%
  24743  1514      333.6871    84      335.0000      327.2608  1102795    2.31%
Elapsed time = 261.37 sec. (229929.71 ticks, tree = 1.80 MB, solutions = 15)
  24924  1512      332.1000    58      335.0000      327.3500  1125272    2.28%
  25072  1494        cutoff            335.0000      327.4990  1148521    2.24%
  25194  1489      331.6000    77      335.0000      327.6000  1170219    2.21%
  25421  1521      332.2250    64      335.0000      327.6000  1192506    2.21%
  25527  1525      332.6000    55      335.0000      327.6000  1212533    2.21%
  25698  1526      332.6000    78      335.0000      327.6941  1236950    2.18%
  25877  1521      332.8299    76      335.0000      327.7685  1263745    2.16%
  26107  1519      328.6334    80      335.0000      327.8519  1288975    2.13%
  26364  1578      331.4889    79      335.0000      327.9698  1313398    2.10%
  26581  1573      330.1524    69      335.0000      328.1000  1335198    2.06%
Elapsed time = 303.02 sec. (268622.83 ticks, tree = 2.15 MB, solutions = 15)
  26727  1574      333.1000    42      335.0000      328.2000  1359382    2.03%
  26923  1582      332.6000    87      335.0000      328.2925  1385402    2.00%
  27071  1584      332.8500    86      335.0000      328.3569  1407641    1.98%
  27210  1585      329.7634    84      335.0000      328.4571  1431319    1.95%
  27381  1587      332.3606   115      335.0000      328.6000  1455206    1.91%
  27503  1587      332.2667    81      335.0000      328.6000  1476535    1.91%
* 27606   700      integral     0      333.0000      328.6000  1489182    1.32%
  27661   699      330.6000    53      333.0000      328.6000  1499132    1.32%
  27789   670        cutoff            333.0000      328.7941  1519481    1.26%
  27967   611        cutoff            333.0000      329.0969  1544032    1.17%
  28150   524      330.6542    44      333.0000      329.6000  1569849    1.02%
Elapsed time = 346.83 sec. (307641.31 ticks, tree = 0.78 MB, solutions = 16)
  28357   436      331.1000    47      333.0000      330.1000  1596369    0.87%
  28660   246      331.6000    67      333.0000      331.1000  1623461    0.57%

GUB cover cuts applied:  5
Clique cuts applied:  54
Cover cuts applied:  519
Implied bound cuts applied:  18
Flow cuts applied:  12
Mixed integer rounding cuts applied:  125
Zero-half cuts applied:  32
Lift and project cuts applied:  28
Gomory fractional cuts applied:  54

Root node processing (before b&c):
  Real time             =    1.32 sec. (1036.84 ticks)
Sequential b&c:
  Real time             =  354.89 sec. (314841.53 ticks)
                          ------------
Total (root+branch&cut) =  356.22 sec. (315878.37 ticks)
