Version identifier: 22.1.1.0 | 2022-11-28 | 9160aff4d
CPXPARAM_Read_DataCheck                          1
CPXPARAM_Threads                                 1
CPXPARAM_MIP_Cuts_Covers                         1
CPXPARAM_MIP_Strategy_NodeSelect                 2
CPXPARAM_MIP_Cuts_FlowCovers                     1
CPXPARAM_MIP_Cuts_MIRCut                         1
CPXPARAM_MIP_Strategy_HeuristicFreq              5
CPXPARAM_TimeLimit                               3600
CPXPARAM_MIP_Tolerances_MIPGap                   0.0050000000000000001
Tried aggregator 2 times.
MIP Presolve eliminated 119 rows and 429 columns.
MIP Presolve added 28 rows and 0 columns.
MIP Presolve modified 13373 coefficients.
Aggregator did 5 substitutions.
Reduced MIP has 2644 rows, 3520 columns, and 19038 nonzeros.
Reduced MIP has 3471 binaries, 0 generals, 0 SOSs, and 0 indicators.
Presolve time = 0.04 sec. (24.60 ticks)
Found incumbent of value 1430.000000 after 0.09 sec. (51.51 ticks)
Probing time = 0.02 sec. (3.80 ticks)
Tried aggregator 1 time.
Detecting symmetries...
Reduced MIP has 2644 rows, 3520 columns, and 19038 nonzeros.
Reduced MIP has 3471 binaries, 0 generals, 0 SOSs, and 0 indicators.
Presolve time = 0.02 sec. (10.78 ticks)
Probing time = 0.01 sec. (3.86 ticks)
Clique table members: 2794.
MIP emphasis: balance optimality and feasibility.
MIP search method: dynamic search.
Parallel mode: none, using 1 thread.
Root relaxation solution time = 0.02 sec. (21.43 ticks)

        Nodes                                         Cuts/
   Node  Left     Objective  IInf  Best Integer    Best Bound    ItCnt     Gap

*     0+    0                         1430.0000        0.0000           100.00%
      0     0      293.8281   101     1430.0000      293.8281      525   79.45%
      0     0      315.8500    91     1430.0000     Cuts: 127      647   77.91%
      0     0      317.1612    51     1430.0000      Cuts: 85      737   77.82%
      0     0      319.1000    47     1430.0000      Cuts: 44      875   77.69%
      0     0      319.6157    91     1430.0000      Cuts: 63     1003   77.65%
      0     0      319.7250    51     1430.0000      Cuts: 57     1069   77.64%
Detecting symmetries...
      0     0      320.1000    59     1430.0000     Cuts: 146     1198   77.62%
      0     0      320.1000    53     1430.0000      Cuts: 43     1233   77.62%
*     0+    0                          623.0000      320.1000            48.62%
      0     0  -1.00000e+75     0      623.0000      320.1000     1233   48.62%
Detecting symmetries...
      0     2      320.1000    45      623.0000      320.1000     1233   48.62%
Elapsed time = 0.81 sec. (573.33 ticks, tree = 0.01 MB, solutions = 2)
     30    32      323.4857    83      623.0000      320.1000     2406   48.62%
     52    54      326.6306    73      623.0000      320.1000     3310   48.62%
     80    82      324.3598    44      623.0000      320.1000     3923   48.62%
    110   112      325.4144    56      623.0000      320.1000     4985   48.62%
    160   159      480.5510     6      623.0000      320.1000     6476   48.62%
*   177   172      integral     0      556.0000      320.1000     6739   42.43%
    203   192      321.4625    69      556.0000      320.1000     7581   42.43%
    220   209      320.6232    69      556.0000      320.1000     8206   42.43%
    245   234      321.5697    79      556.0000      320.1000     9490   42.43%
*   277+  256                          513.0000      320.1000            37.60%
    278   259      335.1052    55      513.0000      320.1000    10960   37.60%
*   355   322      integral     0      464.0000      320.1000    13249   31.01%
*   455+  371                          445.0000      320.1000            28.07%
    487   402      344.3611    53      445.0000      320.1000    16239   28.07%
Elapsed time = 4.15 sec. (3728.38 ticks, tree = 1.49 MB, solutions = 6)
    566   475      321.6670    85      445.0000      320.1000    18969   28.07%
*   567+  471                          442.0000      320.1000            27.58%

Performing restart 1

Repeating presolve.
Tried aggregator 1 time.
MIP Presolve eliminated 100 rows and 104 columns.
MIP Presolve modified 5033 coefficients.
Reduced MIP has 2544 rows, 3416 columns, and 17056 nonzeros.
Reduced MIP has 3367 binaries, 0 generals, 0 SOSs, and 0 indicators.
Presolve time = 0.02 sec. (13.95 ticks)
Tried aggregator 1 time.
Reduced MIP has 2544 rows, 3416 columns, and 17056 nonzeros.
Reduced MIP has 3367 binaries, 0 generals, 0 SOSs, and 0 indicators.
Presolve time = 0.02 sec. (11.04 ticks)
Represolve time = 0.18 sec. (88.48 ticks)
    677     0      320.6000    74      442.0000      Cuts: 22    21254   27.47%
    677     0      320.6000   104      442.0000      Cuts: 89    21384   27.47%
    677     0      320.6000    51      442.0000      Cuts: 42    21529   27.47%
    677     0      320.6000    73      442.0000      Cuts: 97    21735   27.47%
    677     0      320.6000    42      442.0000    Cliques: 2    21745   27.47%
    677     0      320.6000    57      442.0000      Cuts: 64    21823   27.47%
    677     0      320.6000    51      442.0000       Cuts: 5    21891   27.47%
    677     2      320.6000    40      442.0000      320.6000    21891   27.47%
    691    16      320.9807    57      442.0000      320.6000    22255   27.47%
    707    32      323.3695    38      442.0000      320.6000    22969   27.47%
*   712+   35                          361.0000      320.6000            11.19%
    766    67      322.8500    70      361.0000      320.6000    24217   11.19%
    832   130      328.7121    52      361.0000      320.6000    26542   11.19%
    952   213      324.7892    44      361.0000      320.6000    29350   11.19%
   1087   328      323.2795    68      361.0000      320.6000    31710   11.19%
   1271   493      331.6839    64      361.0000      320.6000    35078   11.19%
   1402   607      332.2685    85      361.0000      321.0651    37307   11.06%
Elapsed time = 21.67 sec. (19370.37 ticks, tree = 1.34 MB, solutions = 8)
   1537   728      348.9608    46      361.0000      321.0651    41103   11.06%
   1613   795      327.2855    60      361.0000      321.0651    42893   11.06%
   1736   908      323.2582    70      361.0000      321.0651    44147   11.06%
   1850  1012      326.6418    72      361.0000      321.0840    46330   11.06%
   1987  1136      323.2968    48      361.0000      321.0840    48149   11.06%
   2165  1296      340.2875    37      361.0000      321.0840    52076   11.06%
   2417  1525      337.6172    26      361.0000      321.0840    54617   11.06%
   2586  1675      335.2311    32      361.0000      321.0840    57849   11.06%
   2752  1823      339.0000    32      361.0000      321.1492    63116   11.04%
   2970  2020      345.5872    66      361.0000      321.2633    68288   11.01%
Elapsed time = 33.88 sec. (28942.96 ticks, tree = 3.82 MB, solutions = 8)
   3179  2216      331.8514    58      361.0000      321.2977    73272   11.00%
   3387  2408      329.0111    49      361.0000      321.2977    79087   11.00%
   3607  2610      339.5778    57      361.0000      321.2977    85933   11.00%
   3821  2815      337.5388    50      361.0000      321.2977    89938   11.00%
   4042  3015      323.6755    42      361.0000      321.3939    94533   10.97%
   4267  3226      333.6431    47      361.0000      321.3939    98379   10.97%
   4527  3470      340.0716    46      361.0000      321.3939   102244   10.97%
   4880  3795      336.7087    57      361.0000      321.3939   109057   10.97%
   5169  4062      345.8500    60      361.0000      321.4188   115750   10.96%
   5427  4296      325.1714    48      361.0000      321.4311   122532   10.96%
Elapsed time = 46.10 sec. (38611.13 ticks, tree = 7.99 MB, solutions = 8)
   5747  4603        cutoff            361.0000      321.4311   129604   10.96%
   6060  4899      339.2260    47      361.0000      321.4311   135530   10.96%
   6267  5086      332.0890    62      361.0000      321.5044   143412   10.94%
   6573  5380      331.7429    48      361.0000      321.5044   149656   10.94%
   6868  5653      328.2667    75      361.0000      321.5044   156046   10.94%
   7198  5962      328.5057    75      361.0000      321.6000   162711   10.91%
   7470  6209      335.4750    45      361.0000      321.6000   169248   10.91%
   7904  6628      335.9077    76      361.0000      321.6408   175366   10.90%
   8263  6973      333.9511    46      361.0000      321.6408   182386   10.90%
   8457  7149      330.9548    58      361.0000      321.6408   187007   10.90%
Elapsed time = 59.11 sec. (48176.26 ticks, tree = 12.88 MB, solutions = 8)
   8805  7471      358.2500    31      361.0000      321.7429   193968   10.87%
   9057  7700      325.3041    73      361.0000      321.7812   201187   10.86%
   9222  7844      331.9895    61      361.0000      321.7812   206126   10.86%
   9481  8095      334.4748    50      361.0000      321.7812   211177   10.86%
   9628  8224      338.6018    52      361.0000      321.8500   216708   10.84%
*  9737+ 8055                          355.0000      321.8500             9.34%
*  9737+ 2992                          336.0000      321.8500             4.21%
   9737  2991      336.0000     0      336.0000      321.8500   218838    4.21%
   9738  2990        cutoff            336.0000      321.8500   218928    4.21%

Performing restart 2

Repeating presolve.
Tried aggregator 2 times.
MIP Presolve eliminated 128 rows and 1967 columns.
MIP Presolve modified 7979 coefficients.
Aggregator did 1 substitutions.
Reduced MIP has 2415 rows, 1448 columns, and 13502 nonzeros.
Reduced MIP has 1399 binaries, 0 generals, 0 SOSs, and 0 indicators.
Presolve time = 0.04 sec. (21.03 ticks)
Tried aggregator 1 time.
MIP Presolve eliminated 528 rows and 20 columns.
MIP Presolve modified 3176 coefficients.
Reduced MIP has 1887 rows, 1428 columns, and 11314 nonzeros.
Reduced MIP has 1380 binaries, 0 generals, 0 SOSs, and 0 indicators.
Presolve time = 0.02 sec. (11.16 ticks)
Tried aggregator 1 time.
Reduced MIP has 1887 rows, 1428 columns, and 11314 nonzeros.
Reduced MIP has 1380 binaries, 0 generals, 0 SOSs, and 0 indicators.
Presolve time = 0.01 sec. (6.26 ticks)
Represolve time = 0.20 sec. (104.02 ticks)
   9847     0      320.6000    50      336.0000      Cuts: 34   223544    4.20%
   9847     0      320.6000    32      336.0000      Cuts: 94   223755    4.20%
   9847     0      320.6432    82      336.0000      Cuts: 59   223902    4.20%
   9847     0      320.6549    65      336.0000      Cuts: 52   223965    4.20%
   9847     0      320.6549    69      336.0000      Cuts: 95   224028    4.20%
   9847     0      320.6633    59      336.0000      Cuts: 30   224092    4.20%
   9847     0      320.6633    61      336.0000      Cuts: 51   224129    4.20%
   9847     0      320.6633    67      336.0000      Cuts: 25   224174    4.20%
   9847     0      320.6633    64      336.0000      Cuts: 81   224223    4.20%
   9847     0      320.6633    66      336.0000      Cuts: 27   224263    4.20%
   9847     2      320.6633    60      336.0000      321.8835   224263    4.20%
   9862     9      320.9500    61      336.0000      321.8835   225143    4.20%
   9892    37      322.3500    25      336.0000      321.8835   225732    4.20%
Elapsed time = 77.39 sec. (62097.80 ticks, tree = 0.16 MB, solutions = 10)
   9916    55      325.8324    28      336.0000      321.8835   226765    4.20%
   9946    72      326.3725    51      336.0000      321.8835   227698    4.20%
   9976    96      324.7651    49      336.0000      321.8835   228869    4.20%
  10025   117      328.2224    32      336.0000      321.8835   230374    4.20%
  10047   126      322.7806    77      336.0000      321.8835   231078    4.20%
  10084   147      330.0225    58      336.0000      321.8835   233023    4.20%
  10141   175      330.8000    41      336.0000      321.8835   234480    4.20%
  10206   211      332.2667    70      336.0000      321.8835   236604    4.20%
  10282   251      332.2364    47      336.0000      321.8835   238749    4.20%
  10369   302      327.8232    66      336.0000      321.9400   241575    4.18%
Elapsed time = 88.86 sec. (72765.07 ticks, tree = 0.41 MB, solutions = 10)
  10481   370        cutoff            336.0000      321.9400   243664    4.18%
  10632   464      330.3500    72      336.0000      321.9473   247427    4.18%
  10746   540      326.8021    50      336.0000      321.9539   251182    4.18%
  10874   601      328.8718    66      336.0000      322.1824   256534    4.11%
  10992   670      334.8332    59      336.0000      322.2476   261703    4.09%
  11073   726      327.2881    63      336.0000      322.2476   265524    4.09%
  11192   788      327.2773    63      336.0000      322.3938   268446    4.05%
  11322   862      324.4333   106      336.0000      322.6000   272707    3.99%
  11457   928      331.8000    58      336.0000      322.6000   277573    3.99%
  11613  1038      331.0224    62      336.0000      322.6000   281826    3.99%
Elapsed time = 99.90 sec. (82381.03 ticks, tree = 1.79 MB, solutions = 10)
  11790  1174      331.7852    85      336.0000      322.6000   285326    3.99%
  11953  1244      327.3835    66      336.0000      322.8331   292577    3.92%
  12120  1320      332.2667    43      336.0000      322.9692   300100    3.88%
  12272  1392      332.1769    75      336.0000      322.9832   305823    3.87%
  12424  1484      330.2289    72      336.0000      323.1532   312333    3.82%
  12613  1576        cutoff            336.0000      323.2364   317933    3.80%
  12802  1686      330.6000    63      336.0000      323.2886   325951    3.78%
  12988  1796      328.2161    64      336.0000      323.3088   333756    3.78%
  13185  1903      334.4571    49      336.0000      323.3529   340284    3.76%
  13374  1953      329.5371    59      336.0000      323.5194   349451    3.71%
Elapsed time = 111.25 sec. (91974.44 ticks, tree = 2.66 MB, solutions = 10)
  13559  2048      331.4176    86      336.0000      323.5462   357297    3.71%
  13795  2190        cutoff            336.0000      323.6000   364348    3.69%
  14052  2336      334.3419    50      336.0000      323.6853   373437    3.67%
  14265  2418      330.4993    64      336.0000      323.8387   380374    3.62%
  14405  2448      331.1000    39      336.0000      323.9256   389005    3.59%
  14576  2539      332.7538    68      336.0000      323.9795   396803    3.58%
  14741  2585      330.0744    59      336.0000      324.1748   404588    3.52%
  14973  2690        cutoff            336.0000      324.3716   412006    3.46%
  15155  2748      333.5875    72      336.0000      324.5265   419837    3.41%
* 15549  2810      integral     0      335.0000      324.6265   431822    3.10%
  16058  2969      325.6643    80      335.0000      324.9109   450120    3.01%
Elapsed time = 126.40 sec. (104420.94 ticks, tree = 3.76 MB, solutions = 11)
  16747  3216      332.0127    46      335.0000      325.0710   475232    2.96%
  17422  3330      328.7954    43      335.0000      325.3358   499941    2.88%
  18212  3490      333.6000    27      335.0000      325.6000   529269    2.81%
  18890  3569      332.6000    47      335.0000      325.7111   559671    2.77%
  19614  3619      331.6000    45      335.0000      325.9085   587631    2.71%
* 19722+ 3181                          334.0000      325.9232             2.42%
  20344  3375        cutoff            334.0000      326.2210   615032    2.33%
  21162  3533      327.4000    39      334.0000      326.6237   647113    2.21%
  21941  3689      331.9297    66      334.0000      326.9750   679157    2.10%
  22739  3748        cutoff            334.0000      327.3500   711489    1.99%
  23460  3860      329.6178    49      334.0000      327.6000   738191    1.92%
Elapsed time = 173.55 sec. (142626.90 ticks, tree = 4.26 MB, solutions = 12)
  24319  3857      328.1307    83      334.0000      328.0358   771724    1.79%
  24983  3799      333.8920    51      334.0000      328.3824   797994    1.68%
  25659  3857        cutoff            334.0000      328.6000   823250    1.62%
  26360  3844      329.4136    61      334.0000      328.8128   850643    1.55%
  27110  3729      331.6000    49      334.0000      329.0808   878947    1.47%
  27579  3600        cutoff            334.0000      329.2538   898496    1.42%
  28257  3356      332.4000    59      334.0000      329.6000   922822    1.32%
  29002  3185      331.6000    63      334.0000      329.8716   947772    1.24%
* 29477+ 2179                          333.0000      330.0747             0.88%
  29862  1976      330.6000    44      333.0000      330.2667   973692    0.82%
  30856  1300      331.9333    41      333.0000      330.8535   996023    0.64%
Elapsed time = 218.73 sec. (180871.09 ticks, tree = 1.53 MB, solutions = 13)

GUB cover cuts applied:  1
Clique cuts applied:  52
Cover cuts applied:  46
Implied bound cuts applied:  14
Flow cuts applied:  4
Mixed integer rounding cuts applied:  131
Zero-half cuts applied:  20
Lift and project cuts applied:  7
Gomory fractional cuts applied:  28

Root node processing (before b&c):
  Real time             =    0.81 sec. (573.65 ticks)
Sequential b&c:
  Real time             =  219.69 sec. (182426.07 ticks)
                          ------------
Total (root+branch&cut) =  220.50 sec. (182999.71 ticks)
