Version identifier: 22.1.1.0 | 2022-11-28 | 9160aff4d
CPXPARAM_Preprocessing_Presolve                  0
CPXPARAM_Read_DataCheck                          1
CPXPARAM_Threads                                 1
CPXPARAM_MIP_Strategy_NodeSelect                 0
CPXPARAM_MIP_Strategy_HeuristicFreq              1
CPXPARAM_TimeLimit                               3600
CPXPARAM_MIP_Tolerances_MIPGap                   0.0050000000000000001
Clique table members: 2718.
MIP emphasis: balance optimality and feasibility.
MIP search method: dynamic search.
Parallel mode: none, using 1 thread.
Root relaxation solution time = 0.02 sec. (18.00 ticks)

        Nodes                                         Cuts/
   Node  Left     Objective  IInf  Best Integer    Best Bound    ItCnt     Gap

      0     0      293.8100    97                    293.8100      609         
      0     0      316.1500    86                   Cuts: 212      765         
      0     0      319.1000    41                   Cuts: 110      882         
      0     0      319.1256    69                    Cuts: 30      996         
      0     0      319.6000    48                   Cuts: 220     1212         
      0     0      319.6415   101                   Cuts: 117     1363         
      0     0      319.6419    96                   Cuts: 371     1444         
      0     0      319.6419   102                    Cuts: 18     1518         
Detecting symmetries...
      0     2      319.6419    86                    319.6430     1518         
Elapsed time = 1.91 sec. (1505.52 ticks, tree = 0.01 MB, solutions = 0)
      1     3      319.6613    82                    319.6684     1534         
      4     6      319.8800    52                    319.8849     1648         
      7     9      320.0311    43                    320.0361     1719         
     12    14      320.1875    62                    320.0449     1816         
     16    18      320.5001    82                    320.0449     1875         
     20    22      320.6361    71                    320.0449     2008         
     25    27      321.0019    67                    320.0449     2087         
     29    31      321.1653    75                    320.0449     2150         
     32    34      321.4339    73                    320.0449     2192         
     56    58      322.7257    40                    320.0449     2451         
Elapsed time = 5.55 sec. (4863.75 ticks, tree = 0.16 MB, solutions = 0)
     87    89      324.8589    37                    320.0449     2634         
    118   119      326.3221    51                    320.0449     2796         
    138   139      327.8404    67                    320.0449     2905         
    160   161      328.8231    53                    320.0449     3025         
    192   193      330.0638    67                    320.0449     3171         
    227   228      331.5566    69                    320.0449     3427         
    270   271      333.8700    34                    320.0449     3664         
    317   318      337.9313    64                    320.0449     3996         
    383   384      345.1518    66                    320.0449     4441         
    472   473      379.5800    32                    320.0449     5010         
Elapsed time = 15.78 sec. (14597.85 ticks, tree = 0.98 MB, solutions = 0)
    641   495    infeasible                          320.0449     8384         
    891   490      865.8800    21                    320.0449    13556         
   1286   494      965.7200    22                    320.0449    21050         
   1666   481    infeasible                          320.0449    27995         
*  1909+  497                         1280.0000      320.0449            75.00%
*  1910+  498                         1236.0000      320.0449            74.11%
*  1913+  501                         1192.0000      320.0449            73.15%
*  1914+  502                         1148.0000      320.0449            72.12%
*  1916+  504                         1104.0000      320.0449            71.01%
*  1917+  505                         1060.0000      320.0449            69.81%
*  1940   523      integral     0     1054.0000      320.0449    31975   69.64%
   1964   546      333.8800    57     1054.0000      320.1000    32549   69.63%
*  2000+  555                         1035.0000      320.1000            69.07%
   2121   678      344.4996    43     1035.0000      320.1000    33822   69.07%
   2337   894      367.3600    47     1035.0000      320.1000    35313   69.07%
*  2463+ 1008                          972.0000      320.1000            67.07%
*  2463+ 1008                          947.0000      320.1000            66.20%
*  2536  1019      integral     0      946.0000      320.1000    36805   66.16%
   2575  1057      321.5828    57      946.0000      320.5284    37312   66.12%
*  2636+ 1103                          922.0000      320.5284            65.24%
*  2636+ 1102                          903.0000      320.5284            64.50%
   2830  1298      333.9438    47      903.0000      320.5284    39039   64.50%
*  3000+  662                          361.0000      320.5284            11.21%
   3075   623      328.8073    79      361.0000      320.6000    40748   11.19%
Elapsed time = 26.95 sec. (24170.59 ticks, tree = 1.30 MB, solutions = 14)
   3461   780      352.5000     1      361.0000      320.6000    43789   11.19%
*  3598   539      integral     0      343.0000      320.6000    44369    6.53%
   3904   703      320.7815    36      343.0000      320.6000    47965    6.53%
*  4057   712      integral     0      341.0000      320.6000    49357    5.98%
   4253   784      334.2000    54      341.0000      320.6707    53128    5.96%
   4727   850        cutoff            341.0000      320.7200    58884    5.95%
   5153  1022      331.7042    56      341.0000      320.7320    63719    5.94%
   5648  1123      335.9192    52      341.0000      320.7440    68928    5.94%
   6020  1179      327.3787    54      341.0000      320.8264    75665    5.92%
   6268  1245        cutoff            341.0000      320.9206    82498    5.89%
   6536  1314        cutoff            341.0000      320.9889    90194    5.87%
   6988  1508      327.2952    49      341.0000      321.0615    96648    5.85%
Elapsed time = 39.20 sec. (33742.05 ticks, tree = 3.04 MB, solutions = 16)
   7292  1513        cutoff            341.0000      321.1104   104692    5.83%
   7645  1519        cutoff            341.0000      321.1625   112531    5.82%
   8000  1627      328.5430    53      341.0000      321.3500   117972    5.76%
*  8068  1295      integral     0      335.0000      321.3500   118395    4.07%
   8360  1376      326.8500    53      335.0000      321.4750   125374    4.04%
   8759  1430        cutoff            335.0000      321.4750   132203    4.04%
   9000  1560      330.2250    50      335.0000      321.6000   136556    4.00%
   9421  1611      326.6714    37      335.0000      321.6000   143479    4.00%
   9712  1611      332.1000    38      335.0000      321.6000   150480    4.00%
  10000  1648      326.0755    68      335.0000      321.6000   156946    4.00%
  10361  1694      327.6818    84      335.0000      321.6224   164133    3.99%
Elapsed time = 51.80 sec. (43554.65 ticks, tree = 3.41 MB, solutions = 17)
  10719  1698      331.0259    50      335.0000      321.6524   171955    3.98%
  11154  1746      327.9664    46      335.0000      321.6671   179784    3.98%
  11545  1739        cutoff            335.0000      321.7667   187353    3.95%
  12081  1802        cutoff            335.0000      321.7959   193552    3.94%
  12473  1837        cutoff            335.0000      321.8500   201290    3.93%
  12771  1830      330.5380    72      335.0000      321.8500   209225    3.93%
  13000  1893      325.0008    65      335.0000      321.8588   213767    3.92%
  13309  1958      328.4609    35      335.0000      321.8930   220792    3.91%
  13661  1990        cutoff            335.0000      321.9557   227629    3.89%
  13979  2047      322.9673    61      335.0000      322.0138   234954    3.88%
Elapsed time = 65.47 sec. (53168.40 ticks, tree = 4.23 MB, solutions = 17)
  14176  2048      330.7397    50      335.0000      322.0167   240664    3.88%
  14518  2131        cutoff            335.0000      322.1000   248129    3.85%
  14874  2131      328.8315    56      335.0000      322.1000   255233    3.85%
  15210  2189      333.7471    47      335.0000      322.1000   262364    3.85%
  15660  2364      325.4285    69      335.0000      322.1000   269106    3.85%
  15914  2425      328.0790    64      335.0000      322.1013   278143    3.85%
  16000  2478      330.3177    71      335.0000      322.1359   281141    3.84%
  16246  2459      328.6033    72      335.0000      322.1359   288358    3.84%
  16451  2464        cutoff            335.0000      322.2057   295869    3.82%
  16742  2473        cutoff            335.0000      322.2304   303686    3.81%
Elapsed time = 78.11 sec. (63011.13 ticks, tree = 5.16 MB, solutions = 17)
  16976  2504      333.1000    69      335.0000      322.2471   311941    3.81%
  17274  2531      332.8959    25      335.0000      322.2960   319320    3.79%
  17526  2533      327.6000    27      335.0000      322.3757   327180    3.77%
  17732  2566      326.8284    62      335.0000      322.4627   334982    3.74%
  17955  2574      323.2275    59      335.0000      322.6000   343306    3.70%
  18255  2702        cutoff            335.0000      322.6000   350120    3.70%
  18549  2754      328.8105    60      335.0000      322.6000   357682    3.70%
  18724  2727      323.2565    73      335.0000      322.6000   365526    3.70%
  18956  2811        cutoff            335.0000      322.6000   373863    3.70%
  19283  2888        cutoff            335.0000      322.6000   379261    3.70%
Elapsed time = 90.26 sec. (72589.38 ticks, tree = 6.04 MB, solutions = 17)
  19502  2876        cutoff            335.0000      322.6000   387129    3.70%
  19634  2892      332.1155    51      335.0000      322.6000   395007    3.70%
  19903  2895        cutoff            335.0000      322.6000   402033    3.70%
  20085  2922      324.7379    68      335.0000      322.6000   409852    3.70%
  20273  2935      326.6784    51      335.0000      322.6000   417933    3.70%
  20446  3008      324.8069    33      335.0000      322.6000   425243    3.70%
  20604  2977      331.0375    55      335.0000      322.6000   433866    3.70%
  20870  2984      333.2415    71      335.0000      322.6000   441022    3.70%
  20939  2986      323.4276    46      335.0000      322.6269   449112    3.69%
  21132  3004        cutoff            335.0000      322.6381   453620    3.69%
Elapsed time = 102.87 sec. (82251.53 ticks, tree = 6.28 MB, solutions = 17)
  21250  3034        cutoff            335.0000      322.7276   462639    3.66%
  21385  3033      323.6490    79      335.0000      322.7327   471235    3.66%
  21478  3030        cutoff            335.0000      322.7382   480235    3.66%
  21626  3067      330.3010    40      335.0000      322.7614   488576    3.65%
  21734  3108      327.1313    69      335.0000      322.8067   497868    3.64%
  21916  3135        cutoff            335.0000      322.8131   505914    3.64%
  22038  3133      324.7688    90      335.0000      322.8179   513612    3.64%
  22250  3212      330.5455    68      335.0000      322.8228   521322    3.63%
  22432  3242      326.0046    45      335.0000      322.8314   529297    3.63%
  23064  3303      325.5631    79      335.0000      322.8451   559204    3.63%
Elapsed time = 119.42 sec. (94752.93 ticks, tree = 6.87 MB, solutions = 17)
  23668  3348        cutoff            335.0000      322.9096   593092    3.61%
  24080  3437        cutoff            335.0000      323.0000   627119    3.58%
  24577  3485      333.6545    72      335.0000      323.0360   660476    3.57%
  24963  3494      331.7456    77      335.0000      323.0815   695548    3.56%
  25455  3649      328.6000    46      335.0000      323.1000   724699    3.55%
  26105  3691      333.7667    65      335.0000      323.1190   757405    3.55%
  26536  3748      330.6147    89      335.0000      323.2128   790520    3.52%
  26918  3741        cutoff            335.0000      323.2263   826050    3.51%
  27238  3808      326.9061    45      335.0000      323.2400   857961    3.51%
  27607  3866        cutoff            335.0000      323.3235   891151    3.49%
Elapsed time = 168.87 sec. (133025.82 ticks, tree = 8.17 MB, solutions = 17)
  28024  3886        cutoff            335.0000      323.3853   925847    3.47%
  28353  3893      327.6882    72      335.0000      323.3999   961355    3.46%
  28701  3873      332.3500    50      335.0000      323.4250   997363    3.46%
  29047  3878      333.6000    66      335.0000      323.6000  1031856    3.40%
  29445  3944        cutoff            335.0000      323.6000  1065723    3.40%
  29751  3956      332.0567   137      335.0000      323.6000  1099785    3.40%
  30006  3956      331.7582    72      335.0000      323.6431  1134418    3.39%
  30320  3992        cutoff            335.0000      323.7224  1168440    3.37%
  30538  4001      332.2667    53      335.0000      323.7286  1202752    3.36%
  30752  4018      330.6513   104      335.0000      323.7458  1238488    3.36%
Elapsed time = 216.82 sec. (171274.32 ticks, tree = 8.54 MB, solutions = 17)
  31164  4129      328.6682   100      335.0000      323.7641  1265681    3.35%
  31428  4152      326.0694    74      335.0000      323.8676  1300692    3.32%
  31772  4169      331.2400    85      335.0000      323.9101  1336058    3.31%
  32014  4189      332.0902    61      335.0000      323.9299  1368389    3.30%
  32321  4219      330.1825    87      335.0000      323.9559  1403343    3.30%
  32553  4231      333.9462    86      335.0000      324.0010  1438471    3.28%
  32816  4237      331.5598    63      335.0000      324.0410  1472937    3.27%
  33056  4234      329.7633    86      335.0000      324.1000  1506513    3.25%
  33257  4253      328.3102   108      335.0000      324.1000  1540819    3.25%
  33470  4291      324.9881   100      335.0000      324.1312  1575397    3.24%
Elapsed time = 249.35 sec. (209631.00 ticks, tree = 9.29 MB, solutions = 17)
  33731  4289      331.8541    44      335.0000      324.1387  1609430    3.24%
  33933  4299      331.0898    53      335.0000      324.1554  1643903    3.24%
  34250  4308      330.7701    77      335.0000      324.1741  1678036    3.23%
  34519  4285      328.6370    62      335.0000      324.1940  1712842    3.23%
  34788  4270      333.4462    65      335.0000      324.2522  1746918    3.21%
  35009  4294      332.9333    63      335.0000      324.2643  1782312    3.20%
  35202  4333      333.6000    44      335.0000      324.2764  1817615    3.20%
  35405  4393      331.0286    65      335.0000      324.3260  1853751    3.19%
  35622  4372      328.4611   111      335.0000      324.3879  1892723    3.17%
  35889  4374      330.1000   105      335.0000      324.4182  1924887    3.16%
Elapsed time = 278.94 sec. (248031.67 ticks, tree = 9.51 MB, solutions = 17)
  36145  4330      332.8902   100      335.0000      324.4599  1961924    3.15%
  36362  4267      330.1722    57      335.0000      324.6000  1997540    3.10%
  36552  4306        cutoff            335.0000      324.6000  2030171    3.10%
  36724  4319      333.7053    97      335.0000      324.6000  2066752    3.10%
  36932  4386      333.6975    92      335.0000      324.6392  2101002    3.09%
  37167  4402      332.9810   115      335.0000      324.6756  2133471    3.08%
  37418  4406      327.8245    74      335.0000      324.7226  2167185    3.07%
  37679  4470      329.2081    74      335.0000      324.7344  2201793    3.06%
* 37895  3960      integral     0      334.0000      324.7430  2217304    2.77%
  38039  4014      328.2745    97      334.0000      324.7569  2232282    2.77%
  38237  3980      331.3896   114      334.0000      324.8188  2266749    2.75%
Elapsed time = 308.52 sec. (286383.59 ticks, tree = 8.65 MB, solutions = 18)
  38456  3953      327.6417    75      334.0000      324.9093  2300679    2.72%
  38719  3964      332.4571    59      334.0000      324.9103  2332059    2.72%
  38961  3966        cutoff            334.0000      324.9653  2365976    2.70%
  39184  3937      329.1037    79      334.0000      325.1000  2398155    2.66%
  39398  3974      332.1207    84      334.0000      325.1000  2430956    2.66%
  39582  3944      331.8887    68      334.0000      325.1780  2464731    2.64%
  39811  3859        cutoff            334.0000      325.4054  2498621    2.57%
  40032  3821      327.1906   106      334.0000      325.6000  2534974    2.51%
  40257  3844      330.7953    61      334.0000      325.6000  2567271    2.51%
  40470  3840      331.7043    97      334.0000      325.6000  2599892    2.51%
Elapsed time = 337.44 sec. (324826.68 ticks, tree = 8.40 MB, solutions = 18)
  40654  3807      328.6645   120      334.0000      325.6200  2634111    2.51%
  40861  3790      331.4455    74      334.0000      325.6809  2666550    2.49%
  41057  3759      332.7600    69      334.0000      325.7639  2700578    2.47%
  41283  3778        cutoff            334.0000      325.8426  2733506    2.44%
  41488  3791        cutoff            334.0000      325.8767  2768296    2.43%
  41737  3767      330.9333   121      334.0000      325.9333  2801440    2.42%
  41963  3725      331.9000    62      334.0000      326.0082  2835412    2.39%
  42153  3680      329.0863    39      334.0000      326.0906  2866272    2.37%
  42335  3677      330.1000   107      334.0000      326.1104  2900706    2.36%
  42513  3609        cutoff            334.0000      326.2531  2936105    2.32%
Elapsed time = 366.29 sec. (363258.32 ticks, tree = 7.93 MB, solutions = 18)
  42732  3618        cutoff            334.0000      326.2884  2970535    2.31%
  42926  3587        cutoff            334.0000      326.3959  3005144    2.28%
  43150  3549        cutoff            334.0000      326.5984  3038337    2.22%
  43377  3569      332.0898   109      334.0000      326.6000  3071473    2.22%
  43625  3618      331.9310   102      334.0000      326.6000  3104132    2.22%
  43928  3526      329.4017    77      334.0000      326.7735  3137176    2.16%
  44172  3463      330.7089   117      334.0000      326.8500  3170279    2.14%
  44507  3492      332.4913    64      334.0000      326.9187  3201355    2.12%
  44808  3424      329.6000    87      334.0000      327.0313  3233203    2.09%
  45080  3446      332.9333    60      334.0000      327.1000  3264127    2.07%
Elapsed time = 394.75 sec. (401739.85 ticks, tree = 7.63 MB, solutions = 18)
  45323  3350      332.1976   140      334.0000      327.2457  3299216    2.02%
  45570  3282      329.4642    97      334.0000      327.3917  3330859    1.98%
  45845  3171      332.4125   117      334.0000      327.6000  3363021    1.92%
* 46000+ 2562                          333.0000      327.6000             1.62%
  46086  2546      327.8729   136      333.0000      327.6008  3396067    1.62%
  46385  2411      331.1000    89      333.0000      327.8568  3430555    1.54%
  46598  2317      330.6435    66      333.0000      328.0249  3463601    1.49%
  46885  2168        cutoff            333.0000      328.2175  3498563    1.44%
  47181  2035      330.6491    91      333.0000      328.4426  3530369    1.37%
  47425  1957      330.6000    43      333.0000      328.6000  3563892    1.32%
  47658  1869      330.6000    97      333.0000      328.7111  3598324    1.29%
Elapsed time = 423.97 sec. (440102.83 ticks, tree = 4.36 MB, solutions = 19)
  48181  1548      329.2250   105      333.0000      329.0448  3635095    1.19%
  48568  1285      330.0375    96      333.0000      329.6000  3674751    1.02%
  48918  1058      331.6491    72      333.0000      330.0134  3714818    0.90%
  49491   583      331.4125    59      333.0000      330.9333  3750597    0.62%

GUB cover cuts applied:  52
Clique cuts applied:  24
Cover cuts applied:  927
Implied bound cuts applied:  626
Flow cuts applied:  4
Mixed integer rounding cuts applied:  109
Zero-half cuts applied:  8
Gomory fractional cuts applied:  14

Root node processing (before b&c):
  Real time             =    1.91 sec. (1506.08 ticks)
Sequential b&c:
  Real time             =  434.12 sec. (455201.60 ticks)
                          ------------
Total (root+branch&cut) =  436.03 sec. (456707.68 ticks)
