Version identifier: 22.1.1.0 | 2022-11-28 | 9160aff4d
CPXPARAM_Read_DataCheck                          1
CPXPARAM_Threads                                 1
CPXPARAM_MIP_Cuts_Covers                         2
CPXPARAM_MIP_Cuts_FlowCovers                     2
CPXPARAM_MIP_Cuts_MIRCut                         2
CPXPARAM_MIP_Strategy_HeuristicFreq              1
CPXPARAM_TimeLimit                               3600
CPXPARAM_MIP_Tolerances_MIPGap                   0.0050000000000000001
Tried aggregator 2 times.
MIP Presolve eliminated 119 rows and 429 columns.
MIP Presolve added 28 rows and 0 columns.
MIP Presolve modified 13373 coefficients.
Aggregator did 5 substitutions.
Reduced MIP has 2644 rows, 3520 columns, and 19038 nonzeros.
Reduced MIP has 3471 binaries, 0 generals, 0 SOSs, and 0 indicators.
Presolve time = 0.03 sec. (24.60 ticks)
Found incumbent of value 1430.000000 after 0.08 sec. (51.51 ticks)
Probing time = 0.01 sec. (3.80 ticks)
Tried aggregator 1 time.
Detecting symmetries...
Reduced MIP has 2644 rows, 3520 columns, and 19038 nonzeros.
Reduced MIP has 3471 binaries, 0 generals, 0 SOSs, and 0 indicators.
Presolve time = 0.02 sec. (10.78 ticks)
Probing time = 0.01 sec. (3.86 ticks)
Clique table members: 2794.
MIP emphasis: balance optimality and feasibility.
MIP search method: dynamic search.
Parallel mode: none, using 1 thread.
Root relaxation solution time = 0.02 sec. (21.43 ticks)

        Nodes                                         Cuts/
   Node  Left     Objective  IInf  Best Integer    Best Bound    ItCnt     Gap

*     0+    0                         1430.0000        0.0000           100.00%
      0     0      293.8281   101     1430.0000      293.8281      525   79.45%
      0     0      315.8500    91     1430.0000     Cuts: 127      647   77.91%
      0     0      317.1612    51     1430.0000      Cuts: 85      737   77.82%
      0     0      319.1000    47     1430.0000      Cuts: 44      875   77.69%
      0     0      319.6157    91     1430.0000      Cuts: 63     1003   77.65%
      0     0      319.7250    51     1430.0000      Cuts: 57     1069   77.64%
Detecting symmetries...
      0     0      320.1000    59     1430.0000     Cuts: 146     1198   77.62%
      0     0      320.1000    53     1430.0000      Cuts: 43     1233   77.62%
*     0+    0                          623.0000      320.1000            48.62%
      0     0  -1.00000e+75     0      623.0000      320.1000     1233   48.62%
Detecting symmetries...
      0     2      320.1000    45      623.0000      320.1000     1233   48.62%
Elapsed time = 0.74 sec. (574.38 ticks, tree = 0.01 MB, solutions = 2)
      9    11      320.1000    31      623.0000      320.1000     1563   48.62%
     17    19      321.9810    71      623.0000      320.1000     1830   48.62%
     22    24      320.1000    30      623.0000      320.1000     1944   48.62%
     30    32      322.8500    64      623.0000      320.1000     2318   48.62%
     37    39      320.4500    28      623.0000      320.1000     2703   48.62%
     48    50      324.1000    69      623.0000      320.1000     3288   48.62%
     61    63      327.6000    57      623.0000      320.1000     3979   48.62%
     78    80      328.7053    46      623.0000      320.1000     4579   48.62%
    108   110      355.4893    29      623.0000      320.1000     5217   48.62%
*   142+  139                          538.0000      320.1000            40.50%
*   145+  142                          518.0000      320.1000            38.20%
*   150+  146                          491.0000      320.1000            34.81%
    191   185      320.6435    49      491.0000      320.1000     6852   34.81%
Elapsed time = 4.38 sec. (3979.66 ticks, tree = 0.78 MB, solutions = 5)
    290   284      448.8204    15      491.0000      320.1000     9511   34.81%
*   305+  293                          471.0000      320.1000            32.04%
    395   377      331.4750    44      471.0000      320.1000    10393   32.04%
    454   435      320.6292    64      471.0000      320.1000    11909   32.04%
*   455+  420                          459.0000      320.1000            30.26%

Performing restart 1

Repeating presolve.
Tried aggregator 1 time.
MIP Presolve eliminated 13 rows and 13 columns.
MIP Presolve modified 5177 coefficients.
Reduced MIP has 2631 rows, 3507 columns, and 17499 nonzeros.
Reduced MIP has 3458 binaries, 0 generals, 0 SOSs, and 0 indicators.
Presolve time = 0.02 sec. (14.20 ticks)
Tried aggregator 1 time.
Reduced MIP has 2631 rows, 3507 columns, and 17499 nonzeros.
Reduced MIP has 3458 binaries, 0 generals, 0 SOSs, and 0 indicators.
Presolve time = 0.02 sec. (11.34 ticks)
Represolve time = 0.17 sec. (93.71 ticks)
    565     0      320.1000    55      459.0000      Cuts: 66    14726   30.26%
    565     0      320.6000    34      459.0000      Cuts: 67    14875   30.15%
    565     0      320.6037   117      459.0000      Cuts: 59    15143   30.15%
    565     0      320.6056   107      459.0000     Cuts: 358    15223   30.15%
    565     0      320.6085   110      459.0000      Cuts: 59    15335   30.15%
    565     0      320.6169   110      459.0000     Cuts: 304    15450   30.15%
    565     0      320.6228   110      459.0000      Cuts: 54    15513   30.15%
    565     0      321.0000   101      459.0000      Cuts: 22    15725   30.07%
    565     0      321.0000    58      459.0000     Cuts: 207    15959   30.07%
    565     0      321.0086    81      459.0000     Cuts: 229    16068   30.06%
    565     0      321.0086    83      459.0000     Cuts: 144    16093   30.06%
    565     0      321.0086    80      459.0000      Cuts: 12    16102   30.06%
    565     0      321.0086    86      459.0000      Cuts: 25    16133   30.06%
    565     0      321.0086    77      459.0000      Cuts: 12    16142   30.06%
*   565+    0                          386.0000      321.0086            16.84%
    565     0  -1.00000e+75     0      386.0000      321.0086    16142   16.84%

Repeating presolve.
Tried aggregator 1 time.
MIP Presolve eliminated 26 rows and 1024 columns.
MIP Presolve modified 33657 coefficients.
Reduced MIP has 2605 rows, 2483 columns, and 32766 nonzeros.
Reduced MIP has 2434 binaries, 0 generals, 0 SOSs, and 0 indicators.
Presolve time = 0.05 sec. (39.97 ticks)
Tried aggregator 1 time.
MIP Presolve eliminated 59 rows and 0 columns.
MIP Presolve modified 10509 coefficients.
Reduced MIP has 2546 rows, 2483 columns, and 27014 nonzeros.
Reduced MIP has 2434 binaries, 0 generals, 0 SOSs, and 0 indicators.
Presolve time = 0.06 sec. (38.71 ticks)
Represolve time = 0.37 sec. (218.06 ticks)
    565     0      321.0323    95      386.0000      Cuts: 47    16656   16.83%
    565     0      321.0336   100      386.0000     Cuts: 147    16785   16.83%
    565     0      321.0338    94      386.0000     Cuts: 155    16871   16.83%
    565     0      321.0347    87      386.0000      Cuts: 64    16912   16.83%
    565     0      321.0347    90      386.0000      Cuts: 60    16963   16.83%
    565     0      321.0348    99      386.0000     Cuts: 113    17037   16.83%
    565     0      321.0348    92      386.0000     Cuts: 131    17099   16.83%
    565     0      321.0372    90      386.0000      Cuts: 44    17178   16.83%
    565     0      321.0372    98      386.0000     Cuts: 102    17242   16.83%
    565     0      321.0378    88      386.0000      Cuts: 26    17287   16.83%
    565     0      321.0378    87      386.0000      Cuts: 41    17326   16.83%
    565     0      321.0378    88      386.0000       Cuts: 5    17339   16.83%
    565     0      321.0378    84      386.0000       Cuts: 3    17345   16.83%
*   565+    0                          356.0000      321.0378             9.82%
    565     0  -1.00000e+75     0      356.0000      321.0378    17345    9.82%
    565     2      321.0378    81      356.0000      321.1222    17345    9.80%
    573    10      321.7538    46      356.0000      321.6000    17972    9.66%
    592    29      322.9830    41      356.0000      321.6000    18339    9.66%
    629    63      327.8642    57      356.0000      321.6000    18772    9.66%
*   665+   86                          354.0000      321.6485             9.14%
    665    88      330.1106    29      354.0000      321.6485    19443    9.14%
    725   133      341.5471    32      354.0000      321.6485    20458    9.14%
*   765+  138                          340.0000      321.6607             5.39%
    765   140      324.2551    54      340.0000      321.6607    21129    5.39%
Elapsed time = 37.50 sec. (29386.86 ticks, tree = 0.31 MB, solutions = 11)
    818   188      327.8299    37      340.0000      321.6607    21646    5.39%
    865   229      328.4917    59      340.0000      321.7021    22631    5.38%
    911   264      329.1834    56      340.0000      321.9263    24814    5.32%
    980   327      326.7441    51      340.0000      321.9750    26154    5.30%
   1042   373      323.1000    48      340.0000      322.1311    28661    5.26%
   1110   434      323.0035    41      340.0000      322.1327    30030    5.26%
   1168   485      323.6464    94      340.0000      322.1474    31495    5.25%
   1252   565      327.8369    71      340.0000      322.2343    32921    5.23%
   1332   633      322.6798    42      340.0000      322.3143    34332    5.20%
   1418   710      324.1000    85      340.0000      322.4000    35384    5.18%
Elapsed time = 50.95 sec. (39884.75 ticks, tree = 1.14 MB, solutions = 11)
   1481   761      322.8827    64      340.0000      322.4598    38691    5.16%
   1577   843      328.2000    63      340.0000      322.5090    41447    5.14%
   1661   910      330.0917    54      340.0000      322.6000    44271    5.12%
   1766  1007      331.1013    63      340.0000      322.6000    46682    5.12%
   1851  1086      328.3769    41      340.0000      322.6374    49656    5.11%
   1940  1155      328.2667    62      340.0000      322.7326    53342    5.08%
   2034  1241      327.2286    49      340.0000      322.8381    56128    5.05%
   2138  1329      328.1081    78      340.0000      322.8990    59187    5.03%
   2231  1408      334.9880    67      340.0000      322.9729    63196    5.01%
*  2276+ 1424                          339.0000      323.0171             4.71%
   2329  1463      328.2373    77      339.0000      323.0722    67005    4.70%
Elapsed time = 65.59 sec. (49716.18 ticks, tree = 2.23 MB, solutions = 12)
*  2347+ 1359                          336.0000      323.0722             3.85%
   2408  1398      330.0902    43      336.0000      323.1661    71491    3.82%
*  2447+ 1326                          335.0000      323.2163             3.52%
   2480  1350      327.6000    58      335.0000      323.2875    75831    3.50%
   2607  1452      327.7117    69      335.0000      323.3927    81902    3.46%
   2735  1551      330.5375    45      335.0000      323.5742    88359    3.41%
   2861  1635      325.6542    57      335.0000      323.6211    95154    3.40%
   2978  1724      326.3564   112      335.0000      323.7098   101262    3.37%
   3094  1821      327.6000    95      335.0000      323.7413   106169    3.36%
   3179  1881      327.6000   112      335.0000      323.8412   111403    3.33%
   3260  1935      325.9077    60      335.0000      323.8779   115621    3.32%
   3393  2027      327.6253    69      335.0000      323.9436   122008    3.30%
Elapsed time = 80.16 sec. (59936.18 ticks, tree = 3.03 MB, solutions = 14)
   3465  2070      327.9020    74      335.0000      323.9750   126300    3.29%
   3578  2144      330.4889    69      335.0000      324.1038   133138    3.25%
   3665  2209      329.6000    26      335.0000      324.1382   139542    3.24%
   3795  2289      327.4500    94      335.0000      324.2251   145265    3.22%
   3950  2409      328.6000    32      335.0000      324.3151   151323    3.19%
   4021  2442      325.8000    42      335.0000      324.4000   156357    3.16%
   4100  2494      327.9750    51      335.0000      324.5060   161273    3.13%
   4183  2527      327.1238   128      335.0000      324.6000   165291    3.10%
   4225  2555      336.1333    77      335.0000      324.6000   170884    3.10%
   4305  2618      330.1218    70      335.0000      324.6020   176147    3.10%
Elapsed time = 94.99 sec. (70583.38 ticks, tree = 3.99 MB, solutions = 14)
   4365  2652      326.3273   112      335.0000      324.6614   179258    3.09%
   4420  2681      333.6000    55      335.0000      324.7543   184745    3.06%
   4478  2723      329.6818    88      335.0000      324.7846   189050    3.05%
   4533  2757      326.2541    80      335.0000      324.8095   193980    3.04%
   4580  2785      331.2494    38      335.0000      324.8688   198529    3.02%
   4642  2807      326.2373    90      335.0000      324.9353   203516    3.00%
   4692  2822      333.3972    60      335.0000      325.0269   207808    2.98%
   4755  2862      330.6000    63      335.0000      325.1108   213142    2.95%
   4799  2864      331.1361    71      335.0000      325.1700   217219    2.93%
   4874  2919      333.4625    39      335.0000      325.1864   221753    2.93%
Elapsed time = 110.08 sec. (81653.95 ticks, tree = 4.44 MB, solutions = 14)
   4926  2941      328.4750    81      335.0000      325.2112   226024    2.92%
   4980  2962      327.2000    51      335.0000      325.2837   231071    2.90%
   5021  2970      333.7917    81      335.0000      325.3500   236463    2.88%
   5062  2994      328.0151    68      335.0000      325.3620   240970    2.88%
   5116  3019      330.2154    84      335.0000      325.4333   244924    2.86%
   5159  3027      331.8083    71      335.0000      325.5104   250159    2.83%
   5223  3054      330.6000    58      335.0000      325.6000   254463    2.81%
   5298  3115      329.9356    41      335.0000      325.6000   258854    2.81%
   5363  3164      327.6428    73      335.0000      325.6000   262359    2.81%
   5445  3225        cutoff            335.0000      325.6000   266968    2.81%
Elapsed time = 124.08 sec. (91646.19 ticks, tree = 4.90 MB, solutions = 14)
   5498  3250        cutoff            335.0000      325.6275   271069    2.80%
   5552  3284      330.6000    49      335.0000      325.6645   275165    2.79%
   5604  3302        cutoff            335.0000      325.7586   280538    2.76%
   5650  3319      333.1000    50      335.0000      325.8171   285261    2.74%
   5674  3333      332.1000    29      335.0000      325.8262   286536    2.74%
   5734  3333      330.1000    88      335.0000      325.9333   291906    2.71%
   5765  3341      329.7647    89      335.0000      325.9476   296056    2.70%
   5848  3392      328.2543    72      335.0000      326.0280   300101    2.68%
   5915  3406      326.6496    96      335.0000      326.1024   305674    2.66%
   5966  3430      329.0276    75      335.0000      326.1400   310617    2.64%
Elapsed time = 138.66 sec. (101469.55 ticks, tree = 5.21 MB, solutions = 14)
   6024  3447      328.0000   119      335.0000      326.2015   316753    2.63%
   6067  3443        cutoff            335.0000      326.2481   321858    2.61%
   6112  3451      332.2877    67      335.0000      326.3325   326784    2.59%
   6169  3472      329.1466    96      335.0000      326.3826   331778    2.57%
   6222  3478      331.7489    99      335.0000      326.4578   337706    2.55%
   6266  3468        cutoff            335.0000      326.5091   344251    2.53%
   6355  3496      329.5891    43      335.0000      326.6000   349582    2.51%
   6418  3530        cutoff            335.0000      326.6000   354505    2.51%
   6458  3558      328.9578    79      335.0000      326.6000   358581    2.51%
   6716  3713      332.9345   111      335.0000      326.6801   379264    2.48%
Elapsed time = 157.74 sec. (114287.86 ticks, tree = 5.68 MB, solutions = 14)
   6922  3816      333.0706    83      335.0000      326.7578   397631    2.46%
   7149  3935      327.6106    82      335.0000      326.8490   415872    2.43%
   7316  4033        cutoff            335.0000      326.9061   429191    2.42%
   7393  4082      327.7667    37      335.0000      326.9333   433654    2.41%
   7525  4128      327.6615    70      335.0000      326.9768   448812    2.39%
   7702  4184      332.6000    74      335.0000      327.0257   468180    2.38%
   7855  4209      328.6450    71      335.0000      327.1000   485896    2.36%
   8070  4326      331.1417    57      335.0000      327.1186   506046    2.35%
   8196  4341      328.7932   116      335.0000      327.1729   524442    2.34%
   8394  4421      332.6000    23      335.0000      327.2468   543115    2.31%
Elapsed time = 212.20 sec. (152667.54 ticks, tree = 6.95 MB, solutions = 14)
   8557  4452      332.3917    56      335.0000      327.3065   560376    2.30%
   8712  4446      330.3985    92      335.0000      327.3885   580121    2.27%
   8954  4549      330.5491    63      335.0000      327.4493   600629    2.25%
   9097  4556      332.3500   101      335.0000      327.5331   619497    2.23%
   9233  4555      330.6000    53      335.0000      327.6000   638671    2.21%
   9347  4597      330.1278   134      335.0000      327.6000   658038    2.21%
   9474  4646      330.8619   115      335.0000      327.6039   678713    2.21%
   9597  4651      329.8281   143      335.0000      327.6856   697264    2.18%
   9626  4661      331.7803    87      335.0000      327.6904   700108    2.18%

Performing restart 2

Repeating presolve.
Tried aggregator 2 times.
MIP Presolve eliminated 120 rows and 1045 columns.
MIP Presolve modified 1199 coefficients.
Aggregator did 1 substitutions.
Reduced MIP has 2425 rows, 1437 columns, and 19131 nonzeros.
Reduced MIP has 1388 binaries, 0 generals, 0 SOSs, and 0 indicators.
Presolve time = 0.03 sec. (20.34 ticks)
Tried aggregator 1 time.
MIP Presolve eliminated 113 rows and 20 columns.
MIP Presolve modified 992 coefficients.
Reduced MIP has 2312 rows, 1417 columns, and 18664 nonzeros.
Reduced MIP has 1369 binaries, 0 generals, 0 SOSs, and 0 indicators.
Presolve time = 0.02 sec. (13.39 ticks)
Tried aggregator 1 time.
Reduced MIP has 2312 rows, 1417 columns, and 18664 nonzeros.
Reduced MIP has 1369 binaries, 0 generals, 0 SOSs, and 0 indicators.
Presolve time = 0.01 sec. (9.13 ticks)
Represolve time = 0.29 sec. (175.18 ticks)
   9628     0      321.0603   111      335.0000      Cuts: 19   703037    2.18%
   9628     0      321.0603   110      335.0000      Cuts: 21   703082    2.18%
   9628     0      321.0603   107      335.0000      Cuts: 29   703129    2.18%
   9628     0      321.0603   102      335.0000      Cuts: 62   703221    2.18%
   9628     0      321.0603   108      335.0000      Cuts: 30   703365    2.18%
   9628     0      321.0603    93      335.0000      Cuts: 17   703460    2.18%
   9628     0      321.0603    92      335.0000     Cuts: 129   703623    2.18%
   9628     0      321.0603    91      335.0000      Cuts: 20   703848    2.18%
   9628     0      321.0603    98      335.0000      Cuts: 41   704022    2.18%
   9628     0      321.0603   114      335.0000      Cuts: 34   704165    2.18%
   9628     2      321.0603    81      335.0000      327.6943   704165    2.18%
Elapsed time = 262.98 sec. (192890.01 ticks, tree = 0.01 MB, solutions = 14)
   9714    68      321.8430    78      335.0000      327.6943   707748    2.18%
   9833   152      322.8605    99      335.0000      327.6943   711735    2.18%
   9992   269      324.0250    51      335.0000      327.6943   716104    2.18%
  10185   382      330.4593    38      335.0000      327.6943   723386    2.18%
  10337   476      328.0695    46      335.0000      327.6943   734942    2.18%
  10541   587      324.8138    70      335.0000      327.6943   745744    2.18%
  10749   699      331.0000    60      335.0000      327.6943   760740    2.18%
* 10866+  750                          334.0000      327.6943             1.89%
  10945   771      324.2092    42      334.0000      327.6943   777220    1.89%
  11181   885      330.1000    54      334.0000      327.6943   793250    1.89%
  11384   998        cutoff            334.0000      327.6943   810911    1.89%
Elapsed time = 306.16 sec. (231309.23 ticks, tree = 1.66 MB, solutions = 15)
  11594  1066      328.1716   117      334.0000      327.6943   830623    1.89%
  11758  1111      328.3500    72      334.0000      327.6943   849110    1.89%
  11949  1224      329.7469    85      334.0000      327.6943   869923    1.89%
  12134  1301      329.9077    81      334.0000      327.6943   889763    1.89%
  12292  1348      332.2016   117      334.0000      327.6943   908594    1.89%
  12451  1405      331.1714    61      334.0000      327.6943   927960    1.89%
  12638  1469      331.6000    83      334.0000      327.6943   944437    1.89%
  12788  1510      327.8986    85      334.0000      327.6943   960430    1.89%
  12928  1579      326.8583   109      334.0000      327.6943   975744    1.89%
* 13137  1561      integral     0      333.0000      327.6943   995629    1.59%
  13139  1560      328.1025    97      333.0000      327.6943   996050    1.59%
Elapsed time = 354.28 sec. (270210.89 ticks, tree = 2.88 MB, solutions = 16)
  13283  1567      328.1234    31      333.0000      327.6943  1015824    1.59%
  13408  1566      328.0762    82      333.0000      327.6943  1030444    1.59%
  13516  1572      331.9875    64      333.0000      327.6943  1047984    1.59%
  13638  1584      329.0407    77      333.0000      327.6943  1067643    1.59%
  13815  1541        cutoff            333.0000      327.6943  1085310    1.59%
  13972  1529        cutoff            333.0000      327.7363  1104412    1.58%
  14163  1509      330.9750    79      333.0000      328.0167  1125419    1.50%
  14285  1479        cutoff            333.0000      328.1764  1143455    1.45%
  14424  1467      330.4803   117      333.0000      328.3604  1163173    1.39%
  14609  1462      329.8063    99      333.0000      328.6000  1184523    1.32%
Elapsed time = 403.34 sec. (308813.35 ticks, tree = 2.47 MB, solutions = 16)
  14722  1466      328.6000    69      333.0000      328.6000  1203439    1.32%
  14828  1472      329.6000    51      333.0000      328.6836  1219220    1.30%
  14989  1415      329.3519   121      333.0000      328.8675  1238135    1.24%
  15156  1404      331.1055    61      333.0000      328.9825  1258363    1.21%
  15328  1350      331.1452    92      333.0000      329.1234  1276765    1.16%
  15525  1248      329.9089    93      333.0000      329.4032  1297228    1.08%
  15680  1175      330.2667    40      333.0000      329.6000  1311336    1.02%
  15780  1169      333.0000    79      333.0000      329.6000  1327255    1.02%
  15926  1081      331.7874    71      333.0000      329.7931  1343649    0.96%
  16063  1019      331.9601    74      333.0000      329.9333  1356095    0.92%
Elapsed time = 443.75 sec. (348036.60 ticks, tree = 1.71 MB, solutions = 16)
  16220   933      336.6000    88      333.0000      330.1000  1371644    0.87%
  16443   805      330.9571   119      333.0000      330.4000  1389157    0.78%
  16631   665      331.9780    47      333.0000      330.6000  1406818    0.72%
  16835   504        cutoff            333.0000      330.8813  1422972    0.64%

GUB cover cuts applied:  6
Clique cuts applied:  55
Cover cuts applied:  342
Implied bound cuts applied:  22
Flow cuts applied:  67
Mixed integer rounding cuts applied:  779
Zero-half cuts applied:  17
Lift and project cuts applied:  26
Gomory fractional cuts applied:  20

Root node processing (before b&c):
  Real time             =    0.74 sec. (574.79 ticks)
Sequential b&c:
  Real time             =  457.90 sec. (365842.81 ticks)
                          ------------
Total (root+branch&cut) =  458.64 sec. (366417.61 ticks)
