Version identifier: 22.1.1.0 | 2022-11-28 | 9160aff4d
CPXPARAM_Read_DataCheck                          1
CPXPARAM_Threads                                 1
CPXPARAM_MIP_Cuts_Covers                         1
CPXPARAM_MIP_Cuts_FlowCovers                     1
CPXPARAM_MIP_Cuts_MIRCut                         1
CPXPARAM_TimeLimit                               1800
CPXPARAM_MIP_Tolerances_MIPGap                   9.9999999999999995e-07
Tried aggregator 2 times.
MIP Presolve eliminated 119 rows and 429 columns.
MIP Presolve added 28 rows and 0 columns.
MIP Presolve modified 13373 coefficients.
Aggregator did 5 substitutions.
Reduced MIP has 2644 rows, 3520 columns, and 19038 nonzeros.
Reduced MIP has 3471 binaries, 0 generals, 0 SOSs, and 0 indicators.
Presolve time = 0.03 sec. (24.60 ticks)
Found incumbent of value 1430.000000 after 0.07 sec. (51.51 ticks)
Probing time = 0.01 sec. (3.80 ticks)
Tried aggregator 1 time.
Detecting symmetries...
Reduced MIP has 2644 rows, 3520 columns, and 19038 nonzeros.
Reduced MIP has 3471 binaries, 0 generals, 0 SOSs, and 0 indicators.
Presolve time = 0.02 sec. (10.78 ticks)
Probing time = 0.01 sec. (3.86 ticks)
Clique table members: 2794.
MIP emphasis: balance optimality and feasibility.
MIP search method: dynamic search.
Parallel mode: none, using 1 thread.
Root relaxation solution time = 0.02 sec. (21.43 ticks)

        Nodes                                         Cuts/
   Node  Left     Objective  IInf  Best Integer    Best Bound    ItCnt     Gap

*     0+    0                         1430.0000        0.0000           100.00%
      0     0      293.8281   101     1430.0000      293.8281      525   79.45%
      0     0      315.8500    91     1430.0000     Cuts: 127      647   77.91%
      0     0      317.1612    51     1430.0000      Cuts: 85      737   77.82%
      0     0      319.1000    47     1430.0000      Cuts: 44      875   77.69%
      0     0      319.6157    91     1430.0000      Cuts: 63     1003   77.65%
      0     0      319.7250    51     1430.0000      Cuts: 57     1069   77.64%
Detecting symmetries...
      0     0      320.1000    59     1430.0000     Cuts: 146     1198   77.62%
      0     0      320.1000    53     1430.0000      Cuts: 43     1233   77.62%
*     0+    0                          623.0000      320.1000            48.62%
      0     0  -1.00000e+75     0      623.0000      320.1000     1233   48.62%
Detecting symmetries...
      0     2      320.1000    45      623.0000      320.1000     1233   48.62%
Elapsed time = 0.71 sec. (562.36 ticks, tree = 0.01 MB, solutions = 2)
     38    40      320.9384    81      623.0000      320.1000     2639   48.62%
    103   105      333.3313    59      623.0000      320.1000     4004   48.62%
*   131   129      integral     0      384.0000      320.1000     4912   16.64%
    176   173      323.7667    65      384.0000      320.1000     6348   16.64%
    252   243      321.5101    65      384.0000      320.1000     8324   16.64%
    361   350      368.6418    57      384.0000      320.1000     9913   16.64%
    444   411      352.6871    17      384.0000      320.1000    12151   16.64%
*   455+  418                          382.0000      320.1000            16.20%
*   455+  411                          379.0000      320.1000            15.54%
*   455+  370                          369.0000      320.1000            13.25%
    455   372      320.6367    66      369.0000      320.1000    12424   13.25%

Performing restart 1

Repeating presolve.
Tried aggregator 1 time.
MIP Presolve eliminated 1333 rows and 1397 columns.
MIP Presolve modified 2591 coefficients.
Reduced MIP has 1311 rows, 2123 columns, and 9942 nonzeros.
Reduced MIP has 2074 binaries, 0 generals, 0 SOSs, and 0 indicators.
Presolve time = 0.02 sec. (10.71 ticks)
Tried aggregator 1 time.
MIP Presolve modified 1099 coefficients.
Reduced MIP has 1311 rows, 2123 columns, and 9913 nonzeros.
Reduced MIP has 2074 binaries, 0 generals, 0 SOSs, and 0 indicators.
Presolve time = 0.02 sec. (11.09 ticks)
Represolve time = 0.08 sec. (48.20 ticks)
    565     0      320.6000    58      369.0000      Cuts: 33    14869   13.12%
    565     0      320.6000    78      369.0000      Cuts: 68    15001   13.12%
    565     0      320.6000    32      369.0000      Cuts: 15    15031   13.12%
    565     0      320.6000    57      369.0000      Cuts: 43    15095   13.12%
    565     0      320.6000    52      369.0000      Cuts: 21    15114   13.12%
    565     0      320.6000    59      369.0000     Cuts: 216    15245   13.12%
    565     0      320.6000    47      369.0000       Cuts: 9    15295   13.12%
    565     0      320.6000    72      369.0000     Cuts: 125    15441   13.12%
    565     2      320.6000    11      369.0000      320.6000    15441   13.12%
    569     6      320.7014    83      369.0000      320.6000    15752   13.12%
    596    32      331.0188    47      369.0000      320.6000    17007   13.12%
Elapsed time = 6.45 sec. (5718.75 ticks, tree = 0.09 MB, solutions = 6)
    665    79      321.9999    62      369.0000      320.6000    18389   13.12%
*   765+  157                          363.0000      320.6000            11.68%
    765   159      321.9281    71      363.0000      320.6000    20333   11.68%
    978   338      326.4285    49      363.0000      320.6000    22577   11.68%
   1311   639      322.1000    81      363.0000      320.6499    26455   11.67%
   1632   929      337.1241    56      363.0000      320.7030    31561   11.65%
   2034  1270      345.8167    61      363.0000      320.8954    36534   11.60%
   2399  1614      332.8252    66      363.0000      321.0000    41877   11.57%
   2822  2006      328.1000    50      363.0000      321.3909    49103   11.46%
   3210  2358      324.6000    52      363.0000      321.5321    57016   11.42%
   3803  2922      331.2667    61      363.0000      321.6000    62657   11.40%
Elapsed time = 20.23 sec. (17925.56 ticks, tree = 3.47 MB, solutions = 7)
   4230  3321      327.8727    67      363.0000      321.6787    69323   11.38%
   4719  3779      343.2793    58      363.0000      321.8000    76842   11.35%
   5286  4313      334.8568    72      363.0000      321.9163    83357   11.32%
   5893  4882      335.8682    51      363.0000      322.0111    90882   11.29%
   6442  5411      340.8823    50      363.0000      322.1000    97465   11.27%
   6954  5890      335.9239    57      363.0000      322.1560   105149   11.25%
   7485  6372      334.0701    53      363.0000      322.2525   113706   11.23%
   8003  6851      332.5142    74      363.0000      322.4333   120965   11.18%
   8528  7348      338.4309    70      363.0000      322.5375   128849   11.15%
   9102  7890      335.1009    38      363.0000      322.6000   135762   11.13%
Elapsed time = 28.56 sec. (27478.35 ticks, tree = 9.25 MB, solutions = 7)
   9588  8340      327.3109    71      363.0000      322.6184   143377   11.12%
*  9625+ 7960                          355.0000      322.6184             9.12%
*  9625+ 7739                          353.0000      322.6184             8.61%
   9625  7741      329.5375    38      353.0000      322.6184   143762    8.61%

Performing restart 2

Repeating presolve.
Tried aggregator 1 time.
MIP Presolve eliminated 2 rows and 318 columns.
MIP Presolve modified 2942 coefficients.
Reduced MIP has 1309 rows, 1805 columns, and 18643 nonzeros.
Reduced MIP has 1756 binaries, 0 generals, 0 SOSs, and 0 indicators.
Presolve time = 0.01 sec. (12.41 ticks)
Tried aggregator 1 time.
MIP Presolve eliminated 1 rows and 0 columns.
MIP Presolve modified 365 coefficients.
Reduced MIP has 1308 rows, 1805 columns, and 18629 nonzeros.
Reduced MIP has 1756 binaries, 0 generals, 0 SOSs, and 0 indicators.
Presolve time = 0.01 sec. (14.83 ticks)
Represolve time = 0.09 sec. (78.68 ticks)
   9735     0      320.6000    44      353.0000      Cuts: 10   145487    8.60%
   9735     0      320.6000    68      353.0000      Cuts: 54   145653    8.60%
   9735     0      320.6000    53      353.0000      Cuts: 22   145714    8.60%
   9735     0      320.6000    60      353.0000      Cuts: 83   145812    8.60%
   9735     0      320.6000    12      353.0000       Cuts: 3   145817    8.60%
   9735     0      320.6000    61      353.0000      Cuts: 31   145910    8.60%
   9735     0      320.6000    57      353.0000      Cuts: 27   146008    8.60%
   9735     0      320.6000    62      353.0000      Cuts: 22   146084    8.60%
   9735     0      320.6000    56      353.0000      Cuts: 26   146175    8.60%
   9735     2      320.6000    45      353.0000      322.6333   146175    8.60%
   9761    28      323.7458    54      353.0000      322.6333   147361    8.60%
   9805    67      323.6577    74      353.0000      322.6333   148279    8.60%
   9842    95      334.5753    49      353.0000      322.6333   149561    8.60%
   9897   137      324.8573    71      353.0000      322.6333   150732    8.60%
   9935   166      322.6000    21      353.0000      322.6333   151404    8.60%
   9984   215      326.0599    34      353.0000      322.6333   153329    8.60%
  10058   268      321.5256    31      353.0000      322.6333   155693    8.60%
Elapsed time = 38.22 sec. (39819.04 ticks, tree = 0.44 MB, solutions = 9)
  10180   380      326.3163    42      353.0000      322.6333   156558    8.60%
  10272   449      347.4394    57      353.0000      322.6333   159168    8.60%
  10420   570      336.6000     8      353.0000      322.6333   161870    8.60%
* 10446   431      integral     0      338.0000      322.6333   162254    4.55%
  10574   508      330.1862    56      338.0000      322.6333   165462    4.55%
  10694   578      330.2367    50      338.0000      322.6333   170706    4.55%
  10877   698      330.9974    31      338.0000      322.6333   177140    4.55%
  11038   783      325.1000    62      338.0000      322.6333   183643    4.55%
  11258   960      329.6175    65      338.0000      322.6333   188816    4.55%
  11495  1123      329.0535    87      338.0000      322.8073   196318    4.49%
  11715  1269      331.6407    70      338.0000      322.9256   201334    4.46%
Elapsed time = 45.72 sec. (49428.88 ticks, tree = 1.53 MB, solutions = 10)
  11920  1427      329.2019    66      338.0000      323.1000   205674    4.41%
  12146  1576      326.6287    87      338.0000      323.2349   211247    4.37%
* 12372  1602      integral     0      336.0000      323.3601   215756    3.76%
  12383  1600        cutoff            336.0000      323.4129   216407    3.75%
  12595  1714        cutoff            336.0000      323.6000   224561    3.69%
  12816  1865        cutoff            336.0000      323.6093   229142    3.69%
  13037  1994      332.7648    84      336.0000      323.8118   237146    3.63%
  13290  2153      325.9458   104      336.0000      323.9699   246223    3.58%
  13544  2329      327.7036    70      336.0000      324.1000   254359    3.54%
  13807  2530      331.5809    52      336.0000      324.1560   261690    3.53%
  14026  2643      326.9792    69      336.0000      324.3056   269931    3.48%
Elapsed time = 54.78 sec. (59018.14 ticks, tree = 2.97 MB, solutions = 11)
  14247  2778      326.6367    82      336.0000      324.4146   276521    3.45%
  14485  2902      331.7287    45      336.0000      324.5766   285418    3.40%
  14745  3065      333.0815    61      336.0000      324.6000   294440    3.39%
  15006  3252      329.9125    74      336.0000      324.6625   302142    3.37%
  15313  3478      330.2828    63      336.0000      324.7800   310587    3.34%
  15544  3602      328.1000    69      336.0000      324.8937   321020    3.31%
  15827  3811      334.6000    75      336.0000      324.9479   329948    3.29%
  16021  3894        cutoff            336.0000      325.1000   339506    3.24%
  16238  4050      327.9571    70      336.0000      325.1000   346174    3.24%
  16437  4163      328.0286    59      336.0000      325.1741   354859    3.22%
Elapsed time = 66.39 sec. (68659.71 ticks, tree = 4.58 MB, solutions = 11)
  16601  4241      328.5064    77      336.0000      325.2646   363988    3.20%
  16806  4362      329.9494    52      336.0000      325.3321   371967    3.17%
  17007  4466      330.7684    73      336.0000      325.4172   381956    3.15%
  17201  4546      326.2404    36      336.0000      325.5113   390432    3.12%
  17401  4630      331.6000    29      336.0000      325.6000   400703    3.10%
  17611  4735        cutoff            336.0000      325.6000   409958    3.10%
  17817  4771      327.9085    60      336.0000      325.6000   422622    3.10%
  18035  4957      328.8207    79      336.0000      325.6000   427487    3.10%
  18278  5148      332.9636    75      336.0000      325.6293   434423    3.09%
  18426  5223      328.0611    37      336.0000      325.6753   441446    3.07%
Elapsed time = 78.16 sec. (78452.08 ticks, tree = 5.64 MB, solutions = 11)
  18577  5315      332.7198    50      336.0000      325.6968   447982    3.07%
  18724  5401      334.6000    55      336.0000      325.7362   453670    3.05%
  18866  5443      334.8431    64      336.0000      325.8188   461482    3.03%
  19026  5524        cutoff            336.0000      325.9024   469615    3.01%
  19225  5636      330.0286    67      336.0000      325.9422   478326    2.99%
  19405  5663      332.1983   102      336.0000      326.0658   489840    2.96%
  19591  5762      326.1000    58      336.0000      326.1000   498573    2.95%
  19774  5864      330.1000    53      336.0000      326.1000   508672    2.95%
  19954  5953      326.9750   100      336.0000      326.1294   518904    2.94%
  20146  5992      334.9296    76      336.0000      326.2176   531530    2.91%
Elapsed time = 86.83 sec. (88090.69 ticks, tree = 6.44 MB, solutions = 11)
  20346  6013      332.2222    51      336.0000      326.3143   544486    2.88%
  20575  6111      334.6000    87      336.0000      326.3560   554811    2.87%
  20765  6156      328.6039    33      336.0000      326.4488   566262    2.84%
  20940  6189      331.2404    51      336.0000      326.5338   577120    2.82%
  21132  6242      330.0280    48      336.0000      326.6000   586382    2.80%
  21404  6406      331.3500    68      336.0000      326.6000   596820    2.80%
  21666  6578      330.7549    65      336.0000      326.6000   608342    2.80%
  21877  6697      330.4306    38      336.0000      326.6220   619084    2.79%
  22061  6763      332.9333    39      336.0000      326.6759   630038    2.78%
  23009  7230      334.1525    30      336.0000      326.9000   674787    2.71%
Elapsed time = 98.61 sec. (100561.78 ticks, tree = 7.80 MB, solutions = 11)
  23700  7299      330.7667    91      336.0000      327.0494   718715    2.66%
  24559  7603        cutoff            336.0000      327.2000   764534    2.62%
  25279  7754      327.6938    54      336.0000      327.3572   804548    2.57%
  26018  7747      331.4705    62      336.0000      327.5737   844141    2.51%
  26633  7949      333.6000    36      336.0000      327.6000   879513    2.50%
  27379  8076      333.6000    18      336.0000      327.7568   920431    2.45%
  28163  8179      328.8593    79      336.0000      327.9245   963833    2.40%
  28915  8266        cutoff            336.0000      328.1000  1001699    2.35%
  29571  8431      333.7192    75      336.0000      328.1894  1035453    2.32%
  30296  8482      329.4473   121      336.0000      328.3796  1068142    2.27%
Elapsed time = 142.25 sec. (138754.22 ticks, tree = 9.54 MB, solutions = 11)
  31093  8469        cutoff            336.0000      328.6000  1113235    2.20%
* 31649  7048      integral     0      334.0000      328.6000  1144941    1.62%
  31902  6998        cutoff            334.0000      328.6693  1159604    1.60%
  32562  6780      331.8040    78      334.0000      328.9214  1195423    1.52%
  33226  6623      331.6000    67      334.0000      329.1000  1231284    1.47%
  33970  6347      331.5732    71      334.0000      329.3258  1261962    1.40%
  34895  5937      332.6000    52      334.0000      329.6000  1301703    1.32%
  35756  5574        cutoff            334.0000      329.8193  1343273    1.25%
  36645  5145        cutoff            334.0000      330.1000  1378407    1.17%
* 37123  3394      integral     0      333.0000      330.2319  1397843    0.83%
  37639  3044        cutoff            333.0000      330.4462  1411504    0.77%
  38860  2101        cutoff            333.0000      330.9297  1442884    0.62%
Elapsed time = 178.46 sec. (176924.85 ticks, tree = 2.86 MB, solutions = 13)
  40679   935        cutoff            333.0000      331.6000  1471130    0.42%
  42509   976        cutoff            333.0000      331.6000  1499458    0.42%

GUB cover cuts applied:  5
Clique cuts applied:  54
Cover cuts applied:  79
Implied bound cuts applied:  18
Flow cuts applied:  3
Mixed integer rounding cuts applied:  207
Zero-half cuts applied:  19
Lift and project cuts applied:  2
Gomory fractional cuts applied:  32

Root node processing (before b&c):
  Real time             =    0.71 sec. (562.69 ticks)
Sequential b&c:
  Real time             =  188.02 sec. (187432.96 ticks)
                          ------------
Total (root+branch&cut) =  188.73 sec. (187995.65 ticks)
