Version identifier: 22.1.1.0 | 2022-11-28 | 9160aff4d
CPXPARAM_Read_DataCheck                          1
CPXPARAM_Threads                                 1
CPXPARAM_MIP_Strategy_NodeSelect                 2
CPXPARAM_MIP_Strategy_HeuristicFreq              -1
CPXPARAM_TimeLimit                               1800
CPXPARAM_MIP_Tolerances_MIPGap                   9.9999999999999995e-07
Tried aggregator 2 times.
MIP Presolve eliminated 119 rows and 429 columns.
MIP Presolve added 28 rows and 0 columns.
MIP Presolve modified 13373 coefficients.
Aggregator did 5 substitutions.
Reduced MIP has 2644 rows, 3520 columns, and 19038 nonzeros.
Reduced MIP has 3471 binaries, 0 generals, 0 SOSs, and 0 indicators.
Presolve time = 0.03 sec. (24.60 ticks)
Probing time = 0.01 sec. (3.80 ticks)
Tried aggregator 1 time.
Detecting symmetries...
Reduced MIP has 2644 rows, 3520 columns, and 19038 nonzeros.
Reduced MIP has 3471 binaries, 0 generals, 0 SOSs, and 0 indicators.
Presolve time = 0.02 sec. (10.78 ticks)
Probing time = 0.01 sec. (3.86 ticks)
Clique table members: 2794.
MIP emphasis: balance optimality and feasibility.
MIP search method: dynamic search.
Parallel mode: none, using 1 thread.
Root relaxation solution time = 0.02 sec. (21.43 ticks)

        Nodes                                         Cuts/
   Node  Left     Objective  IInf  Best Integer    Best Bound    ItCnt     Gap

      0     0      293.8281   101                    293.8281      525         
      0     0      315.8500    91                   Cuts: 127      647         
      0     0      317.1612    51                    Cuts: 85      736         
      0     0      319.1000    47                    Cuts: 44      874         
      0     0      319.6157    92                    Cuts: 65     1014         
      0     0      319.6274    87                    Cuts: 48     1054         
Detecting symmetries...
      0     0      319.6275    89                    Cuts: 18     1095         
      0     0      319.6275    92                     Cuts: 7     1126         
Detecting symmetries...
      0     2      319.6275    82                    319.6275     1126         
Elapsed time = 0.55 sec. (412.10 ticks, tree = 0.01 MB, solutions = 0)
     65    55      321.8500    32                    319.6275     2664         
    109    99      350.4727    55                    319.6275     4802         
    171   160      378.9639    25                    319.6275     7307         
*   194   181      integral     0      458.0000      319.6275     8262   30.21%
    265   228      322.3953    56      458.0000      319.6275     9573   30.21%
    349   311      325.1137    83      458.0000      319.6275    12024   30.21%

Performing restart 1

Repeating presolve.
Tried aggregator 1 time.
MIP Presolve eliminated 14 rows and 14 columns.
MIP Presolve modified 5177 coefficients.
Reduced MIP has 2630 rows, 3506 columns, and 17494 nonzeros.
Reduced MIP has 3457 binaries, 0 generals, 0 SOSs, and 0 indicators.
Presolve time = 0.02 sec. (14.20 ticks)
Tried aggregator 1 time.
Reduced MIP has 2630 rows, 3506 columns, and 17494 nonzeros.
Reduced MIP has 3457 binaries, 0 generals, 0 SOSs, and 0 indicators.
Presolve time = 0.02 sec. (11.34 ticks)
Represolve time = 0.16 sec. (86.84 ticks)
    453     0      319.7333    98      458.0000      Cuts: 59    14685   30.19%
    453     0      319.8037    93      458.0000      Cuts: 70    14768   30.17%
    453     0      320.6000    63      458.0000     Cuts: 110    14987   30.00%
    453     0      320.6000    65      458.0000      Cuts: 98    15106   30.00%
    453     0      320.6000    70      458.0000      Cuts: 43    15297   30.00%
    453     0      320.6000    65      458.0000      Cuts: 53    15424   30.00%
    453     0      320.6000    53      458.0000      Cuts: 29    15690   30.00%
    453     0      320.6000    55      458.0000      Cuts: 77    15871   30.00%
    453     2      320.6000    53      458.0000      320.6000    15871   30.00%
    457     6      320.6000    12      458.0000      320.6000    16312   30.00%
    460     9      321.6251    71      458.0000      320.6000    16402   30.00%
    462    11      320.6919    87      458.0000      320.6000    16450   30.00%
    480    28      323.3573    64      458.0000      320.6000    16977   30.00%
Elapsed time = 10.74 sec. (9062.77 ticks, tree = 0.18 MB, solutions = 1)
    548    96      329.9665    42      458.0000      320.6000    18439   30.00%
    645   167      320.6516    69      458.0000      320.6000    19373   30.00%
    748   270      326.9711    64      458.0000      320.6000    21240   30.00%
    858   379      331.2405    57      458.0000      320.6000    22285   30.00%
    900   409      320.6000    26      458.0000      320.6000    22711   30.00%
   1088   587      417.6000    27      458.0000      320.6000    24619   30.00%
   1233   723      382.7670    37      458.0000      320.6000    26540   30.00%
   1389   861      320.6878    52      458.0000      320.6000    27477   30.00%
   1678  1145      374.1281    45      458.0000      320.6000    29134   30.00%
   1802  1218      320.7037    63      458.0000      320.6000    29829   30.00%
Elapsed time = 21.79 sec. (19296.73 ticks, tree = 2.40 MB, solutions = 1)
   2046  1462      336.9051    37      458.0000      320.6000    34027   30.00%
   2278  1684      371.3509    39      458.0000      320.6000    36650   30.00%
   2531  1931      414.6452    33      458.0000      320.6000    39005   30.00%
   2794  2189      335.4111    67      458.0000      320.6000    41073   30.00%
   3133  2522      344.7603    44      458.0000      320.6000    42529   30.00%
   3365  2736      373.3851    46      458.0000      320.6000    43237   30.00%
   3604  2951      355.2981    58      458.0000      320.6000    45791   30.00%
   3945  3281      393.4491    39      458.0000      320.6000    48622   30.00%
   4262  3585      380.6296    22      458.0000      320.6000    52612   30.00%
   4540  3856      349.8793    52      458.0000      320.6516    54785   29.99%
Elapsed time = 32.25 sec. (28868.86 ticks, tree = 7.21 MB, solutions = 1)
   4844  4149      345.7980    33      458.0000      320.6516    56873   29.99%
   5075  4369      340.0125    37      458.0000      320.6516    59633   29.99%
   5462  4750        cutoff            458.0000      320.6524    63002   29.99%
   5711  4978      335.6828    45      458.0000      320.6524    65040   29.99%
   6163  5424      361.7240    44      458.0000      320.6524    68884   29.99%
   6538  5790      369.0425    43      458.0000      320.6524    72259   29.99%
   6903  6132      324.0000    64      458.0000      320.6524    74586   29.99%
   7160  6380      328.6000    39      458.0000      320.6524    79160   29.99%
   7437  6650      327.8152    53      458.0000      320.6544    83975   29.99%
   7880  7079      323.6510    78      458.0000      320.6544    87091   29.99%
Elapsed time = 42.94 sec. (38470.08 ticks, tree = 13.10 MB, solutions = 1)
   8255  7448      383.8690    45      458.0000      320.6544    91087   29.99%
   8564  7744      340.1102    41      458.0000      320.6544    93921   29.99%
   9109  8271        cutoff            458.0000      320.6544    97702   29.99%
   9498  8658      365.5345    68      458.0000      320.6544   100291   29.99%
   9949  9102      362.4315    47      458.0000      320.6544   103874   29.99%
  10414  9559      328.6000    83      458.0000      320.6732   107723   29.98%
  10842  9984      327.0242    42      458.0000      320.6732   111439   29.98%
  11267 10396      340.3172    43      458.0000      320.6732   115406   29.98%
* 11564 10651      integral     0      446.0000      320.6732   117779   28.10%
  11565 10651      321.6000    44      446.0000      320.6732   117797   28.10%
  12149 11231      360.9333    28      446.0000      320.6732   122126   28.10%
Elapsed time = 53.62 sec. (48386.60 ticks, tree = 20.87 MB, solutions = 2)
  12562 11634      328.4156    37      446.0000      320.6795   125550   28.10%
  13023 12086      379.7239    34      446.0000      320.6795   128496   28.10%
  13652 12703      342.8188    34      446.0000      320.6795   132583   28.10%
  14050 13092      334.2837    36      446.0000      320.6795   136923   28.10%
  14604 13628    infeasible            446.0000      320.6795   141215   28.10%
  15036 14053      350.3908    43      446.0000      320.7116   145025   28.09%
  15450 14458      390.6238    37      446.0000      320.7116   150174   28.09%
  15772 14764      331.7635    53      446.0000      320.7116   153576   28.09%
* 16007 14599      integral     0      427.0000      320.7116   154957   24.89%
  16258 14841      372.0650    50      427.0000      320.7116   157122   24.89%
  16872 15443      387.8156    28      427.0000      320.7116   161420   24.89%
Elapsed time = 63.31 sec. (57932.45 ticks, tree = 28.44 MB, solutions = 3)
  17236 15800      343.1846    44      427.0000      320.7218   167381   24.89%
  17770 16326      335.0719    49      427.0000      320.7218   171604   24.89%
  18251 16799      348.6000    11      427.0000      320.7218   176720   24.89%
* 18276 10311      integral     0      375.0000      320.7218   177170   14.47%

Performing restart 2

Repeating presolve.
Tried aggregator 1 time.
MIP Presolve eliminated 33 rows and 1255 columns.
MIP Presolve modified 27788 coefficients.
Reduced MIP has 2597 rows, 2251 columns, and 28426 nonzeros.
Reduced MIP has 2202 binaries, 0 generals, 0 SOSs, and 0 indicators.
Presolve time = 0.05 sec. (34.62 ticks)
Tried aggregator 1 time.
MIP Presolve eliminated 134 rows and 0 columns.
MIP Presolve modified 7709 coefficients.
Reduced MIP has 2463 rows, 2251 columns, and 23917 nonzeros.
Reduced MIP has 2202 binaries, 0 generals, 0 SOSs, and 0 indicators.
Presolve time = 0.05 sec. (32.76 ticks)
Represolve time = 0.34 sec. (188.81 ticks)
  18573     0      320.6000    92      375.0000     Cuts: 113   182731   14.47%
  18573     0      320.6000    82      375.0000      Cuts: 85   183065   14.47%
  18573     0      320.6000    83      375.0000     Cuts: 117   183376   14.47%
  18573     0      320.6000    77      375.0000      Cuts: 51   183595   14.47%
  18573     0      320.6000    95      375.0000     Cuts: 122   183933   14.47%
  18573     0      320.6000    89      375.0000      Cuts: 56   184197   14.47%
  18573     0      320.6000    84      375.0000     Cuts: 136   184554   14.47%
  18573     0      320.6023   113      375.0000      Cuts: 42   184824   14.47%
  18573     0      320.6032   110      375.0000      Cuts: 38   184879   14.47%
  18573     2      320.6032    96      375.0000      320.7553   184879   14.47%
  18582    11      320.9357    77      375.0000      320.7553   185260   14.47%
  18598    27      321.8308    59      375.0000      320.7553   186080   14.47%
  18619    48      329.1000    27      375.0000      320.7553   186962   14.47%
  18652    67      320.6310    70      375.0000      320.7553   187395   14.47%
  18663    78      321.7757    63      375.0000      320.7553   188410   14.47%
  18683    98      337.0094    34      375.0000      320.7553   189506   14.47%
Elapsed time = 78.53 sec. (71631.75 ticks, tree = 0.57 MB, solutions = 4)
  18722   124      321.8527    69      375.0000      320.7553   191035   14.47%
  18748   150      353.7422    44      375.0000      320.7553   192078   14.47%
  18801   187      342.5394    33      375.0000      320.7553   192916   14.47%
  18840   203      328.2540    66      375.0000      320.9224   194217   14.42%
  18881   244      331.9442    38      375.0000      320.9224   195343   14.42%
  18919   261      323.7288    70      375.0000      320.9224   196434   14.42%
  18966   304      325.6884    50      375.0000      320.9333   197435   14.42%
  19031   347      321.6000    78      375.0000      320.9524   198494   14.41%
  19089   397      341.4678    44      375.0000      320.9524   200445   14.41%
  19134   422      324.7283    79      375.0000      320.9524   202133   14.41%
Elapsed time = 88.71 sec. (81584.96 ticks, tree = 1.03 MB, solutions = 4)
  19185   469      353.8986    44      375.0000      320.9524   204644   14.41%
  19268   528      342.5280    42      375.0000      320.9524   205633   14.41%
  19360   608      325.1000    63      375.0000      320.9524   206941   14.41%
  19446   677      329.9505    47      375.0000      320.9524   208703   14.41%
  19536   754      332.1204    46      375.0000      321.0798   210684   14.38%
  19629   840      358.3136    33      375.0000      321.0798   212778   14.38%
  19747   937      325.9203    69      375.0000      321.0798   214427   14.38%
  19843  1023      340.3440    61      375.0000      321.0798   215303   14.38%
  19968  1103      365.5159    35      375.0000      321.0798   216660   14.38%
  20063  1185      338.2139    46      375.0000      321.0798   219648   14.38%
Elapsed time = 99.33 sec. (91261.64 ticks, tree = 2.07 MB, solutions = 4)
  20169  1278      325.2433    62      375.0000      321.0798   222048   14.38%
  20294  1377      330.7781    37      375.0000      321.0910   224285   14.38%
  20410  1474      355.9483    44      375.0000      321.0910   226889   14.38%
  20547  1597      340.7549    47      375.0000      321.0910   228906   14.38%
  20690  1718      326.8500    50      375.0000      321.1813   231642   14.35%
  20849  1855      332.8104    50      375.0000      321.1813   234794   14.35%
  20973  1954      336.6449    31      375.0000      321.1813   236690   14.35%
  21081  2043      358.5091    56      375.0000      321.1813   238668   14.35%
  21225  2163      334.4862    39      375.0000      321.1813   240593   14.35%
* 21602   815      integral     0      336.0000      321.2290   252544    4.40%
Elapsed time = 111.43 sec. (102208.10 ticks, tree = 1.32 MB, solutions = 5)
  22257  1245      331.1446    64      336.0000      321.6000   272607    4.29%
  22879  1659      332.1000    34      336.0000      321.7087   296753    4.25%
  23498  2004      326.9646    71      336.0000      321.9542   321685    4.18%
  24124  2365      328.7549    71      336.0000      322.1260   339348    4.13%
  24676  2671      327.8396    46      336.0000      322.6000   358901    3.99%
  25207  2841      323.4403    71      336.0000      322.8798   383870    3.90%
* 25376  2538      integral     0      334.0000      322.9159   387865    3.32%
  25843  2796      332.6526    52      334.0000      323.1000   406097    3.26%
  26318  2945      328.3836    61      334.0000      323.3474   433608    3.19%
  26894  3083      329.2667    40      334.0000      323.5666   464401    3.12%
  27301  3104        cutoff            334.0000      323.7825   488067    3.06%
Elapsed time = 148.37 sec. (140518.69 ticks, tree = 4.54 MB, solutions = 6)
  27759  3247        cutoff            334.0000      323.9750   513413    3.00%
  28198  3351        cutoff            334.0000      324.1685   538188    2.94%
  28576  3352      330.6000    60      334.0000      324.3835   562817    2.88%
  28954  3304        cutoff            334.0000      324.6217   589132    2.81%
  29310  3357        cutoff            334.0000      324.8000   608947    2.75%
  29670  3428      331.3143    49      334.0000      324.9309   630183    2.72%
  30052  3429      326.1000    47      334.0000      325.0981   653280    2.67%
  30402  3404        cutoff            334.0000      325.2550   681823    2.62%
  31236  3760      330.2250    74      334.0000      325.4000   706522    2.57%
  31937  3955        cutoff            334.0000      325.6000   732224    2.51%
Elapsed time = 185.27 sec. (178725.59 ticks, tree = 5.85 MB, solutions = 6)
  32445  4097      331.9333    47      334.0000      325.6000   758352    2.51%
  32960  4203      330.0202    74      334.0000      325.6330   785599    2.51%
  33334  4308      330.7270    67      334.0000      325.7100   814044    2.48%
  33975  4402      332.6000    16      334.0000      325.8415   840329    2.44%
  34514  4557      330.7231    61      334.0000      325.9381   869455    2.41%
  34970  4625      332.6000     6      334.0000      326.0329   895329    2.39%
  35922  4958        cutoff            334.0000      326.1141   922599    2.36%
  36438  5042      329.9260    64      334.0000      326.2072   951764    2.33%
  37193  5118      328.3193    47      334.0000      326.3657   981504    2.29%
  37886  5238      332.8500    78      334.0000      326.4889  1008026    2.25%
Elapsed time = 215.46 sec. (216993.97 ticks, tree = 7.93 MB, solutions = 6)
  38447  5215        cutoff            334.0000      326.6000  1036052    2.22%
  38965  5212      330.3000    81      334.0000      326.6000  1062280    2.22%
  39397  5243        cutoff            334.0000      326.6426  1089179    2.20%
  40002  5332      332.6000    21      334.0000      326.7042  1112528    2.18%
  40420  5402      328.9333    25      334.0000      326.7546  1135184    2.17%
  40701  5434      332.6000    31      334.0000      326.8000  1157983    2.16%
  41269  5392      329.4000    72      334.0000      326.8511  1185621    2.14%
  41548  5438        cutoff            334.0000      326.9000  1212787    2.13%
  41950  5386      332.0861    95      334.0000      326.9441  1244039    2.11%
  42593  5452      332.6000    23      334.0000      327.0117  1275367    2.09%
Elapsed time = 243.65 sec. (255239.50 ticks, tree = 8.36 MB, solutions = 6)
* 42923  3656      integral     0      333.0000      327.0506  1295383    1.79%
  43064  3711        cutoff            333.0000      327.0525  1304569    1.79%
  43637  3832        cutoff            333.0000      327.1000  1335813    1.77%
  43971  3775      331.6000    20      333.0000      327.1000  1362697    1.77%
  44538  3726      327.3586    65      333.0000      327.1713  1395364    1.75%
  44996  3724        cutoff            333.0000      327.2125  1425767    1.74%
  45579  3739      331.6000    19      333.0000      327.2751  1461224    1.72%
  46251  3688        cutoff            333.0000      327.3411  1497686    1.70%
  46792  3708        cutoff            333.0000      327.3932  1531589    1.68%
  47277  3605      331.6000    59      333.0000      327.4422  1559143    1.67%
  48038  3696        cutoff            333.0000      327.5035  1592627    1.65%
Elapsed time = 285.84 sec. (293521.88 ticks, tree = 5.57 MB, solutions = 7)
  48758  3660      330.8500    91      333.0000      327.6000  1626591    1.62%
  49339  3577      331.6000    32      333.0000      327.6000  1660829    1.62%
  49887  3576      331.6000    32      333.0000      327.6000  1696595    1.62%
  50424  3508        cutoff            333.0000      327.6564  1732465    1.60%
  50917  3422        cutoff            333.0000      327.7134  1766543    1.59%
  51274  3416      328.0683    63      333.0000      327.7391  1794864    1.58%
  51649  3307      331.6000    14      333.0000      327.7586  1823913    1.57%
  52317  3373      331.6000    23      333.0000      327.8068  1859051    1.56%
  53004  3291      331.6000    22      333.0000      327.9115  1900488    1.53%
  53540  3200      331.6000    13      333.0000      327.9670  1934923    1.51%
Elapsed time = 315.61 sec. (331766.22 ticks, tree = 4.85 MB, solutions = 7)
  54451  3249        cutoff            333.0000      328.0301  1976485    1.49%
  55119  3109        cutoff            333.0000      328.1000  2015421    1.47%
  55316  3040      328.8611    76      333.0000      328.1025  2043531    1.47%
  55632  2892        cutoff            333.0000      328.1714  2071862    1.45%
  56156  2956        cutoff            333.0000      328.2330  2102228    1.43%
  56972  2933        cutoff            333.0000      328.3088  2140080    1.41%
  57790  2918      331.2727    75      333.0000      328.4005  2179601    1.38%
  58552  2796        cutoff            333.0000      328.5174  2219901    1.35%
  59198  2630      331.8500    90      333.0000      328.6000  2257846    1.32%
  59725  2757        cutoff            333.0000      328.6000  2292720    1.32%
Elapsed time = 344.65 sec. (369949.90 ticks, tree = 4.26 MB, solutions = 7)
  60441  3040      331.6000    23      333.0000      328.6000  2328845    1.32%
  61018  3001      331.6000    13      333.0000      328.6332  2361685    1.31%
  61710  2760        cutoff            333.0000      328.7447  2396073    1.28%
  62524  2634      329.6000    61      333.0000      328.8457  2435981    1.25%
  63319  2525      330.9000   119      333.0000      328.9333  2473795    1.22%
  64260  2356      331.6000    22      333.0000      329.0211  2516325    1.19%
  65093  2222        cutoff            333.0000      329.1000  2557978    1.17%
  65533  2003      331.6000    12      333.0000      329.1378  2588985    1.16%
  66107  1807      331.6000    40      333.0000      329.2085  2624872    1.14%
  66503  1624      330.2370    95      333.0000      329.2715  2654519    1.12%
Elapsed time = 372.87 sec. (408205.77 ticks, tree = 2.62 MB, solutions = 7)
  66951  1245      333.5365    94      333.0000      329.4171  2682996    1.08%
  67328   967      330.6000    54      333.0000      329.5814  2708244    1.03%
  67664   730        cutoff            333.0000      329.6000  2734556    1.02%
  68029   463        cutoff            333.0000      329.7575  2762229    0.97%
  68555    20      331.6000    64      333.0000      330.8167  2793605    0.66%

GUB cover cuts applied:  5
Clique cuts applied:  48
Cover cuts applied:  448
Implied bound cuts applied:  8
Flow cuts applied:  9
Mixed integer rounding cuts applied:  158
Zero-half cuts applied:  33
Lift and project cuts applied:  14
Gomory fractional cuts applied:  40

Root node processing (before b&c):
  Real time             =    0.55 sec. (412.54 ticks)
Sequential b&c:
  Real time             =  385.08 sec. (427338.23 ticks)
                          ------------
Total (root+branch&cut) =  385.63 sec. (427750.77 ticks)
