Version identifier: 22.1.1.0 | 2022-11-28 | 9160aff4d
CPXPARAM_Read_DataCheck                          1
CPXPARAM_Threads                                 1
CPXPARAM_MIP_Strategy_NodeSelect                 0
CPXPARAM_MIP_Strategy_HeuristicFreq              1
CPXPARAM_TimeLimit                               1800
CPXPARAM_MIP_Tolerances_MIPGap                   9.9999999999999995e-07
Tried aggregator 2 times.
MIP Presolve eliminated 119 rows and 429 columns.
MIP Presolve added 28 rows and 0 columns.
MIP Presolve modified 13373 coefficients.
Aggregator did 5 substitutions.
Reduced MIP has 2644 rows, 3520 columns, and 19038 nonzeros.
Reduced MIP has 3471 binaries, 0 generals, 0 SOSs, and 0 indicators.
Presolve time = 0.03 sec. (24.60 ticks)
Found incumbent of value 1430.000000 after 0.07 sec. (51.51 ticks)
Probing time = 0.01 sec. (3.80 ticks)
Tried aggregator 1 time.
Detecting symmetries...
Reduced MIP has 2644 rows, 3520 columns, and 19038 nonzeros.
Reduced MIP has 3471 binaries, 0 generals, 0 SOSs, and 0 indicators.
Presolve time = 0.02 sec. (10.78 ticks)
Probing time = 0.01 sec. (3.86 ticks)
Clique table members: 2794.
MIP emphasis: balance optimality and feasibility.
MIP search method: dynamic search.
Parallel mode: none, using 1 thread.
Root relaxation solution time = 0.02 sec. (21.43 ticks)

        Nodes                                         Cuts/
   Node  Left     Objective  IInf  Best Integer    Best Bound    ItCnt     Gap

*     0+    0                         1430.0000        0.0000           100.00%
      0     0      293.8281   101     1430.0000      293.8281      525   79.45%
      0     0      315.8500    91     1430.0000     Cuts: 127      647   77.91%
      0     0      317.1612    51     1430.0000      Cuts: 85      736   77.82%
      0     0      319.1000    47     1430.0000      Cuts: 44      874   77.69%
      0     0      319.6157    91     1430.0000      Cuts: 65     1002   77.65%
      0     0      319.7250    51     1430.0000      Cuts: 51     1064   77.64%
Detecting symmetries...
      0     0      320.1000    62     1430.0000      Cuts: 94     1251   77.62%
      0     0      320.1000    51     1430.0000      Cuts: 54     1361   77.62%
*     0+    0                          720.0000      320.1000            55.54%
*     0+    0                          554.0000      320.1000            42.22%
      0     0  -1.00000e+75     0      554.0000      320.1000     1361   42.22%
      0     0      320.1000    49      554.0000      Cuts: 12     1381   42.22%
      0     0      320.1000    22      554.0000       Cuts: 6     1383   42.22%
      0     0      320.1000    50      554.0000      Cuts: 36     1445   42.22%
Detecting symmetries...
      0     2      320.1000    49      554.0000      320.1000     1445   42.22%
Elapsed time = 1.30 sec. (1036.41 ticks, tree = 0.01 MB, solutions = 3)
      5     7      320.1284    76      554.0000      320.1000     1487   42.22%
     15    17      320.1284    74      554.0000      320.1000     1506   42.22%
     26    28      320.1284    77      554.0000      320.1000     1536   42.22%
     30    32      320.1284    77      554.0000      320.1000     1549   42.22%
     35    37      320.1284    80      554.0000      320.1000     1567   42.22%
     42    44      320.1284    78      554.0000      320.1000     1611   42.22%
     48    50      320.1284    75      554.0000      320.1000     1621   42.22%
     59    61      321.7574    80      554.0000      320.1000     1793   42.22%
     70    72      331.1993    60      554.0000      320.1000     2406   42.22%
    227   151        cutoff            554.0000      320.1000     4844   42.22%
Elapsed time = 4.69 sec. (4403.71 ticks, tree = 0.28 MB, solutions = 3)
*   291+  158                          533.0000      320.1000            39.94%
*   391+  149                          479.0000      320.1000            33.17%
    651   139      477.8571    12      479.0000      320.1000     9294   33.17%
*   652   138      integral     0      468.0000      320.1000     9307   31.60%
*   726   134      integral     0      463.0000      320.1000    10298   30.86%
   1229   136      455.3347    21      463.0000      320.1000    17030   30.86%
   1713   136        cutoff            463.0000      320.1000    22288   30.86%

Performing restart 1

Repeating presolve.
Tried aggregator 1 time.
MIP Presolve eliminated 5 rows and 5 columns.
MIP Presolve modified 5185 coefficients.
Reduced MIP has 2639 rows, 3515 columns, and 17539 nonzeros.
Reduced MIP has 3466 binaries, 0 generals, 0 SOSs, and 0 indicators.
Presolve time = 0.02 sec. (14.23 ticks)
Tried aggregator 1 time.
Reduced MIP has 2639 rows, 3515 columns, and 17539 nonzeros.
Reduced MIP has 3466 binaries, 0 generals, 0 SOSs, and 0 indicators.
Presolve time = 0.01 sec. (11.38 ticks)
Represolve time = 0.15 sec. (97.62 ticks)
   1863     0      320.4333    70      463.0000      Cuts: 47    24923   30.79%
   1863     0      320.6000    65      463.0000      Cuts: 58    25015   30.76%
   1863     0      320.6000    65      463.0000      Cuts: 63    25141   30.76%
   1863     0      320.6000    59      463.0000       Cuts: 9    25219   30.76%
   1863     0      320.6000    72      463.0000      Cuts: 74    25320   30.76%
   1863     0      320.6000    50      463.0000      Cuts: 43    25400   30.76%
   1863     0      320.6000    77      463.0000      Cuts: 67    25636   30.76%
   1863     0      320.6000    51      463.0000       Cuts: 9    25669   30.76%
   1863     0      320.6000    56      463.0000     Cuts: 102    25765   30.76%
   1863     2      320.6000    27      463.0000      320.6000    25765   30.76%
   1870     9      320.6126    57      463.0000      320.6000    25982   30.76%
   1878    17      320.7615    17      463.0000      320.6000    26106   30.76%
   1892    31      320.9080    75      463.0000      320.6000    26236   30.76%
   1902    41      321.0143    75      463.0000      320.6000    26337   30.76%
   1920    59      321.3073    71      463.0000      320.6000    26524   30.76%
   1937    76      321.6099    53      463.0000      320.6000    26642   30.76%
Elapsed time = 23.56 sec. (21006.05 ticks, tree = 0.27 MB, solutions = 7)
   1955    94      321.9452    60      463.0000      320.6000    26763   30.76%
   1973   112      322.4643    66      463.0000      320.6000    26878   30.76%
   1998   137      323.0576    59      463.0000      320.6000    26987   30.76%
   2021   160      323.8440    62      463.0000      320.6000    27070   30.76%
   2043   182      324.0219    54      463.0000      320.6000    27126   30.76%
   2065   204      324.1797    50      463.0000      320.6000    27178   30.76%
   2082   221      324.2393    60      463.0000      320.6000    27208   30.76%
   2110   249      324.5315    45      463.0000      320.6000    27277   30.76%
   2145   284      336.8130    46      463.0000      320.6000    27470   30.76%
   2175   314      336.8649    59      463.0000      320.6000    27569   30.76%
Elapsed time = 33.40 sec. (30797.31 ticks, tree = 0.70 MB, solutions = 7)
   2212   351      336.8941    51      463.0000      320.6000    27662   30.76%
   2248   387      336.9115    61      463.0000      320.6000    27740   30.76%
   2278   416      336.9124    63      463.0000      320.6000    27790   30.76%
   2322   460      336.9882    56      463.0000      320.6000    27904   30.76%
   2363   499      338.3472    37      463.0000      320.6000    28059   30.76%
   2408   544      341.3284    61      463.0000      320.6000    28247   30.76%
   2460   596      343.5806    68      463.0000      320.6000    28534   30.76%
   2542   678      345.6253    49      463.0000      320.6000    28855   30.76%
   2621   757      348.7263    37      463.0000      320.6000    29447   30.76%
   2721   855      350.9840    55      463.0000      320.6000    29841   30.76%
Elapsed time = 44.08 sec. (40486.93 ticks, tree = 1.66 MB, solutions = 7)
   2822   953      359.4076    47      463.0000      320.6000    30439   30.76%
   2983   990        cutoff            463.0000      320.6000    33295   30.76%
   3117   922      434.5957    38      463.0000      320.6000    39849   30.76%
   3209   906      448.7667    33      463.0000      320.6000    43475   30.76%
   3282   877      430.2979    22      463.0000      320.6000    46908   30.76%
   3437   848      430.6068    22      463.0000      320.6000    49719   30.76%
   3646   829        cutoff            463.0000      320.6000    52401   30.76%
*  3756   835      integral     0      454.0000      320.6000    55227   29.38%
   3884   827        cutoff            454.0000      320.6000    55498   29.38%
   4464   833    infeasible            454.0000      320.6000    56424   29.38%
   5046   825      452.6000     2      454.0000      320.6000    57411   29.38%
Elapsed time = 55.20 sec. (50072.90 ticks, tree = 1.65 MB, solutions = 8)
   5635   823      452.6000     6      454.0000      320.6000    58335   29.38%
   6287   817      452.6000     7      454.0000      320.6000    59193   29.38%
   6909   816      452.6000     5      454.0000      320.6000    59959   29.38%
   7212   799      459.2327    16      454.0000      320.6000    63644   29.38%
*  7346   917      integral     0      452.0000      320.6000    64879   29.07%
*  7446+  888                          441.0000      320.6000            27.30%
*  7502   880      integral     0      438.0000      320.6000    65885   26.80%
   7574   879      436.6000     6      438.0000      320.6000    66008   26.80%
*  7602+  846                          427.0000      320.6000            24.92%
   7707   754        cutoff            427.0000      320.6000    72388   24.92%
   7772   711      397.1569    31      427.0000      320.6000    77190   24.92%
   8026   694      395.1102    27      427.0000      320.6000    80560   24.92%
   8260   676      417.5418    34      427.0000      320.6000    83334   24.92%
   8512   693      389.0863    36      427.0000      320.6000    86063   24.92%
Elapsed time = 67.21 sec. (59675.46 ticks, tree = 1.98 MB, solutions = 12)
   8817   671      387.2494    24      427.0000      320.6000    88883   24.92%
   8998   647        cutoff            427.0000      320.6000    91634   24.92%
   9178   627        cutoff            427.0000      320.6000    96332   24.92%
   9421   626      396.2939    24      427.0000      320.6000    98912   24.92%
   9605   608        cutoff            427.0000      320.6000   102812   24.92%
   9896   610        cutoff            427.0000      320.6000   106121   24.92%
*  9966   631      integral     0      423.0000      320.6000   107141   24.21%
  10141   628    infeasible            423.0000      320.6000   108136   24.21%
* 10224   633      integral     0      419.0000      320.6000   108623   23.48%
* 10418   613      integral     0      412.0000      320.6000   109521   22.18%
* 10923+  557                          394.0000      320.6000            18.63%
* 10923+  501                          375.0000      320.6000            14.51%
* 10923+  387                          351.0000      320.6000             8.66%
  10923   387    infeasible            351.0000      320.6000   110868    8.66%
  11552   361    infeasible            351.0000      320.6000   112644    8.66%
Elapsed time = 84.69 sec. (73191.04 ticks, tree = 0.85 MB, solutions = 18)
  12269   357      349.6000     4      351.0000      320.6000   113808    8.66%
  13022   356      349.6000     8      351.0000      320.6000   114962    8.66%
  13784   345    infeasible            351.0000      320.6000   115999    8.66%
  14519   352      349.6000     2      351.0000      320.6000   117102    8.66%
  15255   343      349.6000     5      351.0000      320.6000   118066    8.66%
  15541   248      337.9179    37      351.0000      320.6000   123412    8.66%
  15721   216      337.9972    46      351.0000      320.6000   129408    8.66%
  15982   215        cutoff            351.0000      320.6000   135388    8.66%
  16194   203        cutoff            351.0000      320.6000   141415    8.66%
  16653   212    infeasible            351.0000      320.6000   146690    8.66%
Elapsed time = 98.40 sec. (82752.46 ticks, tree = 0.59 MB, solutions = 18)
  17069   193        cutoff            351.0000      320.6000   151735    8.66%
  17139   152      349.6835    26      351.0000      320.6000   158689    8.66%
  17451   164        cutoff            351.0000      320.6000   161637    8.66%
  17663   146      338.9457    29      351.0000      320.6000   164204    8.66%
  17747   157      337.6118    32      351.0000      320.6000   165298    8.66%
  18116   130      345.6000    28      351.0000      320.6000   168693    8.66%
* 18228   152      integral     0      345.0000      320.6000   170052    7.07%
  18342   143      343.6000     3      345.0000      320.6000   170343    7.07%
  19030   135      343.6000     3      345.0000      320.6000   171931    7.07%
  19683   143    infeasible            345.0000      320.6000   173384    7.07%
  20353   130      343.6000     8      345.0000      320.6000   174366    7.07%
Elapsed time = 111.33 sec. (92342.94 ticks, tree = 0.59 MB, solutions = 19)
  21092   134    infeasible            345.0000      320.6000   175533    7.07%
  21824   133    infeasible            345.0000      320.6000   176448    7.07%
  22508   123      343.6000     5      345.0000      320.6000   177625    7.07%
  22658    95      329.3350    45      345.0000      320.6000   183019    7.07%
  22850    98        cutoff            345.0000      320.6000   189016    7.07%
  23430   125    infeasible            345.0000      320.6000   191441    7.07%
  24152   122      343.6000     5      345.0000      320.6000   192756    7.07%
  24892   120      343.6000     4      345.0000      320.6000   193853    7.07%
  25541   123    infeasible            345.0000      320.6000   194890    7.07%
  28604   119    infeasible            345.0000      320.6000   200460    7.07%
Elapsed time = 130.18 sec. (104760.36 ticks, tree = 0.43 MB, solutions = 19)
  31786   110      343.6000     7      345.0000      320.6000   206800    7.07%
  34954   113      343.6000     2      345.0000      320.6000   213028    7.07%
  37087    97        cutoff            345.0000      320.6000   220855    7.07%
* 37511   113      integral     0      336.0000      320.6000   231718    4.58%
  38288   103      334.6000     6      336.0000      320.6000   235079    4.58%

Performing restart 2

Repeating presolve.
Tried aggregator 2 times.
MIP Presolve eliminated 145 rows and 2062 columns.
MIP Presolve modified 7984 coefficients.
Aggregator did 1 substitutions.
Reduced MIP has 2493 rows, 1452 columns, and 14349 nonzeros.
Reduced MIP has 1403 binaries, 0 generals, 0 SOSs, and 0 indicators.
Presolve time = 0.03 sec. (21.29 ticks)
Tried aggregator 1 time.
MIP Presolve eliminated 664 rows and 20 columns.
MIP Presolve modified 3190 coefficients.
Reduced MIP has 1829 rows, 1432 columns, and 11085 nonzeros.
Reduced MIP has 1384 binaries, 0 generals, 0 SOSs, and 0 indicators.
Presolve time = 0.02 sec. (14.17 ticks)
Tried aggregator 1 time.
Reduced MIP has 1829 rows, 1432 columns, and 11085 nonzeros.
Reduced MIP has 1384 binaries, 0 generals, 0 SOSs, and 0 indicators.
Presolve time = 0.01 sec. (6.16 ticks)
Represolve time = 0.23 sec. (135.49 ticks)
  38543     0      320.6000    60      336.0000      Cuts: 18   236163    4.58%
  38543     0      320.6000    68      336.0000     Cuts: 225   236233    4.58%
  38543     0      320.6000    68      336.0000      Cuts: 20   236301    4.58%
  38543     0      320.6000    63      336.0000      Cuts: 17   236344    4.58%
  38543     0      320.6000    62      336.0000     Cuts: 102   236401    4.58%
  38543     0      320.6000    50      336.0000      Cuts: 24   236424    4.58%
  38543     0      320.6000    51      336.0000     Cuts: 154   236484    4.58%
  38543     0      320.6000    64      336.0000       Cuts: 2   236574    4.58%
  38543     0      320.6000    14      336.0000      Cuts: 14   236592    4.58%
  38543     0      320.6000    72      336.0000      Cuts: 46   236670    4.58%
  38592    30      330.6000    39      336.0000      320.6000   237999    4.58%
  38738    26      327.1298    70      336.0000      320.6000   243039    4.58%
  38860    26      327.7048    62      336.0000      320.6000   247846    4.58%
  39784    33      332.3183    38      336.0000      320.6000   254269    4.58%
  40349    35      334.9277    22      336.0000      320.6000   264533    4.58%
  40959    31        cutoff            336.0000      320.6000   281663    4.58%
Elapsed time = 174.75 sec. (143017.60 ticks, tree = 0.03 MB, solutions = 20)
  41688    22      330.9661    39      336.0000      320.6000   302430    4.58%
* 41830    43      integral     0      334.0000      320.6000   305370    4.01%
  43134    15      329.7474    51      334.0000      320.6000   323123    4.01%
  43976    19      330.6000    32      334.0000      320.6000   349391    4.01%
  44684    13      325.7610    80      334.0000      320.6000   373392    4.01%
  45544    17      327.8762    70      334.0000      320.6000   393993    4.01%
  46265    27      331.1733    29      334.0000      320.6000   417710    4.01%
  47040    20      329.3419    51      334.0000      320.6000   443374    4.01%
  47716    30      329.3220    77      334.0000      320.6000   468063    4.01%
  48561    48      332.6000     2      334.0000      320.6000   498537    4.01%
  49623    11      324.8500    53      334.0000      320.6000   516662    4.01%
Elapsed time = 220.10 sec. (181208.90 ticks, tree = 0.01 MB, solutions = 21)
  50382    12      331.9034    60      334.0000      320.6000   542126    4.01%
  51242    10      330.8616    68      334.0000      320.6000   573202    4.01%
  52076    12      331.1000    46      334.0000      320.6000   600540    4.01%
  52848    46      332.6000    24      334.0000      320.6000   625939    4.01%
  54215    26      323.7972    28      334.0000      320.6000   643167    4.01%
  54777    30        cutoff            334.0000      320.6000   660424    4.01%
  55448    16      332.8449    62      334.0000      320.6000   685257    4.01%
  56264    12      329.9283    83      334.0000      320.6000   710574    4.01%
  57146    20        cutoff            334.0000      320.6000   735095    4.01%
  58018    12      327.8291    40      334.0000      320.6000   763692    4.01%
Elapsed time = 258.75 sec. (219470.13 ticks, tree = 0.02 MB, solutions = 21)
  58909    19        cutoff            334.0000      320.6000   791595    4.01%
  59647    14      330.0707    62      334.0000      320.6000   817978    4.01%
  60580    17      332.1075    44      334.0000      320.6000   841114    4.01%
* 61006    48      integral     0      333.0000      320.6000   852267    3.72%
  61939    12      327.6422    60      333.0000      320.6000   861387    3.72%
  62588    11      330.6000    59      333.0000      320.6000   880309    3.72%
  63344     8      331.7600    55      333.0000      320.6000   906594    3.72%
  64029     9      330.7186    33      333.0000      320.6000   931128    3.72%
  64647     4        cutoff            333.0000      320.7304   960285    3.68%
  65443     3      324.6000    31      333.0000      324.1000   987422    2.67%
  66288    10      330.4250    56      333.0000      325.8186  1016667    2.16%
Elapsed time = 286.89 sec. (257679.58 ticks, tree = 0.02 MB, solutions = 22)

Clique cuts applied:  16
Cover cuts applied:  44
Implied bound cuts applied:  1
Flow cuts applied:  1
Mixed integer rounding cuts applied:  27
Zero-half cuts applied:  15
Lift and project cuts applied:  1
Gomory fractional cuts applied:  15

Root node processing (before b&c):
  Real time             =    1.30 sec. (1036.96 ticks)
Sequential b&c:
  Real time             =  286.05 sec. (257426.94 ticks)
                          ------------
Total (root+branch&cut) =  287.35 sec. (258463.90 ticks)
