Version identifier: 22.1.1.0 | 2022-11-28 | 9160aff4d
CPXPARAM_Preprocessing_Presolve                  0
CPXPARAM_Read_DataCheck                          1
CPXPARAM_Threads                                 1
CPXPARAM_MIP_Strategy_HeuristicFreq              -1
CPXPARAM_TimeLimit                               3600
CPXPARAM_MIP_Tolerances_MIPGap                   0.0050000000000000001
Clique table members: 2718.
MIP emphasis: balance optimality and feasibility.
MIP search method: dynamic search.
Parallel mode: none, using 1 thread.
Root relaxation solution time = 0.02 sec. (18.00 ticks)

        Nodes                                         Cuts/
   Node  Left     Objective  IInf  Best Integer    Best Bound    ItCnt     Gap

      0     0      293.8100    97                    293.8100      609         
      0     0      316.1500    86                   Cuts: 212      765         
      0     0      319.1000    41                   Cuts: 110      882         
      0     0      319.1256    69                    Cuts: 30      996         
      0     0      319.6000    48                   Cuts: 220     1212         
      0     0      319.6415   101                   Cuts: 117     1363         
      0     0      319.6419   104                   Cuts: 370     1418         
      0     0      319.6419    89                     Cuts: 4     1428         
      0     0      319.6419    88                   Cuts: 490     1482         
Detecting symmetries...
      0     2      319.6419    82                    319.6430     1482         
Elapsed time = 0.93 sec. (874.29 ticks, tree = 0.01 MB, solutions = 0)
      2     4      319.6937    71                    319.7006     1554         
      8    10      320.2820    65                    319.7006     1765         
     18    20      320.9458    46                    319.7006     1931         
     31    32      345.4460    54                    319.7006     2243         
     49    50      347.6059    59                    319.7006     2493         
     66    67      349.7200    49                    319.7006     3131         
     89    90      363.6500    39                    319.7006     3704         
    111   111      355.6898    40                    319.7006     4370         
    136   135      368.2667    36                    319.7006     4673         
    266   258      596.1933    19                    319.7006     5723         
Elapsed time = 3.95 sec. (4139.25 ticks, tree = 0.53 MB, solutions = 0)
*   335   320      integral     0      790.0000      319.7006     6230   59.53%
*   348   325      integral     0      765.0000      319.7006     6294   58.21%
    417   392      327.1371    32      765.0000      320.5964     7716   58.09%
    552   527      351.6520    40      765.0000      320.5964     9071   58.09%
    688   653      331.4439    50      765.0000      320.6000    10811   58.09%
    877   842      353.6000    33      765.0000      320.6000    13882   58.09%
   1064  1027      424.5167    43      765.0000      320.6000    16362   58.09%
   1300  1262      373.3075    41      765.0000      320.6000    18371   58.09%
   1589  1551      338.6718    38      765.0000      320.6303    20356   58.09%
   1869  1829      327.2906    40      765.0000      320.7021    23904   58.08%
   2168  2126      479.0700    33      765.0000      320.7021    26739   58.08%
   2463  2412      332.6301    42      765.0000      320.8013    29424   58.07%
Elapsed time = 13.44 sec. (13729.97 ticks, tree = 4.92 MB, solutions = 2)
   2813  2762      336.1107    51      765.0000      320.8142    32799   58.06%
   3023  2971      332.4681    39      765.0000      320.8501    36074   58.06%
   3338  3285      363.9676    38      765.0000      320.8632    38875   58.06%
   3593  3534      676.2651    40      765.0000      320.9013    42177   58.05%
   3992  3927      381.4000    22      765.0000      320.9013    45905   58.05%
   4422  4348      328.2039    42      765.0000      320.9624    49609   58.04%
   4901  4821      510.0072    41      765.0000      320.9919    54626   58.04%
   5205  5120      322.4841    59      765.0000      321.0361    57502   58.03%
   5655  5564      362.9400    22      765.0000      321.1205    62643   58.02%
   6216  6107      324.1860    54      765.0000      321.2301    67895   58.01%
Elapsed time = 24.54 sec. (23316.17 ticks, tree = 12.43 MB, solutions = 2)
   6789  6678      373.7169    43      765.0000      321.3376    71662   58.00%
   7189  7078      476.3826    39      765.0000      321.3500    77107   57.99%
   7457  7346      337.3908    34      765.0000      321.3609    82030   57.99%
   7861  7744      343.9197    44      765.0000      321.3805    86079   57.99%
   8360  8229      523.1619    35      765.0000      321.3908    90809   57.99%
   8803  8668      340.7597    48      765.0000      321.4422    95756   57.98%
   9202  9058      323.1625    81      765.0000      321.5579   100511   57.97%
   9684  9533      410.3445    40      765.0000      321.6000   105020   57.96%
  10108  9953      520.6000     4      765.0000      321.6000   109442   57.96%
  10515 10360      400.8118    35      765.0000      321.6000   113793   57.96%
Elapsed time = 36.82 sec. (32902.21 ticks, tree = 21.31 MB, solutions = 2)
  10896 10732      488.8400    30      765.0000      321.6000   118798   57.96%
  11239 11073      359.7584    33      765.0000      321.6000   122918   57.96%
  11686 11520      358.3744    46      765.0000      321.6061   127874   57.96%
  12202 12024      321.9644    88      765.0000      321.6322   131982   57.96%
  12713 12534      552.3525    40      765.0000      321.6492   137244   57.95%
  13124 12942      524.1500    37      765.0000      321.6723   143094   57.95%
  13627 13445      355.0033    20      765.0000      321.7320   147675   57.94%
  14034 13850      338.6818    51      765.0000      321.7456   152752   57.94%
  14472 14284      377.6217    53      765.0000      321.7510   157323   57.94%
  14853 14654      363.9790    68      765.0000      321.7700   163612   57.94%
Elapsed time = 48.53 sec. (42462.61 ticks, tree = 30.10 MB, solutions = 2)
  15282 15073      499.8217    39      765.0000      321.8219   169306   57.93%
  15811 15600      327.1392    33      765.0000      321.8500   174679   57.93%
  16203 15990      326.8653    58      765.0000      321.8500   179772   57.93%
  16680 16465      332.9980    57      765.0000      321.8531   185501   57.93%
  17090 16872      338.2455    30      765.0000      321.8750   191279   57.92%
  17603 17385      331.9580    48      765.0000      321.8952   196808   57.92%
  18054 17831      335.8907    58      765.0000      321.9046   202536   57.92%
  18569 18342      328.6776    37      765.0000      321.9216   207682   57.92%
  19028 18795      327.3341    44      765.0000      321.9333   214304   57.92%
  19516 19282      339.3131    57      765.0000      321.9333   219753   57.92%
Elapsed time = 60.81 sec. (52083.79 ticks, tree = 42.68 MB, solutions = 2)
  19877 19641      378.8252    46      765.0000      321.9776   226646   57.91%
  20429 20192      334.6539    42      765.0000      321.9984   231728   57.91%
  20865 20628      362.1510    34      765.0000      322.0100   237459   57.91%
  21404 21166      327.8027    71      765.0000      322.0488   242391   57.90%
  21902 21662      348.7118    56      765.0000      322.0569   248243   57.90%
  22382 22139      348.0826    58      765.0000      322.0609   254501   57.90%
  22813 22567      329.6251    63      765.0000      322.0794   259844   57.90%
  23262 23014      362.4758    46      765.0000      322.1000   265235   57.90%
  23760 23507      513.0734    39      765.0000      322.1000   270626   57.90%
  24209 23956      333.7583    65      765.0000      322.1000   276500   57.90%
Elapsed time = 72.25 sec. (61664.66 ticks, tree = 52.10 MB, solutions = 2)
  24693 24440      347.2056    58      765.0000      322.1123   281925   57.89%
  25148 24895      365.0190    55      765.0000      322.1204   288662   57.89%
  25603 25350      330.4455    44      765.0000      322.1535   292909   57.89%
  26035 25774      341.6598    51      765.0000      322.1633   298596   57.89%
  26462 26188      343.3471    61      765.0000      322.1784   304152   57.89%
  26833 26549      383.8513    60      765.0000      322.2439   310916   57.88%
  27250 26961      333.1306    77      765.0000      322.2617   316503   57.87%
  27713 27423      470.8857    40      765.0000      322.2779   322344   57.87%
  28035 27745      331.4873    72      765.0000      322.3035   328792   57.87%
  28602 28312      326.0130    69      765.0000      322.3302   335099   57.87%
Elapsed time = 83.45 sec. (71269.55 ticks, tree = 60.91 MB, solutions = 2)
  29003 28713      326.4887    81      765.0000      322.3594   341079   57.86%
  29448 29156      342.0206    46      765.0000      322.3700   347270   57.86%
  29923 29629      421.9094    45      765.0000      322.3847   354123   57.86%
  30372 30078      353.0286    45      765.0000      322.3978   359772   57.86%
  30820 30524      329.4141    29      765.0000      322.4178   365399   57.85%
  31235 30939      328.6270    64      765.0000      322.4252   372482   57.85%
  31765 31468      425.4607    40      765.0000      322.4422   378432   57.85%
  32167 31870      369.3252    60      765.0000      322.4653   383879   57.85%
  32679 32377      355.6843    64      765.0000      322.4732   389694   57.85%
  33126 32820      442.6819    66      765.0000      322.4933   396286   57.84%
Elapsed time = 94.36 sec. (80825.99 ticks, tree = 71.39 MB, solutions = 2)
  33607 33301      324.5375    86      765.0000      322.5082   401095   57.84%
  33965 33658      378.7536    52      765.0000      322.5233   408083   57.84%
  34405 34096      337.1625    42      765.0000      322.5300   415397   57.84%
  34808 34497      333.1666    53      765.0000      322.5357   421767   57.84%
  35263 34948      405.1633    49      765.0000      322.5421   428049   57.84%
  35772 35457      435.9358    64      765.0000      322.5425   433059   57.84%
  36131 35813      523.9483    42      765.0000      322.5750   439397   57.83%
  36603 36278      331.2633    39      765.0000      322.6000   445373   57.83%
  37056 36731      333.9866    62      765.0000      322.6000   452056   57.83%
  38938 38611      394.1785    57      765.0000      322.6000   475084   57.83%
Elapsed time = 108.88 sec. (93332.26 ticks, tree = 83.15 MB, solutions = 2)
  40602 40258      325.6438    75      765.0000      322.6000   498801   57.83%
  42290 41934      349.1631    49      765.0000      322.6345   522995   57.83%
  43804 43448      328.4646    58      765.0000      322.6612   549256   57.82%
* 44512 24888      integral     0      382.0000      322.6747   569658   15.53%
  45039 25394      331.5719    61      382.0000      322.6996   580137   15.52%
  46319 26610      341.0008    52      382.0000      322.7459   611213   15.51%
  47626 27844        cutoff            382.0000      322.8205   641508   15.49%
  48967 29119      338.9105    70      382.0000      322.8717   671472   15.48%
  50085 30152      336.1211    95      382.0000      322.9333   706178   15.46%
  51086 31107      331.8515    70      382.0000      322.9753   736632   15.45%
* 52506 14021      integral     0      345.0000      323.0268   760281    6.37%
Elapsed time = 154.64 sec. (131067.10 ticks, tree = 31.66 MB, solutions = 4)
  53324 14736      336.7263    70      345.0000      323.1170   793539    6.34%
  53930 15227      341.9900    65      345.0000      323.2224   831177    6.31%
  54575 15763      338.4163    85      345.0000      323.3087   868505    6.29%
  55139 16197      333.1181    63      345.0000      323.4005   906694    6.26%
  55855 16798      337.6000    68      345.0000      323.4636   944671    6.24%
* 56232 14620      integral     0      342.0000      323.5180   974717    5.40%
  56310 14665      323.7429    88      342.0000      323.5623   984289    5.39%
  56909 15159      326.6906    70      342.0000      323.6000  1023632    5.38%
  57353 15530      340.2872    70      342.0000      323.6286  1063579    5.37%
  57695 15749      333.6000    47      342.0000      323.6792  1104913    5.36%
  58098 16016      329.3226    54      342.0000      323.7527  1145824    5.34%
Elapsed time = 204.25 sec. (169340.66 ticks, tree = 36.22 MB, solutions = 5)
* 58479 12811      integral     0      338.0000      323.7955  1183584    4.20%
  58517 12830        cutoff            338.0000      323.7986  1185704    4.20%
  58940 13126      330.0000    51      338.0000      323.8833  1225473    4.18%
  59361 13389        cutoff            338.0000      323.9609  1266079    4.15%
  59671 13556      332.1000    78      338.0000      324.0523  1307378    4.13%
  60008 13765      327.1000   137      338.0000      324.1083  1349034    4.11%
  60423 14052      331.3500    62      338.0000      324.1501  1388626    4.10%
  60705 14240      333.6000   123      338.0000      324.1784  1429992    4.09%
  60983 14394      334.1469    98      338.0000      324.2291  1472219    4.07%
  61243 14527      333.6349    79      338.0000      324.3066  1513984    4.05%
  61521 14678      333.7020    47      338.0000      324.3376  1556529    4.04%
Elapsed time = 251.51 sec. (207730.71 ticks, tree = 33.56 MB, solutions = 6)
  61771 14808      327.1520   106      338.0000      324.3827  1598107    4.03%
  62045 14922        cutoff            338.0000      324.4627  1640377    4.01%
  62303 15064      325.6615    50      338.0000      324.5277  1682209    3.99%
  62566 15183      328.6000    90      338.0000      324.6000  1724469    3.96%
  62851 15377      325.0643    72      338.0000      324.6000  1764683    3.96%
  63142 15557      324.7490   129      338.0000      324.6303  1807305    3.96%
  63393 15719      332.3062   116      338.0000      324.6615  1849060    3.95%
  63705 15922      333.0275    52      338.0000      324.6833  1890424    3.94%
  63894 16020      331.6000    86      338.0000      324.7250  1933541    3.93%
  64153 16154      328.7224    90      338.0000      324.7647  1976363    3.92%
Elapsed time = 286.18 sec. (246068.96 ticks, tree = 36.65 MB, solutions = 6)
  64566 16448      331.3419   129      338.0000      324.8100  2016923    3.90%
  64888 16643      332.2667    76      338.0000      324.8600  2059441    3.89%
  65151 16773      324.8973    82      338.0000      324.8973  2100693    3.88%
  65430 16906        cutoff            338.0000      324.9288  2141941    3.87%
  65752 17112      331.8500    61      338.0000      324.9597  2182404    3.86%
  66045 17295      333.5301    69      338.0000      324.9932  2223422    3.85%
  66350 17475      328.8451   119      338.0000      325.0375  2265679    3.84%
  66526 17546      331.9196    93      338.0000      325.0706  2307301    3.83%
  66732 17637      327.1000    81      338.0000      325.1000  2350142    3.82%
  66998 17846      333.9173   105      338.0000      325.1049  2389991    3.82%
Elapsed time = 316.42 sec. (284409.04 ticks, tree = 40.49 MB, solutions = 6)
  67294 18030      331.2875   100      338.0000      325.1318  2432685    3.81%
  67619 18245      335.5961   101      338.0000      325.1581  2476182    3.80%
  67881 18422      329.2250   112      338.0000      325.1784  2518985    3.79%
  68169 18609      329.2667   108      338.0000      325.2073  2560801    3.78%
  68449 18771      333.8592    97      338.0000      325.2381  2603303    3.78%
  68710 18917        cutoff            338.0000      325.2667  2645641    3.77%
  68993 19067      331.1857    94      338.0000      325.2990  2688138    3.76%
  69212 19156      334.5803    72      338.0000      325.3255  2729439    3.75%
  69476 19307      334.0354    65      338.0000      325.3534  2770204    3.74%
  69738 19437      331.1906    95      338.0000      325.3775  2812128    3.73%
Elapsed time = 346.85 sec. (322755.97 ticks, tree = 44.01 MB, solutions = 6)
  70013 19598      327.1625   117      338.0000      325.4132  2854572    3.72%
  70302 19767      335.5219   115      338.0000      325.4435  2896107    3.71%
  70563 19892      333.7962    95      338.0000      325.4761  2936827    3.71%
  70788 19971      332.1000    40      338.0000      325.5264  2979885    3.69%
  71043 20056      332.6213    52      338.0000      325.5718  3021937    3.68%
  71340 20217      325.6000    35      338.0000      325.6000  3062248    3.67%
  71730 20500      326.1104    57      338.0000      325.6000  3104680    3.67%
  71965 20652      329.7426   128      338.0000      325.6000  3145347    3.67%
  72284 20843        cutoff            338.0000      325.6301  3187542    3.66%
  72518 21005      328.0434   114      338.0000      325.6438  3227972    3.66%
Elapsed time = 376.74 sec. (361037.35 ticks, tree = 47.46 MB, solutions = 6)
  72844 21217      326.5758    97      338.0000      325.6618  3269390    3.65%
  73092 21366      329.9337   103      338.0000      325.6800  3312117    3.64%
  73364 21494      334.8617    60      338.0000      325.7036  3355392    3.64%
  73596 21587        cutoff            338.0000      325.7223  3397625    3.63%
  73852 21701      334.8846    86      338.0000      325.7460  3441630    3.63%
  74149 21884      334.1000    62      338.0000      325.7722  3483555    3.62%
  74536 22140      326.0757    87      338.0000      325.7962  3521579    3.61%
  74717 22216      334.7959    63      338.0000      325.8103  3564382    3.61%
  74959 22318      332.3579   130      338.0000      325.8384  3607084    3.60%
  75200 22444      332.4182    68      338.0000      325.8536  3649717    3.59%
Elapsed time = 406.09 sec. (399419.85 ticks, tree = 50.74 MB, solutions = 6)
  75472 22534      326.0608    74      338.0000      325.8917  3691667    3.58%
  75715 22666      336.7100    92      338.0000      325.9125  3735929    3.58%
  75961 22783      331.8449    66      338.0000      325.9333  3779452    3.57%
  76165 22862        cutoff            338.0000      325.9448  3820578    3.57%
  76508 23076      334.9833    86      338.0000      325.9675  3864028    3.56%
  76739 23186      328.0687   114      338.0000      325.9840  3907830    3.56%
  76978 23289      330.4114    59      338.0000      326.0036  3949468    3.55%
  77278 23452      327.8550   119      338.0000      326.0280  3992507    3.54%
  77518 23570      335.2948    98      338.0000      326.0466  4035043    3.54%
  77787 23671      334.0184    64      338.0000      326.0721  4077821    3.53%
Elapsed time = 435.94 sec. (437819.56 ticks, tree = 53.67 MB, solutions = 6)
  78061 23795      328.6000    60      338.0000      326.1000  4121403    3.52%
  78322 23973      328.8555    88      338.0000      326.1000  4163887    3.52%
  78691 24232      336.0000    63      338.0000      326.1104  4204763    3.52%
  78933 24335      329.5216    80      338.0000      326.1341  4246565    3.51%
  79203 24470      335.4462    95      338.0000      326.1491  4288470    3.51%
  79542 24700      333.6000    96      338.0000      326.1628  4329619    3.50%
  79773 24799        cutoff            338.0000      326.1779  4372456    3.50%
  80068 24956      331.7942    84      338.0000      326.1997  4414947    3.49%
  80393 25158      330.5541   112      338.0000      326.2146  4457948    3.49%
  80661 25282      330.1196    76      338.0000      326.2429  4500248    3.48%
Elapsed time = 463.00 sec. (476200.13 ticks, tree = 57.98 MB, solutions = 6)
  80880 25408      336.2085   115      338.0000      326.2569  4541356    3.47%
  81123 25557      333.6417   112      338.0000      326.2669  4582978    3.47%
  81426 25709        cutoff            338.0000      326.2896  4625947    3.46%
  81668 25815      331.7149    47      338.0000      326.3147  4668544    3.46%
  81929 25913      331.9614    94      338.0000      326.3427  4711589    3.45%
  82152 25999        cutoff            338.0000      326.3538  4754463    3.45%
  82402 26105      333.9952    80      338.0000      326.3792  4797608    3.44%
  82658 26203      334.1097    83      338.0000      326.4070  4840596    3.43%
  82879 26268        cutoff            338.0000      326.4293  4883660    3.42%
  83138 26337        cutoff            338.0000      326.4740  4925686    3.41%
Elapsed time = 489.22 sec. (514521.00 ticks, tree = 60.27 MB, solutions = 6)
  83380 26447      335.6000    33      338.0000      326.4982  4969623    3.40%
  83739 26683        cutoff            338.0000      326.5224  5011798    3.40%
  83964 26733      335.2250    90      338.0000      326.5576  5053417    3.39%
  84216 26827      328.4295   102      338.0000      326.5789  5096294    3.38%
  84489 26948      327.1506   102      338.0000      326.6000  5139277    3.37%
  84831 27157      328.8917    86      338.0000      326.6000  5179667    3.37%
  85109 27310        cutoff            338.0000      326.6000  5221277    3.37%
  85389 27443        cutoff            338.0000      326.6186  5263734    3.37%
  85627 27555      335.5697    91      338.0000      326.6398  5306023    3.36%
  85854 27658        cutoff            338.0000      326.6552  5349455    3.36%
Elapsed time = 515.53 sec. (552985.29 ticks, tree = 63.21 MB, solutions = 6)
  86147 27787      330.6548    98      338.0000      326.6706  5392914    3.35%
  86449 27987      327.8623    84      338.0000      326.6881  5436498    3.35%
  86648 28079      332.1617   103      338.0000      326.7035  5479757    3.34%
  87012 28330      333.6522    83      338.0000      326.7153  5521831    3.34%
  87299 28462      329.1784    93      338.0000      326.7328  5563517    3.33%
  87605 28624      328.8347    63      338.0000      326.7471  5606431    3.33%
  87861 28751      335.1196   101      338.0000      326.7633  5648065    3.32%
  88064 28787      335.6612    87      338.0000      326.7753  5690399    3.32%
  88424 28988      335.1300    98      338.0000      326.7901  5733299    3.32%
* 88683 25572      integral     0      336.0000      326.7979  5765541    2.74%
  88720 25571      329.0891   106      336.0000      326.8056  5776966    2.74%
Elapsed time = 541.76 sec. (591369.17 ticks, tree = 58.63 MB, solutions = 7)
  88928 25593      332.2001   100      336.0000      326.8260  5819054    2.73%
  89112 25617      326.9182    90      336.0000      326.8465  5862748    2.72%
  89348 25701      327.6000   103      336.0000      326.8643  5904497    2.72%
  89568 25774      327.8349    82      336.0000      326.8807  5947199    2.71%
  89857 25848      332.8270    73      336.0000      326.9104  5987796    2.71%
  90079 25886      330.6000    77      336.0000      326.9348  6029743    2.70%
  90348 25934      329.2556   133      336.0000      326.9547  6073185    2.69%
  90617 25997        cutoff            336.0000      326.9772  6114792    2.69%
* 90764 23734      integral     0      335.0000      326.9846  6131430    2.39%
  90928 23752      329.1088    86      335.0000      327.0063  6158915    2.39%
  91139 23707      333.6000    74      335.0000      327.0397  6201307    2.38%
Elapsed time = 568.23 sec. (629885.89 ticks, tree = 54.69 MB, solutions = 8)
  91413 23813        cutoff            335.0000      327.0617  6241159    2.37%
  91617 23820    infeasible            335.0000      327.0897  6283215    2.36%
  91793 23844      331.9833   106      335.0000      327.1000  6326259    2.36%
  91959 23870      327.7275    98      335.0000      327.1152  6367340    2.35%
  92163 23907      327.4992    64      335.0000      327.1370  6408087    2.35%
  92396 23946      328.9061   120      335.0000      327.1560  6448714    2.34%
  92588 23939      330.2837   138      335.0000      327.1788  6492230    2.33%
  92811 23933      333.8165    65      335.0000      327.2052  6534230    2.33%
  93036 23971        cutoff            335.0000      327.2245  6576413    2.32%
  93276 23977        cutoff            335.0000      327.2549  6617735    2.31%
Elapsed time = 593.90 sec. (668202.00 ticks, tree = 55.49 MB, solutions = 8)
  93444 23991      331.0052    95      335.0000      327.2732  6657369    2.31%
  93643 23983      331.0892   147      335.0000      327.2937  6699585    2.30%
  93922 24040      329.9377    70      335.0000      327.3179  6741924    2.29%
  94137 24043      329.8432   139      335.0000      327.3451  6784214    2.29%
  94387 24123      333.7413   116      335.0000      327.3626  6826203    2.28%
  94654 24150      331.6335    64      335.0000      327.3927  6867301    2.27%
  94883 24133        cutoff            335.0000      327.4194  6909494    2.26%
  95133 24141      331.0610   100      335.0000      327.4459  6949995    2.25%
  95367 24140        cutoff            335.0000      327.4728  6991801    2.25%
  95624 24111      329.9767    79      335.0000      327.5065  7033812    2.24%
Elapsed time = 619.27 sec. (706621.55 ticks, tree = 55.88 MB, solutions = 8)
  95868 24116      329.6299    96      335.0000      327.5428  7077710    2.23%
  96092 24109      331.3361    90      335.0000      327.5734  7119101    2.22%
  96380 24110      329.1000   121      335.0000      327.6000  7160697    2.21%
  96698 24269      328.7868   112      335.0000      327.6000  7202373    2.21%
  96924 24361      329.7231   137      335.0000      327.6000  7243182    2.21%
  97093 24422      331.6569    84      335.0000      327.6042  7284073    2.21%
  97394 24406        cutoff            335.0000      327.6511  7325339    2.19%
  97654 24466      333.9438    74      335.0000      327.6714  7368851    2.19%
  97919 24527        cutoff            335.0000      327.6924  7410542    2.18%
  98164 24522        cutoff            335.0000      327.7189  7454277    2.17%
Elapsed time = 644.62 sec. (745002.05 ticks, tree = 56.91 MB, solutions = 8)
  98376 24557        cutoff            335.0000      327.7414  7494738    2.17%
  98587 24552      332.6000    96      335.0000      327.7634  7535309    2.16%
  98800 24575      330.5006    75      335.0000      327.7790  7576959    2.16%
  99031 24656        cutoff            335.0000      327.7923  7617382    2.15%
  99246 24702      333.6206    61      335.0000      327.8068  7657062    2.15%
  99524 24773      327.9795   114      335.0000      327.8253  7698384    2.14%
  99796 24849      329.6206    54      335.0000      327.8433  7740425    2.14%
  99976 24863      330.0896    82      335.0000      327.8562  7783129    2.13%
 100207 24902      331.6903   124      335.0000      327.8755  7824055    2.13%
 100440 24914        cutoff            335.0000      327.8914  7866694    2.12%
Elapsed time = 669.90 sec. (783275.94 ticks, tree = 57.87 MB, solutions = 8)
 100676 24853        cutoff            335.0000      327.9120  7908014    2.12%
 100879 24888      333.0217    66      335.0000      327.9284  7949861    2.11%
 101089 24922      332.9333    95      335.0000      327.9424  7991614    2.11%
 101268 24937      329.7875   112      335.0000      327.9540  8033373    2.10%
 101449 24937      331.7531   110      335.0000      327.9678  8074017    2.10%
 101670 24974      331.8500    65      335.0000      327.9888  8116983    2.09%
 101851 24966      332.8653    75      335.0000      328.0114  8157797    2.09%
 102070 24929        cutoff            335.0000      328.0370  8198792    2.08%
 102317 24893      330.1000    63      335.0000      328.0672  8240834    2.07%
 102540 24802      333.2837    65      335.0000      328.0896  8281556    2.06%
Elapsed time = 695.54 sec. (821726.61 ticks, tree = 57.70 MB, solutions = 8)
 102726 24783      329.2213   112      335.0000      328.1000  8323238    2.06%
 102923 24822        cutoff            335.0000      328.1000  8364367    2.06%
 103158 24843        cutoff            335.0000      328.1186  8405896    2.05%
 103388 24852      330.9836    78      335.0000      328.1357  8447163    2.05%
 103611 24830      331.1621    51      335.0000      328.1529  8489323    2.04%
 103796 24838      329.6612   142      335.0000      328.1641  8530582    2.04%
 104050 24786      328.7649   130      335.0000      328.1846  8570746    2.03%
 104255 24779      332.6000    64      335.0000      328.2000  8611335    2.03%
 104519 24744      328.2229    86      335.0000      328.2230  8653113    2.02%
 104755 24773      333.6000    76      335.0000      328.2376  8694223    2.02%
Elapsed time = 721.00 sec. (860056.29 ticks, tree = 57.78 MB, solutions = 8)
 104997 24744        cutoff            335.0000      328.2633  8735091    2.01%
 105227 24751      328.5863    98      335.0000      328.2837  8776126    2.00%
 105443 24743      330.9709    75      335.0000      328.3008  8816451    2.00%
 105673 24738      333.1000    94      335.0000      328.3204  8856882    1.99%
 105927 24752      331.3500    61      335.0000      328.3435  8898267    1.99%
 106166 24731        cutoff            335.0000      328.3691  8939951    1.98%
 106352 24680      330.7737   122      335.0000      328.3936  8981868    1.97%
 106591 24679        cutoff            335.0000      328.4133  9021736    1.97%
 106810 24614      333.8813   120      335.0000      328.4380  9062467    1.96%
 107054 24605        cutoff            335.0000      328.4627  9106544    1.95%
Elapsed time = 746.76 sec. (898452.35 ticks, tree = 57.52 MB, solutions = 8)
 107295 24522        cutoff            335.0000      328.4940  9146431    1.94%
 107515 24457      332.5477    66      335.0000      328.5225  9187454    1.93%
 107790 24384        cutoff            335.0000      328.5548  9230301    1.92%
 107993 24292        cutoff            335.0000      328.5871  9270260    1.91%
 108275 24309      329.1355    81      335.0000      328.6000  9311799    1.91%
 108533 24299      328.6772   105      335.0000      328.6000  9353874    1.91%
 108762 24354      328.9922   103      335.0000      328.6000  9395776    1.91%
 108933 24413      332.6000    52      335.0000      328.6000  9436825    1.91%
 109091 24451      329.8653    86      335.0000      328.6000  9477573    1.91%
 109249 24504        cutoff            335.0000      328.6000  9518584    1.91%
Elapsed time = 772.35 sec. (936842.06 ticks, tree = 57.52 MB, solutions = 8)
 109515 24488      331.3319    92      335.0000      328.6274  9559691    1.90%
 109766 24481      333.7017    72      335.0000      328.6459  9601046    1.90%
 109974 24473      330.4562    69      335.0000      328.6633  9641191    1.89%
 110217 24502      328.7997    64      335.0000      328.6800  9683776    1.89%
 110449 24467        cutoff            335.0000      328.7005  9725736    1.88%
 110676 24415      329.6231    97      335.0000      328.7224  9767627    1.87%
 110917 24354      331.6625    97      335.0000      328.7295  9808100    1.87%
 111168 24372        cutoff            335.0000      328.7456  9850039    1.87%
 111376 24313      329.6625   109      335.0000      328.7648  9891536    1.86%
 111664 24267      330.7224   105      335.0000      328.7839  9932332    1.86%
Elapsed time = 797.84 sec. (975214.91 ticks, tree = 56.95 MB, solutions = 8)
 111847 24287        cutoff            335.0000      328.7943  9972886    1.85%
 112109 24289      332.7543    82      335.0000      328.8101 10013174    1.85%
 112282 24257      330.8813   118      335.0000      328.8254 10054446    1.84%
 112522 24230      332.1229    81      335.0000      328.8417 10094424    1.84%
 112722 24219      332.7366   124      335.0000      328.8500 10137065    1.84%
 113003 24233      333.4549    83      335.0000      328.8708 10177969    1.83%
 113232 24173      329.3806    94      335.0000      328.8965 10219092    1.82%
 113467 24146        cutoff            335.0000      328.9152 10260889    1.82%
 113743 24119      329.6938   100      335.0000      328.9345 10300271    1.81%
 113951 24128      333.7534   106      335.0000      328.9509 10341670    1.81%
Elapsed time = 823.25 sec. (1013689.91 ticks, tree = 56.67 MB, solutions = 8)
 114224 24133        cutoff            335.0000      328.9677 10381359    1.80%
 114457 24133        cutoff            335.0000      328.9804 10423413    1.80%
 114725 24096      331.7939    72      335.0000      329.0018 10464722    1.79%
 114980 24053        cutoff            335.0000      329.0286 10506092    1.78%
 115223 24004      330.8099    83      335.0000      329.0537 10547179    1.78%
 115405 23916      332.8327    89      335.0000      329.0729 10587863    1.77%
 115629 23852      332.8709    97      335.0000      329.0930 10628332    1.76%
 115846 23843      331.1822    94      335.0000      329.1000 10668791    1.76%
 116020 23869      331.6421   111      335.0000      329.1051 10709126    1.76%
 116283 23810      330.1659    72      335.0000      329.1306 10751088    1.75%
Elapsed time = 848.70 sec. (1052025.70 ticks, tree = 56.08 MB, solutions = 8)
 116498 23786        cutoff            335.0000      329.1419 10793564    1.75%
 116722 23721      329.2406   117      335.0000      329.1626 10835468    1.74%
 116964 23642      332.5403    63      335.0000      329.1860 10878471    1.74%
 117212 23577      331.4279   106      335.0000      329.2000 10920127    1.73%
 117453 23498        cutoff            335.0000      329.2190 10960944    1.73%
 117669 23458      332.2793    77      335.0000      329.2364 11000943    1.72%
 117952 23365      331.2531   108      335.0000      329.2593 11042558    1.71%
 118186 23335        cutoff            335.0000      329.2765 11082510    1.71%
 118381 23247        cutoff            335.0000      329.2991 11122944    1.70%
 118587 23179      330.7781    73      335.0000      329.3208 11165138    1.70%
Elapsed time = 874.18 sec. (1090472.40 ticks, tree = 54.62 MB, solutions = 8)
 118824 23104      330.3221   136      335.0000      329.3431 11206568    1.69%
 119089 23037      331.7733    91      335.0000      329.3632 11248151    1.68%
 119266 22985      329.8066    83      335.0000      329.3808 11290121    1.68%
 119544 22919        cutoff            335.0000      329.4027 11330561    1.67%
 119764 22837      331.1714    96      335.0000      329.4295 11372401    1.66%
 120037 22757      333.6612    91      335.0000      329.4558 11412549    1.65%
 120285 22641      333.1236   137      335.0000      329.4800 11452437    1.65%
 120539 22534      332.9113   119      335.0000      329.5121 11492240    1.64%
 120841 22395      331.9532    88      335.0000      329.5519 11532870    1.63%
 121091 22335      330.2535    75      335.0000      329.5793 11573856    1.62%
Elapsed time = 899.49 sec. (1128779.23 ticks, tree = 52.67 MB, solutions = 8)
 121413 22303      330.5545    48      335.0000      329.6000 11614283    1.61%
 121700 22281      332.3107   102      335.0000      329.6000 11655432    1.61%
 121888 22262      333.1513    71      335.0000      329.6000 11695107    1.61%
 122083 22304      332.6000    71      335.0000      329.6000 11736533    1.61%
 122244 22314        cutoff            335.0000      329.6000 11778183    1.61%
 122475 22219      332.6000    95      335.0000      329.6309 11819405    1.60%
 122708 22175      330.2224   111      335.0000      329.6502 11860101    1.60%
 122973 22065        cutoff            335.0000      329.6700 11900095    1.59%
 123226 22005      333.6612   115      335.0000      329.6938 11940296    1.58%
 123489 21941      331.7232    81      335.0000      329.7180 11981930    1.58%
Elapsed time = 924.79 sec. (1167152.06 ticks, tree = 51.82 MB, solutions = 8)
 123678 21932      330.7967   102      335.0000      329.7250 12022741    1.57%
 123917 21861        cutoff            335.0000      329.7413 12062948    1.57%
 124152 21828      331.5302    77      335.0000      329.7602 12103740    1.56%
 124414 21745      330.7224    72      335.0000      329.7837 12144371    1.56%
 124644 21681      330.3992    68      335.0000      329.8041 12185482    1.55%
*124877 18057      integral     0      334.0000      329.8132 12211432    1.25%
 124991 18002      330.6865    93      334.0000      329.8250 12226734    1.25%
 125268 17896        cutoff            334.0000      329.8500 12266952    1.24%
 125552 17772      331.7548    80      334.0000      329.8800 12306223    1.23%
 125852 17584      330.9047    67      334.0000      329.9070 12345676    1.23%
 126182 17407      332.4427    96      334.0000      329.9400 12384591    1.22%
Elapsed time = 949.96 sec. (1205489.08 ticks, tree = 41.79 MB, solutions = 9)
 126485 17253      332.8876   104      334.0000      329.9726 12424122    1.21%
 126769 17082        cutoff            334.0000      330.0020 12462983    1.20%
 127111 16878      331.8500    95      334.0000      330.0375 12500308    1.19%
 127432 16676        cutoff            334.0000      330.0706 12539198    1.18%
 127775 16522      332.6000   107      334.0000      330.1000 12579715    1.17%
 127924 16477      330.8000    68      334.0000      330.1004 12620451    1.17%
 128239 16296        cutoff            334.0000      330.1361 12658236    1.16%
 128534 16096      331.0644    96      334.0000      330.1637 12696949    1.15%
 128805 15910      332.6000    25      334.0000      330.1971 12736226    1.14%
 129128 15713        cutoff            334.0000      330.2289 12775768    1.13%
Elapsed time = 975.04 sec. (1243887.76 ticks, tree = 37.90 MB, solutions = 9)
 129473 15477      331.7784   101      334.0000      330.2667 12814165    1.12%
 129794 15212        cutoff            334.0000      330.3136 12851488    1.10%
 130169 14957      332.9731   112      334.0000      330.3560 12888774    1.09%
 130554 14742      331.0643    41      334.0000      330.4000 12924875    1.08%
 130909 14441        cutoff            334.0000      330.4573 12962482    1.06%
 131294 14130        cutoff            334.0000      330.5133 12998799    1.04%
 131727 13769        cutoff            334.0000      330.5815 13034108    1.02%
 132143 13644      330.6000    45      334.0000      330.6000 13073723    1.02%
 132391 13579      330.6000    87      334.0000      330.6000 13114926    1.02%
 132611 13565      332.8288    97      334.0000      330.6000 13154236    1.02%
Elapsed time = 999.87 sec. (1282183.27 ticks, tree = 33.04 MB, solutions = 9)
 132803 13487        cutoff            334.0000      330.6121 13191674    1.01%
 133128 13256        cutoff            334.0000      330.6612 13229356    1.00%
 133343 13168      331.7004    63      334.0000      330.6784 13268549    0.99%
 133612 13010      331.8055   120      334.0000      330.7107 13306309    0.98%
 133856 12833        cutoff            334.0000      330.7382 13344833    0.98%
 134110 12649      332.4842   114      334.0000      330.7731 13381542    0.97%
 134413 12447        cutoff            334.0000      330.8109 13419293    0.95%
 134733 12225      332.7875   119      334.0000      330.8500 13455657    0.94%
 135132 11906      332.1537   106      334.0000      330.9051 13493311    0.93%
 135483 11677      332.4253   120      334.0000      330.9404 13531741    0.92%
Elapsed time = 1024.97 sec. (1320579.15 ticks, tree = 28.74 MB, solutions = 9)
 135846 11387        cutoff            334.0000      330.9918 13568889    0.90%
 136279 11046        cutoff            334.0000      331.0496 13604303    0.88%
 136645 10743      332.4849    67      334.0000      331.1000 13640460    0.87%
 137003 10478        cutoff            334.0000      331.1372 13677396    0.86%
 137409 10149      332.7837   116      334.0000      331.1938 13712506    0.84%
 137771  9846        cutoff            334.0000      331.2449 13750349    0.82%
 138145  9520        cutoff            334.0000      331.3026 13786799    0.81%
 138593  9140        cutoff            334.0000      331.3665 13820620    0.79%
 139179  8608      333.0000    86      334.0000      331.4716 13853518    0.76%
 139657  8179      332.1174    90      334.0000      331.5565 13887443    0.73%
Elapsed time = 1049.63 sec. (1358950.74 ticks, tree = 20.83 MB, solutions = 9)
*139903  2768      integral     0      333.0000      331.6000 13899895    0.42%

GUB cover cuts applied:  57
Clique cuts applied:  24
Cover cuts applied:  968
Implied bound cuts applied:  814
Flow cuts applied:  5
Mixed integer rounding cuts applied:  104
Zero-half cuts applied:  10
Multi commodity flow cuts applied:  2
Gomory fractional cuts applied:  13

Root node processing (before b&c):
  Real time             =    0.93 sec. (874.57 ticks)
Sequential b&c:
  Real time             = 1049.64 sec. (1360439.10 ticks)
                          ------------
Total (root+branch&cut) = 1050.57 sec. (1361313.66 ticks)
