Version identifier: 22.1.1.0 | 2022-11-28 | 9160aff4d
CPXPARAM_Read_DataCheck                          1
CPXPARAM_Threads                                 1
CPXPARAM_MIP_Strategy_NodeSelect                 0
CPXPARAM_TimeLimit                               1800
CPXPARAM_MIP_Tolerances_MIPGap                   9.9999999999999995e-07
Tried aggregator 2 times.
MIP Presolve eliminated 119 rows and 429 columns.
MIP Presolve added 28 rows and 0 columns.
MIP Presolve modified 13373 coefficients.
Aggregator did 5 substitutions.
Reduced MIP has 2644 rows, 3520 columns, and 19038 nonzeros.
Reduced MIP has 3471 binaries, 0 generals, 0 SOSs, and 0 indicators.
Presolve time = 0.03 sec. (24.60 ticks)
Found incumbent of value 1430.000000 after 0.07 sec. (51.51 ticks)
Probing time = 0.01 sec. (3.80 ticks)
Tried aggregator 1 time.
Detecting symmetries...
Reduced MIP has 2644 rows, 3520 columns, and 19038 nonzeros.
Reduced MIP has 3471 binaries, 0 generals, 0 SOSs, and 0 indicators.
Presolve time = 0.02 sec. (10.78 ticks)
Probing time = 0.01 sec. (3.86 ticks)
Clique table members: 2794.
MIP emphasis: balance optimality and feasibility.
MIP search method: dynamic search.
Parallel mode: none, using 1 thread.
Root relaxation solution time = 0.02 sec. (21.43 ticks)

        Nodes                                         Cuts/
   Node  Left     Objective  IInf  Best Integer    Best Bound    ItCnt     Gap

*     0+    0                         1430.0000        0.0000           100.00%
      0     0      293.8281   101     1430.0000      293.8281      525   79.45%
      0     0      315.8500    91     1430.0000     Cuts: 127      647   77.91%
      0     0      317.1612    51     1430.0000      Cuts: 85      736   77.82%
      0     0      319.1000    47     1430.0000      Cuts: 44      874   77.69%
      0     0      319.6157    91     1430.0000      Cuts: 65     1002   77.65%
      0     0      319.7250    51     1430.0000      Cuts: 51     1064   77.64%
Detecting symmetries...
      0     0      320.1000    62     1430.0000      Cuts: 94     1251   77.62%
      0     0      320.1000    51     1430.0000      Cuts: 54     1361   77.62%
*     0+    0                          720.0000      320.1000            55.54%
*     0+    0                          554.0000      320.1000            42.22%
      0     0  -1.00000e+75     0      554.0000      320.1000     1361   42.22%
      0     0      320.1000    49      554.0000      Cuts: 12     1381   42.22%
      0     0      320.1000    22      554.0000       Cuts: 6     1383   42.22%
      0     0      320.1000    50      554.0000      Cuts: 36     1445   42.22%
*     0+    0                          515.0000      320.1000            37.84%
      0     0  -1.00000e+75     0      515.0000      320.1000     1445   37.84%
Detecting symmetries...
      0     2      320.1000    49      515.0000      320.1000     1445   37.84%
Elapsed time = 1.28 sec. (1033.85 ticks, tree = 0.01 MB, solutions = 4)
     78    80      320.1713    85      515.0000      320.1000     1795   37.84%
    121   123      320.8891    92      515.0000      320.1000     2111   37.84%
    180   182      357.6714    53      515.0000      320.1000     3586   37.84%
    303   300      493.2263    44      515.0000      320.1000     5488   37.84%
*   319+  288                          481.0000      320.1000            33.45%
*   388   295      integral     0      477.0000      320.1000     6374   32.89%
    451   293        cutoff            477.0000      320.1000     6870   32.89%
*   488+  221                          438.0000      320.1000            26.92%
    586   244      423.5639    47      438.0000      320.1000     8628   26.92%
*   629   242      integral     0      437.0000      320.1000     9075   26.75%
    737   233        cutoff            437.0000      320.1000    10195   26.75%
    933   239      432.3500    11      437.0000      320.1000    11270   26.75%
   1107   234      414.1412    43      437.0000      320.1000    12782   26.75%
   1581   227      434.4490    32      437.0000      320.1000    20620   26.75%
Elapsed time = 4.41 sec. (4158.64 ticks, tree = 0.41 MB, solutions = 8)

Performing restart 1

Repeating presolve.
Tried aggregator 1 time.
MIP Presolve eliminated 144 rows and 150 columns.
MIP Presolve modified 4973 coefficients.
Reduced MIP has 2500 rows, 3370 columns, and 16832 nonzeros.
Reduced MIP has 3321 binaries, 0 generals, 0 SOSs, and 0 indicators.
Presolve time = 0.02 sec. (13.67 ticks)
Tried aggregator 1 time.
Reduced MIP has 2500 rows, 3370 columns, and 16832 nonzeros.
Reduced MIP has 3321 binaries, 0 generals, 0 SOSs, and 0 indicators.
Presolve time = 0.01 sec. (10.89 ticks)
Represolve time = 0.15 sec. (90.44 ticks)
   1960     0      320.1000    56      437.0000      Cuts: 51    26804   26.75%
   1960     0      320.6000   103      437.0000      Cuts: 62    26916   26.64%
   1960     0      320.6000   101      437.0000     Cuts: 258    27019   26.64%
   1960     0      320.6000    42      437.0000      Cuts: 21    27096   26.64%
   1960     0      320.6000    57      437.0000      Cuts: 62    27227   26.64%
   1960     0      320.6000    44      437.0000       Cuts: 6    27309   26.64%
   1960     0      320.6000    49      437.0000      Cuts: 32    27415   26.64%
   1960     0      320.6000    55      437.0000      Cuts: 18    27514   26.64%
   1960     2      320.6000    49      437.0000      320.6000    27514   26.64%
   1975    15      339.6973    48      437.0000      320.6000    28013   26.64%
   2000    40      339.9684    89      437.0000      320.6000    28469   26.64%
   2060   100      341.4846    46      437.0000      320.6000    29244   26.64%
   2137   177      344.9417    70      437.0000      320.6000    29988   26.64%
   2240   280      348.1930    56      437.0000      320.6000    30597   26.64%
   2341   381      352.7335    68      437.0000      320.6000    31402   26.64%
   2446   485      356.3294    56      437.0000      320.6000    31830   26.64%
   2563   589      367.7718    49      437.0000      320.6000    32519   26.64%
   2686   657      423.4078    39      437.0000      320.6000    33348   26.64%
Elapsed time = 20.55 sec. (19311.79 ticks, tree = 1.18 MB, solutions = 8)
   2980   623      432.3732    36      437.0000      320.6000    37407   26.64%
   3233   578      416.6988    47      437.0000      320.6000    45161   26.64%
   3503   526      418.9905    39      437.0000      320.6000    51468   26.64%
   3850   508      419.2362    41      437.0000      320.6000    56901   26.64%
   4080   482      420.8642    50      437.0000      320.6000    62624   26.64%
   4427   490        cutoff            437.0000      320.6000    68030   26.64%
   4601   453        cutoff            437.0000      320.6000    73349   26.64%
   4846   438      383.6900    45      437.0000      320.6000    78536   26.64%
   5175   461      418.0021    50      437.0000      320.6000    85070   26.64%
   5485   432        cutoff            437.0000      320.6000    92582   26.64%
Elapsed time = 31.79 sec. (28910.30 ticks, tree = 0.80 MB, solutions = 8)
   5848   429        cutoff            437.0000      320.6000    98253   26.64%
   6025   408        cutoff            437.0000      320.6000   103475   26.64%
   6345   416        cutoff            437.0000      320.6000   109636   26.64%
   6616   403        cutoff            437.0000      320.6000   115099   26.64%
   6939   419        cutoff            437.0000      320.6000   121320   26.64%
   7271   428        cutoff            437.0000      320.6000   128041   26.64%
   7558   391        cutoff            437.0000      320.6000   134121   26.64%
   7894   436        cutoff            437.0000      320.6000   139433   26.64%
   8152   385      431.1920    39      437.0000      320.6000   145376   26.64%
   8543   390      425.8443    29      437.0000      320.6000   150580   26.64%
Elapsed time = 43.03 sec. (38517.92 ticks, tree = 0.73 MB, solutions = 8)
   8875   407    infeasible            437.0000      320.6000   156791   26.64%
   9166   375    infeasible            437.0000      320.6000   161528   26.64%
   9537   413        cutoff            437.0000      320.6000   167360   26.64%
   9854   384        cutoff            437.0000      320.6000   173721   26.64%
  10131   437        cutoff            437.0000      320.6000   178906   26.64%
  10379   402        cutoff            437.0000      320.6000   184450   26.64%
  10721   363    infeasible            437.0000      320.6000   190584   26.64%
* 11020+  374                          435.0000      320.6000            26.30%
* 11020+  374                          434.0000      320.6000            26.13%
* 11020+  374                          425.0000      320.6000            24.56%
* 11020+  373                          420.0000      320.6000            23.67%
* 11020+  373                          413.0000      320.6000            22.37%
* 11020+  373                          412.0000      320.6000            22.18%
* 11020+  373                          409.0000      320.6000            21.61%
  11020   372      409.0000     0      409.0000      320.6000   195038   21.61%
  11324   344        cutoff            409.0000      320.6000   202268   21.61%
  11682   362        cutoff            409.0000      320.6000   207703   21.61%
Elapsed time = 57.72 sec. (51173.06 ticks, tree = 0.68 MB, solutions = 15)
  11979   326      398.7056    44      409.0000      320.6000   213826   21.61%
  12224   307      401.4971    41      409.0000      320.6000   220564   21.61%
  12548   291      378.5942    41      409.0000      320.6000   226909   21.61%
  12812   281      405.5653    31      409.0000      320.6000   233411   21.61%
  13066   270      399.1128    27      409.0000      320.6000   238818   21.61%
  13395   285        cutoff            409.0000      320.6000   244308   21.61%
  13667   266      399.3503    38      409.0000      320.6000   249212   21.61%
  13941   264      378.4074    37      409.0000      320.6000   255034   21.61%
  14233   269      381.0804    46      409.0000      320.6000   259738   21.61%
  14531   276      397.1217    41      409.0000      320.6000   265620   21.61%
Elapsed time = 68.83 sec. (60865.84 ticks, tree = 0.53 MB, solutions = 15)
  14850   304        cutoff            409.0000      320.6000   270496   21.61%
  15094   264      412.1872    16      409.0000      320.6000   276979   21.61%
  15402   261        cutoff            409.0000      320.6000   282043   21.61%
  15590   241      405.9482    50      409.0000      320.6000   286067   21.61%
  15808   242        cutoff            409.0000      320.6000   291318   21.61%
* 15873   263      integral     0      408.0000      320.6000   292138   21.42%
  16196   262      406.6000     5      408.0000      320.6000   292657   21.42%
  16868   261      406.6000     3      408.0000      320.6000   293359   21.42%
  17475   256      406.6000     5      408.0000      320.6000   294516   21.42%
  18076   262      406.6000     2      408.0000      320.6000   295590   21.42%
  18730   245    infeasible            408.0000      320.6000   296507   21.42%
Elapsed time = 81.32 sec. (70468.38 ticks, tree = 0.49 MB, solutions = 16)
  19328   257        cutoff            408.0000      320.6000   297384   21.42%
  19900   255      406.6000     4      408.0000      320.6000   298631   21.42%
  20395   262      406.6000     2      408.0000      320.6000   299759   21.42%
  20960   297      395.6890    53      408.0000      320.6000   301967   21.42%
  21174   240        cutoff            408.0000      320.6000   309367   21.42%
  21447   248      380.0927    46      408.0000      320.6000   315162   21.42%
  21768   295        cutoff            408.0000      320.6000   321259   21.42%
  22003   235      392.3500    28      408.0000      320.6000   327068   21.42%
  22265   238        cutoff            408.0000      320.6000   332256   21.42%
  22547   256        cutoff            408.0000      320.6000   337234   21.42%
Elapsed time = 93.83 sec. (80063.96 ticks, tree = 0.50 MB, solutions = 16)
  22827   277        cutoff            408.0000      320.6000   342825   21.42%
  23065   240        cutoff            408.0000      320.6000   347963   21.42%
  23309   244      388.7823    36      408.0000      320.6000   353174   21.42%
  23599   324        cutoff            408.0000      320.6000   357101   21.42%
  23857   260        cutoff            408.0000      320.6000   362745   21.42%
  24191   232        cutoff            408.0000      320.6000   368283   21.42%
  24424   220        cutoff            408.0000      320.6000   373039   21.42%
  24684   232      395.6537    51      408.0000      320.6000   378563   21.42%
  24987   220      388.7639    36      408.0000      320.6000   382639   21.42%
  25341   227        cutoff            408.0000      320.6000   387675   21.42%
Elapsed time = 104.88 sec. (89623.94 ticks, tree = 0.45 MB, solutions = 16)
  25625   228        cutoff            408.0000      320.6000   392830   21.42%
  25898   239        cutoff            408.0000      320.6000   398107   21.42%
* 25904   240      integral     0      404.0000      320.6000   398152   20.64%
  26332   229      402.6000     5      404.0000      320.6000   399137   20.64%
  26901   228    infeasible            404.0000      320.6000   400330   20.64%
  27501   228      402.6000     4      404.0000      320.6000   401406   20.64%
  28108   229    infeasible            404.0000      320.6000   402246   20.64%
  28700   224    infeasible            404.0000      320.6000   403272   20.64%
  29317   213      376.4396    47      404.0000      320.6000   404328   20.64%
  29679   244        cutoff            404.0000      320.6000   409381   20.64%
  30660   242      392.7041    44      404.0000      320.6000   422784   20.64%
Elapsed time = 121.23 sec. (102343.91 ticks, tree = 0.48 MB, solutions = 17)
  32325   240      401.5000     3      404.0000      320.6000   434043   20.64%
  34615   243    infeasible            404.0000      320.6000   439930   20.64%
  36913   237      400.1000     6      404.0000      320.6000   445537   20.64%

Performing restart 2

Repeating presolve.
Tried aggregator 1 time.
MIP Presolve eliminated 2 rows and 540 columns.
MIP Presolve modified 33201 coefficients.
Reduced MIP has 2498 rows, 2830 columns, and 35344 nonzeros.
Reduced MIP has 2781 binaries, 0 generals, 0 SOSs, and 0 indicators.
Presolve time = 0.05 sec. (42.85 ticks)
Tried aggregator 1 time.
MIP Presolve eliminated 27 rows and 0 columns.
MIP Presolve modified 7004 coefficients.
Reduced MIP has 2471 rows, 2830 columns, and 32541 nonzeros.
Reduced MIP has 2781 binaries, 0 generals, 0 SOSs, and 0 indicators.
Presolve time = 0.07 sec. (46.49 ticks)
Represolve time = 0.38 sec. (248.04 ticks)
  38640     0      320.6000    61      404.0000      Cuts: 76   450608   20.64%
  38640     0      320.6000    63      404.0000      Cuts: 93   450708   20.64%
  38640     0      320.6000    55      404.0000      Cuts: 29   450782   20.64%
  38640     0      320.6000    52      404.0000      Cuts: 71   450869   20.64%
  38640     2      320.6000    12      404.0000      320.6000   450869   20.64%
  38785   147      324.3505    42      404.0000      320.6000   451973   20.64%
  38957   318      341.0744    24      404.0000      320.6000   453701   20.64%
* 39032   365      integral     0      399.0000      320.6000   454333   19.65%
  40878   352      397.6000     4      399.0000      320.6000   464116   19.65%
  43344   355      397.6000     1      399.0000      320.6000   477505   19.65%
* 43949   374      integral     0      385.0000      320.6000   481284   16.73%
* 44049+  355                          378.0000      320.6000            15.19%
  46766   351      376.6000     1      378.0000      320.6000   497443   15.19%
Elapsed time = 167.56 sec. (141137.40 ticks, tree = 0.55 MB, solutions = 20)
  49546   340      376.6000     2      378.0000      320.6000   513264   15.19%
* 50976   363      integral     0      372.0000      320.6000   521747   13.82%
* 51317   347      integral     0      365.0000      320.6000   523755   12.16%
  51772   351      363.6000     6      365.0000      320.6000   526848   12.16%
  54733   343      363.6000     3      365.0000      320.6000   539663   12.16%
  57398   346      363.6000     4      365.0000      320.6000   550327   12.16%
* 58240+  352                          364.0000      320.6000            11.92%
* 58285   353      integral     0      358.0000      320.6000   554061   10.45%
* 58400+  317                          351.0000      320.6000             8.66%
  61400   318    infeasible            351.0000      320.6000   561940    8.66%
* 62393   226      integral     0      347.0000      320.6000   571553    7.61%
  64247   232      345.6000     4      347.0000      320.6000   577082    7.61%
  67288   232      345.6000     2      347.0000      320.6000   585008    7.61%
  70099   229      345.6000     3      347.0000      320.6000   593375    7.61%
* 70838   171      integral     0      343.0000      320.6000   605213    6.53%
  71378   178      341.6000     3      343.0000      320.6000   607250    6.53%
Elapsed time = 202.43 sec. (177039.98 ticks, tree = 0.29 MB, solutions = 27)
  73949   174      341.6000     3      343.0000      320.6000   616751    6.53%
  75688   139      338.1059    14      343.0000      320.6000   627719    6.53%
  75951   122      336.3073    37      343.0000      320.6000   640896    6.53%
  78167   125      341.6000     3      343.0000      320.6000   653225    6.53%
  81117   121      341.6000     4      343.0000      320.6000   662614    6.53%
  82040   126      328.0064    42      343.0000      320.6000   676761    6.53%
  82506   140      336.2269    51      343.0000      320.6000   691267    6.53%
  83003   124        cutoff            343.0000      320.6000   713937    6.53%
  83591    88      341.4842    19      343.0000      320.6000   738875    6.53%
  84350   111        cutoff            343.0000      320.6000   763100    6.53%
Elapsed time = 230.07 sec. (215229.66 ticks, tree = 0.19 MB, solutions = 27)
  85140   104      334.5725    29      343.0000      320.6000   792881    6.53%
  86109    97        cutoff            343.0000      320.6000   826427    6.53%
  87623   161        cutoff            343.0000      320.6000   857073    6.53%
  89026    95      335.0738    40      343.0000      320.6000   890506    6.53%
  90051   104        cutoff            343.0000      320.6000   925077    6.53%
  90900    78        cutoff            343.0000      320.6000   963722    6.53%
  91802   116        cutoff            343.0000      320.6000   992691    6.53%
  93230   100        cutoff            343.0000      320.6000  1021825    6.53%
  94359   162      335.9691    39      343.0000      320.6000  1050266    6.53%
  95832    99      334.9079    54      343.0000      320.6000  1074054    6.53%
Elapsed time = 257.85 sec. (253578.77 ticks, tree = 0.17 MB, solutions = 27)
* 96621   112      integral     0      339.0000      320.6000  1086634    5.43%
  97222   101      333.7720    25      339.0000      320.6000  1092863    5.43%
  98474   106      336.2000     1      339.0000      320.6000  1107322    5.43%
  99911    93        cutoff            339.0000      320.6000  1118912    5.43%
 101261    98      334.4966    50      339.0000      320.6000  1132288    5.43%
 102736    95        cutoff            339.0000      320.6000  1145599    5.43%
 104314   113      342.0000     9      339.0000      320.6000  1158119    5.43%
 105732    98      335.5000     1      339.0000      320.6000  1171754    5.43%
 107364   105      335.5000     1      339.0000      320.6000  1186586    5.43%
 109046   102      335.5000     1      339.0000      320.6000  1198896    5.43%
 110586    92      334.8000     2      339.0000      320.6000  1213588    5.43%
Elapsed time = 284.03 sec. (291761.37 ticks, tree = 0.17 MB, solutions = 28)
 112212   103        cutoff            339.0000      320.6000  1230181    5.43%
 113754    91      333.4000     2      339.0000      320.6000  1246250    5.43%
 115300    96    infeasible            339.0000      320.6000  1260846    5.43%
 116953    82      333.4000     3      339.0000      320.6000  1275601    5.43%
 118436    93      333.4000     2      339.0000      320.6000  1287837    5.43%
 120144   105      335.5000     1      339.0000      320.6000  1300005    5.43%
 122458    85        cutoff            339.0000      320.6000  1313915    5.43%
 124734    86      333.4000     3      339.0000      320.6000  1328792    5.43%
 126893   112      335.5000     1      339.0000      320.6000  1344880    5.43%
 129013    96      333.5000    29      339.0000      320.6000  1359654    5.43%
Elapsed time = 310.83 sec. (329957.53 ticks, tree = 0.17 MB, solutions = 28)
 130572    97      334.1000     2      339.0000      320.6000  1374207    5.43%
 132128   100        cutoff            339.0000      320.6000  1389394    5.43%
 133740   112      335.5000     1      339.0000      320.6000  1406715    5.43%
 135484   102      335.5000     1      339.0000      320.6000  1426619    5.43%
 137148   102      335.5000     1      339.0000      320.6000  1440022    5.43%
 138777    90      333.4000     2      339.0000      320.6000  1460247    5.43%
 140394    91      334.8000     1      339.0000      320.6000  1478497    5.43%
 141932    93        cutoff            339.0000      320.6000  1494475    5.43%
 143473    92      333.4417    36      339.0000      320.6000  1511142    5.43%
 145011    95      335.5000     1      339.0000      320.6000  1530879    5.43%
Elapsed time = 337.12 sec. (368341.08 ticks, tree = 0.17 MB, solutions = 28)
 146524    99      335.5000     1      339.0000      320.6000  1546545    5.43%
 148075   107      336.2000     1      339.0000      320.6000  1564048    5.43%
 149672    89    infeasible            339.0000      320.6000  1581160    5.43%
 151317   102      335.5000     1      339.0000      320.6000  1601481    5.43%
 152862    88      334.1000     2      339.0000      320.6000  1619047    5.43%
*154440+   95                          336.0000      320.6000             4.58%
 154640    87      333.4000     2      336.0000      320.6000  1635365    4.58%
 156668    91      334.1000     2      336.0000      320.6000  1651167    4.58%
 159202    84      333.4000     2      336.0000      320.6000  1667176    4.58%
 162200    84      334.6000     1      336.0000      320.6000  1677545    4.58%
 164256    59      337.2000    30      336.0000      320.6000  1686940    4.58%
Elapsed time = 362.45 sec. (406558.91 ticks, tree = 0.12 MB, solutions = 29)
 164708    48      329.3604    49      336.0000      320.6000  1697269    4.58%
 167273    76      334.6000     1      336.0000      320.6000  1706926    4.58%
 169526    53      336.5910    43      336.0000      320.6000  1716561    4.58%
 170102    59      328.1744    31      336.0000      320.6000  1731567    4.58%
 170835    48      332.6000    32      336.0000      320.6000  1752486    4.58%
 171450    39        cutoff            336.0000      320.6000  1771805    4.58%
*171546    58      integral     0      335.0000      320.6000  1773588    4.30%
 174325    59      333.6000     2      335.0000      320.6000  1784844    4.30%
 177419    52      333.6000     5      335.0000      320.6000  1795942    4.30%
 180573    64      333.6000     5      335.0000      320.6000  1807382    4.30%
 183708    56      333.6000     2      335.0000      320.6000  1820518    4.30%
Elapsed time = 386.47 sec. (444746.28 ticks, tree = 0.11 MB, solutions = 30)
 186588    60      333.6000     2      335.0000      320.6000  1830183    4.30%
 189766    52      333.6000     3      335.0000      320.6000  1841652    4.30%
*190104    66      integral     0      334.0000      320.6000  1844154    4.01%
 192171    53      332.6000     5      334.0000      320.6000  1853539    4.01%
 194814    55        cutoff            334.0000      320.6000  1866320    4.01%
 197328    61      332.6000     5      334.0000      320.6000  1878536    4.01%
 198464    36        cutoff            334.0000      320.6000  1895087    4.01%
 199044    31      327.3237    55      334.0000      320.6000  1909218    4.01%
 199623    32      327.8710    63      334.0000      320.6000  1927365    4.01%
 200239    26      330.6000    40      334.0000      320.6000  1944840    4.01%
 200758    30      331.2708    35      334.0000      320.6000  1959284    4.01%
Elapsed time = 409.67 sec. (482913.67 ticks, tree = 0.08 MB, solutions = 31)
 201460    32      331.7354    37      334.0000      320.6000  1978477    4.01%
 202167    19      328.3969    49      334.0000      320.6000  2000301    4.01%
 202879    32      328.0371    58      334.0000      320.6000  2019513    4.01%
 205220    53      332.6000     2      334.0000      320.6000  2035096    4.01%
 207640    54      332.6000     6      334.0000      320.6000  2043717    4.01%
 210447    52      332.6000     4      334.0000      320.6000  2054419    4.01%
 212867    57        cutoff            334.0000      320.6000  2067024    4.01%
 215151    44      332.6000    10      334.0000      320.6000  2077475    4.01%
 216292    21      329.6210    55      334.0000      320.6000  2094084    4.01%
 216986    21      325.6498    31      334.0000      320.6000  2116009    4.01%
Elapsed time = 432.68 sec. (521139.08 ticks, tree = 0.04 MB, solutions = 31)
 217770    14      329.0377    83      334.0000      320.6000  2142219    4.01%
 218563    39      332.6000     3      334.0000      320.6000  2159653    4.01%
 221365    26      332.6000     6      334.0000      320.6000  2169604    4.01%
 223940    27    infeasible            334.0000      320.6000  2180384    4.01%
 225597    51      332.4333    19      334.0000      320.6000  2198880    4.01%
 226478    26      330.5588    49      334.0000      320.6000  2223847    4.01%
 227260    33      330.4232    38      334.0000      320.6000  2248517    4.01%
 227977    11      328.7571    23      334.0000      320.6000  2268943    4.01%
 228813    22      328.9130    57      334.0000      320.6000  2291615    4.01%
 229766    18        cutoff            334.0000      320.6000  2315592    4.01%
Elapsed time = 456.04 sec. (559317.45 ticks, tree = 0.04 MB, solutions = 31)
 230628    17      329.6040    73      334.0000      320.6000  2337864    4.01%
*230963    37      integral     0      333.0000      320.6000  2346374    3.72%
 232704    35      331.6000     1      333.0000      320.6000  2353189    3.72%
 235810    23        cutoff            333.0000      320.6000  2364585    3.72%
 238432    26      331.6625    40      333.0000      320.6000  2377524    3.72%
 239336    34      327.6881    45      333.0000      320.6000  2395770    3.72%
 240170    43      327.9818    27      333.0000      320.6000  2418473    3.72%
 240974    14      330.9779    41      333.0000      320.6000  2446307    3.72%
 241722    34      328.6000    48      333.0000      320.6000  2468477    3.72%
 242466    27      330.6408    32      333.0000      320.6000  2494042    3.72%
 243043    14      330.7083    27      333.0000      320.6000  2518616    3.72%
Elapsed time = 479.20 sec. (597498.07 ticks, tree = 0.04 MB, solutions = 32)
 243767    15      330.6980    48      333.0000      320.6000  2543818    3.72%
 244543    10      326.5514    90      333.0000      320.6000  2571211    3.72%
 245401    13      329.8723    50      333.0000      320.6000  2595299    3.72%
 246163    14      331.7013    57      333.0000      320.6000  2611221    3.72%
 247034    38      330.3500    44      333.0000      320.6000  2634346    3.72%
 247771     6      327.6000    54      333.0000      320.6000  2661143    3.72%
 248465     7      329.8905    48      333.0000      325.2667  2687287    2.32%

GUB cover cuts applied:  2
Clique cuts applied:  19
Cover cuts applied:  28
Implied bound cuts applied:  1
Flow cuts applied:  2
Mixed integer rounding cuts applied:  15
Zero-half cuts applied:  5
Lift and project cuts applied:  1
Gomory fractional cuts applied:  14

Root node processing (before b&c):
  Real time             =    1.28 sec. (1034.83 ticks)
Sequential b&c:
  Real time             =  496.00 sec. (628357.63 ticks)
                          ------------
Total (root+branch&cut) =  497.28 sec. (629392.45 ticks)
