Version identifier: 22.1.1.0 | 2022-11-28 | 9160aff4d
CPXPARAM_Read_DataCheck                          1
CPXPARAM_Threads                                 1
CPXPARAM_MIP_Cuts_Covers                         1
CPXPARAM_MIP_Strategy_NodeSelect                 0
CPXPARAM_MIP_Strategy_HeuristicFreq              1
CPXPARAM_TimeLimit                               3600
CPXPARAM_MIP_Tolerances_MIPGap                   0.0050000000000000001
Tried aggregator 2 times.
MIP Presolve eliminated 119 rows and 429 columns.
MIP Presolve added 28 rows and 0 columns.
MIP Presolve modified 13373 coefficients.
Aggregator did 5 substitutions.
Reduced MIP has 2644 rows, 3520 columns, and 19038 nonzeros.
Reduced MIP has 3471 binaries, 0 generals, 0 SOSs, and 0 indicators.
Presolve time = 0.05 sec. (24.60 ticks)
Found incumbent of value 1430.000000 after 0.09 sec. (51.51 ticks)
Probing time = 0.01 sec. (3.80 ticks)
Tried aggregator 1 time.
Detecting symmetries...
Reduced MIP has 2644 rows, 3520 columns, and 19038 nonzeros.
Reduced MIP has 3471 binaries, 0 generals, 0 SOSs, and 0 indicators.
Presolve time = 0.02 sec. (10.78 ticks)
Probing time = 0.01 sec. (3.86 ticks)
Clique table members: 2794.
MIP emphasis: balance optimality and feasibility.
MIP search method: dynamic search.
Parallel mode: none, using 1 thread.
Root relaxation solution time = 0.02 sec. (21.43 ticks)

        Nodes                                         Cuts/
   Node  Left     Objective  IInf  Best Integer    Best Bound    ItCnt     Gap

*     0+    0                         1430.0000        0.0000           100.00%
      0     0      293.8281   101     1430.0000      293.8281      525   79.45%
      0     0      315.8500    91     1430.0000     Cuts: 127      647   77.91%
      0     0      317.1612    51     1430.0000      Cuts: 85      736   77.82%
      0     0      319.1000    47     1430.0000      Cuts: 44      874   77.69%
      0     0      319.6157    91     1430.0000      Cuts: 65     1002   77.65%
      0     0      319.7250    51     1430.0000      Cuts: 51     1064   77.64%
Detecting symmetries...
      0     0      320.1000    62     1430.0000      Cuts: 94     1251   77.62%
      0     0      320.1000    51     1430.0000      Cuts: 54     1361   77.62%
*     0+    0                          720.0000      320.1000            55.54%
*     0+    0                          554.0000      320.1000            42.22%
      0     0  -1.00000e+75     0      554.0000      320.1000     1361   42.22%
      0     0      320.1000    49      554.0000      Cuts: 12     1381   42.22%
      0     0      320.1000    22      554.0000       Cuts: 6     1383   42.22%
      0     0      320.1000    50      554.0000      Cuts: 36     1445   42.22%
Detecting symmetries...
      0     2      320.1000    49      554.0000      320.1000     1445   42.22%
Elapsed time = 1.44 sec. (1032.16 ticks, tree = 0.01 MB, solutions = 3)
      5     7      320.1284    76      554.0000      320.1000     1487   42.22%
     15    17      320.1284    74      554.0000      320.1000     1506   42.22%
     26    28      320.1284    77      554.0000      320.1000     1536   42.22%
     30    32      320.1284    77      554.0000      320.1000     1549   42.22%
     35    37      320.1284    80      554.0000      320.1000     1567   42.22%
     42    44      320.1284    78      554.0000      320.1000     1611   42.22%
     48    50      320.1284    75      554.0000      320.1000     1621   42.22%
     59    61      321.7574    80      554.0000      320.1000     1793   42.22%
     70    72      331.1993    60      554.0000      320.1000     2406   42.22%
    228   152      521.3034    15      554.0000      320.1000     4885   42.22%
Elapsed time = 5.21 sec. (4384.05 ticks, tree = 0.28 MB, solutions = 3)
*   291+  158                          533.0000      320.1000            39.94%
*   391+  149                          479.0000      320.1000            33.17%
*   652   138      integral     0      468.0000      320.1000     9307   31.60%
    652   138      468.0000     0      468.0000      320.1000     9307   31.60%
*   726   134      integral     0      463.0000      320.1000    10298   30.86%
    933   221      324.4209    58      463.0000      320.1000    12967   30.86%

Performing restart 1

Repeating presolve.
Tried aggregator 1 time.
MIP Presolve eliminated 5 rows and 5 columns.
MIP Presolve modified 5185 coefficients.
Reduced MIP has 2639 rows, 3515 columns, and 17539 nonzeros.
Reduced MIP has 3466 binaries, 0 generals, 0 SOSs, and 0 indicators.
Presolve time = 0.02 sec. (14.23 ticks)
Tried aggregator 1 time.
Reduced MIP has 2639 rows, 3515 columns, and 17539 nonzeros.
Reduced MIP has 3466 binaries, 0 generals, 0 SOSs, and 0 indicators.
Presolve time = 0.03 sec. (11.38 ticks)
Represolve time = 0.19 sec. (94.37 ticks)
    957     0      320.6000    95      463.0000      Cuts: 50    14206   30.76%
    957     0      320.6000    71      463.0000     Cuts: 101    14361   30.76%
    957     0      320.6000    69      463.0000     Cuts: 193    14510   30.76%
    957     0      320.6000    62      463.0000      Cuts: 14    14649   30.76%
    957     0      320.6000    61      463.0000      Cuts: 93    14729   30.76%
    957     0      320.6000    29      463.0000      Cuts: 54    14840   30.76%
    957     0      320.6075   127      463.0000      Cuts: 46    14984   30.75%
    957     0      320.6148   116      463.0000      Cuts: 67    15062   30.75%
    957     0      320.6150   106      463.0000      Cuts: 40    15125   30.75%
    957     0      320.6150   104      463.0000      Cuts: 61    15190   30.75%
    957     0      320.6150   101      463.0000      Cuts: 25    15204   30.75%
    957     2      320.6150    90      463.0000      320.6150    15204   30.75%
    964     9      320.6339    86      463.0000      320.6150    15253   30.75%
    974    19      323.6000    34      463.0000      320.6150    15476   30.75%
    982    27      325.4087    48      463.0000      320.6150    15750   30.75%
    995    40      326.3842    35      463.0000      320.6150    16201   30.75%
   1014    59      328.4750    27      463.0000      320.6150    16711   30.75%
   1040    85      330.3391    39      463.0000      320.6150    16986   30.75%
*  1053+   96                          428.0000      320.6150            25.09%
*  1061+  104                          424.0000      320.6150            24.38%
   1062   107      331.7651    25      424.0000      320.6150    17197   24.38%
Elapsed time = 27.73 sec. (21503.27 ticks, tree = 0.23 MB, solutions = 9)
   1094   139      333.9403    40      424.0000      320.6150    17542   24.38%
*  1095+  138                          384.0000      320.6150            16.51%
*  1098+  141                          380.0000      320.6150            15.63%
   1137   179      337.7550    41      380.0000      320.6150    18022   15.63%
   1182   217      341.9543    55      380.0000      320.6150    18394   15.63%
*  1216+  239                          378.0000      320.6150            15.18%
   1229   247      350.3109    33      378.0000      320.6150    18559   15.18%
*  1290+  280                          372.0000      320.6150            13.81%
   1357   285      362.5000     1      372.0000      320.6150    19518   13.81%
*  1390+  271                          368.0000      320.6150            12.88%
   1555   271      322.6836    51      368.0000      320.6509    21433   12.87%
   1594   310      323.3109    72      368.0000      320.6509    21758   12.87%
   1648   364      323.9377    62      368.0000      320.6509    22117   12.87%
*  1657+  360                          365.0000      320.6509            12.15%
   1657   362      323.9937    65      365.0000      320.6509    22169   12.15%
   1740   442      327.8919    41      365.0000      320.6509    23121   12.15%
Elapsed time = 40.72 sec. (32219.75 ticks, tree = 0.84 MB, solutions = 15)
   1831   522      338.0143    48      365.0000      320.6509    23785   12.15%
*  1848+  447                          353.0000      320.6509             9.16%
   1991   507      327.6000    23      353.0000      320.6724    25569    9.16%
   2101   580      324.8587    57      353.0000      320.7110    27093    9.15%
   2292   621      322.2667    95      353.0000      320.7627    30107    9.13%
   2516   738      324.9306    48      353.0000      320.8372    33219    9.11%
   2771   802      345.7864    58      353.0000      320.8372    36502    9.11%
   2872   788        cutoff            353.0000      320.8372    38747    9.11%
   3147   877        cutoff            353.0000      320.8373    42375    9.11%
   3378   862        cutoff            353.0000      320.8373    46612    9.11%
   3705   979      331.1841    64      353.0000      320.8815    51553    9.10%
Elapsed time = 53.05 sec. (41838.68 ticks, tree = 1.79 MB, solutions = 16)
   3869   989      338.4259    54      353.0000      320.8815    55354    9.10%
   4174   975      322.5153    54      353.0000      320.9183    61060    9.09%
   4440  1122      329.1714    32      353.0000      320.9333    65695    9.08%
*  4504  1113      integral     0      348.0000      320.9333    66628    7.78%
   4707  1290      325.4506    68      348.0000      320.9442    69738    7.77%
*  4994  1227      integral     0      344.0000      320.9442    73940    6.70%
   4997  1228      325.1000    67      344.0000      321.1000    74281    6.66%
   5375  1482        cutoff            344.0000      321.1427    79506    6.64%
   5625  1512      341.1503    56      344.0000      321.2290    84297    6.62%
   5926  1625        cutoff            344.0000      321.3143    89381    6.59%
   6224  1646        cutoff            344.0000      321.3143    95900    6.59%
   6536  1811      332.6931    42      344.0000      321.4305   101175    6.56%
Elapsed time = 65.56 sec. (51397.38 ticks, tree = 3.28 MB, solutions = 18)
   6832  1921      331.0045    81      344.0000      321.5882   108095    6.52%
   7052  1919      337.2090    47      344.0000      321.5882   113642    6.52%
   7278  1996      323.6000    99      344.0000      321.6000   119333    6.51%
   7604  2131        cutoff            344.0000      321.6148   124445    6.51%
   7852  2139      342.7392    42      344.0000      321.6150   130829    6.51%
   8101  2280      333.3500    42      344.0000      321.6667   135302    6.49%
*  8319  2098      integral     0      339.0000      321.6738   139230    5.11%
*  8419+ 1888                          336.0000      321.8222             4.22%
   8432  1875        cutoff            336.0000      321.8222   140715    4.22%
   8644  1921        cutoff            336.0000      321.9843   146377    4.17%
   8846  1946        cutoff            336.0000      322.1000   151833    4.14%
*  9086  1906      integral     0      335.0000      322.1000   156566    3.85%
   9092  1905      327.6455    75      335.0000      322.1000   157263    3.85%
Elapsed time = 77.70 sec. (61027.78 ticks, tree = 3.56 MB, solutions = 21)
   9299  1953        cutoff            335.0000      322.1000   162177    3.85%
   9496  1983      333.7646    51      335.0000      322.1000   168819    3.85%
   9719  2011      332.4979    66      335.0000      322.1277   175421    3.84%
   9871  2012        cutoff            335.0000      322.2134   180977    3.82%
  10017  2057      327.6228    36      335.0000      322.2730   186106    3.80%

Performing restart 2

Repeating presolve.
Tried aggregator 1 time.
MIP Presolve eliminated 179 rows and 2091 columns.
MIP Presolve modified 7771 coefficients.
Reduced MIP has 2460 rows, 1424 columns, and 13906 nonzeros.
Reduced MIP has 1375 binaries, 0 generals, 0 SOSs, and 0 indicators.
Presolve time = 0.03 sec. (18.12 ticks)
Tried aggregator 1 time.
MIP Presolve eliminated 620 rows and 1 columns.
MIP Presolve modified 3004 coefficients.
Reduced MIP has 1840 rows, 1423 columns, and 10949 nonzeros.
Reduced MIP has 1374 binaries, 0 generals, 0 SOSs, and 0 indicators.
Presolve time = 0.02 sec. (15.04 ticks)
Represolve time = 0.18 sec. (103.61 ticks)
  10020     0      320.7321   111      335.0000     Cuts: 159   186746    3.80%
  10020     0      320.9061    67      335.0000     Cuts: 144   186901    3.80%
  10020     0      320.9203    98      335.0000      Cuts: 93   186985    3.80%
  10020     0      320.9203   100      335.0000      Cuts: 60   187034    3.80%
  10020     0      320.9203   102      335.0000      Cuts: 67   187086    3.80%
  10020     0      320.9203   107      335.0000      Cuts: 70   187159    3.80%
  10020     0      320.9203    98      335.0000      Cuts: 26   187202    3.80%
  10020     0      320.9203   108      335.0000     Cuts: 113   187276    3.80%

Repeating presolve.
Tried aggregator 1 time.
MIP Presolve eliminated 52 rows and 22 columns.
MIP Presolve modified 507 coefficients.
Reduced MIP has 1788 rows, 1401 columns, and 15982 nonzeros.
Reduced MIP has 1353 binaries, 0 generals, 0 SOSs, and 0 indicators.
Presolve time = 0.01 sec. (8.94 ticks)
Tried aggregator 1 time.
Reduced MIP has 1788 rows, 1401 columns, and 15982 nonzeros.
Reduced MIP has 1353 binaries, 0 generals, 0 SOSs, and 0 indicators.
Presolve time = 0.01 sec. (7.99 ticks)
Represolve time = 0.15 sec. (78.57 ticks)
  10020     0      320.9203    93      335.0000     Cuts: 169   187773    3.80%
  10020     0      320.9203    91      335.0000      Cuts: 48   187828    3.80%
  10020     0      320.9203   110      335.0000      Cuts: 87   187908    3.80%
  10020     0      320.9203   116      335.0000      Cuts: 65   188012    3.80%
  10020     0      320.9203    98      335.0000      Cuts: 31   188064    3.80%
  10020     0      320.9203    96      335.0000      Cuts: 84   188131    3.80%
  10020     0      320.9203    95      335.0000      Cuts: 13   188153    3.80%
  10020     0      320.9203    95      335.0000      Cuts: 40   188181    3.80%
  10020     0      320.9203   106      335.0000     Cuts: 148   188262    3.80%
  10020     2      320.9203    95      335.0000      322.2730   188262    3.80%
  10041    23      321.7672    27      335.0000      322.2730   188652    3.80%
  10071    52      322.9704    70      335.0000      322.2730   189037    3.80%
  10120    64        cutoff            335.0000      322.2730   190949    3.80%
  10163    39      331.3826    46      335.0000      322.2730   195426    3.80%
Elapsed time = 95.57 sec. (74868.60 ticks, tree = 0.10 MB, solutions = 21)
  10195    53      322.7092    33      335.0000      322.2730   197253    3.80%
  10227    68      331.8500    30      335.0000      322.2730   197958    3.80%
  10266    64      329.4944    45      335.0000      322.2730   199029    3.80%
  10306    62      328.2414    64      335.0000      322.2730   200477    3.80%
  10345    59      329.2667    34      335.0000      322.2730   202049    3.80%
  10384    68        cutoff            335.0000      322.2730   203831    3.80%
  10429    64      330.8635    48      335.0000      322.2730   205831    3.80%
  10491    72      331.6140    75      335.0000      322.2730   207810    3.80%
  10549    84      330.3781    43      335.0000      322.2730   210129    3.80%
  10640    81      330.4458    41      335.0000      322.2730   213014    3.80%
Elapsed time = 106.16 sec. (84535.00 ticks, tree = 0.14 MB, solutions = 21)
  10720    75      329.7009    59      335.0000      322.2730   214966    3.80%
  10800    93      330.7083    37      335.0000      322.2730   216927    3.80%
  10915   129      327.4969    95      335.0000      322.2730   220098    3.80%
  10988   149      332.8378    49      335.0000      322.2730   223522    3.80%
  11106   150      333.8471    68      335.0000      322.2730   227975    3.80%
  11204   153      332.0250    47      335.0000      322.2730   230862    3.80%
  11313   172      329.6941    63      335.0000      322.2730   234745    3.80%
  11479   174      327.3606    51      335.0000      322.2730   240366    3.80%
  11611   173      330.8128    72      335.0000      322.2730   245885    3.80%
  11701   210      332.2667    62      335.0000      322.2730   250045    3.80%
Elapsed time = 117.72 sec. (94376.20 ticks, tree = 0.27 MB, solutions = 21)
  11795   224      333.1000    34      335.0000      322.2730   254483    3.80%
  11936   241      348.6851    38      335.0000      322.2730   258704    3.80%
  12146   287        cutoff            335.0000      322.2730   263899    3.80%
  12292   323        cutoff            335.0000      322.2730   268981    3.80%
* 12336+  188                          334.0000      322.2730             3.51%
  12443   227        cutoff            334.0000      322.2730   275448    3.51%
  12613   229      324.7290    86      334.0000      322.3059   283608    3.50%
  12806   224        cutoff            334.0000      322.3545   290381    3.49%
  12984   284      327.0835    70      334.0000      322.6478   296970    3.40%
  13160   298      326.8834    62      334.0000      322.6836   302555    3.39%
  13796   326      324.0007    74      334.0000      323.1296   332061    3.25%
Elapsed time = 132.85 sec. (106831.12 ticks, tree = 0.33 MB, solutions = 22)
  14412   395      330.2667    46      334.0000      323.4056   362430    3.17%
  15127   421      329.1000    33      334.0000      323.7389   389739    3.07%
  15871   517      331.6483    54      334.0000      324.1000   422496    2.96%
  16424   587      327.6000    66      334.0000      324.6000   449644    2.81%
  16984   624      328.1206    61      334.0000      324.8419   476236    2.74%
  17626   681      328.7111    59      334.0000      325.2729   505327    2.61%
  18391   759      328.6302    77      334.0000      325.6968   536642    2.49%
  19086   787        cutoff            334.0000      325.9191   566777    2.42%
  19714   783        cutoff            334.0000      326.4936   599460    2.25%
  20352   819      328.3322    66      334.0000      326.7200   628315    2.18%
Elapsed time = 179.34 sec. (145081.08 ticks, tree = 0.85 MB, solutions = 22)
  21100   852      329.1053    74      334.0000      326.9387   660893    2.11%
  21724   879      330.1000    57      334.0000      327.4140   692770    1.97%
  22420   902      332.7474    60      334.0000      327.8096   722123    1.85%
  23123   845        cutoff            334.0000      328.6000   755166    1.62%
  23938   719      330.8000    49      334.0000      329.4555   786962    1.36%
  24592   482      331.8295    84      334.0000      331.1425   815694    0.86%
* 24655   113      integral     0      333.0000      331.6000   817464    0.42%

GUB cover cuts applied:  1
Clique cuts applied:  66
Cover cuts applied:  95
Implied bound cuts applied:  5
Flow cuts applied:  1
Mixed integer rounding cuts applied:  159
Zero-half cuts applied:  17
Lift and project cuts applied:  17
Gomory fractional cuts applied:  34

Root node processing (before b&c):
  Real time             =    1.44 sec. (1032.76 ticks)
Sequential b&c:
  Real time             =  206.68 sec. (167417.99 ticks)
                          ------------
Total (root+branch&cut) =  208.13 sec. (168450.75 ticks)
