Version identifier: 22.1.1.0 | 2022-11-28 | 9160aff4d
CPXPARAM_Preprocessing_Presolve                  0
CPXPARAM_Read_DataCheck                          1
CPXPARAM_Threads                                 1
CPXPARAM_MIP_Strategy_NodeSelect                 0
CPXPARAM_MIP_Strategy_HeuristicFreq              1
CPXPARAM_TimeLimit                               1800
CPXPARAM_MIP_Tolerances_MIPGap                   9.9999999999999995e-07
Clique table members: 2718.
MIP emphasis: balance optimality and feasibility.
MIP search method: dynamic search.
Parallel mode: none, using 1 thread.
Root relaxation solution time = 0.02 sec. (18.00 ticks)

        Nodes                                         Cuts/
   Node  Left     Objective  IInf  Best Integer    Best Bound    ItCnt     Gap

      0     0      293.8100    97                    293.8100      609         
      0     0      316.1500    86                   Cuts: 212      765         
      0     0      319.1000    41                   Cuts: 110      882         
      0     0      319.1256    69                    Cuts: 30      996         
      0     0      319.6000    48                   Cuts: 220     1212         
      0     0      319.6415   101                   Cuts: 117     1363         
      0     0      319.6419    96                   Cuts: 371     1444         
      0     0      319.6419   102                    Cuts: 18     1518         
Detecting symmetries...
      0     2      319.6419    86                    319.6430     1518         
Elapsed time = 1.49 sec. (1505.52 ticks, tree = 0.01 MB, solutions = 0)
      1     3      319.6613    82                    319.6684     1534         
      4     6      319.8800    52                    319.8849     1648         
      7     9      320.0311    43                    320.0361     1719         
     12    14      320.1875    62                    320.0449     1816         
     16    18      320.5001    82                    320.0449     1875         
     20    22      320.6361    71                    320.0449     2008         
     25    27      321.0019    67                    320.0449     2087         
     29    31      321.1653    75                    320.0449     2150         
     32    34      321.4339    73                    320.0449     2192         
     56    58      322.7257    40                    320.0449     2451         
Elapsed time = 3.53 sec. (4863.75 ticks, tree = 0.16 MB, solutions = 0)
     87    89      324.8589    37                    320.0449     2634         
    118   119      326.3221    51                    320.0449     2796         
    138   139      327.8404    67                    320.0449     2905         
    160   161      328.8231    53                    320.0449     3025         
    192   193      330.0638    67                    320.0449     3171         
    227   228      331.5566    69                    320.0449     3427         
    270   271      333.8700    34                    320.0449     3664         
    317   318      337.9313    64                    320.0449     3996         
    383   384      345.1518    66                    320.0449     4441         
    472   473      379.5800    32                    320.0449     5010         
Elapsed time = 9.67 sec. (14597.85 ticks, tree = 0.98 MB, solutions = 0)
    641   495    infeasible                          320.0449     8384         
    891   490      865.8800    21                    320.0449    13556         
   1286   494      965.7200    22                    320.0449    21050         
   1666   481    infeasible                          320.0449    27995         
*  1909+  497                         1280.0000      320.0449            75.00%
*  1910+  498                         1236.0000      320.0449            74.11%
*  1913+  501                         1192.0000      320.0449            73.15%
*  1914+  502                         1148.0000      320.0449            72.12%
*  1916+  504                         1104.0000      320.0449            71.01%
*  1917+  505                         1060.0000      320.0449            69.81%
*  1940   523      integral     0     1054.0000      320.0449    31975   69.64%
   2130   525     1052.6000     2     1054.0000      320.0449    32754   69.64%
*  2796+  536                         1048.0000      320.0449            69.46%
*  2802   538      integral     0     1042.0000      320.0449    35953   69.29%
   2825   534     1039.9000     4     1042.0000      320.0449    36064   69.29%
*  3098   510      integral     0     1035.0000      320.0449    36846   69.08%
   3714   518     1033.6000     3     1035.0000      320.0449    38269   69.08%
   4653   505        cutoff           1035.0000      320.0449    40700   69.08%
   5472   510     1033.6000     2     1035.0000      320.0449    44164   69.08%
   6332   514     1033.6000     2     1035.0000      320.0449    47590   69.08%
Elapsed time = 16.89 sec. (24157.92 ticks, tree = 1.08 MB, solutions = 10)
   7142   506     1033.6000     2     1035.0000      320.0449    50650   69.08%
   7964   509     1033.6000     6     1035.0000      320.0449    53191   69.08%
*  8222   519      integral     0     1032.0000      320.0449    54112   68.99%
   9113   518     1030.6000     3     1032.0000      320.0449    57356   68.99%
   9981   511     1030.6000     1     1032.0000      320.0449    60659   68.99%
  10825   504     1030.6000     4     1032.0000      320.0449    64431   68.99%
* 11000+  496                         1022.0000      320.0449            68.68%
* 11051   518      integral     0      987.0000      320.0449    65551   67.57%
  11831   516    infeasible            987.0000      320.0449    68641   67.57%
* 12000+  489                          890.0000      320.0449            64.04%
* 12000+  489                          846.0000      320.0449            62.17%
* 12000+  489                          829.0000      320.0449            61.39%
* 12000+  489                          827.0000      320.0449            61.30%
* 12024+  491                          811.0000      320.0449            60.54%
* 12045+  512                          805.0000      320.0449            60.24%
* 12075   512      integral     0      786.0000      320.0449    69875   59.28%
* 12087+  516                          761.0000      320.0449            57.94%
* 12121   508      integral     0      746.0000      320.0449    70146   57.10%
* 12336   505      integral     0      742.0000      320.0449    71180   56.87%
  12822   507      740.6000     2      742.0000      320.0449    73441   56.87%
Elapsed time = 22.88 sec. (32094.03 ticks, tree = 1.07 MB, solutions = 23)
  13579   498        cutoff            742.0000      320.0449    76468   56.87%
  14440   501      740.6000     3      742.0000      320.0449    79713   56.87%
  15277   496      740.6000     4      742.0000      320.0449    83239   56.87%
  16109   499      740.6000     5      742.0000      320.0449    86376   56.87%
  16947   498      740.6000     3      742.0000      320.0449    89574   56.87%
  17790   490        cutoff            742.0000      320.0449    92619   56.87%
  18626   493      740.6000     1      742.0000      320.0449    95352   56.87%
* 19077   522      integral     0      733.0000      320.0449    97972   56.34%
  19292   513      731.6000     6      733.0000      320.0449    99100   56.34%
  20013   515        cutoff            733.0000      320.0449   102014   56.34%
  20876   502    infeasible            733.0000      320.0449   104850   56.34%
Elapsed time = 29.96 sec. (41637.46 ticks, tree = 1.06 MB, solutions = 24)
  21730   509      731.6000     2      733.0000      320.0449   108070   56.34%
  22601   502        cutoff            733.0000      320.0449   110795   56.34%
* 23381   501      integral     0      722.0000      320.0449   113388   55.67%
  24237   491      720.6000     1      722.0000      320.0449   116479   55.67%
  25100   507      720.6000     2      722.0000      320.0449   119118   55.67%
  25956   501      720.6000     2      722.0000      320.0449   121896   55.67%
  26829   494    infeasible            722.0000      320.0449   124376   55.67%
  27683   502      720.6000     3      722.0000      320.0449   127219   55.67%
* 28262   498      integral     0      715.0000      320.0449   129156   55.24%
  28501   498    infeasible            715.0000      320.0449   129961   55.24%
* 29000+  479                          584.0000      320.0449            45.20%
  29102   467      533.4000    23      584.0000      320.0449   133154   45.20%
Elapsed time = 36.64 sec. (51125.69 ticks, tree = 0.99 MB, solutions = 27)
  29508   446      552.1800    28      584.0000      320.0449   138916   45.20%
* 29810   468      integral     0      577.0000      320.0449   142132   44.53%
  30175   448      575.6000     1      577.0000      320.0449   143082   44.53%
  31036   456      575.6000     2      577.0000      320.0449   145865   44.53%
  31881   458      575.6000     1      577.0000      320.0449   149062   44.53%
  32736   450      575.6000     2      577.0000      320.0449   151815   44.53%
  33558   459        cutoff            577.0000      320.0449   154494   44.53%
  34405   447      575.6000     4      577.0000      320.0449   157087   44.53%
  35217   445      575.6000     1      577.0000      320.0449   159435   44.53%
  35566   446        cutoff            577.0000      320.0449   163377   44.53%
  35928   472        cutoff            577.0000      320.0449   167419   44.53%
Elapsed time = 43.86 sec. (60677.64 ticks, tree = 1.00 MB, solutions = 28)
  36262   418      488.1200    42      577.0000      320.0449   173918   44.53%
  36648   449        cutoff            577.0000      320.0449   180088   44.53%
  37030   487      510.2224    53      577.0000      320.0449   185592   44.53%
  37355   504        cutoff            577.0000      320.0449   191818   44.53%
  37716   541      528.3815    34      577.0000      320.0449   198724   44.53%
  37976   408      547.1000    34      577.0000      320.0449   206609   44.53%
* 38000+  406                          556.0000      320.0449            42.44%
* 38000+  405                          512.0000      320.0449            37.49%
  38297   402        cutoff            512.0000      320.0449   211263   37.49%
  38660   419        cutoff            512.0000      320.0449   217036   37.49%
  39010   379        cutoff            512.0000      320.0449   222579   37.49%
  39368   424        cutoff            512.0000      320.0449   227380   37.49%
Elapsed time = 51.24 sec. (70269.19 ticks, tree = 0.90 MB, solutions = 30)
  39758   382        cutoff            512.0000      320.0449   233027   37.49%
* 40000+  387                          477.0000      320.0449            32.90%
* 40000+  306                          397.0000      320.0449            19.38%
* 40000+  289                          389.0000      320.0449            17.73%
* 40000+  264                          380.0000      320.0449            15.78%
  40000   263      380.0000     0      380.0000      320.0449   236453   15.78%
  40172   151      352.7428    27      380.0000      320.0449   242648   15.78%
  40450   116        cutoff            380.0000      320.0449   247068   15.78%
* 40547   156      integral     0      379.0000      320.0449   248527   15.56%
  41250   152      377.6000     2      379.0000      320.0449   249596   15.56%
  42161   149      377.6000     4      379.0000      320.0449   251433   15.56%
  43127   137    infeasible            379.0000      320.0449   253292   15.56%
  44046   115      362.7600    20      379.0000      320.0449   255032   15.56%
  44337   104      358.5021    41      379.0000      320.0449   259916   15.56%
* 44553   113      integral     0      363.0000      320.0449   262917   11.83%
  44971   115    infeasible            363.0000      320.0449   263563   11.83%
Elapsed time = 63.24 sec. (79845.71 ticks, tree = 0.31 MB, solutions = 36)
  45851   107        cutoff            363.0000      320.0449   265579   11.83%
  46628   113      361.6000     2      363.0000      320.0449   268035   11.83%
  47385   109      361.6000     5      363.0000      320.0449   270624   11.83%
  48166   105      361.6000     2      363.0000      320.0449   273206   11.83%
  48919   115      361.6000     2      363.0000      320.0449   276200   11.83%
  49589    99        cutoff            363.0000      320.0449   279231   11.83%
* 49856   103      integral     0      353.0000      320.0449   283385    9.34%
  49972    88    infeasible            353.0000      320.0449   283771    9.34%
  50723    95      351.6000     7      353.0000      320.0449   286861    9.34%
  51478    97        cutoff            353.0000      320.0449   289903    9.34%
  54492    81      351.6000     6      353.0000      320.0449   301052    9.34%
Elapsed time = 77.41 sec. (92251.55 ticks, tree = 0.23 MB, solutions = 37)
* 55400+   68                          347.0000      320.0449             7.77%
  57174    74      345.6000     2      347.0000      320.0449   313630    7.77%
  60199    67      345.6000     9      347.0000      320.0449   324560    7.77%
* 61000+   66                          343.0000      320.0449             6.69%
  61705    29      332.6678    65      343.0000      320.0449   344964    6.69%
* 61834    51      integral     0      341.0000      320.0449   347215    6.15%
  64531    31      339.6000     6      341.0000      320.0449   357264    6.15%
  66941    72        cutoff            341.0000      320.0449   372649    6.15%
  68444    55      331.8500    52      341.0000      320.0449   398458    6.15%
  69951    50    infeasible            341.0000      320.0449   422001    6.15%
  73388    48        cutoff            341.0000      320.0449   432353    6.15%
  75269    23        cutoff            341.0000      320.0449   454035    6.15%
* 75419    44      integral     0      337.0000      320.0449   457178    5.03%
  78104    39      335.6000     4      337.0000      320.0449   469398    5.03%
Elapsed time = 120.30 sec. (130419.12 ticks, tree = 0.16 MB, solutions = 41)
  81170    25        cutoff            337.0000      320.0449   482759    5.03%
  83495    25        cutoff            337.0000      320.0449   502375    5.03%
* 83722+   48                          334.0000      320.0449             4.18%
  85918    33    infeasible            334.0000      320.0449   518474    4.18%
  88917    39      332.6000     2      334.0000      320.0449   530305    4.18%
  90979    58        cutoff            334.0000      320.0449   549392    4.18%
  92686    15    infeasible            334.0000      320.1000   575311    4.16%
  94258     9        cutoff            334.0000      320.1000   600180    4.16%
  95889    19        cutoff            334.0000      320.1000   626258    4.16%
  97101    12        cutoff            334.0000      320.1000   648266    4.16%
  98745    20      331.3917    35      334.0000      320.1000   674473    4.16%
Elapsed time = 162.72 sec. (168598.58 ticks, tree = 0.08 MB, solutions = 42)
 100385    17      330.6186    85      334.0000      320.1000   699923    4.16%
 101924    17      329.0094    20      334.0000      320.1000   724146    4.16%
 103266    19      330.6912    47      334.0000      320.1000   748537    4.16%
 104550    12        cutoff            334.0000      320.1000   772555    4.16%
 106008    13      328.4660    41      334.0000      320.1000   801550    4.16%
 107482    10        cutoff            334.0000      320.1000   827808    4.16%
 108965    17      323.4616    51      334.0000      320.1000   855083    4.16%
 110126    20      330.1723    65      334.0000      320.1000   877291    4.16%
 111539    26        cutoff            334.0000      320.1000   899731    4.16%
 112703    12        cutoff            334.0000      320.1000   924635    4.16%
Elapsed time = 197.34 sec. (206769.34 ticks, tree = 0.06 MB, solutions = 42)
 114066    26      332.8500    45      334.0000      320.1000   951368    4.16%
 115566    15      330.6580    67      334.0000      320.1000   978740    4.16%
*115707+   36                          333.0000      320.1000             3.87%
 117386    11        cutoff            333.0000      320.1000  1001960    3.87%
 119006    19        cutoff            333.0000      320.1000  1023910    3.87%
 122064    28      331.6000     2      333.0000      320.1000  1037798    3.87%
 124119    10      331.6000    23      333.0000      320.1000  1057985    3.87%
 125517    19      329.0978    40      333.0000      320.1000  1084023    3.87%
 126894    20      321.9095    49      333.0000      320.1000  1113283    3.87%
 128336    19      327.4750    59      333.0000      320.1000  1142793    3.87%
 129611    10      331.4971    69      333.0000      320.1000  1170818    3.87%
Elapsed time = 224.60 sec. (244937.83 ticks, tree = 0.06 MB, solutions = 43)
 130861    23      330.8900    15      333.0000      320.1000  1198539    3.87%
 132214    18      329.2667    30      333.0000      320.1000  1223489    3.87%
 133507    43      324.8067    55      333.0000      320.1000  1249782    3.87%
 134640    13        cutoff            333.0000      320.1000  1273475    3.87%
 135998    24        cutoff            333.0000      320.1000  1301970    3.87%
 137323    18      331.3635    39      333.0000      320.1000  1328638    3.87%
 138647    17      327.7879    54      333.0000      320.1000  1355915    3.87%
 140000    16      326.3235    54      333.0000      320.1000  1380600    3.87%
 141271    23      331.2856    35      333.0000      320.1000  1408332    3.87%
 142604    13        cutoff            333.0000      320.1000  1431524    3.87%
Elapsed time = 251.77 sec. (283314.15 ticks, tree = 0.06 MB, solutions = 43)
 143967    12      330.9384    55      333.0000      320.1000  1459025    3.87%
 145422    12      327.6000    47      333.0000      320.1000  1487156    3.87%
 146829    12      331.6811    54      333.0000      320.1000  1514440    3.87%
 148125    24      330.5304    26      333.0000      320.1000  1543246    3.87%
 149518    12      329.2005    50      333.0000      320.1000  1571717    3.87%
 150782    21        cutoff            333.0000      320.1000  1596922    3.87%
 152134    10        cutoff            333.0000      320.1000  1626551    3.87%
 153501     7      322.6000    21      333.0000      320.1000  1651870    3.87%
 154872     9      330.1131    50      333.0000      320.1000  1679888    3.87%
 156089     8        cutoff            333.0000      320.1000  1705971    3.87%
Elapsed time = 278.70 sec. (321486.38 ticks, tree = 0.05 MB, solutions = 43)
 157270    25      324.5560    52      333.0000      320.1000  1729720    3.87%
 158333    14        cutoff            333.0000      320.1000  1753320    3.87%
 159483    13        cutoff            333.0000      320.1000  1777215    3.87%
 160758    11        cutoff            333.0000      320.1000  1804297    3.87%
 162135     8        cutoff            333.0000      320.6372  1832982    3.71%
 163285    12      330.9702    65      333.0000      320.6372  1859592    3.71%
 164527    11      329.1506    40      333.0000      320.6625  1889589    3.70%
 165679    13      330.1576    48      333.0000      320.6625  1914724    3.70%
 166924    21      328.0202    50      333.0000      320.6625  1940448    3.70%
 168158    13      330.9231    60      333.0000      320.6625  1968373    3.70%
Elapsed time = 307.33 sec. (359689.78 ticks, tree = 0.06 MB, solutions = 43)
 169559    11        cutoff            333.0000      320.6625  1996077    3.70%
 170779    20      330.9080    49      333.0000      320.6625  2025319    3.70%
 172027    14      331.9769    34      333.0000      320.6625  2054024    3.70%
 173350    20        cutoff            333.0000      320.6625  2082905    3.70%
 174497    11        cutoff            333.0000      320.6625  2108483    3.70%
 175864    17      326.9844    68      333.0000      320.6625  2136644    3.70%
 177145    15        cutoff            333.0000      320.6625  2167091    3.70%
 178375    12      327.8592    46      333.0000      320.6625  2197169    3.70%
 179604    20      324.3131    45      333.0000      320.6625  2228470    3.70%
 180679    15      329.7596    53      333.0000      320.6625  2257465    3.70%
Elapsed time = 333.75 sec. (397852.90 ticks, tree = 0.07 MB, solutions = 43)
 181934    11      331.7224    63      333.0000      320.6625  2288421    3.70%
 183069    32        cutoff            333.0000      320.6625  2316899    3.70%
 184247    18      328.9868    51      333.0000      320.6625  2348300    3.70%
 185445    18        cutoff            333.0000      320.8346  2379162    3.65%
 186575     8        cutoff            333.0000      320.8346  2408420    3.65%
 187911     9      326.7888    56      333.0000      320.8346  2439412    3.65%
 189007    20      328.3526    62      333.0000      322.9600  2467246    3.02%
 190236     8        cutoff            333.0000      323.1000  2498047    2.97%
 191490     7      328.8669    43      333.0000      323.1000  2528484    2.97%
 192818    18        cutoff            333.0000      323.3800  2554808    2.89%
Elapsed time = 359.03 sec. (436028.80 ticks, tree = 0.07 MB, solutions = 43)
 193989    10        cutoff            333.0000      323.5063  2585033    2.85%
 195183    11      330.7804    58      333.0000      323.6000  2617190    2.82%
 196163     8        cutoff            333.0000      323.6000  2650359    2.82%

GUB cover cuts applied:  36
Clique cuts applied:  15
Cover cuts applied:  171
Implied bound cuts applied:  307
Flow cuts applied:  2
Mixed integer rounding cuts applied:  42
Zero-half cuts applied:  7
Gomory fractional cuts applied:  13

Root node processing (before b&c):
  Real time             =    1.49 sec. (1506.64 ticks)
Sequential b&c:
  Real time             =  366.41 sec. (449689.48 ticks)
                          ------------
Total (root+branch&cut) =  367.90 sec. (451196.12 ticks)
